

================================================================
== Vivado HLS Report for 'video_mandelbrot_generator'
================================================================
* Date:           Sat Feb 15 15:52:13 2020

* Version:        2019.1 (Build 2552052 on Fri May 24 15:28:33 MDT 2019)
* Project:        Video_Mandelbrot_Generator
* Solution:       solution3_pipline_mandel
* Product family: zynq
* Target device:  xc7z020i-clg484-1L


================================================================
== Performance Estimates
================================================================
+ Timing (ns): 
    * Summary: 
    +--------+-------+----------+------------+
    |  Clock | Target| Estimated| Uncertainty|
    +--------+-------+----------+------------+
    |ap_clk  |  10.00|     8.516|        1.25|
    +--------+-------+----------+------------+

+ Latency (clock cycles): 
    * Summary: 
    +-----+------+-----+------+---------+
    |   Latency  |  Interval  | Pipeline|
    | min |  max | min |  max |   Type  |
    +-----+------+-----+------+---------+
    |  570|  3258|  570|  3258|   none  |
    +-----+------+-----+------+---------+

    + Detail: 
        * Instance: 
        +-----------------------------------+------------------------+-----+------+-----+------+---------+
        |                                   |                        |   Latency  |  Interval  | Pipeline|
        |              Instance             |         Module         | min |  max | min |  max |   Type  |
        +-----------------------------------+------------------------+-----+------+-----+------+---------+
        |grp_dataflow_parent_loop_1_fu_136  |dataflow_parent_loop_1  |  493|  3181|  493|  3181|   none  |
        |grp_Mat2AXIvideo_fu_149            |Mat2AXIvideo            |   73|    73|   73|    73|   none  |
        +-----------------------------------+------------------------+-----+------+-----+------+---------+

        * Loop: 
        N/A



================================================================
== Utilization Estimates
================================================================
* Summary: 
+-----------------+---------+-------+--------+-------+-----+
|       Name      | BRAM_18K| DSP48E|   FF   |  LUT  | URAM|
+-----------------+---------+-------+--------+-------+-----+
|DSP              |        -|      -|       -|      -|    -|
|Expression       |        -|      -|       0|     92|    -|
|FIFO             |        0|      -|      15|     60|    -|
|Instance         |        0|      6|    1086|   2776|    -|
|Memory           |        -|      -|       -|      -|    -|
|Multiplexer      |        -|      -|       -|    255|    -|
|Register         |        -|      -|     159|      -|    -|
+-----------------+---------+-------+--------+-------+-----+
|Total            |        0|      6|    1260|   3183|    0|
+-----------------+---------+-------+--------+-------+-----+
|Available        |      280|    220|  106400|  53200|    0|
+-----------------+---------+-------+--------+-------+-----+
|Utilization (%)  |        0|      2|       1|      5|    0|
+-----------------+---------+-------+--------+-------+-----+

+ Detail: 
    * Instance: 
    +----------------------------------------+--------------------------------------+---------+-------+-----+------+-----+
    |                Instance                |                Module                | BRAM_18K| DSP48E|  FF |  LUT | URAM|
    +----------------------------------------+--------------------------------------+---------+-------+-----+------+-----+
    |grp_Mat2AXIvideo_fu_149                 |Mat2AXIvideo                          |        0|      0|   97|   337|    0|
    |grp_dataflow_parent_loop_1_fu_136       |dataflow_parent_loop_1                |        0|      6|  881|  2291|    0|
    |video_mandelbrot_generator_cmd_s_axi_U  |video_mandelbrot_generator_cmd_s_axi  |        0|      0|  108|   148|    0|
    +----------------------------------------+--------------------------------------+---------+-------+-----+------+-----+
    |Total                                   |                                      |        0|      6| 1086|  2776|    0|
    +----------------------------------------+--------------------------------------+---------+-------+-----+------+-----+

    * DSP48E: 
    N/A

    * Memory: 
    N/A

    * FIFO: 
    +----------------------------+---------+---+----+-----+------+-----+---------+
    |            Name            | BRAM_18K| FF| LUT| URAM| Depth| Bits| Size:D*B|
    +----------------------------+---------+---+----+-----+------+-----+---------+
    |img_0_data_stream_0_fifo_U  |        0|  5|   0|    -|     2|    8|       16|
    |img_0_data_stream_1_fifo_U  |        0|  5|   0|    -|     2|    8|       16|
    |img_0_data_stream_2_fifo_U  |        0|  5|   0|    -|     2|    8|       16|
    +----------------------------+---------+---+----+-----+------+-----+---------+
    |Total                       |        0| 15|   0|    0|     6|   24|       48|
    +----------------------------+---------+---+----+-----+------+-----+---------+

    * Expression: 
    +----------------------------------------------------+----------+-------+---+----+------------+------------+
    |                    Variable Name                   | Operation| DSP48E| FF| LUT| Bitwidth P0| Bitwidth P1|
    +----------------------------------------------------+----------+-------+---+----+------------+------------+
    |m_axis_video_V_data_V_1_load_A                      |    and   |      0|  0|   2|           1|           1|
    |m_axis_video_V_data_V_1_load_B                      |    and   |      0|  0|   2|           1|           1|
    |m_axis_video_V_dest_V_1_load_A                      |    and   |      0|  0|   2|           1|           1|
    |m_axis_video_V_dest_V_1_load_B                      |    and   |      0|  0|   2|           1|           1|
    |m_axis_video_V_id_V_1_load_A                        |    and   |      0|  0|   2|           1|           1|
    |m_axis_video_V_id_V_1_load_B                        |    and   |      0|  0|   2|           1|           1|
    |m_axis_video_V_keep_V_1_load_A                      |    and   |      0|  0|   2|           1|           1|
    |m_axis_video_V_keep_V_1_load_B                      |    and   |      0|  0|   2|           1|           1|
    |m_axis_video_V_last_V_1_load_A                      |    and   |      0|  0|   2|           1|           1|
    |m_axis_video_V_last_V_1_load_B                      |    and   |      0|  0|   2|           1|           1|
    |m_axis_video_V_strb_V_1_load_A                      |    and   |      0|  0|   2|           1|           1|
    |m_axis_video_V_strb_V_1_load_B                      |    and   |      0|  0|   2|           1|           1|
    |m_axis_video_V_user_V_1_load_A                      |    and   |      0|  0|   2|           1|           1|
    |m_axis_video_V_user_V_1_load_B                      |    and   |      0|  0|   2|           1|           1|
    |m_axis_video_V_data_V_1_state_cmp_full              |   icmp   |      0|  0|   8|           2|           1|
    |m_axis_video_V_dest_V_1_state_cmp_full              |   icmp   |      0|  0|   8|           2|           1|
    |m_axis_video_V_id_V_1_state_cmp_full                |   icmp   |      0|  0|   8|           2|           1|
    |m_axis_video_V_keep_V_1_state_cmp_full              |   icmp   |      0|  0|   8|           2|           1|
    |m_axis_video_V_last_V_1_state_cmp_full              |   icmp   |      0|  0|   8|           2|           1|
    |m_axis_video_V_strb_V_1_state_cmp_full              |   icmp   |      0|  0|   8|           2|           1|
    |m_axis_video_V_user_V_1_state_cmp_full              |   icmp   |      0|  0|   8|           2|           1|
    |ap_block_state5                                     |    or    |      0|  0|   2|           1|           1|
    |ap_sync_grp_dataflow_parent_loop_1_fu_136_ap_done   |    or    |      0|  0|   2|           1|           1|
    |ap_sync_grp_dataflow_parent_loop_1_fu_136_ap_ready  |    or    |      0|  0|   2|           1|           1|
    |grp_Mat2AXIvideo_fu_149_m_axis_video_TREADY         |    or    |      0|  0|   2|           1|           1|
    +----------------------------------------------------+----------+-------+---+----+------------+------------+
    |Total                                               |          |      0|  0|  92|          32|          25|
    +----------------------------------------------------+----------+-------+---+----+------------+------------+

    * Multiplexer: 
    +----------------------------------+----+-----------+-----+-----------+
    |               Name               | LUT| Input Size| Bits| Total Bits|
    +----------------------------------+----+-----------+-----+-----------+
    |ap_NS_fsm                         |  33|          6|    1|          6|
    |img_0_data_stream_0_read          |   9|          2|    1|          2|
    |img_0_data_stream_0_write         |   9|          2|    1|          2|
    |img_0_data_stream_1_read          |   9|          2|    1|          2|
    |img_0_data_stream_1_write         |   9|          2|    1|          2|
    |img_0_data_stream_2_read          |   9|          2|    1|          2|
    |img_0_data_stream_2_write         |   9|          2|    1|          2|
    |m_axis_video_V_data_V_1_data_out  |   9|          2|   24|         48|
    |m_axis_video_V_data_V_1_state     |  15|          3|    2|          6|
    |m_axis_video_V_dest_V_1_data_out  |   9|          2|    1|          2|
    |m_axis_video_V_dest_V_1_state     |  15|          3|    2|          6|
    |m_axis_video_V_id_V_1_data_out    |   9|          2|    1|          2|
    |m_axis_video_V_id_V_1_state       |  15|          3|    2|          6|
    |m_axis_video_V_keep_V_1_data_out  |   9|          2|    3|          6|
    |m_axis_video_V_keep_V_1_state     |  15|          3|    2|          6|
    |m_axis_video_V_last_V_1_data_out  |   9|          2|    1|          2|
    |m_axis_video_V_last_V_1_state     |  15|          3|    2|          6|
    |m_axis_video_V_strb_V_1_data_out  |   9|          2|    3|          6|
    |m_axis_video_V_strb_V_1_state     |  15|          3|    2|          6|
    |m_axis_video_V_user_V_1_data_out  |   9|          2|    1|          2|
    |m_axis_video_V_user_V_1_state     |  15|          3|    2|          6|
    +----------------------------------+----+-----------+-----+-----------+
    |Total                             | 255|         53|   55|        128|
    +----------------------------------+----+-----------+-----+-----------+

    * Register: 
    +--------------------------------------------------------+----+----+-----+-----------+
    |                          Name                          | FF | LUT| Bits| Const Bits|
    +--------------------------------------------------------+----+----+-----+-----------+
    |ap_CS_fsm                                               |   5|   0|    5|          0|
    |ap_sync_reg_grp_dataflow_parent_loop_1_fu_136_ap_done   |   1|   0|    1|          0|
    |ap_sync_reg_grp_dataflow_parent_loop_1_fu_136_ap_ready  |   1|   0|    1|          0|
    |grp_Mat2AXIvideo_fu_149_ap_start_reg                    |   1|   0|    1|          0|
    |grp_dataflow_parent_loop_1_fu_136_ap_start_reg          |   1|   0|    1|          0|
    |im_V_read_reg_175                                       |  18|   0|   18|          0|
    |m_axis_video_V_data_V_1_payload_A                       |  24|   0|   24|          0|
    |m_axis_video_V_data_V_1_payload_B                       |  24|   0|   24|          0|
    |m_axis_video_V_data_V_1_sel_rd                          |   1|   0|    1|          0|
    |m_axis_video_V_data_V_1_sel_wr                          |   1|   0|    1|          0|
    |m_axis_video_V_data_V_1_state                           |   2|   0|    2|          0|
    |m_axis_video_V_dest_V_1_payload_A                       |   1|   0|    1|          0|
    |m_axis_video_V_dest_V_1_payload_B                       |   1|   0|    1|          0|
    |m_axis_video_V_dest_V_1_sel_rd                          |   1|   0|    1|          0|
    |m_axis_video_V_dest_V_1_sel_wr                          |   1|   0|    1|          0|
    |m_axis_video_V_dest_V_1_state                           |   2|   0|    2|          0|
    |m_axis_video_V_id_V_1_payload_A                         |   1|   0|    1|          0|
    |m_axis_video_V_id_V_1_payload_B                         |   1|   0|    1|          0|
    |m_axis_video_V_id_V_1_sel_rd                            |   1|   0|    1|          0|
    |m_axis_video_V_id_V_1_sel_wr                            |   1|   0|    1|          0|
    |m_axis_video_V_id_V_1_state                             |   2|   0|    2|          0|
    |m_axis_video_V_keep_V_1_payload_A                       |   3|   0|    3|          0|
    |m_axis_video_V_keep_V_1_payload_B                       |   3|   0|    3|          0|
    |m_axis_video_V_keep_V_1_sel_rd                          |   1|   0|    1|          0|
    |m_axis_video_V_keep_V_1_sel_wr                          |   1|   0|    1|          0|
    |m_axis_video_V_keep_V_1_state                           |   2|   0|    2|          0|
    |m_axis_video_V_last_V_1_payload_A                       |   1|   0|    1|          0|
    |m_axis_video_V_last_V_1_payload_B                       |   1|   0|    1|          0|
    |m_axis_video_V_last_V_1_sel_rd                          |   1|   0|    1|          0|
    |m_axis_video_V_last_V_1_sel_wr                          |   1|   0|    1|          0|
    |m_axis_video_V_last_V_1_state                           |   2|   0|    2|          0|
    |m_axis_video_V_strb_V_1_payload_A                       |   3|   0|    3|          0|
    |m_axis_video_V_strb_V_1_payload_B                       |   3|   0|    3|          0|
    |m_axis_video_V_strb_V_1_sel_rd                          |   1|   0|    1|          0|
    |m_axis_video_V_strb_V_1_sel_wr                          |   1|   0|    1|          0|
    |m_axis_video_V_strb_V_1_state                           |   2|   0|    2|          0|
    |m_axis_video_V_user_V_1_payload_A                       |   1|   0|    1|          0|
    |m_axis_video_V_user_V_1_payload_B                       |   1|   0|    1|          0|
    |m_axis_video_V_user_V_1_sel_rd                          |   1|   0|    1|          0|
    |m_axis_video_V_user_V_1_sel_wr                          |   1|   0|    1|          0|
    |m_axis_video_V_user_V_1_state                           |   2|   0|    2|          0|
    |re_V_read_reg_180                                       |  18|   0|   18|          0|
    |zoom_factor_V_read_reg_170                              |  18|   0|   18|          0|
    +--------------------------------------------------------+----+----+-----+-----------+
    |Total                                                   | 159|   0|  159|          0|
    +--------------------------------------------------------+----+----+-----+-----------+



================================================================
== Interface
================================================================
* Summary: 
+---------------------+-----+-----+------------+----------------------------+--------------+
|      RTL Ports      | Dir | Bits|  Protocol  |        Source Object       |    C Type    |
+---------------------+-----+-----+------------+----------------------------+--------------+
|s_axi_cmd_AWVALID    |  in |    1|    s_axi   |             cmd            |    scalar    |
|s_axi_cmd_AWREADY    | out |    1|    s_axi   |             cmd            |    scalar    |
|s_axi_cmd_AWADDR     |  in |    6|    s_axi   |             cmd            |    scalar    |
|s_axi_cmd_WVALID     |  in |    1|    s_axi   |             cmd            |    scalar    |
|s_axi_cmd_WREADY     | out |    1|    s_axi   |             cmd            |    scalar    |
|s_axi_cmd_WDATA      |  in |   32|    s_axi   |             cmd            |    scalar    |
|s_axi_cmd_WSTRB      |  in |    4|    s_axi   |             cmd            |    scalar    |
|s_axi_cmd_ARVALID    |  in |    1|    s_axi   |             cmd            |    scalar    |
|s_axi_cmd_ARREADY    | out |    1|    s_axi   |             cmd            |    scalar    |
|s_axi_cmd_ARADDR     |  in |    6|    s_axi   |             cmd            |    scalar    |
|s_axi_cmd_RVALID     | out |    1|    s_axi   |             cmd            |    scalar    |
|s_axi_cmd_RREADY     |  in |    1|    s_axi   |             cmd            |    scalar    |
|s_axi_cmd_RDATA      | out |   32|    s_axi   |             cmd            |    scalar    |
|s_axi_cmd_RRESP      | out |    2|    s_axi   |             cmd            |    scalar    |
|s_axi_cmd_BVALID     | out |    1|    s_axi   |             cmd            |    scalar    |
|s_axi_cmd_BREADY     |  in |    1|    s_axi   |             cmd            |    scalar    |
|s_axi_cmd_BRESP      | out |    2|    s_axi   |             cmd            |    scalar    |
|ap_clk               |  in |    1| ap_ctrl_hs | video_mandelbrot_generator | return value |
|ap_rst_n             |  in |    1| ap_ctrl_hs | video_mandelbrot_generator | return value |
|interrupt            | out |    1| ap_ctrl_hs | video_mandelbrot_generator | return value |
|m_axis_video_TDATA   | out |   24|    axis    |    m_axis_video_V_data_V   |    pointer   |
|m_axis_video_TVALID  | out |    1|    axis    |    m_axis_video_V_dest_V   |    pointer   |
|m_axis_video_TREADY  |  in |    1|    axis    |    m_axis_video_V_dest_V   |    pointer   |
|m_axis_video_TDEST   | out |    1|    axis    |    m_axis_video_V_dest_V   |    pointer   |
|m_axis_video_TKEEP   | out |    3|    axis    |    m_axis_video_V_keep_V   |    pointer   |
|m_axis_video_TSTRB   | out |    3|    axis    |    m_axis_video_V_strb_V   |    pointer   |
|m_axis_video_TUSER   | out |    1|    axis    |    m_axis_video_V_user_V   |    pointer   |
|m_axis_video_TLAST   | out |    1|    axis    |    m_axis_video_V_last_V   |    pointer   |
|m_axis_video_TID     | out |    1|    axis    |     m_axis_video_V_id_V    |    pointer   |
+---------------------+-----+-----+------------+----------------------------+--------------+

============================================================
+ Verbose Summary: Synthesis Manager
============================================================
InlineROM: 1
ExposeGlobal: 0
============================================================
+ Verbose Summary: CDFG Model
============================================================
IsTopModel: 1
ResetActiveHigh: 1
IsCombinational: 2
IsDatapathOnly: 2
HasWiredReturn: 1
HasMFsm: 0
HasVarLatency: 1
IsPipeline: 0
IsRtlPipelined: 0
IsInstanceOverlapped: 0
IsDontTouch: 0
HasImplIP: 0
IsGatedGlobalClock: 0


============================================================
+ Verbose Summary: Schedule
============================================================
* Number of FSM states : 5
* Pipeline : 0
* Dataflow Pipeline: 0

* FSM state transitions: 
1 --> 2 
2 --> 3 
3 --> 4 
4 --> 5 
5 --> 

* FSM state operations: 

State 1 <SV = 0> <Delay = 1.00>
ST_1 : Operation 6 [1/1] (1.00ns)   --->   "%zoom_factor_V_read = call i18 @_ssdm_op_Read.s_axilite.i18(i18 %zoom_factor_V)"   --->   Operation 6 'read' 'zoom_factor_V_read' <Predicate = true> <Delay = 1.00> <Core = "s_axilite">   --->   Core 10 's_axilite' <Latency = 0> <II = 1> <Delay = 1.00> <Adapter> <Opcode : 'read' 'write'>
ST_1 : Operation 7 [1/1] (1.00ns)   --->   "%im_V_read = call i18 @_ssdm_op_Read.s_axilite.i18(i18 %im_V)"   --->   Operation 7 'read' 'im_V_read' <Predicate = true> <Delay = 1.00> <Core = "s_axilite">   --->   Core 10 's_axilite' <Latency = 0> <II = 1> <Delay = 1.00> <Adapter> <Opcode : 'read' 'write'>
ST_1 : Operation 8 [1/1] (1.00ns)   --->   "%re_V_read = call i18 @_ssdm_op_Read.s_axilite.i18(i18 %re_V)"   --->   Operation 8 'read' 're_V_read' <Predicate = true> <Delay = 1.00> <Core = "s_axilite">   --->   Core 10 's_axilite' <Latency = 0> <II = 1> <Delay = 1.00> <Adapter> <Opcode : 'read' 'write'>
ST_1 : Operation 9 [1/1] (0.00ns)   --->   "%img_0_data_stream_0 = alloca i8, align 1" [src/cpp/video_mandelbrot_generator.cpp:13]   --->   Operation 9 'alloca' 'img_0_data_stream_0' <Predicate = true> <Delay = 0.00> <Core = "FIFO">   --->   Core 32 'FIFO' <Latency = 0> <II = 1> <Delay = 3.63> <Storage> <Opcode : 'read' 'write' 'nbread' 'nbwrite'> <Ports = 0> <Width = 8> <Depth = 2> <FIFO>
ST_1 : Operation 10 [1/1] (0.00ns)   --->   "%img_0_data_stream_1 = alloca i8, align 1" [src/cpp/video_mandelbrot_generator.cpp:13]   --->   Operation 10 'alloca' 'img_0_data_stream_1' <Predicate = true> <Delay = 0.00> <Core = "FIFO">   --->   Core 32 'FIFO' <Latency = 0> <II = 1> <Delay = 3.63> <Storage> <Opcode : 'read' 'write' 'nbread' 'nbwrite'> <Ports = 0> <Width = 8> <Depth = 2> <FIFO>
ST_1 : Operation 11 [1/1] (0.00ns)   --->   "%img_0_data_stream_2 = alloca i8, align 1" [src/cpp/video_mandelbrot_generator.cpp:13]   --->   Operation 11 'alloca' 'img_0_data_stream_2' <Predicate = true> <Delay = 0.00> <Core = "FIFO">   --->   Core 32 'FIFO' <Latency = 0> <II = 1> <Delay = 3.63> <Storage> <Opcode : 'read' 'write' 'nbread' 'nbwrite'> <Ports = 0> <Width = 8> <Depth = 2> <FIFO>
ST_1 : Operation 12 [2/2] (0.00ns)   --->   "call fastcc void @dataflow_parent_loop.1(i8* %img_0_data_stream_0, i8* %img_0_data_stream_1, i8* %img_0_data_stream_2, i18 %im_V_read, i18 %re_V_read, i18 %zoom_factor_V_read)"   --->   Operation 12 'call' <Predicate = true> <Delay = 0.00> <CoreType = "Generic">   --->   Core 0 '' <Latency = 0> <II = 1> <Delay = 1.00> <Generic> <Opcode : >

State 2 <SV = 1> <Delay = 0.00>
ST_2 : Operation 13 [1/2] (0.00ns)   --->   "call fastcc void @dataflow_parent_loop.1(i8* %img_0_data_stream_0, i8* %img_0_data_stream_1, i8* %img_0_data_stream_2, i18 %im_V_read, i18 %re_V_read, i18 %zoom_factor_V_read)"   --->   Operation 13 'call' <Predicate = true> <Delay = 0.00> <CoreType = "Generic">   --->   Core 0 '' <Latency = 0> <II = 1> <Delay = 1.00> <Generic> <Opcode : >

State 3 <SV = 2> <Delay = 0.00>
ST_3 : Operation 14 [2/2] (0.00ns)   --->   "call fastcc void @Mat2AXIvideo(i8* %img_0_data_stream_0, i8* %img_0_data_stream_1, i8* %img_0_data_stream_2, i24* %m_axis_video_V_data_V, i3* %m_axis_video_V_keep_V, i3* %m_axis_video_V_strb_V, i1* %m_axis_video_V_user_V, i1* %m_axis_video_V_last_V, i1* %m_axis_video_V_id_V, i1* %m_axis_video_V_dest_V)" [src/cpp/video_mandelbrot_generator.cpp:77]   --->   Operation 14 'call' <Predicate = true> <Delay = 0.00> <CoreType = "Generic">   --->   Core 0 '' <Latency = 0> <II = 1> <Delay = 1.00> <Generic> <Opcode : >

State 4 <SV = 3> <Delay = 0.00>
ST_4 : Operation 15 [1/2] (0.00ns)   --->   "call fastcc void @Mat2AXIvideo(i8* %img_0_data_stream_0, i8* %img_0_data_stream_1, i8* %img_0_data_stream_2, i24* %m_axis_video_V_data_V, i3* %m_axis_video_V_keep_V, i3* %m_axis_video_V_strb_V, i1* %m_axis_video_V_user_V, i1* %m_axis_video_V_last_V, i1* %m_axis_video_V_id_V, i1* %m_axis_video_V_dest_V)" [src/cpp/video_mandelbrot_generator.cpp:77]   --->   Operation 15 'call' <Predicate = true> <Delay = 0.00> <CoreType = "Generic">   --->   Core 0 '' <Latency = 0> <II = 1> <Delay = 1.00> <Generic> <Opcode : >

State 5 <SV = 4> <Delay = 0.00>
ST_5 : Operation 16 [1/1] (0.00ns)   --->   "call void (...)* @_ssdm_op_SpecBitsMap(i24* %m_axis_video_V_data_V), !map !211"   --->   Operation 16 'specbitsmap' <Predicate = true> <Delay = 0.00>
ST_5 : Operation 17 [1/1] (0.00ns)   --->   "call void (...)* @_ssdm_op_SpecBitsMap(i3* %m_axis_video_V_keep_V), !map !215"   --->   Operation 17 'specbitsmap' <Predicate = true> <Delay = 0.00>
ST_5 : Operation 18 [1/1] (0.00ns)   --->   "call void (...)* @_ssdm_op_SpecBitsMap(i3* %m_axis_video_V_strb_V), !map !219"   --->   Operation 18 'specbitsmap' <Predicate = true> <Delay = 0.00>
ST_5 : Operation 19 [1/1] (0.00ns)   --->   "call void (...)* @_ssdm_op_SpecBitsMap(i1* %m_axis_video_V_user_V), !map !223"   --->   Operation 19 'specbitsmap' <Predicate = true> <Delay = 0.00>
ST_5 : Operation 20 [1/1] (0.00ns)   --->   "call void (...)* @_ssdm_op_SpecBitsMap(i1* %m_axis_video_V_last_V), !map !227"   --->   Operation 20 'specbitsmap' <Predicate = true> <Delay = 0.00>
ST_5 : Operation 21 [1/1] (0.00ns)   --->   "call void (...)* @_ssdm_op_SpecBitsMap(i1* %m_axis_video_V_id_V), !map !231"   --->   Operation 21 'specbitsmap' <Predicate = true> <Delay = 0.00>
ST_5 : Operation 22 [1/1] (0.00ns)   --->   "call void (...)* @_ssdm_op_SpecBitsMap(i1* %m_axis_video_V_dest_V), !map !235"   --->   Operation 22 'specbitsmap' <Predicate = true> <Delay = 0.00>
ST_5 : Operation 23 [1/1] (0.00ns)   --->   "call void (...)* @_ssdm_op_SpecBitsMap(i18 %re_V), !map !239"   --->   Operation 23 'specbitsmap' <Predicate = true> <Delay = 0.00>
ST_5 : Operation 24 [1/1] (0.00ns)   --->   "call void (...)* @_ssdm_op_SpecBitsMap(i18 %im_V), !map !245"   --->   Operation 24 'specbitsmap' <Predicate = true> <Delay = 0.00>
ST_5 : Operation 25 [1/1] (0.00ns)   --->   "call void (...)* @_ssdm_op_SpecBitsMap(i18 %zoom_factor_V), !map !249"   --->   Operation 25 'specbitsmap' <Predicate = true> <Delay = 0.00>
ST_5 : Operation 26 [1/1] (0.00ns)   --->   "call void (...)* @_ssdm_op_SpecTopModule([27 x i8]* @video_mandelbrot_gen) nounwind"   --->   Operation 26 'spectopmodule' <Predicate = true> <Delay = 0.00>
ST_5 : Operation 27 [1/1] (0.00ns)   --->   "%empty = call i32 (...)* @_ssdm_op_SpecChannel([23 x i8]* @img_0_OC_data_stream_2, i32 1, [1 x i8]* @p_str27, [1 x i8]* @p_str27, i32 2, i32 2, i8* %img_0_data_stream_0, i8* %img_0_data_stream_0)"   --->   Operation 27 'specchannel' 'empty' <Predicate = true> <Delay = 0.00>
ST_5 : Operation 28 [1/1] (0.00ns)   --->   "call void (...)* @_ssdm_op_SpecInterface(i8* %img_0_data_stream_0, [8 x i8]* @ap_fifo_str, i32 0, i32 0, [1 x i8]* @p_str28, i32 0, i32 0, [1 x i8]* @p_str29, [1 x i8]* @p_str30, [1 x i8]* @p_str31, i32 2, i32 2, i32 16, i32 16, [1 x i8]* @p_str32, [1 x i8]* @p_str33)"   --->   Operation 28 'specinterface' <Predicate = true> <Delay = 0.00>
ST_5 : Operation 29 [1/1] (0.00ns)   --->   "%empty_18 = call i32 (...)* @_ssdm_op_SpecChannel([23 x i8]* @img_0_OC_data_stream_1, i32 1, [1 x i8]* @p_str34, [1 x i8]* @p_str34, i32 2, i32 2, i8* %img_0_data_stream_1, i8* %img_0_data_stream_1)"   --->   Operation 29 'specchannel' 'empty_18' <Predicate = true> <Delay = 0.00>
ST_5 : Operation 30 [1/1] (0.00ns)   --->   "call void (...)* @_ssdm_op_SpecInterface(i8* %img_0_data_stream_1, [8 x i8]* @ap_fifo_str, i32 0, i32 0, [1 x i8]* @p_str35, i32 0, i32 0, [1 x i8]* @p_str36, [1 x i8]* @p_str37, [1 x i8]* @p_str38, i32 2, i32 2, i32 16, i32 16, [1 x i8]* @p_str39, [1 x i8]* @p_str40)"   --->   Operation 30 'specinterface' <Predicate = true> <Delay = 0.00>
ST_5 : Operation 31 [1/1] (0.00ns)   --->   "%empty_19 = call i32 (...)* @_ssdm_op_SpecChannel([23 x i8]* @img_0_OC_data_stream, i32 1, [1 x i8]* @p_str41, [1 x i8]* @p_str41, i32 2, i32 2, i8* %img_0_data_stream_2, i8* %img_0_data_stream_2)"   --->   Operation 31 'specchannel' 'empty_19' <Predicate = true> <Delay = 0.00>
ST_5 : Operation 32 [1/1] (0.00ns)   --->   "call void (...)* @_ssdm_op_SpecInterface(i8* %img_0_data_stream_2, [8 x i8]* @ap_fifo_str, i32 0, i32 0, [1 x i8]* @p_str42, i32 0, i32 0, [1 x i8]* @p_str43, [1 x i8]* @p_str44, [1 x i8]* @p_str45, i32 2, i32 2, i32 16, i32 16, [1 x i8]* @p_str46, [1 x i8]* @p_str47)"   --->   Operation 32 'specinterface' <Predicate = true> <Delay = 0.00>
ST_5 : Operation 33 [1/1] (0.00ns)   --->   "call void (...)* @_ssdm_op_SpecInterface(i32 0, [10 x i8]* @p_str, i32 0, i32 0, [1 x i8]* @p_str1, i32 0, i32 0, [1 x i8]* @p_str1, [1 x i8]* @p_str1, [1 x i8]* @p_str1, i32 0, i32 0, i32 0, i32 0, [1 x i8]* @p_str1, [1 x i8]* @p_str1) nounwind" [src/cpp/video_mandelbrot_generator.cpp:7]   --->   Operation 33 'specinterface' <Predicate = true> <Delay = 0.00>
ST_5 : Operation 34 [1/1] (0.00ns)   --->   "call void (...)* @_ssdm_op_SpecInterface(i24* %m_axis_video_V_data_V, i3* %m_axis_video_V_keep_V, i3* %m_axis_video_V_strb_V, i1* %m_axis_video_V_user_V, i1* %m_axis_video_V_last_V, i1* %m_axis_video_V_id_V, i1* %m_axis_video_V_dest_V, [5 x i8]* @p_str2, i32 1, i32 1, [5 x i8]* @p_str3, i32 0, i32 0, [1 x i8]* @p_str1, [1 x i8]* @p_str1, [1 x i8]* @p_str1, i32 0, i32 0, i32 0, i32 0, [1 x i8]* @p_str1, [1 x i8]* @p_str1) nounwind" [src/cpp/video_mandelbrot_generator.cpp:7]   --->   Operation 34 'specinterface' <Predicate = true> <Delay = 0.00>
ST_5 : Operation 35 [1/1] (0.00ns)   --->   "call void (...)* @_ssdm_op_SpecInterface(i32 0, [10 x i8]* @p_str, i32 0, i32 0, [1 x i8]* @p_str1, i32 0, i32 0, [4 x i8]* @p_str4, [1 x i8]* @p_str1, [1 x i8]* @p_str1, i32 0, i32 0, i32 0, i32 0, [1 x i8]* @p_str1, [1 x i8]* @p_str1) nounwind" [src/cpp/video_mandelbrot_generator.cpp:8]   --->   Operation 35 'specinterface' <Predicate = true> <Delay = 0.00>
ST_5 : Operation 36 [1/1] (0.00ns)   --->   "call void (...)* @_ssdm_op_SpecInterface(i18 %re_V, [10 x i8]* @p_str, i32 0, i32 0, [1 x i8]* @p_str1, i32 0, i32 0, [4 x i8]* @p_str4, [1 x i8]* @p_str1, [1 x i8]* @p_str1, i32 0, i32 0, i32 0, i32 0, [1 x i8]* @p_str1, [1 x i8]* @p_str1) nounwind" [src/cpp/video_mandelbrot_generator.cpp:9]   --->   Operation 36 'specinterface' <Predicate = true> <Delay = 0.00>
ST_5 : Operation 37 [1/1] (0.00ns)   --->   "call void (...)* @_ssdm_op_SpecInterface(i18 %im_V, [10 x i8]* @p_str, i32 0, i32 0, [1 x i8]* @p_str1, i32 0, i32 0, [4 x i8]* @p_str4, [1 x i8]* @p_str1, [1 x i8]* @p_str1, i32 0, i32 0, i32 0, i32 0, [1 x i8]* @p_str1, [1 x i8]* @p_str1) nounwind" [src/cpp/video_mandelbrot_generator.cpp:10]   --->   Operation 37 'specinterface' <Predicate = true> <Delay = 0.00>
ST_5 : Operation 38 [1/1] (0.00ns)   --->   "call void (...)* @_ssdm_op_SpecInterface(i18 %zoom_factor_V, [10 x i8]* @p_str, i32 0, i32 0, [1 x i8]* @p_str1, i32 0, i32 0, [4 x i8]* @p_str4, [1 x i8]* @p_str1, [1 x i8]* @p_str1, i32 0, i32 0, i32 0, i32 0, [1 x i8]* @p_str1, [1 x i8]* @p_str1) nounwind" [src/cpp/video_mandelbrot_generator.cpp:11]   --->   Operation 38 'specinterface' <Predicate = true> <Delay = 0.00>
ST_5 : Operation 39 [1/1] (0.00ns)   --->   "ret void" [src/cpp/video_mandelbrot_generator.cpp:79]   --->   Operation 39 'ret' <Predicate = true> <Delay = 0.00>


============================================================
+ Verbose Summary: Binding
============================================================
STG Binding: 
---------------- STG Properties BEGIN ----------------
- Is combinational: 0
- Is one-state seq: 0
- Is datapath-only: 0
- Is pipelined: 0
- Is top level: 1
Port [ Return ] is wired: 1; IO mode=ap_ctrl_hs:ce=0
Port [ m_axis_video_V_data_V]:  wired=1; compound=1; hidden=0; nouse=0; global=0; static=0; extern=0; dir=1; type=0; pingpong=0; private_global=0; IO mode=axis:ce=0
Port [ m_axis_video_V_keep_V]:  wired=1; compound=1; hidden=0; nouse=0; global=0; static=0; extern=0; dir=1; type=0; pingpong=0; private_global=0; IO mode=axis:ce=0
Port [ m_axis_video_V_strb_V]:  wired=1; compound=1; hidden=0; nouse=0; global=0; static=0; extern=0; dir=1; type=0; pingpong=0; private_global=0; IO mode=axis:ce=0
Port [ m_axis_video_V_user_V]:  wired=1; compound=1; hidden=0; nouse=0; global=0; static=0; extern=0; dir=1; type=0; pingpong=0; private_global=0; IO mode=axis:ce=0
Port [ m_axis_video_V_last_V]:  wired=1; compound=1; hidden=0; nouse=0; global=0; static=0; extern=0; dir=1; type=0; pingpong=0; private_global=0; IO mode=axis:ce=0
Port [ m_axis_video_V_id_V]:  wired=1; compound=1; hidden=0; nouse=0; global=0; static=0; extern=0; dir=1; type=0; pingpong=0; private_global=0; IO mode=axis:ce=0
Port [ m_axis_video_V_dest_V]:  wired=1; compound=1; hidden=0; nouse=0; global=0; static=0; extern=0; dir=1; type=0; pingpong=0; private_global=0; IO mode=axis:ce=0
Port [ re_V]:  wired=1; compound=0; hidden=0; nouse=0; global=0; static=0; extern=0; dir=0; type=0; pingpong=0; private_global=0; IO mode=ap_none:ce=0
Port [ im_V]:  wired=1; compound=0; hidden=0; nouse=0; global=0; static=0; extern=0; dir=0; type=0; pingpong=0; private_global=0; IO mode=ap_none:ce=0
Port [ zoom_factor_V]:  wired=1; compound=0; hidden=0; nouse=0; global=0; static=0; extern=0; dir=0; type=0; pingpong=0; private_global=0; IO mode=ap_none:ce=0
---------------- STG Properties END ------------------

---------------- Datapath Model BEGIN ----------------

<LifeTime>
<method=bitvector/>
zoom_factor_V_read  (read         ) [ 001000]
im_V_read           (read         ) [ 001000]
re_V_read           (read         ) [ 001000]
img_0_data_stream_0 (alloca       ) [ 011111]
img_0_data_stream_1 (alloca       ) [ 011111]
img_0_data_stream_2 (alloca       ) [ 011111]
call_ln0            (call         ) [ 000000]
call_ln77           (call         ) [ 000000]
specbitsmap_ln0     (specbitsmap  ) [ 000000]
specbitsmap_ln0     (specbitsmap  ) [ 000000]
specbitsmap_ln0     (specbitsmap  ) [ 000000]
specbitsmap_ln0     (specbitsmap  ) [ 000000]
specbitsmap_ln0     (specbitsmap  ) [ 000000]
specbitsmap_ln0     (specbitsmap  ) [ 000000]
specbitsmap_ln0     (specbitsmap  ) [ 000000]
specbitsmap_ln0     (specbitsmap  ) [ 000000]
specbitsmap_ln0     (specbitsmap  ) [ 000000]
specbitsmap_ln0     (specbitsmap  ) [ 000000]
spectopmodule_ln0   (spectopmodule) [ 000000]
empty               (specchannel  ) [ 000000]
specinterface_ln0   (specinterface) [ 000000]
empty_18            (specchannel  ) [ 000000]
specinterface_ln0   (specinterface) [ 000000]
empty_19            (specchannel  ) [ 000000]
specinterface_ln0   (specinterface) [ 000000]
specinterface_ln7   (specinterface) [ 000000]
specinterface_ln7   (specinterface) [ 000000]
specinterface_ln8   (specinterface) [ 000000]
specinterface_ln9   (specinterface) [ 000000]
specinterface_ln10  (specinterface) [ 000000]
specinterface_ln11  (specinterface) [ 000000]
ret_ln79            (ret          ) [ 000000]
</LifeTime>

<model>

<comp_list>
<comp id="0" class="1000" name="m_axis_video_V_data_V">
<pin_list>
<pin id="1" dir="1" index="0" bw="1" slack="0"/>
</pin_list>
<bind>
<StgValue><ssdm name="m_axis_video_V_data_V"/></StgValue>
</bind>
</comp>

<comp id="2" class="1000" name="m_axis_video_V_keep_V">
<pin_list>
<pin id="3" dir="1" index="0" bw="1" slack="0"/>
</pin_list>
<bind>
<StgValue><ssdm name="m_axis_video_V_keep_V"/></StgValue>
</bind>
</comp>

<comp id="4" class="1000" name="m_axis_video_V_strb_V">
<pin_list>
<pin id="5" dir="1" index="0" bw="1" slack="0"/>
</pin_list>
<bind>
<StgValue><ssdm name="m_axis_video_V_strb_V"/></StgValue>
</bind>
</comp>

<comp id="6" class="1000" name="m_axis_video_V_user_V">
<pin_list>
<pin id="7" dir="1" index="0" bw="1" slack="0"/>
</pin_list>
<bind>
<StgValue><ssdm name="m_axis_video_V_user_V"/></StgValue>
</bind>
</comp>

<comp id="8" class="1000" name="m_axis_video_V_last_V">
<pin_list>
<pin id="9" dir="1" index="0" bw="1" slack="0"/>
</pin_list>
<bind>
<StgValue><ssdm name="m_axis_video_V_last_V"/></StgValue>
</bind>
</comp>

<comp id="10" class="1000" name="m_axis_video_V_id_V">
<pin_list>
<pin id="11" dir="1" index="0" bw="1" slack="0"/>
</pin_list>
<bind>
<StgValue><ssdm name="m_axis_video_V_id_V"/></StgValue>
</bind>
</comp>

<comp id="12" class="1000" name="m_axis_video_V_dest_V">
<pin_list>
<pin id="13" dir="1" index="0" bw="1" slack="0"/>
</pin_list>
<bind>
<StgValue><ssdm name="m_axis_video_V_dest_V"/></StgValue>
</bind>
</comp>

<comp id="14" class="1000" name="re_V">
<pin_list>
<pin id="15" dir="1" index="0" bw="1" slack="0"/>
</pin_list>
<bind>
<StgValue><ssdm name="re_V"/></StgValue>
</bind>
</comp>

<comp id="16" class="1000" name="im_V">
<pin_list>
<pin id="17" dir="1" index="0" bw="1" slack="0"/>
</pin_list>
<bind>
<StgValue><ssdm name="im_V"/></StgValue>
</bind>
</comp>

<comp id="18" class="1000" name="zoom_factor_V">
<pin_list>
<pin id="19" dir="1" index="0" bw="1" slack="0"/>
</pin_list>
<bind>
<StgValue><ssdm name="zoom_factor_V"/></StgValue>
</bind>
</comp>

<comp id="20" class="1001" name="const_20">
<pin_list>
<pin id="21" dir="1" index="0" bw="1" slack="0"/>
</pin_list>
<bind>
<StgValue><ssdm name="_ssdm_op_Read.s_axilite.i18"/></StgValue>
</bind>
</comp>

<comp id="22" class="1001" name="const_22">
<pin_list>
<pin id="23" dir="1" index="0" bw="1" slack="0"/>
</pin_list>
<bind>
<StgValue><ssdm name=""/></StgValue>
</bind>
</comp>

<comp id="24" class="1001" name="const_24">
<pin_list>
<pin id="25" dir="1" index="0" bw="1" slack="0"/>
</pin_list>
<bind>
<StgValue><ssdm name="dataflow_parent_loop.1"/></StgValue>
</bind>
</comp>

<comp id="26" class="1001" name="const_26">
<pin_list>
<pin id="27" dir="1" index="0" bw="1" slack="0"/>
</pin_list>
<bind>
<StgValue><ssdm name="Mat2AXIvideo"/></StgValue>
</bind>
</comp>

<comp id="28" class="1001" name="const_28">
<pin_list>
<pin id="29" dir="1" index="0" bw="1" slack="2147483647"/>
</pin_list>
<bind>
<StgValue><ssdm name="_ssdm_op_SpecBitsMap"/></StgValue>
</bind>
</comp>

<comp id="30" class="1001" name="const_30">
<pin_list>
<pin id="31" dir="1" index="0" bw="1" slack="2147483647"/>
</pin_list>
<bind>
<StgValue><ssdm name="_ssdm_op_SpecTopModule"/></StgValue>
</bind>
</comp>

<comp id="32" class="1001" name="const_32">
<pin_list>
<pin id="33" dir="1" index="0" bw="1" slack="2147483647"/>
</pin_list>
<bind>
<StgValue><ssdm name="video_mandelbrot_gen"/></StgValue>
</bind>
</comp>

<comp id="34" class="1001" name="const_34">
<pin_list>
<pin id="35" dir="1" index="0" bw="1" slack="2147483647"/>
</pin_list>
<bind>
<StgValue><ssdm name="_ssdm_op_SpecChannel"/></StgValue>
</bind>
</comp>

<comp id="36" class="1001" name="const_36">
<pin_list>
<pin id="37" dir="1" index="0" bw="1" slack="2147483647"/>
</pin_list>
<bind>
<StgValue><ssdm name="img_0_OC_data_stream_2"/></StgValue>
</bind>
</comp>

<comp id="38" class="1001" name="const_38">
<pin_list>
<pin id="39" dir="1" index="0" bw="1" slack="2147483647"/>
</pin_list>
<bind>
<StgValue><ssdm name=""/></StgValue>
</bind>
</comp>

<comp id="40" class="1001" name="const_40">
<pin_list>
<pin id="41" dir="1" index="0" bw="1" slack="2147483647"/>
</pin_list>
<bind>
<StgValue><ssdm name="p_str27"/></StgValue>
</bind>
</comp>

<comp id="42" class="1001" name="const_42">
<pin_list>
<pin id="43" dir="1" index="0" bw="1" slack="2147483647"/>
</pin_list>
<bind>
<StgValue><ssdm name=""/></StgValue>
</bind>
</comp>

<comp id="44" class="1001" name="const_44">
<pin_list>
<pin id="45" dir="1" index="0" bw="1" slack="2147483647"/>
</pin_list>
<bind>
<StgValue><ssdm name="_ssdm_op_SpecInterface"/></StgValue>
</bind>
</comp>

<comp id="46" class="1001" name="const_46">
<pin_list>
<pin id="47" dir="1" index="0" bw="1" slack="2147483647"/>
</pin_list>
<bind>
<StgValue><ssdm name="ap_fifo_str"/></StgValue>
</bind>
</comp>

<comp id="48" class="1001" name="const_48">
<pin_list>
<pin id="49" dir="1" index="0" bw="1" slack="2147483647"/>
</pin_list>
<bind>
<StgValue><ssdm name=""/></StgValue>
</bind>
</comp>

<comp id="50" class="1001" name="const_50">
<pin_list>
<pin id="51" dir="1" index="0" bw="1" slack="2147483647"/>
</pin_list>
<bind>
<StgValue><ssdm name="p_str28"/></StgValue>
</bind>
</comp>

<comp id="52" class="1001" name="const_52">
<pin_list>
<pin id="53" dir="1" index="0" bw="1" slack="2147483647"/>
</pin_list>
<bind>
<StgValue><ssdm name="p_str29"/></StgValue>
</bind>
</comp>

<comp id="54" class="1001" name="const_54">
<pin_list>
<pin id="55" dir="1" index="0" bw="1" slack="2147483647"/>
</pin_list>
<bind>
<StgValue><ssdm name="p_str30"/></StgValue>
</bind>
</comp>

<comp id="56" class="1001" name="const_56">
<pin_list>
<pin id="57" dir="1" index="0" bw="1" slack="2147483647"/>
</pin_list>
<bind>
<StgValue><ssdm name="p_str31"/></StgValue>
</bind>
</comp>

<comp id="58" class="1001" name="const_58">
<pin_list>
<pin id="59" dir="1" index="0" bw="1" slack="2147483647"/>
</pin_list>
<bind>
<StgValue><ssdm name=""/></StgValue>
</bind>
</comp>

<comp id="60" class="1001" name="const_60">
<pin_list>
<pin id="61" dir="1" index="0" bw="1" slack="2147483647"/>
</pin_list>
<bind>
<StgValue><ssdm name="p_str32"/></StgValue>
</bind>
</comp>

<comp id="62" class="1001" name="const_62">
<pin_list>
<pin id="63" dir="1" index="0" bw="1" slack="2147483647"/>
</pin_list>
<bind>
<StgValue><ssdm name="p_str33"/></StgValue>
</bind>
</comp>

<comp id="64" class="1001" name="const_64">
<pin_list>
<pin id="65" dir="1" index="0" bw="1" slack="2147483647"/>
</pin_list>
<bind>
<StgValue><ssdm name="img_0_OC_data_stream_1"/></StgValue>
</bind>
</comp>

<comp id="66" class="1001" name="const_66">
<pin_list>
<pin id="67" dir="1" index="0" bw="1" slack="2147483647"/>
</pin_list>
<bind>
<StgValue><ssdm name="p_str34"/></StgValue>
</bind>
</comp>

<comp id="68" class="1001" name="const_68">
<pin_list>
<pin id="69" dir="1" index="0" bw="1" slack="2147483647"/>
</pin_list>
<bind>
<StgValue><ssdm name="p_str35"/></StgValue>
</bind>
</comp>

<comp id="70" class="1001" name="const_70">
<pin_list>
<pin id="71" dir="1" index="0" bw="1" slack="2147483647"/>
</pin_list>
<bind>
<StgValue><ssdm name="p_str36"/></StgValue>
</bind>
</comp>

<comp id="72" class="1001" name="const_72">
<pin_list>
<pin id="73" dir="1" index="0" bw="1" slack="2147483647"/>
</pin_list>
<bind>
<StgValue><ssdm name="p_str37"/></StgValue>
</bind>
</comp>

<comp id="74" class="1001" name="const_74">
<pin_list>
<pin id="75" dir="1" index="0" bw="1" slack="2147483647"/>
</pin_list>
<bind>
<StgValue><ssdm name="p_str38"/></StgValue>
</bind>
</comp>

<comp id="76" class="1001" name="const_76">
<pin_list>
<pin id="77" dir="1" index="0" bw="1" slack="2147483647"/>
</pin_list>
<bind>
<StgValue><ssdm name="p_str39"/></StgValue>
</bind>
</comp>

<comp id="78" class="1001" name="const_78">
<pin_list>
<pin id="79" dir="1" index="0" bw="1" slack="2147483647"/>
</pin_list>
<bind>
<StgValue><ssdm name="p_str40"/></StgValue>
</bind>
</comp>

<comp id="80" class="1001" name="const_80">
<pin_list>
<pin id="81" dir="1" index="0" bw="1" slack="2147483647"/>
</pin_list>
<bind>
<StgValue><ssdm name="img_0_OC_data_stream"/></StgValue>
</bind>
</comp>

<comp id="82" class="1001" name="const_82">
<pin_list>
<pin id="83" dir="1" index="0" bw="1" slack="2147483647"/>
</pin_list>
<bind>
<StgValue><ssdm name="p_str41"/></StgValue>
</bind>
</comp>

<comp id="84" class="1001" name="const_84">
<pin_list>
<pin id="85" dir="1" index="0" bw="1" slack="2147483647"/>
</pin_list>
<bind>
<StgValue><ssdm name="p_str42"/></StgValue>
</bind>
</comp>

<comp id="86" class="1001" name="const_86">
<pin_list>
<pin id="87" dir="1" index="0" bw="1" slack="2147483647"/>
</pin_list>
<bind>
<StgValue><ssdm name="p_str43"/></StgValue>
</bind>
</comp>

<comp id="88" class="1001" name="const_88">
<pin_list>
<pin id="89" dir="1" index="0" bw="1" slack="2147483647"/>
</pin_list>
<bind>
<StgValue><ssdm name="p_str44"/></StgValue>
</bind>
</comp>

<comp id="90" class="1001" name="const_90">
<pin_list>
<pin id="91" dir="1" index="0" bw="1" slack="2147483647"/>
</pin_list>
<bind>
<StgValue><ssdm name="p_str45"/></StgValue>
</bind>
</comp>

<comp id="92" class="1001" name="const_92">
<pin_list>
<pin id="93" dir="1" index="0" bw="1" slack="2147483647"/>
</pin_list>
<bind>
<StgValue><ssdm name="p_str46"/></StgValue>
</bind>
</comp>

<comp id="94" class="1001" name="const_94">
<pin_list>
<pin id="95" dir="1" index="0" bw="1" slack="2147483647"/>
</pin_list>
<bind>
<StgValue><ssdm name="p_str47"/></StgValue>
</bind>
</comp>

<comp id="96" class="1001" name="const_96">
<pin_list>
<pin id="97" dir="1" index="0" bw="1" slack="2147483647"/>
</pin_list>
<bind>
<StgValue><ssdm name="p_str"/></StgValue>
</bind>
</comp>

<comp id="98" class="1001" name="const_98">
<pin_list>
<pin id="99" dir="1" index="0" bw="1" slack="2147483647"/>
</pin_list>
<bind>
<StgValue><ssdm name="p_str1"/></StgValue>
</bind>
</comp>

<comp id="100" class="1001" name="const_100">
<pin_list>
<pin id="101" dir="1" index="0" bw="1" slack="2147483647"/>
</pin_list>
<bind>
<StgValue><ssdm name="p_str2"/></StgValue>
</bind>
</comp>

<comp id="102" class="1001" name="const_102">
<pin_list>
<pin id="103" dir="1" index="0" bw="1" slack="2147483647"/>
</pin_list>
<bind>
<StgValue><ssdm name="p_str3"/></StgValue>
</bind>
</comp>

<comp id="104" class="1001" name="const_104">
<pin_list>
<pin id="105" dir="1" index="0" bw="1" slack="2147483647"/>
</pin_list>
<bind>
<StgValue><ssdm name="p_str4"/></StgValue>
</bind>
</comp>

<comp id="106" class="1004" name="img_0_data_stream_0_fu_106">
<pin_list>
<pin id="107" dir="0" index="0" bw="1" slack="0"/>
<pin id="108" dir="1" index="1" bw="8" slack="0"/>
</pin_list>
<bind>
<opcode="alloca(26) " fcode="alloca"/>
<opset="img_0_data_stream_0/1 "/>
</bind>
</comp>

<comp id="110" class="1004" name="img_0_data_stream_1_fu_110">
<pin_list>
<pin id="111" dir="0" index="0" bw="1" slack="0"/>
<pin id="112" dir="1" index="1" bw="8" slack="0"/>
</pin_list>
<bind>
<opcode="alloca(26) " fcode="alloca"/>
<opset="img_0_data_stream_1/1 "/>
</bind>
</comp>

<comp id="114" class="1004" name="img_0_data_stream_2_fu_114">
<pin_list>
<pin id="115" dir="0" index="0" bw="1" slack="0"/>
<pin id="116" dir="1" index="1" bw="8" slack="0"/>
</pin_list>
<bind>
<opcode="alloca(26) " fcode="alloca"/>
<opset="img_0_data_stream_2/1 "/>
</bind>
</comp>

<comp id="118" class="1004" name="zoom_factor_V_read_read_fu_118">
<pin_list>
<pin id="119" dir="0" index="0" bw="18" slack="0"/>
<pin id="120" dir="0" index="1" bw="18" slack="0"/>
<pin id="121" dir="1" index="2" bw="18" slack="0"/>
</pin_list>
<bind>
<opcode="read(1150) " fcode="read"/>
<opset="zoom_factor_V_read/1 "/>
</bind>
</comp>

<comp id="124" class="1004" name="im_V_read_read_fu_124">
<pin_list>
<pin id="125" dir="0" index="0" bw="18" slack="0"/>
<pin id="126" dir="0" index="1" bw="18" slack="0"/>
<pin id="127" dir="1" index="2" bw="18" slack="0"/>
</pin_list>
<bind>
<opcode="read(1150) " fcode="read"/>
<opset="im_V_read/1 "/>
</bind>
</comp>

<comp id="130" class="1004" name="re_V_read_read_fu_130">
<pin_list>
<pin id="131" dir="0" index="0" bw="18" slack="0"/>
<pin id="132" dir="0" index="1" bw="18" slack="0"/>
<pin id="133" dir="1" index="2" bw="18" slack="0"/>
</pin_list>
<bind>
<opcode="read(1150) " fcode="read"/>
<opset="re_V_read/1 "/>
</bind>
</comp>

<comp id="136" class="1004" name="grp_dataflow_parent_loop_1_fu_136">
<pin_list>
<pin id="137" dir="0" index="0" bw="0" slack="0"/>
<pin id="138" dir="0" index="1" bw="8" slack="0"/>
<pin id="139" dir="0" index="2" bw="8" slack="0"/>
<pin id="140" dir="0" index="3" bw="8" slack="0"/>
<pin id="141" dir="0" index="4" bw="18" slack="0"/>
<pin id="142" dir="0" index="5" bw="18" slack="0"/>
<pin id="143" dir="0" index="6" bw="18" slack="0"/>
<pin id="144" dir="1" index="7" bw="0" slack="2147483647"/>
</pin_list>
<bind>
<opcode="call(48) " fcode="call"/>
<opset="call_ln0/1 "/>
</bind>
</comp>

<comp id="149" class="1004" name="grp_Mat2AXIvideo_fu_149">
<pin_list>
<pin id="150" dir="0" index="0" bw="0" slack="0"/>
<pin id="151" dir="0" index="1" bw="8" slack="2"/>
<pin id="152" dir="0" index="2" bw="8" slack="2"/>
<pin id="153" dir="0" index="3" bw="8" slack="2"/>
<pin id="154" dir="0" index="4" bw="24" slack="0"/>
<pin id="155" dir="0" index="5" bw="3" slack="0"/>
<pin id="156" dir="0" index="6" bw="3" slack="0"/>
<pin id="157" dir="0" index="7" bw="1" slack="0"/>
<pin id="158" dir="0" index="8" bw="1" slack="0"/>
<pin id="159" dir="0" index="9" bw="1" slack="0"/>
<pin id="160" dir="0" index="10" bw="1" slack="0"/>
<pin id="161" dir="1" index="11" bw="0" slack="2147483647"/>
</pin_list>
<bind>
<opcode="call(48) " fcode="call"/>
<opset="call_ln77/3 "/>
</bind>
</comp>

<comp id="170" class="1005" name="zoom_factor_V_read_reg_170">
<pin_list>
<pin id="171" dir="0" index="0" bw="18" slack="1"/>
<pin id="172" dir="1" index="1" bw="18" slack="1"/>
</pin_list>
<bind>
<opset="zoom_factor_V_read "/>
</bind>
</comp>

<comp id="175" class="1005" name="im_V_read_reg_175">
<pin_list>
<pin id="176" dir="0" index="0" bw="18" slack="1"/>
<pin id="177" dir="1" index="1" bw="18" slack="1"/>
</pin_list>
<bind>
<opset="im_V_read "/>
</bind>
</comp>

<comp id="180" class="1005" name="re_V_read_reg_180">
<pin_list>
<pin id="181" dir="0" index="0" bw="18" slack="1"/>
<pin id="182" dir="1" index="1" bw="18" slack="1"/>
</pin_list>
<bind>
<opset="re_V_read "/>
</bind>
</comp>

<comp id="185" class="1005" name="img_0_data_stream_0_reg_185">
<pin_list>
<pin id="186" dir="0" index="0" bw="8" slack="0"/>
<pin id="187" dir="1" index="1" bw="8" slack="0"/>
</pin_list>
<bind>
<opset="img_0_data_stream_0 "/>
</bind>
</comp>

<comp id="191" class="1005" name="img_0_data_stream_1_reg_191">
<pin_list>
<pin id="192" dir="0" index="0" bw="8" slack="0"/>
<pin id="193" dir="1" index="1" bw="8" slack="0"/>
</pin_list>
<bind>
<opset="img_0_data_stream_1 "/>
</bind>
</comp>

<comp id="197" class="1005" name="img_0_data_stream_2_reg_197">
<pin_list>
<pin id="198" dir="0" index="0" bw="8" slack="0"/>
<pin id="199" dir="1" index="1" bw="8" slack="0"/>
</pin_list>
<bind>
<opset="img_0_data_stream_2 "/>
</bind>
</comp>

</comp_list>

<net_list>
<net id="109"><net_src comp="22" pin="0"/><net_sink comp="106" pin=0"/></net>

<net id="113"><net_src comp="22" pin="0"/><net_sink comp="110" pin=0"/></net>

<net id="117"><net_src comp="22" pin="0"/><net_sink comp="114" pin=0"/></net>

<net id="122"><net_src comp="20" pin="0"/><net_sink comp="118" pin=0"/></net>

<net id="123"><net_src comp="18" pin="0"/><net_sink comp="118" pin=1"/></net>

<net id="128"><net_src comp="20" pin="0"/><net_sink comp="124" pin=0"/></net>

<net id="129"><net_src comp="16" pin="0"/><net_sink comp="124" pin=1"/></net>

<net id="134"><net_src comp="20" pin="0"/><net_sink comp="130" pin=0"/></net>

<net id="135"><net_src comp="14" pin="0"/><net_sink comp="130" pin=1"/></net>

<net id="145"><net_src comp="24" pin="0"/><net_sink comp="136" pin=0"/></net>

<net id="146"><net_src comp="124" pin="2"/><net_sink comp="136" pin=4"/></net>

<net id="147"><net_src comp="130" pin="2"/><net_sink comp="136" pin=5"/></net>

<net id="148"><net_src comp="118" pin="2"/><net_sink comp="136" pin=6"/></net>

<net id="162"><net_src comp="26" pin="0"/><net_sink comp="149" pin=0"/></net>

<net id="163"><net_src comp="0" pin="0"/><net_sink comp="149" pin=4"/></net>

<net id="164"><net_src comp="2" pin="0"/><net_sink comp="149" pin=5"/></net>

<net id="165"><net_src comp="4" pin="0"/><net_sink comp="149" pin=6"/></net>

<net id="166"><net_src comp="6" pin="0"/><net_sink comp="149" pin=7"/></net>

<net id="167"><net_src comp="8" pin="0"/><net_sink comp="149" pin=8"/></net>

<net id="168"><net_src comp="10" pin="0"/><net_sink comp="149" pin=9"/></net>

<net id="169"><net_src comp="12" pin="0"/><net_sink comp="149" pin=10"/></net>

<net id="173"><net_src comp="118" pin="2"/><net_sink comp="170" pin=0"/></net>

<net id="174"><net_src comp="170" pin="1"/><net_sink comp="136" pin=6"/></net>

<net id="178"><net_src comp="124" pin="2"/><net_sink comp="175" pin=0"/></net>

<net id="179"><net_src comp="175" pin="1"/><net_sink comp="136" pin=4"/></net>

<net id="183"><net_src comp="130" pin="2"/><net_sink comp="180" pin=0"/></net>

<net id="184"><net_src comp="180" pin="1"/><net_sink comp="136" pin=5"/></net>

<net id="188"><net_src comp="106" pin="1"/><net_sink comp="185" pin=0"/></net>

<net id="189"><net_src comp="185" pin="1"/><net_sink comp="136" pin=1"/></net>

<net id="190"><net_src comp="185" pin="1"/><net_sink comp="149" pin=1"/></net>

<net id="194"><net_src comp="110" pin="1"/><net_sink comp="191" pin=0"/></net>

<net id="195"><net_src comp="191" pin="1"/><net_sink comp="136" pin=2"/></net>

<net id="196"><net_src comp="191" pin="1"/><net_sink comp="149" pin=2"/></net>

<net id="200"><net_src comp="114" pin="1"/><net_sink comp="197" pin=0"/></net>

<net id="201"><net_src comp="197" pin="1"/><net_sink comp="136" pin=3"/></net>

<net id="202"><net_src comp="197" pin="1"/><net_sink comp="149" pin=3"/></net>

</net_list>

</model> 
---------------- Datapath Model END ------------------

* FSMD analyzer results:
  - Output states:
	Port: m_axis_video_V_data_V | {3 4 }
	Port: m_axis_video_V_keep_V | {3 4 }
	Port: m_axis_video_V_strb_V | {3 4 }
	Port: m_axis_video_V_user_V | {3 4 }
	Port: m_axis_video_V_last_V | {3 4 }
	Port: m_axis_video_V_id_V | {3 4 }
	Port: m_axis_video_V_dest_V | {3 4 }
 - Input state : 
	Port: video_mandelbrot_generator : re_V | {1 }
	Port: video_mandelbrot_generator : im_V | {1 }
	Port: video_mandelbrot_generator : zoom_factor_V | {1 }
  - Chain level:
	State 1
		call_ln0 : 1
	State 2
	State 3
	State 4
	State 5


============================================================
+ Verbose Summary: Datapath Resource usage 
============================================================

* Functional unit list:
|----------|-----------------------------------|---------|---------|---------|---------|
| Operation|          Functional Unit          |  DSP48E |  Delay  |    FF   |   LUT   |
|----------|-----------------------------------|---------|---------|---------|---------|
|   call   | grp_dataflow_parent_loop_1_fu_136 |    6    |  17.69  |   1098  |   2116  |
|          |      grp_Mat2AXIvideo_fu_149      |    0    |  3.538  |    43   |    70   |
|----------|-----------------------------------|---------|---------|---------|---------|
|          |   zoom_factor_V_read_read_fu_118  |    0    |    0    |    0    |    0    |
|   read   |       im_V_read_read_fu_124       |    0    |    0    |    0    |    0    |
|          |       re_V_read_read_fu_130       |    0    |    0    |    0    |    0    |
|----------|-----------------------------------|---------|---------|---------|---------|
|   Total  |                                   |    6    |  21.228 |   1141  |   2186  |
|----------|-----------------------------------|---------|---------|---------|---------|

Memories:
N/A

* Register list:
+---------------------------+--------+
|                           |   FF   |
+---------------------------+--------+
|     im_V_read_reg_175     |   18   |
|img_0_data_stream_0_reg_185|    8   |
|img_0_data_stream_1_reg_191|    8   |
|img_0_data_stream_2_reg_197|    8   |
|     re_V_read_reg_180     |   18   |
| zoom_factor_V_read_reg_170|   18   |
+---------------------------+--------+
|           Total           |   78   |
+---------------------------+--------+

* Multiplexer (MUX) list: 
|-----------------------------------|------|------|------|--------||---------||---------|
|                Comp               |  Pin | Size |  BW  | S x BW ||  Delay  ||   LUT   |
|-----------------------------------|------|------|------|--------||---------||---------|
| grp_dataflow_parent_loop_1_fu_136 |  p4  |   2  |  18  |   36   ||    9    |
| grp_dataflow_parent_loop_1_fu_136 |  p5  |   2  |  18  |   36   ||    9    |
| grp_dataflow_parent_loop_1_fu_136 |  p6  |   2  |  18  |   36   ||    9    |
|-----------------------------------|------|------|------|--------||---------||---------|
|               Total               |      |      |      |   108  ||  5.307  ||    27   |
|-----------------------------------|------|------|------|--------||---------||---------|



* Summary:
+-----------+--------+--------+--------+--------+
|           | DSP48E |  Delay |   FF   |   LUT  |
+-----------+--------+--------+--------+--------+
|  Function |    6   |   21   |  1141  |  2186  |
|   Memory  |    -   |    -   |    -   |    -   |
|Multiplexer|    -   |    5   |    -   |   27   |
|  Register |    -   |    -   |   78   |    -   |
+-----------+--------+--------+--------+--------+
|   Total   |    6   |   26   |  1219  |  2213  |
+-----------+--------+--------+--------+--------+
