

================================================================
== Vivado HLS Report for 'mandelbrot'
================================================================
* Date:           Sun Feb 25 13:41:45 2018

* Version:        2017.4 (Build 2086221 on Fri Dec 15 21:13:33 MST 2017)
* Project:        mandelbrot
* Solution:       solution1
* Product family: artix7
* Target device:  xc7a200tfbg676-2


================================================================
== Performance Estimates
================================================================
+ Timing (ns): 
    * Summary: 
    +--------+-------+----------+------------+
    |  Clock | Target| Estimated| Uncertainty|
    +--------+-------+----------+------------+
    |ap_clk  |  10.00|      8.57|        1.25|
    +--------+-------+----------+------------+

+ Latency (clock cycles): 
    * Summary: 
    +------+------+------+------+---------+
    |   Latency   |   Interval  | Pipeline|
    |  min |  max |  min |  max |   Type  |
    +------+------+------+------+---------+
    |  6657|  6657|  6657|  6657|   none  |
    +------+------+------+------+---------+

    + Detail: 
        * Instance: 
        N/A

        * Loop: 
        +----------+------+------+----------+-----------+-----------+------+----------+
        |          |   Latency   | Iteration|  Initiation Interval  | Trip |          |
        | Loop Name|  min |  max |  Latency |  achieved |   target  | Count| Pipelined|
        +----------+------+------+----------+-----------+-----------+------+----------+
        |- Loop 1  |  6656|  6656|        26|          -|          -|   256|    no    |
        +----------+------+------+----------+-----------+-----------+------+----------+



================================================================
== Utilization Estimates
================================================================
* Summary: 
+-----------------+---------+-------+--------+--------+
|       Name      | BRAM_18K| DSP48E|   FF   |   LUT  |
+-----------------+---------+-------+--------+--------+
|DSP              |        -|      -|       -|       -|
|Expression       |        -|      -|       0|     102|
|FIFO             |        -|      -|       -|       -|
|Instance         |        -|     39|    1917|    2318|
|Memory           |        -|      -|       -|       -|
|Multiplexer      |        -|      -|       -|     300|
|Register         |        -|      -|     565|       -|
+-----------------+---------+-------+--------+--------+
|Total            |        0|     39|    2482|    2720|
+-----------------+---------+-------+--------+--------+
|Available        |      730|    740|  269200|  129000|
+-----------------+---------+-------+--------+--------+
|Utilization (%)  |        0|      5|   ~0   |       2|
+-----------------+---------+-------+--------+--------+

+ Detail: 
    * Instance: 
    +-------------------------+----------------------+---------+-------+-----+-----+
    |         Instance        |        Module        | BRAM_18K| DSP48E|  FF | LUT |
    +-------------------------+----------------------+---------+-------+-----+-----+
    |mandelbrot_dadd_6cud_U2  |mandelbrot_dadd_6cud  |        0|      3|  445|  788|
    |mandelbrot_dadddsbkb_U1  |mandelbrot_dadddsbkb  |        0|      3|  445|  788|
    |mandelbrot_dcmp_6eOg_U6  |mandelbrot_dcmp_6eOg  |        0|      0|  130|  130|
    |mandelbrot_dmul_6dEe_U3  |mandelbrot_dmul_6dEe  |        0|     11|  299|  204|
    |mandelbrot_dmul_6dEe_U4  |mandelbrot_dmul_6dEe  |        0|     11|  299|  204|
    |mandelbrot_dmul_6dEe_U5  |mandelbrot_dmul_6dEe  |        0|     11|  299|  204|
    +-------------------------+----------------------+---------+-------+-----+-----+
    |Total                    |                      |        0|     39| 1917| 2318|
    +-------------------------+----------------------+---------+-------+-----+-----+

    * DSP48: 
    N/A

    * Memory: 
    N/A

    * FIFO: 
    N/A

    * Expression: 
    +--------------------+----------+-------+---+----+------------+------------+
    |    Variable Name   | Operation| DSP48E| FF| LUT| Bitwidth P0| Bitwidth P1|
    +--------------------+----------+-------+---+----+------------+------------+
    |i_1_fu_166_p2       |     +    |      0|  0|  16|           9|           1|
    |tmp_6_fu_217_p2     |     +    |      0|  0|  15|           8|           8|
    |tmp_9_fu_207_p2     |    and   |      0|  0|   8|           1|           1|
    |exitcond_fu_160_p2  |   icmp   |      0|  0|  13|           9|          10|
    |notlhs_fu_189_p2    |   icmp   |      0|  0|  13|          11|           2|
    |notrhs_fu_195_p2    |   icmp   |      0|  0|  29|          52|           1|
    |tmp_7_fu_201_p2     |    or    |      0|  0|   8|           1|           1|
    +--------------------+----------+-------+---+----+------------+------------+
    |Total               |          |      0|  0| 102|          91|          24|
    +--------------------+----------+-------+---+----+------------+------------+

    * Multiplexer: 
    +-----------------------------+-----+-----------+-----+-----------+
    |             Name            | LUT | Input Size| Bits| Total Bits|
    +-----------------------------+-----+-----------+-----+-----------+
    |ap_NS_fsm                    |  129|         28|    1|         28|
    |grp_fu_103_opcode            |   15|          3|    2|          6|
    |grp_fu_103_p0                |   15|          3|   64|        192|
    |grp_fu_103_p1                |   15|          3|   64|        192|
    |grp_fu_107_p0                |   15|          3|   64|        192|
    |grp_fu_107_p1                |   15|          3|   64|        192|
    |grp_fu_111_p0                |   15|          3|   64|        192|
    |grp_fu_111_p1                |   15|          3|   64|        192|
    |grp_fu_117_p0                |   15|          3|   64|        192|
    |grp_fu_117_p1                |   15|          3|   64|        192|
    |i_reg_92                     |    9|          2|    9|         18|
    |mandelbrot_double_d_reg_79   |    9|          2|    8|         16|
    |x_complex_im_read_as_reg_69  |    9|          2|   64|        128|
    |x_complex_re_read_as_reg_59  |    9|          2|   64|        128|
    +-----------------------------+-----+-----------+-----+-----------+
    |Total                        |  300|         63|  660|       1860|
    +-----------------------------+-----+-----------+-----+-----------+

    * Register: 
    +-----------------------------+----+----+-----+-----------+
    |             Name            | FF | LUT| Bits| Const Bits|
    +-----------------------------+----+----+-----+-----------+
    |ap_CS_fsm                    |  27|   0|   27|          0|
    |i_1_reg_238                  |   9|   0|    9|          0|
    |i_reg_92                     |   9|   0|    9|          0|
    |m3_reg_243                   |  64|   0|   64|          0|
    |mandelbrot_double_d_reg_79   |   8|   0|    8|          0|
    |reg_134                      |  64|   0|   64|          0|
    |reg_139                      |  64|   0|   64|          0|
    |reg_144                      |  64|   0|   64|          0|
    |reg_152                      |  64|   0|   64|          0|
    |tmp_3_reg_249                |  64|   0|   64|          0|
    |x_complex_im_read_as_reg_69  |  64|   0|   64|          0|
    |x_complex_re_read_as_reg_59  |  64|   0|   64|          0|
    +-----------------------------+----+----+-----+-----------+
    |Total                        | 565|   0|  565|          0|
    +-----------------------------+----+----+-----+-----------+



================================================================
== Interface
================================================================
* Summary: 
+-------------+-----+-----+------------+--------------+--------------+
|  RTL Ports  | Dir | Bits|  Protocol  | Source Object|    C Type    |
+-------------+-----+-----+------------+--------------+--------------+
|ap_clk       |  in |    1| ap_ctrl_hs |  mandelbrot  | return value |
|ap_rst       |  in |    1| ap_ctrl_hs |  mandelbrot  | return value |
|ap_start     |  in |    1| ap_ctrl_hs |  mandelbrot  | return value |
|ap_done      | out |    1| ap_ctrl_hs |  mandelbrot  | return value |
|ap_idle      | out |    1| ap_ctrl_hs |  mandelbrot  | return value |
|ap_ready     | out |    1| ap_ctrl_hs |  mandelbrot  | return value |
|z_re         |  in |   64|   ap_none  |     z_re     |    scalar    |
|z_im         |  in |   64|   ap_none  |     z_im     |    scalar    |
|outp         | out |    8|   ap_vld   |     outp     |    pointer   |
|outp_ap_vld  | out |    1|   ap_vld   |     outp     |    pointer   |
+-------------+-----+-----+------------+--------------+--------------+

