

================================================================
== Vivado HLS Report for 'Loop_out_proc28'
================================================================
* Date:           Sun Feb 16 09:36:29 2020

* Version:        2019.1 (Build 2552052 on Fri May 24 15:28:33 MDT 2019)
* Project:        Video_Mandelbrot_Generator
* Solution:       solution5_partial_pipeline
* Product family: artix7
* Target device:  xc7a35t-cpg236-1


================================================================
== Performance Estimates
================================================================
+ Timing (ns): 
    * Summary: 
    +--------+-------+----------+------------+
    |  Clock | Target| Estimated| Uncertainty|
    +--------+-------+----------+------------+
    |ap_clk  |  10.00|     8.666|        1.25|
    +--------+-------+----------+------------+

+ Latency (clock cycles): 
    * Summary: 
    +---------+-----------+---------+-----------+---------+
    |       Latency       |       Interval      | Pipeline|
    |   min   |    max    |   min   |    max    |   Type  |
    +---------+-----------+---------+-----------+---------+
    |  6240001|  615840001|  6240001|  615840001|   none  |
    +---------+-----------+---------+-----------+---------+

    + Detail: 
        * Instance: 
        N/A

        * Loop: 
        +----------------+---------+-----------+-----------+-----------+-----------+---------+----------+
        |                |       Latency       | Iteration |  Initiation Interval  |   Trip  |          |
        |    Loop Name   |   min   |    max    |  Latency  |  achieved |   target  |  Count  | Pipelined|
        +----------------+---------+-----------+-----------+-----------+-----------+---------+----------+
        |- out_inner     |  6240000|  615840000| 13 ~ 1283 |          -|          -|   480000|    no    |
        | + mandel_calc  |        5|       1275|          5|          5|          1| 1 ~ 255 |    yes   |
        +----------------+---------+-----------+-----------+-----------+-----------+---------+----------+



================================================================
== Utilization Estimates
================================================================
* Summary: 
+-----------------+---------+-------+-------+-------+-----+
|       Name      | BRAM_18K| DSP48E|   FF  |  LUT  | URAM|
+-----------------+---------+-------+-------+-------+-----+
|DSP              |        -|      6|      -|      -|    -|
|Expression       |        -|      -|      0|   2116|    -|
|FIFO             |        -|      -|      -|      -|    -|
|Instance         |        -|      -|      -|      -|    -|
|Memory           |        -|      -|      -|      -|    -|
|Multiplexer      |        -|      -|      -|    209|    -|
|Register         |        -|      -|   1016|      -|    -|
+-----------------+---------+-------+-------+-------+-----+
|Total            |        0|      6|   1016|   2325|    0|
+-----------------+---------+-------+-------+-------+-----+
|Available        |      100|     90|  41600|  20800|    0|
+-----------------+---------+-------+-------+-------+-----+
|Utilization (%)  |        0|      6|      2|     11|    0|
+-----------------+---------+-------+-------+-------+-----+

+ Detail: 
    * Instance: 
    N/A

    * DSP48E: 
    +-------------------------------------------------------+----------------------------------------------------+-----------+
    |                        Instance                       |                       Module                       | Expression|
    +-------------------------------------------------------+----------------------------------------------------+-----------+
    |video_mandelbrot_generator_mul_mul_17ns_7ns_24_1_1_U7  |video_mandelbrot_generator_mul_mul_17ns_7ns_24_1_1  |  i0 * i1  |
    |video_mandelbrot_generator_mul_mul_18s_18s_36_1_1_U8   |video_mandelbrot_generator_mul_mul_18s_18s_36_1_1   |  i0 * i1  |
    |video_mandelbrot_generator_mul_mul_18s_18s_36_1_1_U9   |video_mandelbrot_generator_mul_mul_18s_18s_36_1_1   |  i0 * i1  |
    |video_mandelbrot_generator_mul_mul_18s_18s_36_1_1_U10  |video_mandelbrot_generator_mul_mul_18s_18s_36_1_1   |  i0 * i0  |
    |video_mandelbrot_generator_mul_mul_18s_18s_36_1_1_U11  |video_mandelbrot_generator_mul_mul_18s_18s_36_1_1   |  i0 * i0  |
    |video_mandelbrot_generator_mul_mul_19s_19s_38_1_1_U12  |video_mandelbrot_generator_mul_mul_19s_19s_38_1_1   |  i0 * i0  |
    +-------------------------------------------------------+----------------------------------------------------+-----------+

    * Memory: 
    N/A

    * FIFO: 
    N/A

    * Expression: 
    +-------------------------------+----------+-------+---+----+------------+------------+
    |         Variable Name         | Operation| DSP48E| FF| LUT| Bitwidth P0| Bitwidth P1|
    +-------------------------------+----------+-------+---+----+------------+------------+
    |add_ln1193_fu_660_p2           |     +    |      0|  0|  22|          15|          15|
    |add_ln26_1_fu_524_p2           |     +    |      0|  0|  17|          10|           1|
    |add_ln26_fu_504_p2             |     +    |      0|  0|  26|          19|           1|
    |col_fu_2861_p2                 |     +    |      0|  0|  17|          10|           1|
    |iter_fu_1845_p2                |     +    |      0|  0|  15|           8|           1|
    |p_Val2_11_fu_1321_p2           |     +    |      0|  0|  25|          18|          18|
    |p_Val2_16_fu_1234_p2           |     +    |      0|  0|  25|          18|          18|
    |p_Val2_21_fu_1577_p2           |     +    |      0|  0|  25|          18|          18|
    |p_Val2_25_fu_1765_p2           |     +    |      0|  0|  25|          18|          18|
    |p_Val2_31_fu_1908_p2           |     +    |      0|  0|  25|          18|          18|
    |p_Val2_37_fu_2034_p2           |     +    |      0|  0|  25|          18|          18|
    |p_Val2_3_fu_1119_p2            |     +    |      0|  0|  23|          16|          16|
    |p_Val2_40_fu_2239_p2           |     +    |      0|  0|  25|          18|          18|
    |p_Val2_43_fu_2418_p2           |     +    |      0|  0|  25|          18|          18|
    |p_Val2_48_fu_2535_p2           |     +    |      0|  0|  25|          18|          18|
    |p_Val2_6_fu_692_p2             |     +    |      0|  0|  25|          18|          18|
    |r_V_6_fu_1070_p2               |     +    |      0|  0|  30|          23|          23|
    |ret_V_10_fu_1895_p2            |     +    |      0|  0|  27|          20|          20|
    |ret_V_13_fu_2021_p2            |     +    |      0|  0|  27|          20|          20|
    |ret_V_6_fu_2203_p2             |     +    |      0|  0|  26|          19|          19|
    |ret_V_7_fu_1276_p2             |     +    |      0|  0|  43|          36|          36|
    |ret_V_8_fu_1752_p2             |     +    |      0|  0|  26|          19|          19|
    |ret_V_fu_1859_p2               |     +    |      0|  0|  26|          19|          19|
    |r_V_10_fu_451_p2               |     -    |      0|  0|  42|           1|          35|
    |r_V_7_fu_375_p2                |     -    |      0|  0|  43|          36|          36|
    |ret_V_11_fu_1997_p2            |     -    |      0|  0|  26|          19|          19|
    |ret_V_12_fu_2011_p2            |     -    |      0|  0|  27|          20|          20|
    |ret_V_9_fu_1881_p2             |     -    |      0|  0|  26|          19|          19|
    |and_ln414_1_fu_872_p2          |    and   |      0|  0|   2|           1|           1|
    |and_ln414_fu_683_p2            |    and   |      0|  0|   2|           1|           1|
    |and_ln700_1_fu_1568_p2         |    and   |      0|  0|   2|           1|           1|
    |and_ln700_2_fu_2230_p2         |    and   |      0|  0|   2|           1|           1|
    |and_ln700_3_fu_2409_p2         |    and   |      0|  0|   2|           1|           1|
    |and_ln700_4_fu_2526_p2         |    and   |      0|  0|   2|           1|           1|
    |and_ln700_fu_1311_p2           |    and   |      0|  0|   2|           1|           1|
    |and_ln779_1_fu_1407_p2         |    and   |      0|  0|   2|           1|           1|
    |and_ln779_2_fu_948_p2          |    and   |      0|  0|   2|           1|           1|
    |and_ln779_3_fu_1647_p2         |    and   |      0|  0|   2|           1|           1|
    |and_ln779_4_fu_2301_p2         |    and   |      0|  0|   2|           1|           1|
    |and_ln779_5_fu_2480_p2         |    and   |      0|  0|   2|           1|           1|
    |and_ln779_6_fu_2597_p2         |    and   |      0|  0|   2|           1|           1|
    |and_ln779_fu_768_p2            |    and   |      0|  0|   2|           1|           1|
    |and_ln781_1_fu_1466_p2         |    and   |      0|  0|   2|           1|           1|
    |and_ln781_2_fu_961_p2          |    and   |      0|  0|   2|           1|           1|
    |and_ln781_3_fu_1661_p2         |    and   |      0|  0|   2|           1|           1|
    |and_ln781_4_fu_2622_p2         |    and   |      0|  0|   2|           1|           1|
    |and_ln781_5_fu_2701_p2         |    and   |      0|  0|   2|           1|           1|
    |and_ln781_6_fu_2780_p2         |    and   |      0|  0|   2|           1|           1|
    |and_ln781_fu_781_p2            |    and   |      0|  0|   2|           1|           1|
    |and_ln786_11_fu_2320_p2        |    and   |      0|  0|   2|           1|           1|
    |and_ln786_13_fu_2499_p2        |    and   |      0|  0|   2|           1|           1|
    |and_ln786_15_fu_2611_p2        |    and   |      0|  0|   2|           1|           1|
    |and_ln786_2_fu_1421_p2         |    and   |      0|  0|   2|           1|           1|
    |and_ln786_4_fu_984_p2          |    and   |      0|  0|   2|           1|           1|
    |and_ln786_6_fu_1690_p2         |    and   |      0|  0|   2|           1|           1|
    |and_ln786_fu_804_p2            |    and   |      0|  0|   2|           1|           1|
    |carry_11_fu_2259_p2            |    and   |      0|  0|   2|           1|           1|
    |carry_13_fu_2438_p2            |    and   |      0|  0|   2|           1|           1|
    |carry_15_fu_2555_p2            |    and   |      0|  0|   2|           1|           1|
    |carry_2_fu_711_p2              |    and   |      0|  0|   2|           1|           1|
    |carry_4_fu_1341_p2             |    and   |      0|  0|   2|           1|           1|
    |carry_7_fu_907_p2              |    and   |      0|  0|   2|           1|           1|
    |carry_9_fu_1597_p2             |    and   |      0|  0|   2|           1|           1|
    |overflow_10_fu_2800_p2         |    and   |      0|  0|   2|           1|           1|
    |overflow_1_fu_799_p2           |    and   |      0|  0|   2|           1|           1|
    |overflow_2_fu_1486_p2          |    and   |      0|  0|   2|           1|           1|
    |overflow_4_fu_979_p2           |    and   |      0|  0|   2|           1|           1|
    |overflow_5_fu_1684_p2          |    and   |      0|  0|   2|           1|           1|
    |overflow_6_fu_1949_p2          |    and   |      0|  0|   2|           1|           1|
    |overflow_7_fu_2075_p2          |    and   |      0|  0|   2|           1|           1|
    |overflow_8_fu_2637_p2          |    and   |      0|  0|   2|           1|           1|
    |overflow_9_fu_2716_p2          |    and   |      0|  0|   2|           1|           1|
    |underflow_1_fu_1503_p2         |    and   |      0|  0|   2|           1|           1|
    |underflow_2_fu_1002_p2         |    and   |      0|  0|   2|           1|           1|
    |underflow_3_fu_1708_p2         |    and   |      0|  0|   2|           1|           1|
    |underflow_4_fu_1784_p2         |    and   |      0|  0|   2|           1|           1|
    |underflow_5_fu_1973_p2         |    and   |      0|  0|   2|           1|           1|
    |underflow_6_fu_2099_p2         |    and   |      0|  0|   2|           1|           1|
    |underflow_7_fu_2653_p2         |    and   |      0|  0|   2|           1|           1|
    |underflow_8_fu_2732_p2         |    and   |      0|  0|   2|           1|           1|
    |underflow_9_fu_2817_p2         |    and   |      0|  0|   2|           1|           1|
    |underflow_fu_822_p2            |    and   |      0|  0|   2|           1|           1|
    |Range1_all_ones_1_fu_1381_p2   |   icmp   |      0|  0|   9|           3|           2|
    |Range1_all_ones_2_fu_928_p2    |   icmp   |      0|  0|   8|           2|           2|
    |Range1_all_ones_3_fu_1616_p2   |   icmp   |      0|  0|   9|           3|           2|
    |Range1_all_ones_5_fu_2278_p2   |   icmp   |      0|  0|   9|           3|           2|
    |Range1_all_ones_6_fu_2457_p2   |   icmp   |      0|  0|   9|           3|           2|
    |Range1_all_ones_7_fu_2574_p2   |   icmp   |      0|  0|  11|           5|           2|
    |Range1_all_ones_fu_748_p2      |   icmp   |      0|  0|   9|           3|           2|
    |Range1_all_zeros_1_fu_1387_p2  |   icmp   |      0|  0|   9|           3|           1|
    |Range1_all_zeros_2_fu_934_p2   |   icmp   |      0|  0|   8|           2|           1|
    |Range1_all_zeros_3_fu_1621_p2  |   icmp   |      0|  0|   9|           3|           1|
    |Range1_all_zeros_4_fu_2283_p2  |   icmp   |      0|  0|   9|           3|           1|
    |Range1_all_zeros_5_fu_2462_p2  |   icmp   |      0|  0|   9|           3|           1|
    |Range1_all_zeros_6_fu_2579_p2  |   icmp   |      0|  0|  11|           5|           1|
    |Range1_all_zeros_fu_754_p2     |   icmp   |      0|  0|   9|           3|           1|
    |Range2_all_ones_1_fu_1365_p2   |   icmp   |      0|  0|   8|           2|           2|
    |Range2_all_ones_3_fu_1611_p2   |   icmp   |      0|  0|   8|           2|           2|
    |Range2_all_ones_4_fu_2273_p2   |   icmp   |      0|  0|   8|           2|           2|
    |Range2_all_ones_5_fu_2452_p2   |   icmp   |      0|  0|   8|           2|           2|
    |Range2_all_ones_6_fu_2569_p2   |   icmp   |      0|  0|   9|           4|           2|
    |Range2_all_ones_fu_733_p2      |   icmp   |      0|  0|   8|           2|           2|
    |icmp_ln1497_fu_1875_p2         |   icmp   |      0|  0|   8|           2|           1|
    |icmp_ln26_fu_498_p2            |   icmp   |      0|  0|  18|          19|          17|
    |icmp_ln28_fu_510_p2            |   icmp   |      0|  0|  13|          10|           9|
    |icmp_ln414_1_fu_677_p2         |   icmp   |      0|  0|   8|           1|           1|
    |icmp_ln414_2_fu_1306_p2        |   icmp   |      0|  0|  13|          15|           1|
    |icmp_ln414_3_fu_1225_p2        |   icmp   |      0|  0|  13|          15|           1|
    |icmp_ln414_4_fu_866_p2         |   icmp   |      0|  0|   8|           1|           1|
    |icmp_ln414_5_fu_1563_p2        |   icmp   |      0|  0|  13|          15|           1|
    |icmp_ln414_6_fu_2225_p2        |   icmp   |      0|  0|  13|          15|           1|
    |icmp_ln414_7_fu_2404_p2        |   icmp   |      0|  0|  13|          15|           1|
    |icmp_ln414_8_fu_2521_p2        |   icmp   |      0|  0|  13|          15|           1|
    |icmp_ln414_fu_1109_p2          |   icmp   |      0|  0|  13|          15|           1|
    |icmp_ln43_fu_1839_p2           |   icmp   |      0|  0|  11|           8|           2|
    |icmp_ln785_1_fu_843_p2         |   icmp   |      0|  0|  11|           7|           1|
    |icmp_ln785_2_fu_1931_p2        |   icmp   |      0|  0|   8|           2|           1|
    |icmp_ln785_3_fu_2057_p2        |   icmp   |      0|  0|   8|           2|           1|
    |icmp_ln785_fu_616_p2           |   icmp   |      0|  0|  11|           7|           1|
    |icmp_ln786_1_fu_2087_p2        |   icmp   |      0|  0|   8|           2|           2|
    |icmp_ln786_fu_1961_p2          |   icmp   |      0|  0|   8|           2|           2|
    |ap_block_state1                |    or    |      0|  0|   2|           1|           1|
    |ap_block_state13               |    or    |      0|  0|   2|           1|           1|
    |or_ln340_10_fu_1719_p2         |    or    |      0|  0|   2|           1|           1|
    |or_ln340_11_fu_1723_p2         |    or    |      0|  0|   2|           1|           1|
    |or_ln340_12_fu_1802_p2         |    or    |      0|  0|   2|           1|           1|
    |or_ln340_13_fu_1979_p2         |    or    |      0|  0|   2|           1|           1|
    |or_ln340_14_fu_2110_p2         |    or    |      0|  0|   2|           1|           1|
    |or_ln340_15_fu_2128_p2         |    or    |      0|  0|   2|           1|           1|
    |or_ln340_16_fu_2137_p2         |    or    |      0|  0|   2|           1|           1|
    |or_ln340_17_fu_2658_p2         |    or    |      0|  0|   2|           1|           1|
    |or_ln340_18_fu_2664_p2         |    or    |      0|  0|   2|           1|           1|
    |or_ln340_19_fu_2668_p2         |    or    |      0|  0|   2|           1|           1|
    |or_ln340_1_fu_1165_p2          |    or    |      0|  0|   2|           1|           1|
    |or_ln340_20_fu_2737_p2         |    or    |      0|  0|   2|           1|           1|
    |or_ln340_21_fu_2743_p2         |    or    |      0|  0|   2|           1|           1|
    |or_ln340_22_fu_2747_p2         |    or    |      0|  0|   2|           1|           1|
    |or_ln340_23_fu_2822_p2         |    or    |      0|  0|   2|           1|           1|
    |or_ln340_24_fu_2828_p2         |    or    |      0|  0|   2|           1|           1|
    |or_ln340_25_fu_2833_p2         |    or    |      0|  0|   2|           1|           1|
    |or_ln340_2_fu_1169_p2          |    or    |      0|  0|   2|           1|           1|
    |or_ln340_3_fu_1508_p2          |    or    |      0|  0|   2|           1|           1|
    |or_ln340_4_fu_1514_p2          |    or    |      0|  0|   2|           1|           1|
    |or_ln340_5_fu_1519_p2          |    or    |      0|  0|   2|           1|           1|
    |or_ln340_6_fu_1007_p2          |    or    |      0|  0|   2|           1|           1|
    |or_ln340_7_fu_1013_p2          |    or    |      0|  0|   2|           1|           1|
    |or_ln340_8_fu_1018_p2          |    or    |      0|  0|   2|           1|           1|
    |or_ln340_9_fu_1713_p2          |    or    |      0|  0|   2|           1|           1|
    |or_ln340_fu_827_p2             |    or    |      0|  0|   2|           1|           1|
    |or_ln785_1_fu_1476_p2          |    or    |      0|  0|   2|           1|           1|
    |or_ln785_3_fu_973_p2           |    or    |      0|  0|   2|           1|           1|
    |or_ln785_4_fu_1673_p2          |    or    |      0|  0|   2|           1|           1|
    |or_ln785_5_fu_1937_p2          |    or    |      0|  0|   2|           1|           1|
    |or_ln785_6_fu_2063_p2          |    or    |      0|  0|   2|           1|           1|
    |or_ln785_7_fu_2632_p2          |    or    |      0|  0|   2|           1|           1|
    |or_ln785_8_fu_2711_p2          |    or    |      0|  0|   2|           1|           1|
    |or_ln785_9_fu_2790_p2          |    or    |      0|  0|   2|           1|           1|
    |or_ln785_fu_793_p2             |    or    |      0|  0|   2|           1|           1|
    |or_ln786_10_fu_2806_p2         |    or    |      0|  0|   2|           1|           1|
    |or_ln786_1_fu_810_p2           |    or    |      0|  0|   2|           1|           1|
    |or_ln786_2_fu_1492_p2          |    or    |      0|  0|   2|           1|           1|
    |or_ln786_3_fu_1262_p2          |    or    |      0|  0|   2|           1|           1|
    |or_ln786_4_fu_990_p2           |    or    |      0|  0|   2|           1|           1|
    |or_ln786_5_fu_1696_p2          |    or    |      0|  0|   2|           1|           1|
    |or_ln786_6_fu_1967_p2          |    or    |      0|  0|   2|           1|           1|
    |or_ln786_7_fu_2093_p2          |    or    |      0|  0|   2|           1|           1|
    |or_ln786_8_fu_2642_p2          |    or    |      0|  0|   2|           1|           1|
    |or_ln786_9_fu_2721_p2          |    or    |      0|  0|   2|           1|           1|
    |or_ln786_fu_1151_p2            |    or    |      0|  0|   2|           1|           1|
    |overflow_3_fu_849_p2           |    or    |      0|  0|   2|           1|           1|
    |overflow_fu_622_p2             |    or    |      0|  0|   2|           1|           1|
    |deleted_ones_1_fu_1413_p3      |  select  |      0|  0|   2|           1|           1|
    |deleted_ones_2_fu_953_p3       |  select  |      0|  0|   2|           1|           1|
    |deleted_ones_3_fu_1653_p3      |  select  |      0|  0|   2|           1|           1|
    |deleted_ones_5_fu_2307_p3      |  select  |      0|  0|   2|           1|           1|
    |deleted_ones_6_fu_2486_p3      |  select  |      0|  0|   2|           1|           1|
    |deleted_ones_7_fu_2603_p3      |  select  |      0|  0|   2|           1|           1|
    |deleted_ones_fu_773_p3         |  select  |      0|  0|   2|           1|           1|
    |deleted_zeros_1_fu_1461_p3     |  select  |      0|  0|   2|           1|           1|
    |deleted_zeros_2_fu_940_p3      |  select  |      0|  0|   2|           1|           1|
    |deleted_zeros_3_fu_1626_p3     |  select  |      0|  0|   2|           1|           1|
    |deleted_zeros_4_fu_2617_p3     |  select  |      0|  0|   2|           1|           1|
    |deleted_zeros_5_fu_2696_p3     |  select  |      0|  0|   2|           1|           1|
    |deleted_zeros_6_fu_2775_p3     |  select  |      0|  0|   2|           1|           1|
    |deleted_zeros_fu_760_p3        |  select  |      0|  0|   2|           1|           1|
    |imag_btm_V_fu_1040_p3          |  select  |      0|  0|  18|           1|          18|
    |imag_top_V_fu_1268_p3          |  select  |      0|  0|  19|           1|          18|
    |isquare_V_fu_2767_p3           |  select  |      0|  0|  18|           1|          18|
    |p_Val2_13_fu_855_p3            |  select  |      0|  0|  17|           1|           2|
    |p_Val2_1_fu_628_p3             |  select  |      0|  0|  17|           1|           2|
    |p_Val2_22_fu_1740_p3           |  select  |      0|  0|  18|           1|          18|
    |real_btm_V_fu_1186_p3          |  select  |      0|  0|  18|           1|          18|
    |real_top_V_fu_1157_p3          |  select  |      0|  0|  19|           1|          18|
    |rsquare_V_fu_2688_p3           |  select  |      0|  0|  18|           1|          18|
    |select_ln26_fu_578_p3          |  select  |      0|  0|  10|           1|          10|
    |select_ln340_10_fu_1808_p3     |  select  |      0|  0|  18|           1|          17|
    |select_ln340_12_fu_1985_p3     |  select  |      0|  0|  18|           1|          17|
    |select_ln340_14_fu_2142_p3     |  select  |      0|  0|  18|           1|          17|
    |select_ln340_16_fu_2674_p3     |  select  |      0|  0|  18|           1|          17|
    |select_ln340_18_fu_2753_p3     |  select  |      0|  0|  18|           1|          17|
    |select_ln340_20_fu_2839_p3     |  select  |      0|  0|  18|           1|          17|
    |select_ln340_2_fu_1525_p3      |  select  |      0|  0|  18|           1|          17|
    |select_ln340_6_fu_1024_p3      |  select  |      0|  0|  18|           1|          17|
    |select_ln340_8_fu_1728_p3      |  select  |      0|  0|  18|           1|          17|
    |select_ln340_fu_1174_p3        |  select  |      0|  0|  18|           1|          17|
    |select_ln388_1_fu_1532_p3      |  select  |      0|  0|  19|           1|          19|
    |select_ln388_2_fu_1032_p3      |  select  |      0|  0|  19|           1|          19|
    |select_ln388_3_fu_1734_p3      |  select  |      0|  0|  19|           1|          19|
    |select_ln388_4_fu_1816_p3      |  select  |      0|  0|  19|           1|          19|
    |select_ln388_5_fu_2115_p3      |  select  |      0|  0|  19|           1|          19|
    |select_ln388_6_fu_2149_p3      |  select  |      0|  0|  19|           1|          19|
    |select_ln388_7_fu_2681_p3      |  select  |      0|  0|  19|           1|          19|
    |select_ln388_8_fu_2760_p3      |  select  |      0|  0|  19|           1|          19|
    |select_ln388_9_fu_2846_p3      |  select  |      0|  0|  19|           1|          19|
    |select_ln388_fu_1180_p3        |  select  |      0|  0|  19|           1|          19|
    |select_ln727_1_fu_554_p3       |  select  |      0|  0|  17|           1|          17|
    |select_ln727_2_fu_570_p3       |  select  |      0|  0|   2|           1|           1|
    |select_ln727_fu_516_p3         |  select  |      0|  0|  10|           1|           1|
    |x0_V_fu_1539_p3                |  select  |      0|  0|  18|           1|          18|
    |x_V_fu_2121_p3                 |  select  |      0|  0|  18|           1|          18|
    |y0_V_fu_1824_p3                |  select  |      0|  0|  18|           1|          18|
    |y_V_fu_2155_p3                 |  select  |      0|  0|  18|           1|          18|
    |zsquare_V_fu_2853_p3           |  select  |      0|  0|  18|           1|          18|
    |carry_5_fu_1248_p2             |    xor   |      0|  0|   2|           1|           2|
    |carry_fu_1137_p2               |    xor   |      0|  0|   2|           1|           2|
    |xor_ln340_1_fu_1796_p2         |    xor   |      0|  0|   2|           1|           2|
    |xor_ln340_2_fu_2105_p2         |    xor   |      0|  0|   2|           1|           2|
    |xor_ln340_3_fu_2132_p2         |    xor   |      0|  0|   2|           1|           2|
    |xor_ln340_fu_1790_p2           |    xor   |      0|  0|   2|           1|           1|
    |xor_ln416_1_fu_1335_p2         |    xor   |      0|  0|   2|           1|           2|
    |xor_ln416_3_fu_901_p2          |    xor   |      0|  0|   2|           1|           2|
    |xor_ln416_4_fu_1591_p2         |    xor   |      0|  0|   2|           1|           2|
    |xor_ln416_5_fu_2253_p2         |    xor   |      0|  0|   2|           1|           2|
    |xor_ln416_6_fu_2432_p2         |    xor   |      0|  0|   2|           1|           2|
    |xor_ln416_7_fu_2549_p2         |    xor   |      0|  0|   2|           1|           2|
    |xor_ln416_fu_705_p2            |    xor   |      0|  0|   2|           1|           2|
    |xor_ln779_1_fu_474_p2          |    xor   |      0|  0|   2|           1|           2|
    |xor_ln779_2_fu_1401_p2         |    xor   |      0|  0|   2|           1|           2|
    |xor_ln779_3_fu_1641_p2         |    xor   |      0|  0|   2|           1|           2|
    |xor_ln779_4_fu_2295_p2         |    xor   |      0|  0|   2|           1|           2|
    |xor_ln779_5_fu_2474_p2         |    xor   |      0|  0|   2|           1|           2|
    |xor_ln779_6_fu_2591_p2         |    xor   |      0|  0|   2|           1|           2|
    |xor_ln779_fu_415_p2            |    xor   |      0|  0|   2|           1|           2|
    |xor_ln785_10_fu_2626_p2        |    xor   |      0|  0|   2|           1|           2|
    |xor_ln785_11_fu_2315_p2        |    xor   |      0|  0|   2|           1|           2|
    |xor_ln785_12_fu_2705_p2        |    xor   |      0|  0|   2|           1|           2|
    |xor_ln785_13_fu_2494_p2        |    xor   |      0|  0|   2|           1|           2|
    |xor_ln785_14_fu_2784_p2        |    xor   |      0|  0|   2|           1|           2|
    |xor_ln785_15_fu_2795_p2        |    xor   |      0|  0|   2|           1|           2|
    |xor_ln785_1_fu_480_p2          |    xor   |      0|  0|   2|           1|           2|
    |xor_ln785_2_fu_787_p2          |    xor   |      0|  0|   2|           1|           2|
    |xor_ln785_3_fu_1470_p2         |    xor   |      0|  0|   2|           1|           2|
    |xor_ln785_4_fu_1481_p2         |    xor   |      0|  0|   2|           1|           2|
    |xor_ln785_5_fu_967_p2          |    xor   |      0|  0|   2|           1|           2|
    |xor_ln785_6_fu_1667_p2         |    xor   |      0|  0|   2|           1|           2|
    |xor_ln785_7_fu_1679_p2         |    xor   |      0|  0|   2|           1|           2|
    |xor_ln785_8_fu_1943_p2         |    xor   |      0|  0|   2|           1|           2|
    |xor_ln785_9_fu_2069_p2         |    xor   |      0|  0|   2|           1|           2|
    |xor_ln785_fu_421_p2            |    xor   |      0|  0|   2|           1|           2|
    |xor_ln786_1_fu_1497_p2         |    xor   |      0|  0|   2|           1|           2|
    |xor_ln786_2_fu_996_p2          |    xor   |      0|  0|   2|           1|           2|
    |xor_ln786_3_fu_1702_p2         |    xor   |      0|  0|   2|           1|           2|
    |xor_ln786_4_fu_1778_p2         |    xor   |      0|  0|   2|           1|           2|
    |xor_ln786_5_fu_1955_p2         |    xor   |      0|  0|   2|           1|           2|
    |xor_ln786_6_fu_2081_p2         |    xor   |      0|  0|   2|           1|           2|
    |xor_ln786_7_fu_2647_p2         |    xor   |      0|  0|   2|           1|           2|
    |xor_ln786_8_fu_2726_p2         |    xor   |      0|  0|   2|           1|           2|
    |xor_ln786_9_fu_2811_p2         |    xor   |      0|  0|   2|           1|           2|
    |xor_ln786_fu_816_p2            |    xor   |      0|  0|   2|           1|           2|
    +-------------------------------+----------+-------+---+----+------------+------------+
    |Total                          |          |      0|  0|2116|         937|        1397|
    +-------------------------------+----------+-------+---+----+------------+------------+

    * Multiplexer: 
    +-----------------------------+----+-----------+-----+-----------+
    |             Name            | LUT| Input Size| Bits| Total Bits|
    +-----------------------------+----+-----------+-----+-----------+
    |ap_NS_fsm                    |  59|         14|    1|         14|
    |ap_done                      |   9|          2|    1|          2|
    |grp_fu_344_p1                |  15|          3|   35|        105|
    |im_V_blk_n                   |   9|          2|    1|          2|
    |img_0_data_stream_V_1_blk_n  |   9|          2|    1|          2|
    |img_0_data_stream_V_2_blk_n  |   9|          2|    1|          2|
    |img_0_data_stream_V_s_blk_n  |   9|          2|    1|          2|
    |indvar_flatten_i_reg_264     |   9|          2|   19|         38|
    |p_Val2_12_reg_275            |   9|          2|   10|         20|
    |p_Val2_26_reg_297            |   9|          2|   18|         36|
    |p_Val2_27_reg_308            |   9|          2|   18|         36|
    |p_Val2_32_reg_319            |   9|          2|   18|         36|
    |p_Val2_s_reg_286             |   9|          2|   10|         20|
    |re_V_blk_n                   |   9|          2|    1|          2|
    |real_start                   |   9|          2|    1|          2|
    |tmp_33_reg_330               |   9|          2|    8|         16|
    |zoom_factor_V_blk_n          |   9|          2|    1|          2|
    +-----------------------------+----+-----------+-----+-----------+
    |Total                        | 209|         47|  145|        337|
    +-----------------------------+----+-----------+-----+-----------+

    * Register: 
    +-----------------------------+----+----+-----+-----------+
    |             Name            | FF | LUT| Bits| Const Bits|
    +-----------------------------+----+----+-----+-----------+
    |Range1_all_ones_1_reg_3125   |   1|   0|    1|          0|
    |Range1_all_ones_5_reg_3334   |   1|   0|    1|          0|
    |Range1_all_ones_6_reg_3434   |   1|   0|    1|          0|
    |Range1_all_ones_7_reg_3474   |   1|   0|    1|          0|
    |Range1_all_zeros_1_reg_3131  |   1|   0|    1|          0|
    |Range1_all_zeros_4_reg_3340  |   1|   0|    1|          0|
    |Range1_all_zeros_5_reg_3440  |   1|   0|    1|          0|
    |Range1_all_zeros_6_reg_3480  |   1|   0|    1|          0|
    |add_ln26_reg_3005            |  19|   0|   19|          0|
    |and_ln781_3_reg_3184         |   1|   0|    1|          0|
    |and_ln781_reg_3037           |   1|   0|    1|          0|
    |and_ln786_11_reg_3351        |   1|   0|    1|          0|
    |and_ln786_13_reg_3451        |   1|   0|    1|          0|
    |and_ln786_15_reg_3485        |   1|   0|    1|          0|
    |and_ln786_2_reg_3136         |   1|   0|    1|          0|
    |and_ln786_6_reg_3194         |   1|   0|    1|          0|
    |and_ln786_reg_3042           |   1|   0|    1|          0|
    |ap_CS_fsm                    |  13|   0|   13|          0|
    |ap_done_reg                  |   1|   0|    1|          0|
    |carry_11_reg_3323            |   1|   0|    1|          0|
    |carry_13_reg_3423            |   1|   0|    1|          0|
    |carry_15_reg_3463            |   1|   0|    1|          0|
    |carry_4_reg_3114             |   1|   0|    1|          0|
    |icmp_ln1497_reg_3233         |   1|   0|    1|          0|
    |icmp_ln43_reg_3224           |   1|   0|    1|          0|
    |imag_btm_V_reg_3062          |  18|   0|   18|          0|
    |imag_top_V_reg_3097          |  18|   0|   18|          0|
    |indvar_flatten_i_reg_264     |  19|   0|   19|          0|
    |iter_reg_3228                |   8|   0|    8|          0|
    |or_ln340_9_reg_3204          |   1|   0|    1|          0|
    |or_ln340_reg_3052            |   1|   0|    1|          0|
    |overflow_6_reg_3242          |   1|   0|    1|          0|
    |overflow_7_reg_3264          |   1|   0|    1|          0|
    |p_Result_106_i_i_i_reg_3161  |   2|   0|    2|          0|
    |p_Result_107_i_i_i_reg_3166  |   3|   0|    3|          0|
    |p_Result_10_reg_2975         |   1|   0|    1|          0|
    |p_Result_119_i_i_i_reg_3301  |   2|   0|    2|          0|
    |p_Result_11_reg_2981         |   1|   0|    1|          0|
    |p_Result_120_i_i_i_reg_3306  |   3|   0|    3|          0|
    |p_Result_124_i_i_i_reg_3376  |   2|   0|    2|          0|
    |p_Result_125_i_i_i_reg_3381  |   3|   0|    3|          0|
    |p_Result_129_i_i_i_reg_3406  |   4|   0|    4|          0|
    |p_Result_130_i_i_i_reg_3411  |   5|   0|    5|          0|
    |p_Result_13_reg_3149         |   1|   0|    1|          0|
    |p_Result_22_reg_3289         |   1|   0|    1|          0|
    |p_Result_24_reg_3329         |   1|   0|    1|          0|
    |p_Result_25_reg_3364         |   1|   0|    1|          0|
    |p_Result_27_reg_3429         |   1|   0|    1|          0|
    |p_Result_28_reg_3394         |   1|   0|    1|          0|
    |p_Result_2_reg_2933          |   1|   0|    1|          0|
    |p_Result_30_reg_3469         |   1|   0|    1|          0|
    |p_Result_3_reg_2944          |   1|   0|    1|          0|
    |p_Result_5_reg_3102          |   1|   0|    1|          0|
    |p_Result_7_reg_3120          |   1|   0|    1|          0|
    |p_Val2_11_reg_3108           |  18|   0|   18|          0|
    |p_Val2_12_reg_275            |  10|   0|   10|          0|
    |p_Val2_13_reg_3057           |  17|   0|   17|          0|
    |p_Val2_1_reg_3020            |  17|   0|   17|          0|
    |p_Val2_21_reg_3178           |  18|   0|   18|          0|
    |p_Val2_23_reg_2921           |  18|   0|   18|          0|
    |p_Val2_26_reg_297            |  18|   0|   18|          0|
    |p_Val2_27_reg_308            |  18|   0|   18|          0|
    |p_Val2_31_reg_3237           |  18|   0|   18|          0|
    |p_Val2_32_reg_319            |  18|   0|   18|          0|
    |p_Val2_37_reg_3258           |  18|   0|   18|          0|
    |p_Val2_40_reg_3317           |  18|   0|   18|          0|
    |p_Val2_43_reg_3417           |  18|   0|   18|          0|
    |p_Val2_48_reg_3457           |  18|   0|   18|          0|
    |p_Val2_5_reg_2939            |  18|   0|   18|          0|
    |p_Val2_6_reg_3031            |  18|   0|   18|          0|
    |p_Val2_s_reg_286             |  10|   0|   10|          0|
    |r_V_10_reg_2965              |  19|   0|   35|         16|
    |r_V_11_reg_3142              |  36|   0|   36|          0|
    |r_V_12_reg_3282              |  36|   0|   36|          0|
    |r_V_13_reg_3357              |  36|   0|   36|          0|
    |r_V_14_reg_3387              |  38|   0|   38|          0|
    |r_V_7_reg_2926               |  21|   0|   36|         15|
    |r_V_8_reg_3087               |  36|   0|   36|          0|
    |real_btm_V_reg_3072          |  18|   0|   18|          0|
    |real_top_V_reg_3067          |  18|   0|   18|          0|
    |ret_V_6_reg_3312             |  19|   0|   19|          0|
    |rhs_V_2_reg_3219             |  20|   0|   20|          0|
    |select_ln26_reg_3015         |  10|   0|   10|          0|
    |select_ln340_12_reg_3253     |  18|   0|   18|          0|
    |select_ln727_reg_3010        |  10|   0|   10|          0|
    |sext_ln43_reg_3214           |  20|   0|   20|          0|
    |sext_ln703_reg_2997          |  19|   0|   19|          0|
    |sext_ln728_reg_2960          |  21|   0|   36|         15|
    |start_once_reg               |   1|   0|    1|          0|
    |tmp_11_reg_3026              |   1|   0|    1|          0|
    |tmp_20_i_reg_3077            |   9|   0|    9|          0|
    |tmp_33_reg_330               |   8|   0|    8|          0|
    |trunc_ln414_1_reg_3082       |  15|   0|   15|          0|
    |trunc_ln414_2_reg_3156       |  15|   0|   15|          0|
    |trunc_ln414_3_reg_3296       |  15|   0|   15|          0|
    |trunc_ln414_4_reg_3371       |  15|   0|   15|          0|
    |trunc_ln414_5_reg_3401       |  15|   0|   15|          0|
    |trunc_ln414_reg_3092         |  15|   0|   15|          0|
    |underflow_3_reg_3199         |   1|   0|    1|          0|
    |underflow_5_reg_3247         |   1|   0|    1|          0|
    |underflow_6_reg_3270         |   1|   0|    1|          0|
    |underflow_reg_3047           |   1|   0|    1|          0|
    |x0_V_reg_3172                |  18|   0|   18|          0|
    |xor_ln779_1_reg_2986         |   1|   0|    1|          0|
    |xor_ln779_reg_2949           |   1|   0|    1|          0|
    |xor_ln785_11_reg_3345        |   1|   0|    1|          0|
    |xor_ln785_13_reg_3445        |   1|   0|    1|          0|
    |xor_ln785_1_reg_2991         |   1|   0|    1|          0|
    |xor_ln785_7_reg_3189         |   1|   0|    1|          0|
    |xor_ln785_reg_2954           |   1|   0|    1|          0|
    |y0_V_reg_3209                |  18|   0|   18|          0|
    |y_V_reg_3277                 |  18|   0|   18|          0|
    +-----------------------------+----+----+-----+-----------+
    |Total                        |1016|   0| 1062|         46|
    +-----------------------------+----+----+-----+-----------+



================================================================
== Interface
================================================================
* Summary: 
+------------------------------+-----+-----+------------+-----------------------+--------------+
|           RTL Ports          | Dir | Bits|  Protocol  |     Source Object     |    C Type    |
+------------------------------+-----+-----+------------+-----------------------+--------------+
|ap_clk                        |  in |    1| ap_ctrl_hs |    Loop_out_proc28    | return value |
|ap_rst                        |  in |    1| ap_ctrl_hs |    Loop_out_proc28    | return value |
|ap_start                      |  in |    1| ap_ctrl_hs |    Loop_out_proc28    | return value |
|start_full_n                  |  in |    1| ap_ctrl_hs |    Loop_out_proc28    | return value |
|ap_done                       | out |    1| ap_ctrl_hs |    Loop_out_proc28    | return value |
|ap_continue                   |  in |    1| ap_ctrl_hs |    Loop_out_proc28    | return value |
|ap_idle                       | out |    1| ap_ctrl_hs |    Loop_out_proc28    | return value |
|ap_ready                      | out |    1| ap_ctrl_hs |    Loop_out_proc28    | return value |
|start_out                     | out |    1| ap_ctrl_hs |    Loop_out_proc28    | return value |
|start_write                   | out |    1| ap_ctrl_hs |    Loop_out_proc28    | return value |
|im_V_dout                     |  in |   18|   ap_fifo  |          im_V         |    pointer   |
|im_V_empty_n                  |  in |    1|   ap_fifo  |          im_V         |    pointer   |
|im_V_read                     | out |    1|   ap_fifo  |          im_V         |    pointer   |
|re_V_dout                     |  in |   18|   ap_fifo  |          re_V         |    pointer   |
|re_V_empty_n                  |  in |    1|   ap_fifo  |          re_V         |    pointer   |
|re_V_read                     | out |    1|   ap_fifo  |          re_V         |    pointer   |
|zoom_factor_V_dout            |  in |   18|   ap_fifo  |     zoom_factor_V     |    pointer   |
|zoom_factor_V_empty_n         |  in |    1|   ap_fifo  |     zoom_factor_V     |    pointer   |
|zoom_factor_V_read            | out |    1|   ap_fifo  |     zoom_factor_V     |    pointer   |
|img_0_data_stream_V_s_din     | out |    8|   ap_fifo  | img_0_data_stream_V_s |    pointer   |
|img_0_data_stream_V_s_full_n  |  in |    1|   ap_fifo  | img_0_data_stream_V_s |    pointer   |
|img_0_data_stream_V_s_write   | out |    1|   ap_fifo  | img_0_data_stream_V_s |    pointer   |
|img_0_data_stream_V_1_din     | out |    8|   ap_fifo  | img_0_data_stream_V_1 |    pointer   |
|img_0_data_stream_V_1_full_n  |  in |    1|   ap_fifo  | img_0_data_stream_V_1 |    pointer   |
|img_0_data_stream_V_1_write   | out |    1|   ap_fifo  | img_0_data_stream_V_1 |    pointer   |
|img_0_data_stream_V_2_din     | out |    8|   ap_fifo  | img_0_data_stream_V_2 |    pointer   |
|img_0_data_stream_V_2_full_n  |  in |    1|   ap_fifo  | img_0_data_stream_V_2 |    pointer   |
|img_0_data_stream_V_2_write   | out |    1|   ap_fifo  | img_0_data_stream_V_2 |    pointer   |
+------------------------------+-----+-----+------------+-----------------------+--------------+

