

================================================================
== Vivado HLS Report for 'video_mandelbrot_gen_1'
================================================================
* Date:           Sun Feb 16 09:36:27 2020

* Version:        2019.1 (Build 2552052 on Fri May 24 15:28:33 MDT 2019)
* Project:        Video_Mandelbrot_Generator
* Solution:       solution5_partial_pipeline
* Product family: artix7
* Target device:  xc7a35t-cpg236-1


================================================================
== Performance Estimates
================================================================
+ Timing (ns): 
    * Summary: 
    +--------+-------+----------+------------+
    |  Clock | Target| Estimated| Uncertainty|
    +--------+-------+----------+------------+
    |ap_clk  |  10.00|     3.908|        1.25|
    +--------+-------+----------+------------+

+ Latency (clock cycles): 
    * Summary: 
    +-----+-----+-----+-----+---------+
    |  Latency  |  Interval | Pipeline|
    | min | max | min | max |   Type  |
    +-----+-----+-----+-----+---------+
    |    0|    0|    0|    0|   none  |
    +-----+-----+-----+-----+---------+

    + Detail: 
        * Instance: 
        N/A

        * Loop: 
        N/A

============================================================
+ Verbose Summary: Synthesis Manager
============================================================
InlineROM: 1
ExposeGlobal: 0
============================================================
+ Verbose Summary: CDFG Model
============================================================
IsTopModel: 0
ResetActiveHigh: 1
IsCombinational: 2
IsDatapathOnly: 0
HasWiredReturn: 1
HasMFsm: 0
HasVarLatency: 0
IsPipeline: 0
IsRtlPipelined: 0
IsInstanceOverlapped: 0
IsDontTouch: 0
HasImplIP: 0
IsGatedGlobalClock: 0


============================================================
+ Verbose Summary: Schedule
============================================================
* Number of FSM states : 1
* Pipeline : 0
* Dataflow Pipeline: 0

* FSM state transitions: 
1 --> 

* FSM state operations: 

State 1 <SV = 0> <Delay = 3.90>
ST_1 : Operation 2 [1/1] (0.00ns)   --->   "call void (...)* @_ssdm_op_SpecInterface(i18* %re_V_out, [8 x i8]* @ap_fifo_str, i32 0, i32 0, [1 x i8]* @p_str, i32 0, i32 0, [1 x i8]* @p_str, [1 x i8]* @p_str, [1 x i8]* @p_str, i32 2, i32 2, i32 16, i32 16, [1 x i8]* @p_str, [11 x i8]* @ScalarProp_str)"   --->   Operation 2 'specinterface' <Predicate = true> <Delay = 0.00>
ST_1 : Operation 3 [1/1] (0.00ns)   --->   "%zoom_factor_V_read = call i18 @_ssdm_op_Read.ap_auto.i18(i18 %zoom_factor_V)" [src/cpp/video_mandelbrot_generator.cpp:7]   --->   Operation 3 'read' 'zoom_factor_V_read' <Predicate = true> <Delay = 0.00>
ST_1 : Operation 4 [1/1] (0.00ns)   --->   "%im_V_read = call i18 @_ssdm_op_Read.ap_auto.i18(i18 %im_V)" [src/cpp/video_mandelbrot_generator.cpp:7]   --->   Operation 4 'read' 'im_V_read' <Predicate = true> <Delay = 0.00>
ST_1 : Operation 5 [1/1] (0.00ns)   --->   "%re_V_read = call i18 @_ssdm_op_Read.ap_auto.i18(i18 %re_V)" [src/cpp/video_mandelbrot_generator.cpp:7]   --->   Operation 5 'read' 're_V_read' <Predicate = true> <Delay = 0.00>
ST_1 : Operation 6 [1/1] (3.90ns)   --->   "call void @_ssdm_op_Write.ap_fifo.i18P(i18* %re_V_out, i18 %re_V_read)" [src/cpp/video_mandelbrot_generator.cpp:7]   --->   Operation 6 'write' <Predicate = true> <Delay = 3.90> <Core = "FIFO">   --->   Core 32 'FIFO' <Latency = 0> <II = 1> <Delay = 3.90> <Storage> <Opcode : 'read' 'write' 'nbread' 'nbwrite'> <Ports = 0> <Width = 18> <Depth = 2> <FIFO>
ST_1 : Operation 7 [1/1] (0.00ns)   --->   "call void (...)* @_ssdm_op_SpecInterface(i18* %im_V_out, [8 x i8]* @ap_fifo_str, i32 0, i32 0, [1 x i8]* @p_str, i32 0, i32 0, [1 x i8]* @p_str, [1 x i8]* @p_str, [1 x i8]* @p_str, i32 2, i32 2, i32 16, i32 16, [1 x i8]* @p_str, [11 x i8]* @ScalarProp_str)"   --->   Operation 7 'specinterface' <Predicate = true> <Delay = 0.00>
ST_1 : Operation 8 [1/1] (3.90ns)   --->   "call void @_ssdm_op_Write.ap_fifo.i18P(i18* %im_V_out, i18 %im_V_read)" [src/cpp/video_mandelbrot_generator.cpp:7]   --->   Operation 8 'write' <Predicate = true> <Delay = 3.90> <Core = "FIFO">   --->   Core 32 'FIFO' <Latency = 0> <II = 1> <Delay = 3.90> <Storage> <Opcode : 'read' 'write' 'nbread' 'nbwrite'> <Ports = 0> <Width = 18> <Depth = 2> <FIFO>
ST_1 : Operation 9 [1/1] (0.00ns)   --->   "call void (...)* @_ssdm_op_SpecInterface(i18* %zoom_factor_V_out, [8 x i8]* @ap_fifo_str, i32 0, i32 0, [1 x i8]* @p_str, i32 0, i32 0, [1 x i8]* @p_str, [1 x i8]* @p_str, [1 x i8]* @p_str, i32 2, i32 2, i32 16, i32 16, [1 x i8]* @p_str, [11 x i8]* @ScalarProp_str)"   --->   Operation 9 'specinterface' <Predicate = true> <Delay = 0.00>
ST_1 : Operation 10 [1/1] (3.90ns)   --->   "call void @_ssdm_op_Write.ap_fifo.i18P(i18* %zoom_factor_V_out, i18 %zoom_factor_V_read)" [src/cpp/video_mandelbrot_generator.cpp:7]   --->   Operation 10 'write' <Predicate = true> <Delay = 3.90> <Core = "FIFO">   --->   Core 32 'FIFO' <Latency = 0> <II = 1> <Delay = 3.90> <Storage> <Opcode : 'read' 'write' 'nbread' 'nbwrite'> <Ports = 0> <Width = 18> <Depth = 2> <FIFO>
ST_1 : Operation 11 [1/1] (0.00ns)   --->   "ret void" [src/cpp/video_mandelbrot_generator.cpp:7]   --->   Operation 11 'ret' <Predicate = true> <Delay = 0.00>


============================================================
+ Verbose Summary: Binding
============================================================
STG Binding: 
---------------- STG Properties BEGIN ----------------
- Is combinational: 0
- Is one-state seq: 1
- Is datapath-only: 0
- Is pipelined: 0
- Is top level: 0
Port [ Return ] is wired: 1; IO mode=ap_ctrl_hs:ce=0
Port [ re_V]:  wired=1; compound=0; hidden=0; nouse=0; global=0; static=0; extern=0; dir=0; type=0; pingpong=0; private_global=0; IO mode=ap_none:ce=0
Port [ im_V]:  wired=1; compound=0; hidden=0; nouse=0; global=0; static=0; extern=0; dir=0; type=0; pingpong=0; private_global=0; IO mode=ap_none:ce=0
Port [ zoom_factor_V]:  wired=1; compound=0; hidden=0; nouse=0; global=0; static=0; extern=0; dir=0; type=0; pingpong=0; private_global=0; IO mode=ap_none:ce=0
Port [ re_V_out]:  wired=1; compound=1; hidden=0; nouse=0; global=0; static=0; extern=0; dir=1; type=3; pingpong=0; private_global=0; IO mode=ap_fifo:ce=0
Port [ im_V_out]:  wired=1; compound=1; hidden=0; nouse=0; global=0; static=0; extern=0; dir=1; type=3; pingpong=0; private_global=0; IO mode=ap_fifo:ce=0
Port [ zoom_factor_V_out]:  wired=1; compound=1; hidden=0; nouse=0; global=0; static=0; extern=0; dir=1; type=3; pingpong=0; private_global=0; IO mode=ap_fifo:ce=0
---------------- STG Properties END ------------------

---------------- Datapath Model BEGIN ----------------

<LifeTime>
<method=bitvector/>
specinterface_ln0  (specinterface) [ 00]
zoom_factor_V_read (read         ) [ 00]
im_V_read          (read         ) [ 00]
re_V_read          (read         ) [ 00]
write_ln7          (write        ) [ 00]
specinterface_ln0  (specinterface) [ 00]
write_ln7          (write        ) [ 00]
specinterface_ln0  (specinterface) [ 00]
write_ln7          (write        ) [ 00]
ret_ln7            (ret          ) [ 00]
</LifeTime>

<model>

<comp_list>
<comp id="0" class="1000" name="re_V">
<pin_list>
<pin id="1" dir="1" index="0" bw="1" slack="0"/>
</pin_list>
<bind>
<StgValue><ssdm name="re_V"/></StgValue>
</bind>
</comp>

<comp id="2" class="1000" name="im_V">
<pin_list>
<pin id="3" dir="1" index="0" bw="1" slack="0"/>
</pin_list>
<bind>
<StgValue><ssdm name="im_V"/></StgValue>
</bind>
</comp>

<comp id="4" class="1000" name="zoom_factor_V">
<pin_list>
<pin id="5" dir="1" index="0" bw="1" slack="0"/>
</pin_list>
<bind>
<StgValue><ssdm name="zoom_factor_V"/></StgValue>
</bind>
</comp>

<comp id="6" class="1000" name="re_V_out">
<pin_list>
<pin id="7" dir="1" index="0" bw="1" slack="0"/>
</pin_list>
<bind>
<StgValue><ssdm name="re_V_out"/></StgValue>
</bind>
</comp>

<comp id="8" class="1000" name="im_V_out">
<pin_list>
<pin id="9" dir="1" index="0" bw="1" slack="0"/>
</pin_list>
<bind>
<StgValue><ssdm name="im_V_out"/></StgValue>
</bind>
</comp>

<comp id="10" class="1000" name="zoom_factor_V_out">
<pin_list>
<pin id="11" dir="1" index="0" bw="1" slack="0"/>
</pin_list>
<bind>
<StgValue><ssdm name="zoom_factor_V_out"/></StgValue>
</bind>
</comp>

<comp id="12" class="1001" name="const_12">
<pin_list>
<pin id="13" dir="1" index="0" bw="1" slack="2147483647"/>
</pin_list>
<bind>
<StgValue><ssdm name="_ssdm_op_SpecInterface"/></StgValue>
</bind>
</comp>

<comp id="14" class="1001" name="const_14">
<pin_list>
<pin id="15" dir="1" index="0" bw="1" slack="2147483647"/>
</pin_list>
<bind>
<StgValue><ssdm name="ap_fifo_str"/></StgValue>
</bind>
</comp>

<comp id="16" class="1001" name="const_16">
<pin_list>
<pin id="17" dir="1" index="0" bw="1" slack="2147483647"/>
</pin_list>
<bind>
<StgValue><ssdm name=""/></StgValue>
</bind>
</comp>

<comp id="18" class="1001" name="const_18">
<pin_list>
<pin id="19" dir="1" index="0" bw="1" slack="2147483647"/>
</pin_list>
<bind>
<StgValue><ssdm name="p_str"/></StgValue>
</bind>
</comp>

<comp id="20" class="1001" name="const_20">
<pin_list>
<pin id="21" dir="1" index="0" bw="1" slack="2147483647"/>
</pin_list>
<bind>
<StgValue><ssdm name=""/></StgValue>
</bind>
</comp>

<comp id="22" class="1001" name="const_22">
<pin_list>
<pin id="23" dir="1" index="0" bw="1" slack="2147483647"/>
</pin_list>
<bind>
<StgValue><ssdm name=""/></StgValue>
</bind>
</comp>

<comp id="24" class="1001" name="const_24">
<pin_list>
<pin id="25" dir="1" index="0" bw="1" slack="2147483647"/>
</pin_list>
<bind>
<StgValue><ssdm name="ScalarProp_str"/></StgValue>
</bind>
</comp>

<comp id="26" class="1001" name="const_26">
<pin_list>
<pin id="27" dir="1" index="0" bw="1" slack="0"/>
</pin_list>
<bind>
<StgValue><ssdm name="_ssdm_op_Read.ap_auto.i18"/></StgValue>
</bind>
</comp>

<comp id="28" class="1001" name="const_28">
<pin_list>
<pin id="29" dir="1" index="0" bw="1" slack="0"/>
</pin_list>
<bind>
<StgValue><ssdm name="_ssdm_op_Write.ap_fifo.i18P"/></StgValue>
</bind>
</comp>

<comp id="30" class="1004" name="zoom_factor_V_read_read_fu_30">
<pin_list>
<pin id="31" dir="0" index="0" bw="18" slack="0"/>
<pin id="32" dir="0" index="1" bw="18" slack="0"/>
<pin id="33" dir="1" index="2" bw="18" slack="0"/>
</pin_list>
<bind>
<opcode="read(1150) " fcode="read"/>
<opset="zoom_factor_V_read/1 "/>
</bind>
</comp>

<comp id="36" class="1004" name="im_V_read_read_fu_36">
<pin_list>
<pin id="37" dir="0" index="0" bw="18" slack="0"/>
<pin id="38" dir="0" index="1" bw="18" slack="0"/>
<pin id="39" dir="1" index="2" bw="18" slack="0"/>
</pin_list>
<bind>
<opcode="read(1150) " fcode="read"/>
<opset="im_V_read/1 "/>
</bind>
</comp>

<comp id="42" class="1004" name="re_V_read_read_fu_42">
<pin_list>
<pin id="43" dir="0" index="0" bw="18" slack="0"/>
<pin id="44" dir="0" index="1" bw="18" slack="0"/>
<pin id="45" dir="1" index="2" bw="18" slack="0"/>
</pin_list>
<bind>
<opcode="read(1150) " fcode="read"/>
<opset="re_V_read/1 "/>
</bind>
</comp>

<comp id="48" class="1004" name="write_ln7_write_fu_48">
<pin_list>
<pin id="49" dir="0" index="0" bw="0" slack="0"/>
<pin id="50" dir="0" index="1" bw="18" slack="0"/>
<pin id="51" dir="0" index="2" bw="18" slack="0"/>
<pin id="52" dir="1" index="3" bw="0" slack="2147483647"/>
</pin_list>
<bind>
<opcode="write(1151) " fcode="write"/>
<opset="write_ln7/1 "/>
</bind>
</comp>

<comp id="56" class="1004" name="write_ln7_write_fu_56">
<pin_list>
<pin id="57" dir="0" index="0" bw="0" slack="0"/>
<pin id="58" dir="0" index="1" bw="18" slack="0"/>
<pin id="59" dir="0" index="2" bw="18" slack="0"/>
<pin id="60" dir="1" index="3" bw="0" slack="2147483647"/>
</pin_list>
<bind>
<opcode="write(1151) " fcode="write"/>
<opset="write_ln7/1 "/>
</bind>
</comp>

<comp id="64" class="1004" name="write_ln7_write_fu_64">
<pin_list>
<pin id="65" dir="0" index="0" bw="0" slack="0"/>
<pin id="66" dir="0" index="1" bw="18" slack="0"/>
<pin id="67" dir="0" index="2" bw="18" slack="0"/>
<pin id="68" dir="1" index="3" bw="0" slack="2147483647"/>
</pin_list>
<bind>
<opcode="write(1151) " fcode="write"/>
<opset="write_ln7/1 "/>
</bind>
</comp>

</comp_list>

<net_list>
<net id="34"><net_src comp="26" pin="0"/><net_sink comp="30" pin=0"/></net>

<net id="35"><net_src comp="4" pin="0"/><net_sink comp="30" pin=1"/></net>

<net id="40"><net_src comp="26" pin="0"/><net_sink comp="36" pin=0"/></net>

<net id="41"><net_src comp="2" pin="0"/><net_sink comp="36" pin=1"/></net>

<net id="46"><net_src comp="26" pin="0"/><net_sink comp="42" pin=0"/></net>

<net id="47"><net_src comp="0" pin="0"/><net_sink comp="42" pin=1"/></net>

<net id="53"><net_src comp="28" pin="0"/><net_sink comp="48" pin=0"/></net>

<net id="54"><net_src comp="6" pin="0"/><net_sink comp="48" pin=1"/></net>

<net id="55"><net_src comp="42" pin="2"/><net_sink comp="48" pin=2"/></net>

<net id="61"><net_src comp="28" pin="0"/><net_sink comp="56" pin=0"/></net>

<net id="62"><net_src comp="8" pin="0"/><net_sink comp="56" pin=1"/></net>

<net id="63"><net_src comp="36" pin="2"/><net_sink comp="56" pin=2"/></net>

<net id="69"><net_src comp="28" pin="0"/><net_sink comp="64" pin=0"/></net>

<net id="70"><net_src comp="10" pin="0"/><net_sink comp="64" pin=1"/></net>

<net id="71"><net_src comp="30" pin="2"/><net_sink comp="64" pin=2"/></net>

</net_list>

</model> 
---------------- Datapath Model END ------------------

* FSMD analyzer results:
  - Output states:
	Port: re_V_out | {1 }
	Port: im_V_out | {1 }
	Port: zoom_factor_V_out | {1 }
 - Input state : 
	Port: video_mandelbrot_gen.1 : re_V | {1 }
	Port: video_mandelbrot_gen.1 : im_V | {1 }
	Port: video_mandelbrot_gen.1 : zoom_factor_V | {1 }
  - Chain level:
	State 1


============================================================
+ Verbose Summary: Datapath Resource usage 
============================================================

* Functional unit list:
|----------|-------------------------------|
| Operation|        Functional Unit        |
|----------|-------------------------------|
|          | zoom_factor_V_read_read_fu_30 |
|   read   |      im_V_read_read_fu_36     |
|          |      re_V_read_read_fu_42     |
|----------|-------------------------------|
|          |     write_ln7_write_fu_48     |
|   write  |     write_ln7_write_fu_56     |
|          |     write_ln7_write_fu_64     |
|----------|-------------------------------|
|   Total  |                               |
|----------|-------------------------------|

Memories:
N/A

* Register list:
N/A

* Multiplexer (MUX) list: 
|--------|------|------|------|--------|
|  Comp  |  Pin | Size |  BW  | S x BW |
|--------|------|------|------|--------|
|  Total |      |      |      |    0   |
|--------|------|------|------|--------|



* Summary:
+-----------+
|           |
+-----------+
|  Function |
|   Memory  |
|Multiplexer|
|  Register |
+-----------+
|   Total   |
+-----------+
