

================================================================
== Vivado HLS Report for 'mandelbrot'
================================================================
* Date:           Sun Feb 25 21:58:45 2018

* Version:        2017.4 (Build 2086221 on Fri Dec 15 21:13:33 MST 2017)
* Project:        mandelbrot
* Solution:       solution2
* Product family: artix7
* Target device:  xc7a200tfbg676-2


================================================================
== Performance Estimates
================================================================
+ Timing (ns): 
    * Summary: 
    +--------+-------+----------+------------+
    |  Clock | Target| Estimated| Uncertainty|
    +--------+-------+----------+------------+
    |ap_clk  |  10.00|     83.14|        1.25|
    +--------+-------+----------+------------+

+ Latency (clock cycles): 
    * Summary: 
    +-----+-----+-----+-----+---------+
    |  Latency  |  Interval | Pipeline|
    | min | max | min | max |   Type  |
    +-----+-----+-----+-----+---------+
    |  265|  267|  265|  267|   none  |
    +-----+-----+-----+-----+---------+

    + Detail: 
        * Instance: 
        N/A

        * Loop: 
        +----------+-----+-----+----------+-----------+-----------+------+----------+
        |          |  Latency  | Iteration|  Initiation Interval  | Trip |          |
        | Loop Name| min | max |  Latency |  achieved |   target  | Count| Pipelined|
        +----------+-----+-----+----------+-----------+-----------+------+----------+
        |- myloop  |  261|  261|        16|         13|         13|    19|    yes   |
        +----------+-----+-----+----------+-----------+-----------+------+----------+



================================================================
== Utilization Estimates
================================================================
* Summary: 
+-----------------+---------+-------+--------+--------+
|       Name      | BRAM_18K| DSP48E|   FF   |   LUT  |
+-----------------+---------+-------+--------+--------+
|DSP              |        -|      -|       -|       -|
|Expression       |        -|    130|       0|    6994|
|FIFO             |        -|      -|       -|       -|
|Instance         |        -|      0|     100|      54|
|Memory           |        -|      -|       -|       -|
|Multiplexer      |        -|      -|       -|     247|
|Register         |        -|      -|    2010|       -|
+-----------------+---------+-------+--------+--------+
|Total            |        0|    130|    2110|    7295|
+-----------------+---------+-------+--------+--------+
|Available        |      730|    740|  269200|  129000|
+-----------------+---------+-------+--------+--------+
|Utilization (%)  |        0|     17|   ~0   |       5|
+-----------------+---------+-------+--------+--------+

+ Detail: 
    * Instance: 
    +-------------------------+----------------------+---------+-------+-----+----+
    |         Instance        |        Module        | BRAM_18K| DSP48E|  FF | LUT|
    +-------------------------+----------------------+---------+-------+-----+----+
    |mandelbrot_fpext_bkb_U1  |mandelbrot_fpext_bkb  |        0|      0|  100|  54|
    +-------------------------+----------------------+---------+-------+-----+----+
    |Total                    |                      |        0|      0|  100|  54|
    +-------------------------+----------------------+---------+-------+-----+----+

    * DSP48: 
    N/A

    * Memory: 
    N/A

    * FIFO: 
    N/A

    * Expression: 
    +---------------------------+----------+-------+---+-----+------------+------------+
    |       Variable Name       | Operation| DSP48E| FF| LUT | Bitwidth P0| Bitwidth P1|
    +---------------------------+----------+-------+---+-----+------------+------------+
    |p_Val2_11_fu_835_p2        |     *    |      4|  0|   22|          32|          33|
    |p_Val2_26_10_fu_2598_p2    |     *    |      3|  0|   21|          32|          32|
    |p_Val2_26_11_fu_2765_p2    |     *    |      3|  0|   21|          32|          32|
    |p_Val2_26_1_fu_927_p2      |     *    |      3|  0|   21|          32|          32|
    |p_Val2_26_2_fu_1084_p2     |     *    |      3|  0|   21|          32|          32|
    |p_Val2_26_3_fu_1241_p2     |     *    |      3|  0|   21|          32|          32|
    |p_Val2_26_4_fu_1398_p2     |     *    |      3|  0|   21|          32|          32|
    |p_Val2_26_5_fu_1555_p2     |     *    |      3|  0|   21|          32|          32|
    |p_Val2_26_6_fu_1712_p2     |     *    |      3|  0|   21|          32|          32|
    |p_Val2_26_7_fu_1892_p2     |     *    |      3|  0|   21|          32|          32|
    |p_Val2_26_8_fu_2063_p2     |     *    |      3|  0|   21|          32|          32|
    |p_Val2_26_9_fu_2264_p2     |     *    |      3|  0|   21|          32|          32|
    |p_Val2_26_s_fu_2431_p2     |     *    |      3|  0|   21|          32|          32|
    |p_Val2_29_10_fu_2636_p2    |     *    |      3|  0|   21|          32|          32|
    |p_Val2_29_11_fu_2803_p2    |     *    |      3|  0|   21|          32|          32|
    |p_Val2_29_1_fu_954_p2      |     *    |      3|  0|   21|          32|          32|
    |p_Val2_29_2_fu_1111_p2     |     *    |      3|  0|   21|          32|          32|
    |p_Val2_29_3_fu_1268_p2     |     *    |      3|  0|   21|          32|          32|
    |p_Val2_29_4_fu_1425_p2     |     *    |      3|  0|   21|          32|          32|
    |p_Val2_29_5_fu_1582_p2     |     *    |      3|  0|   21|          32|          32|
    |p_Val2_29_6_fu_1739_p2     |     *    |      3|  0|   21|          32|          32|
    |p_Val2_29_7_fu_1930_p2     |     *    |      3|  0|   21|          32|          32|
    |p_Val2_29_8_fu_2101_p2     |     *    |      3|  0|   21|          32|          32|
    |p_Val2_29_9_fu_2302_p2     |     *    |      3|  0|   21|          32|          32|
    |p_Val2_29_s_fu_2469_p2     |     *    |      3|  0|   21|          32|          32|
    |p_Val2_32_10_fu_2706_p2    |     *    |      4|  0|   22|          32|          33|
    |p_Val2_32_11_fu_2873_p2    |     *    |      4|  0|   22|          32|          33|
    |p_Val2_32_1_fu_992_p2      |     *    |      4|  0|   22|          32|          33|
    |p_Val2_32_2_fu_1149_p2     |     *    |      4|  0|   22|          32|          33|
    |p_Val2_32_3_fu_1306_p2     |     *    |      4|  0|   22|          32|          33|
    |p_Val2_32_4_fu_1463_p2     |     *    |      4|  0|   22|          32|          33|
    |p_Val2_32_5_fu_1620_p2     |     *    |      4|  0|   22|          32|          33|
    |p_Val2_32_6_fu_1777_p2     |     *    |      4|  0|   22|          32|          33|
    |p_Val2_32_7_fu_2004_p2     |     *    |      4|  0|   22|          32|          33|
    |p_Val2_32_8_fu_2205_p2     |     *    |      4|  0|   22|          32|          33|
    |p_Val2_32_9_fu_2372_p2     |     *    |      4|  0|   22|          32|          33|
    |p_Val2_32_s_fu_2539_p2     |     *    |      4|  0|   22|          32|          33|
    |p_Val2_3_fu_795_p2         |     *    |      3|  0|   21|          32|          32|
    |p_Val2_s_8_fu_767_p2       |     *    |      3|  0|   21|          32|          32|
    |i_1_s_fu_3010_p2           |     +    |      0|  0|   15|           8|           4|
    |p_Val2_10_fu_860_p2        |     +    |      0|  0|   39|          32|          32|
    |p_Val2_12_fu_888_p2        |     +    |      0|  0|   74|          67|          67|
    |p_Val2_14_fu_906_p2        |     +    |      0|  0|   39|          32|          32|
    |p_Val2_16_fu_918_p2        |     +    |      0|  0|   32|          32|          32|
    |p_Val2_28_10_fu_2626_p2    |     +    |      0|  0|   39|          32|          32|
    |p_Val2_28_11_fu_2793_p2    |     +    |      0|  0|   39|          32|          32|
    |p_Val2_28_1_fu_1009_p2     |     +    |      0|  0|   39|          32|          32|
    |p_Val2_28_2_fu_1166_p2     |     +    |      0|  0|   39|          32|          32|
    |p_Val2_28_3_fu_1323_p2     |     +    |      0|  0|   39|          32|          32|
    |p_Val2_28_4_fu_1480_p2     |     +    |      0|  0|   39|          32|          32|
    |p_Val2_28_5_fu_1637_p2     |     +    |      0|  0|   39|          32|          32|
    |p_Val2_28_6_fu_1812_p2     |     +    |      0|  0|   39|          32|          32|
    |p_Val2_28_7_fu_1920_p2     |     +    |      0|  0|   39|          32|          32|
    |p_Val2_28_8_fu_2091_p2     |     +    |      0|  0|   39|          32|          32|
    |p_Val2_28_9_fu_2292_p2     |     +    |      0|  0|   39|          32|          32|
    |p_Val2_28_s_fu_2459_p2     |     +    |      0|  0|   39|          32|          32|
    |p_Val2_2_fu_852_p2         |     +    |      0|  0|   39|          32|          32|
    |p_Val2_31_10_fu_2664_p2    |     +    |      0|  0|   39|          32|          32|
    |p_Val2_31_11_fu_2831_p2    |     +    |      0|  0|   39|          32|          32|
    |p_Val2_31_1_fu_1017_p2     |     +    |      0|  0|   39|          32|          32|
    |p_Val2_31_2_fu_1174_p2     |     +    |      0|  0|   39|          32|          32|
    |p_Val2_31_3_fu_1331_p2     |     +    |      0|  0|   39|          32|          32|
    |p_Val2_31_4_fu_1488_p2     |     +    |      0|  0|   39|          32|          32|
    |p_Val2_31_5_fu_1645_p2     |     +    |      0|  0|   39|          32|          32|
    |p_Val2_31_6_fu_1820_p2     |     +    |      0|  0|   39|          32|          32|
    |p_Val2_31_7_fu_1958_p2     |     +    |      0|  0|   39|          32|          32|
    |p_Val2_31_8_fu_2129_p2     |     +    |      0|  0|   39|          32|          32|
    |p_Val2_31_9_fu_2330_p2     |     +    |      0|  0|   39|          32|          32|
    |p_Val2_31_s_fu_2497_p2     |     +    |      0|  0|   39|          32|          32|
    |p_Val2_34_10_fu_2716_p2    |     +    |      0|  0|   74|          67|          67|
    |p_Val2_34_11_fu_2883_p2    |     +    |      0|  0|   74|          67|          67|
    |p_Val2_34_1_fu_1045_p2     |     +    |      0|  0|   74|          67|          67|
    |p_Val2_34_2_fu_1202_p2     |     +    |      0|  0|   74|          67|          67|
    |p_Val2_34_3_fu_1359_p2     |     +    |      0|  0|   74|          67|          67|
    |p_Val2_34_4_fu_1516_p2     |     +    |      0|  0|   74|          67|          67|
    |p_Val2_34_5_fu_1673_p2     |     +    |      0|  0|   74|          67|          67|
    |p_Val2_34_6_fu_1852_p2     |     +    |      0|  0|   74|          67|          67|
    |p_Val2_34_7_fu_2014_p2     |     +    |      0|  0|   74|          67|          67|
    |p_Val2_34_8_fu_2215_p2     |     +    |      0|  0|   74|          67|          67|
    |p_Val2_34_9_fu_2382_p2     |     +    |      0|  0|   74|          67|          67|
    |p_Val2_34_s_fu_2549_p2     |     +    |      0|  0|   74|          67|          67|
    |p_Val2_36_10_fu_2743_p2    |     +    |      0|  0|   39|          32|          32|
    |p_Val2_36_11_fu_2910_p2    |     +    |      0|  0|   39|          32|          32|
    |p_Val2_36_1_fu_1063_p2     |     +    |      0|  0|   39|          32|          32|
    |p_Val2_36_2_fu_1220_p2     |     +    |      0|  0|   39|          32|          32|
    |p_Val2_36_3_fu_1377_p2     |     +    |      0|  0|   39|          32|          32|
    |p_Val2_36_4_fu_1534_p2     |     +    |      0|  0|   39|          32|          32|
    |p_Val2_36_5_fu_1691_p2     |     +    |      0|  0|   39|          32|          32|
    |p_Val2_36_6_fu_1870_p2     |     +    |      0|  0|   39|          32|          32|
    |p_Val2_36_7_fu_2041_p2     |     +    |      0|  0|   39|          32|          32|
    |p_Val2_36_8_fu_2242_p2     |     +    |      0|  0|   39|          32|          32|
    |p_Val2_36_9_fu_2409_p2     |     +    |      0|  0|   39|          32|          32|
    |p_Val2_36_s_fu_2576_p2     |     +    |      0|  0|   39|          32|          32|
    |p_Val2_39_10_fu_2755_p2    |     +    |      0|  0|   32|          32|          32|
    |p_Val2_39_11_fu_2922_p2    |     +    |      0|  0|   32|          32|          32|
    |p_Val2_39_1_fu_1075_p2     |     +    |      0|  0|   32|          32|          32|
    |p_Val2_39_2_fu_1232_p2     |     +    |      0|  0|   32|          32|          32|
    |p_Val2_39_3_fu_1389_p2     |     +    |      0|  0|   32|          32|          32|
    |p_Val2_39_4_fu_1546_p2     |     +    |      0|  0|   32|          32|          32|
    |p_Val2_39_5_fu_1703_p2     |     +    |      0|  0|   32|          32|          32|
    |p_Val2_39_6_fu_1882_p2     |     +    |      0|  0|   32|          32|          32|
    |p_Val2_39_7_fu_2053_p2     |     +    |      0|  0|   32|          32|          32|
    |p_Val2_39_8_fu_2254_p2     |     +    |      0|  0|   32|          32|          32|
    |p_Val2_39_9_fu_2421_p2     |     +    |      0|  0|   32|          32|          32|
    |p_Val2_39_s_fu_2588_p2     |     +    |      0|  0|   32|          32|          32|
    |p_Val2_5_fu_420_p2         |     +    |      0|  0|   39|          32|          32|
    |p_Val2_8_fu_680_p2         |     +    |      0|  0|   39|          32|          32|
    |r_V_10_fu_2511_p2          |     +    |      0|  0|   40|          33|          33|
    |r_V_11_fu_2678_p2          |     +    |      0|  0|   40|          33|          33|
    |r_V_12_fu_2845_p2          |     +    |      0|  0|   40|          33|          33|
    |r_V_2_fu_1187_p2           |     +    |      0|  0|   40|          33|          33|
    |r_V_3_fu_1344_p2           |     +    |      0|  0|   40|          33|          33|
    |r_V_4_fu_1501_p2           |     +    |      0|  0|   40|          33|          33|
    |r_V_5_fu_1658_p2           |     +    |      0|  0|   40|          33|          33|
    |r_V_6_fu_1833_p2           |     +    |      0|  0|   40|          33|          33|
    |r_V_7_fu_1972_p2           |     +    |      0|  0|   40|          33|          33|
    |r_V_8_fu_2143_p2           |     +    |      0|  0|   40|          33|          33|
    |r_V_9_fu_2344_p2           |     +    |      0|  0|   40|          33|          33|
    |r_V_fu_873_p2              |     +    |      0|  0|   40|          33|          33|
    |r_V_s_fu_1030_p2           |     +    |      0|  0|   40|          33|          33|
    |tmp10_fu_2985_p2           |     +    |      0|  0|   10|           2|           2|
    |tmp1_fu_2159_p2            |     +    |      0|  0|   23|          16|          16|
    |tmp2_fu_2165_p2            |     +    |      0|  0|   32|           2|           2|
    |tmp3_fu_2171_p2            |     +    |      0|  0|   32|           2|           2|
    |tmp4_fu_2937_p2            |     +    |      0|  0|   32|          16|          16|
    |tmp5_fu_2942_p2            |     +    |      0|  0|   10|           2|           2|
    |tmp6_fu_2177_p2            |     +    |      0|  0|   32|           2|           2|
    |tmp7_fu_2183_p2            |     +    |      0|  0|   32|           2|           2|
    |tmp8_fu_2955_p2            |     +    |      0|  0|   12|           3|           3|
    |tmp9_fu_2980_p2            |     +    |      0|  0|   23|          16|          16|
    |tmp_13_fu_393_p2           |     +    |      0|  0|   19|           6|          12|
    |tmp_20_fu_569_p2           |     +    |      0|  0|   19|           6|          12|
    |tmp_31_fu_653_p2           |     +    |      0|  0|   19|           6|          12|
    |tmp_96_1_fu_3004_p2        |     +    |      0|  0|   32|          16|          16|
    |tmp_96_8_fu_2965_p2        |     +    |      0|  0|   32|          16|          16|
    |tmp_96_s_fu_2995_p2        |     +    |      0|  0|   32|          16|          16|
    |tmp_s_fu_309_p2            |     +    |      0|  0|   19|           6|          12|
    |F2_1_fu_557_p2             |     -    |      0|  0|   19|          11|          12|
    |F2_fu_297_p2               |     -    |      0|  0|   19|          11|          12|
    |man_V_1_fu_277_p2          |     -    |      0|  0|   61|           1|          54|
    |man_V_6_fu_537_p2          |     -    |      0|  0|   61|           1|          54|
    |p_Val2_15_fu_912_p2        |     -    |      0|  0|   32|          32|          32|
    |p_Val2_37_10_fu_2749_p2    |     -    |      0|  0|   32|          32|          32|
    |p_Val2_37_11_fu_2916_p2    |     -    |      0|  0|   32|          32|          32|
    |p_Val2_37_1_fu_1069_p2     |     -    |      0|  0|   32|          32|          32|
    |p_Val2_37_2_fu_1226_p2     |     -    |      0|  0|   32|          32|          32|
    |p_Val2_37_3_fu_1383_p2     |     -    |      0|  0|   32|          32|          32|
    |p_Val2_37_4_fu_1540_p2     |     -    |      0|  0|   32|          32|          32|
    |p_Val2_37_5_fu_1697_p2     |     -    |      0|  0|   32|          32|          32|
    |p_Val2_37_6_fu_1876_p2     |     -    |      0|  0|   32|          32|          32|
    |p_Val2_37_7_fu_2047_p2     |     -    |      0|  0|   32|          32|          32|
    |p_Val2_37_8_fu_2248_p2     |     -    |      0|  0|   32|          32|          32|
    |p_Val2_37_9_fu_2415_p2     |     -    |      0|  0|   32|          32|          32|
    |p_Val2_37_s_fu_2582_p2     |     -    |      0|  0|   32|          32|          32|
    |tmp_1_fu_315_p2            |     -    |      0|  0|   19|           5|          12|
    |tmp_21_fu_575_p2           |     -    |      0|  0|   19|           5|          12|
    |sel_tmp11_fu_723_p2        |    and   |      0|  0|    8|           1|           1|
    |sel_tmp2_fu_451_p2         |    and   |      0|  0|    8|           1|           1|
    |sel_tmp7_fu_463_p2         |    and   |      0|  0|    8|           1|           1|
    |sel_tmp8_fu_711_p2         |    and   |      0|  0|    8|           1|           1|
    |tmp_27_fu_624_p2           |   ashr   |      0|  0|  162|          54|          54|
    |tmp_6_fu_364_p2            |   ashr   |      0|  0|  162|          54|          54|
    |exitcond_9_fu_1791_p2      |   icmp   |      0|  0|   11|           8|           5|
    |icmp5_fu_614_p2            |   icmp   |      0|  0|   11|           7|           1|
    |icmp_fu_354_p2             |   icmp   |      0|  0|   11|           7|           1|
    |sel_tmp10_fu_686_p2        |   icmp   |      0|  0|   13|          12|           5|
    |sel_tmp6_fu_426_p2         |   icmp   |      0|  0|   13|          12|           5|
    |tmp_12_fu_388_p2           |   icmp   |      0|  0|   13|          12|           6|
    |tmp_15_fu_431_p2           |   icmp   |      0|  0|   13|          12|           5|
    |tmp_18_fu_551_p2           |   icmp   |      0|  0|   29|          63|           1|
    |tmp_19_fu_563_p2           |   icmp   |      0|  0|   13|          12|           5|
    |tmp_22_fu_590_p2           |   icmp   |      0|  0|   13|          12|           5|
    |tmp_23_fu_598_p2           |   icmp   |      0|  0|   13|          12|           6|
    |tmp_30_fu_648_p2           |   icmp   |      0|  0|   13|          12|           6|
    |tmp_33_fu_691_p2           |   icmp   |      0|  0|   13|          12|           5|
    |tmp_3_fu_330_p2            |   icmp   |      0|  0|   13|          12|           5|
    |tmp_40_fu_879_p2           |   icmp   |      0|  0|   21|          33|          31|
    |tmp_5_fu_338_p2            |   icmp   |      0|  0|   13|          12|           6|
    |tmp_7_fu_291_p2            |   icmp   |      0|  0|   29|          63|           1|
    |tmp_94_10_fu_2684_p2       |   icmp   |      0|  0|   21|          33|          31|
    |tmp_94_11_fu_2851_p2       |   icmp   |      0|  0|   21|          33|          31|
    |tmp_94_1_fu_1036_p2        |   icmp   |      0|  0|   21|          33|          31|
    |tmp_94_2_fu_1193_p2        |   icmp   |      0|  0|   21|          33|          31|
    |tmp_94_3_fu_1350_p2        |   icmp   |      0|  0|   21|          33|          31|
    |tmp_94_4_fu_1507_p2        |   icmp   |      0|  0|   21|          33|          31|
    |tmp_94_5_fu_1664_p2        |   icmp   |      0|  0|   21|          33|          31|
    |tmp_94_6_fu_1839_p2        |   icmp   |      0|  0|   21|          33|          31|
    |tmp_94_7_fu_1978_p2        |   icmp   |      0|  0|   21|          33|          31|
    |tmp_94_8_fu_2149_p2        |   icmp   |      0|  0|   21|          33|          31|
    |tmp_94_9_fu_2350_p2        |   icmp   |      0|  0|   21|          33|          31|
    |tmp_94_s_fu_2517_p2        |   icmp   |      0|  0|   21|          33|          31|
    |tmp_9_fu_303_p2            |   icmp   |      0|  0|   13|          12|           5|
    |man_V_11_fu_543_p3         |  select  |      0|  0|   54|           1|          54|
    |man_V_4_fu_283_p3          |  select  |      0|  0|   54|           1|          54|
    |p_2_fu_727_p3              |  select  |      0|  0|   32|           1|          32|
    |p_Val2_0_i_i_i1_fu_373_p3  |  select  |      0|  0|    2|           1|           2|
    |p_Val2_0_i_i_i5_fu_633_p3  |  select  |      0|  0|    2|           1|           2|
    |p_Val2_4_fu_380_p3         |  select  |      0|  0|   32|           1|          32|
    |p_Val2_7_fu_640_p3         |  select  |      0|  0|   32|           1|          32|
    |p_s_fu_467_p3              |  select  |      0|  0|   32|           1|          32|
    |qb_1_fu_669_p3             |  select  |      0|  0|    2|           1|           1|
    |qb_fu_409_p3               |  select  |      0|  0|    2|           1|           1|
    |sel_tmp3_fu_456_p3         |  select  |      0|  0|   32|           1|          32|
    |sel_tmp4_fu_700_p3         |  select  |      0|  0|   32|           1|          32|
    |sel_tmp9_fu_716_p3         |  select  |      0|  0|   32|           1|          32|
    |sel_tmp_fu_440_p3          |  select  |      0|  0|   32|           1|          32|
    |sh_amt_1_fu_581_p3         |  select  |      0|  0|   12|           1|          12|
    |sh_amt_fu_321_p3           |  select  |      0|  0|   12|           1|          12|
    |tmp_15_s_fu_483_p3         |  select  |      0|  0|   32|           1|          32|
    |tmp_43_mux_fu_737_p3       |  select  |      0|  0|   32|           1|          32|
    |tmp_4_mux_fu_477_p3        |  select  |      0|  0|   32|           1|          32|
    |tmp_50_s_fu_743_p3         |  select  |      0|  0|   32|           1|          32|
    |tmp_10_fu_436_p2           |    shl   |      0|  0|  101|          32|          32|
    |tmp_28_fu_696_p2           |    shl   |      0|  0|  101|          32|          32|
    |ap_enable_pp0              |    xor   |      0|  0|    8|           1|           2|
    |sel_tmp1_fu_446_p2         |    xor   |      0|  0|    8|           1|           2|
    |sel_tmp5_fu_706_p2         |    xor   |      0|  0|    8|           1|           2|
    +---------------------------+----------+-------+---+-----+------------+------------+
    |Total                      |          |    130|  0| 6994|        5789|        6204|
    +---------------------------+----------+-------+---+-----+------------+------------+

    * Multiplexer: 
    +---------------------------------------+----+-----------+-----+-----------+
    |                  Name                 | LUT| Input Size| Bits| Total Bits|
    +---------------------------------------+----+-----------+-----+-----------+
    |ap_NS_fsm                              |  97|         20|    1|         20|
    |ap_enable_reg_pp0_iter1                |   9|          2|    1|          2|
    |ap_phi_mux_p_3_phi_fu_174_p6           |  15|          3|   32|         96|
    |ap_phi_mux_p_Val2_36_12_phi_fu_187_p4  |   9|          2|   32|         64|
    |ap_phi_mux_p_Val2_39_12_phi_fu_197_p4  |   9|          2|   32|         64|
    |ap_phi_mux_z0_im_V_load_phi_fu_161_p6  |   9|          2|   32|         64|
    |grp_fu_227_p0                          |  15|          3|   32|         96|
    |i_reg_204                              |   9|          2|    8|         16|
    |mandelbrot_float_fl_reg_216            |   9|          2|   16|         32|
    |p_3_reg_170                            |  15|          3|   32|         96|
    |p_Val2_36_12_reg_184                   |   9|          2|   32|         64|
    |p_Val2_39_12_reg_194                   |   9|          2|   32|         64|
    |z0_im_V_load_reg_157                   |   9|          2|   32|         64|
    |z0_re_V_load_reg_129                   |   9|          2|   32|         64|
    |z_re_V_load_reg_143                    |  15|          3|   32|         96|
    +---------------------------------------+----+-----------+-----+-----------+
    |Total                                  | 247|         52|  378|        902|
    +---------------------------------------+----+-----------+-----+-----------+

    * Register: 
    +-----------------------------+----+----+-----+-----------+
    |             Name            | FF | LUT| Bits| Const Bits|
    +-----------------------------+----+----+-----+-----------+
    |F2_1_reg_3120                |  12|   0|   12|          0|
    |F2_reg_3038                  |  12|   0|   12|          0|
    |ap_CS_fsm                    |  19|   0|   19|          0|
    |ap_enable_reg_pp0_iter0      |   1|   0|    1|          0|
    |ap_enable_reg_pp0_iter1      |   1|   0|    1|          0|
    |exitcond_9_reg_3514          |   1|   0|    1|          0|
    |i_reg_204                    |   8|   0|    8|          0|
    |icmp5_reg_3164               |   1|   0|    1|          0|
    |icmp_reg_3082                |   1|   0|    1|          0|
    |isneg_1_reg_3103             |   1|   0|    1|          0|
    |isneg_reg_3021               |   1|   0|    1|          0|
    |man_V_11_reg_3109            |  54|   0|   54|          0|
    |man_V_4_reg_3027             |  54|   0|   54|          0|
    |mandelbrot_float_fl_reg_216  |  16|   0|   16|          0|
    |p_3_reg_170                  |  32|   0|   32|          0|
    |p_Val2_11_reg_3222           |  64|   0|   65|          1|
    |p_Val2_14_reg_3237           |  32|   0|   32|          0|
    |p_Val2_16_reg_3243           |  32|   0|   32|          0|
    |p_Val2_1_reg_3202            |  32|   0|   32|          0|
    |p_Val2_27_1_reg_3249         |  32|   0|   32|          0|
    |p_Val2_27_2_reg_3296         |  32|   0|   32|          0|
    |p_Val2_27_3_reg_3343         |  32|   0|   32|          0|
    |p_Val2_27_4_reg_3390         |  32|   0|   32|          0|
    |p_Val2_27_5_reg_3437         |  32|   0|   32|          0|
    |p_Val2_27_6_reg_3484         |  32|   0|   32|          0|
    |p_Val2_30_1_reg_3259         |  32|   0|   32|          0|
    |p_Val2_30_2_reg_3306         |  32|   0|   32|          0|
    |p_Val2_30_3_reg_3353         |  32|   0|   32|          0|
    |p_Val2_30_4_reg_3400         |  32|   0|   32|          0|
    |p_Val2_30_5_reg_3447         |  32|   0|   32|          0|
    |p_Val2_30_6_reg_3494         |  32|   0|   32|          0|
    |p_Val2_32_1_reg_3269         |  64|   0|   65|          1|
    |p_Val2_32_2_reg_3316         |  64|   0|   65|          1|
    |p_Val2_32_3_reg_3363         |  64|   0|   65|          1|
    |p_Val2_32_4_reg_3410         |  64|   0|   65|          1|
    |p_Val2_32_5_reg_3457         |  64|   0|   65|          1|
    |p_Val2_32_6_reg_3504         |  64|   0|   65|          1|
    |p_Val2_36_12_reg_184         |  32|   0|   32|          0|
    |p_Val2_36_1_reg_3284         |  32|   0|   32|          0|
    |p_Val2_36_2_reg_3331         |  32|   0|   32|          0|
    |p_Val2_36_3_reg_3378         |  32|   0|   32|          0|
    |p_Val2_36_4_reg_3425         |  32|   0|   32|          0|
    |p_Val2_36_5_reg_3472         |  32|   0|   32|          0|
    |p_Val2_39_12_reg_194         |  32|   0|   32|          0|
    |p_Val2_39_1_reg_3290         |  32|   0|   32|          0|
    |p_Val2_39_2_reg_3337         |  32|   0|   32|          0|
    |p_Val2_39_3_reg_3384         |  32|   0|   32|          0|
    |p_Val2_39_4_reg_3431         |  32|   0|   32|          0|
    |p_Val2_39_5_reg_3478         |  32|   0|   32|          0|
    |p_Val2_5_reg_3088            |  32|   0|   32|          0|
    |p_Val2_8_reg_3170            |  32|   0|   32|          0|
    |p_Val2_9_reg_3212            |  32|   0|   32|          0|
    |sel_tmp10_reg_3176           |   1|   0|    1|          0|
    |sel_tmp6_reg_3094            |   1|   0|    1|          0|
    |sh_amt_1_cast_reg_3145       |  32|   0|   32|          0|
    |sh_amt_cast_reg_3063         |  32|   0|   32|          0|
    |tmp1_reg_3518                |  16|   0|   16|          0|
    |tmp3_reg_3523                |   2|   0|    2|          0|
    |tmp7_reg_3528                |   2|   0|    2|          0|
    |tmp_15_reg_3099              |   1|   0|    1|          0|
    |tmp_18_reg_3116              |   1|   0|    1|          0|
    |tmp_19_reg_3128              |   1|   0|    1|          0|
    |tmp_1_reg_3058               |  12|   0|   12|          0|
    |tmp_20_reg_3134              |  12|   0|   12|          0|
    |tmp_21_reg_3140              |  12|   0|   12|          0|
    |tmp_22_reg_3150              |   1|   0|    1|          0|
    |tmp_24_reg_3075              |  32|   0|   32|          0|
    |tmp_33_reg_3181              |   1|   0|    1|          0|
    |tmp_3_reg_3068               |   1|   0|    1|          0|
    |tmp_40_reg_3232              |   1|   0|    1|          0|
    |tmp_47_reg_3157              |  32|   0|   32|          0|
    |tmp_51_reg_3207              |   1|   0|    1|          0|
    |tmp_52_reg_3217              |   1|   0|    1|          0|
    |tmp_53_reg_3227              |   1|   0|    1|          0|
    |tmp_54_reg_3254              |   1|   0|    1|          0|
    |tmp_55_reg_3264              |   1|   0|    1|          0|
    |tmp_56_reg_3274              |   1|   0|    1|          0|
    |tmp_57_reg_3301              |   1|   0|    1|          0|
    |tmp_58_reg_3311              |   1|   0|    1|          0|
    |tmp_59_reg_3321              |   1|   0|    1|          0|
    |tmp_60_reg_3348              |   1|   0|    1|          0|
    |tmp_61_reg_3358              |   1|   0|    1|          0|
    |tmp_62_reg_3368              |   1|   0|    1|          0|
    |tmp_63_reg_3395              |   1|   0|    1|          0|
    |tmp_64_reg_3405              |   1|   0|    1|          0|
    |tmp_65_reg_3415              |   1|   0|    1|          0|
    |tmp_66_reg_3442              |   1|   0|    1|          0|
    |tmp_67_reg_3452              |   1|   0|    1|          0|
    |tmp_68_reg_3462              |   1|   0|    1|          0|
    |tmp_69_reg_3489              |   1|   0|    1|          0|
    |tmp_70_reg_3499              |   1|   0|    1|          0|
    |tmp_71_cast_cast_reg_3185    |  39|   0|   67|         28|
    |tmp_71_reg_3509              |   1|   0|    1|          0|
    |tmp_7_reg_3034               |   1|   0|    1|          0|
    |tmp_94_10_reg_3543           |   1|   0|    1|          0|
    |tmp_94_11_reg_3548           |   1|   0|    1|          0|
    |tmp_94_1_reg_3279            |   1|   0|    1|          0|
    |tmp_94_2_reg_3326            |   1|   0|    1|          0|
    |tmp_94_3_reg_3373            |   1|   0|    1|          0|
    |tmp_94_4_reg_3420            |   1|   0|    1|          0|
    |tmp_94_5_reg_3467            |   1|   0|    1|          0|
    |tmp_94_9_reg_3533            |   1|   0|    1|          0|
    |tmp_94_s_reg_3538            |   1|   0|    1|          0|
    |tmp_96_8_reg_3563            |  16|   0|   16|          0|
    |tmp_9_reg_3046               |   1|   0|    1|          0|
    |tmp_s_reg_3052               |  12|   0|   12|          0|
    |z0_im_V_load_reg_157         |  32|   0|   32|          0|
    |z0_re_V_load_reg_129         |  32|   0|   32|          0|
    |z_re_V_load_reg_143          |  32|   0|   32|          0|
    +-----------------------------+----+----+-----+-----------+
    |Total                        |2010|   0| 2045|         35|
    +-----------------------------+----+----+-----+-----------+



================================================================
== Interface
================================================================
* Summary: 
+-------------+-----+-----+------------+--------------+--------------+
|  RTL Ports  | Dir | Bits|  Protocol  | Source Object|    C Type    |
+-------------+-----+-----+------------+--------------+--------------+
|ap_clk       |  in |    1| ap_ctrl_hs |  mandelbrot  | return value |
|ap_rst       |  in |    1| ap_ctrl_hs |  mandelbrot  | return value |
|ap_start     |  in |    1| ap_ctrl_hs |  mandelbrot  | return value |
|ap_done      | out |    1| ap_ctrl_hs |  mandelbrot  | return value |
|ap_idle      | out |    1| ap_ctrl_hs |  mandelbrot  | return value |
|ap_ready     | out |    1| ap_ctrl_hs |  mandelbrot  | return value |
|re           |  in |   32|   ap_none  |      re      |    scalar    |
|im           |  in |   32|   ap_none  |      im      |    scalar    |
|outp         | out |   16|   ap_vld   |     outp     |    pointer   |
|outp_ap_vld  | out |    1|   ap_vld   |     outp     |    pointer   |
+-------------+-----+-----+------------+--------------+--------------+

