

================================================================
== Vivado HLS Report for 'video_pattern_generator'
================================================================
* Date:           Sat Jan 25 21:41:22 2020

* Version:        2019.1 (Build 2552052 on Fri May 24 15:28:33 MDT 2019)
* Project:        Video_Pattern_Generator
* Solution:       solution1
* Product family: zynq
* Target device:  xc7z020-clg484-1


================================================================
== Performance Estimates
================================================================
+ Timing (ns): 
    * Summary: 
    +--------+-------+----------+------------+
    |  Clock | Target| Estimated| Uncertainty|
    +--------+-------+----------+------------+
    |ap_clk  |  10.00|     4.228|        1.25|
    +--------+-------+----------+------------+

+ Latency (clock cycles): 
    * Summary: 
    +--------+--------+--------+--------+---------+
    |     Latency     |     Interval    | Pipeline|
    |   min  |   max  |   min  |   max  |   Type  |
    +--------+--------+--------+--------+---------+
    |  480003|  480003|  480003|  480003|   none  |
    +--------+--------+--------+--------+---------+

    + Detail: 
        * Instance: 
        N/A

        * Loop: 
        +---------------+--------+--------+----------+-----------+-----------+--------+----------+
        |               |     Latency     | Iteration|  Initiation Interval  |  Trip  |          |
        |   Loop Name   |   min  |   max  |  Latency |  achieved |   target  |  Count | Pipelined|
        +---------------+--------+--------+----------+-----------+-----------+--------+----------+
        |- outer_inner  |  480001|  480001|         3|          1|          1|  480000|    yes   |
        +---------------+--------+--------+----------+-----------+-----------+--------+----------+

============================================================
+ Verbose Summary: Synthesis Manager
============================================================
InlineROM: 1
ExposeGlobal: 0
============================================================
+ Verbose Summary: CDFG Model
============================================================
IsTopModel: 1
ResetActiveHigh: 1
IsCombinational: 0
IsDatapathOnly: 0
HasWiredReturn: 1
HasMFsm: 0
HasVarLatency: 1
IsPipeline: 0
IsRtlPipelined: 0
IsInstanceOverlapped: 0
IsDontTouch: 0
HasImplIP: 0
IsGatedGlobalClock: 0

+ Individual pipeline summary: 
  * Pipeline-0: initiation interval (II) = 1, depth = 3


============================================================
+ Verbose Summary: Schedule
============================================================
* Number of FSM states : 5
* Pipeline : 1
  Pipeline-0 : II = 1, D = 3, States = { 2 3 4 }
* Dataflow Pipeline: 0

* FSM state transitions: 
1 --> 2 
2 --> 5 3 
3 --> 4 
4 --> 2 
5 --> 

* FSM state operations: 

State 1 <SV = 0> <Delay = 1.76>
ST_1 : Operation 6 [1/1] (0.00ns)   --->   "call void (...)* @_ssdm_op_SpecBitsMap(i24* %m_axis_video_V_data_V), !map !36"   --->   Operation 6 'specbitsmap' <Predicate = true> <Delay = 0.00>
ST_1 : Operation 7 [1/1] (0.00ns)   --->   "call void (...)* @_ssdm_op_SpecBitsMap(i3* %m_axis_video_V_keep_V), !map !40"   --->   Operation 7 'specbitsmap' <Predicate = true> <Delay = 0.00>
ST_1 : Operation 8 [1/1] (0.00ns)   --->   "call void (...)* @_ssdm_op_SpecBitsMap(i3* %m_axis_video_V_strb_V), !map !44"   --->   Operation 8 'specbitsmap' <Predicate = true> <Delay = 0.00>
ST_1 : Operation 9 [1/1] (0.00ns)   --->   "call void (...)* @_ssdm_op_SpecBitsMap(i1* %m_axis_video_V_user_V), !map !48"   --->   Operation 9 'specbitsmap' <Predicate = true> <Delay = 0.00>
ST_1 : Operation 10 [1/1] (0.00ns)   --->   "call void (...)* @_ssdm_op_SpecBitsMap(i1* %m_axis_video_V_last_V), !map !52"   --->   Operation 10 'specbitsmap' <Predicate = true> <Delay = 0.00>
ST_1 : Operation 11 [1/1] (0.00ns)   --->   "call void (...)* @_ssdm_op_SpecBitsMap(i1* %m_axis_video_V_id_V), !map !56"   --->   Operation 11 'specbitsmap' <Predicate = true> <Delay = 0.00>
ST_1 : Operation 12 [1/1] (0.00ns)   --->   "call void (...)* @_ssdm_op_SpecBitsMap(i1* %m_axis_video_V_dest_V), !map !60"   --->   Operation 12 'specbitsmap' <Predicate = true> <Delay = 0.00>
ST_1 : Operation 13 [1/1] (0.00ns)   --->   "call void (...)* @_ssdm_op_SpecTopModule([24 x i8]* @video_pattern_genera) nounwind"   --->   Operation 13 'spectopmodule' <Predicate = true> <Delay = 0.00>
ST_1 : Operation 14 [1/1] (0.00ns)   --->   "call void (...)* @_ssdm_op_SpecInterface(i24* %m_axis_video_V_data_V, i3* %m_axis_video_V_keep_V, i3* %m_axis_video_V_strb_V, i1* %m_axis_video_V_user_V, i1* %m_axis_video_V_last_V, i1* %m_axis_video_V_id_V, i1* %m_axis_video_V_dest_V, [5 x i8]* @p_str, i32 1, i32 1, [5 x i8]* @p_str1, i32 0, i32 0, [1 x i8]* @p_str2, [1 x i8]* @p_str2, [1 x i8]* @p_str2, i32 0, i32 0, i32 0, i32 0, [1 x i8]* @p_str2, [1 x i8]* @p_str2) nounwind" [src/cpp/video_pattern_generator.cpp:8]   --->   Operation 14 'specinterface' <Predicate = true> <Delay = 0.00>
ST_1 : Operation 15 [1/1] (1.76ns)   --->   "br label %1" [src/cpp/video_pattern_generator.cpp:14]   --->   Operation 15 'br' <Predicate = true> <Delay = 1.76>

State 2 <SV = 1> <Delay = 4.22>
ST_2 : Operation 16 [1/1] (0.00ns)   --->   "%indvar_flatten = phi i19 [ 0, %0 ], [ %add_ln14, %inner ]" [src/cpp/video_pattern_generator.cpp:14]   --->   Operation 16 'phi' 'indvar_flatten' <Predicate = true> <Delay = 0.00>
ST_2 : Operation 17 [1/1] (0.00ns)   --->   "%i_0 = phi i10 [ 0, %0 ], [ %select_ln14, %inner ]" [src/cpp/video_pattern_generator.cpp:14]   --->   Operation 17 'phi' 'i_0' <Predicate = true> <Delay = 0.00>
ST_2 : Operation 18 [1/1] (0.00ns)   --->   "%j_0 = phi i10 [ 0, %0 ], [ %j, %inner ]"   --->   Operation 18 'phi' 'j_0' <Predicate = true> <Delay = 0.00>
ST_2 : Operation 19 [1/1] (2.43ns)   --->   "%icmp_ln14 = icmp eq i19 %indvar_flatten, -44288" [src/cpp/video_pattern_generator.cpp:14]   --->   Operation 19 'icmp' 'icmp_ln14' <Predicate = true> <Delay = 2.43> <Core = "Cmp">   --->   Core 25 'Cmp' <Latency = 0> <II = 1> <Delay = 1.77> <FuncUnit> <Opcode : 'icmp'> <InPorts = 2> <OutPorts = 1>
ST_2 : Operation 20 [1/1] (2.16ns)   --->   "%add_ln14 = add i19 %indvar_flatten, 1" [src/cpp/video_pattern_generator.cpp:14]   --->   Operation 20 'add' 'add_ln14' <Predicate = true> <Delay = 2.16> <Core = "AddSub">   --->   Core 14 'AddSub' <Latency = 0> <II = 1> <Delay = 1.73> <FuncUnit> <Opcode : 'add' 'sub'> <InPorts = 2> <OutPorts = 1>
ST_2 : Operation 21 [1/1] (0.00ns)   --->   "br i1 %icmp_ln14, label %2, label %inner" [src/cpp/video_pattern_generator.cpp:14]   --->   Operation 21 'br' <Predicate = true> <Delay = 0.00>
ST_2 : Operation 22 [1/1] (1.77ns)   --->   "%icmp_ln16 = icmp eq i10 %j_0, -224" [src/cpp/video_pattern_generator.cpp:16]   --->   Operation 22 'icmp' 'icmp_ln16' <Predicate = (!icmp_ln14)> <Delay = 1.77> <Core = "Cmp">   --->   Core 25 'Cmp' <Latency = 0> <II = 1> <Delay = 1.77> <FuncUnit> <Opcode : 'icmp'> <InPorts = 2> <OutPorts = 1>
ST_2 : Operation 23 [1/1] (0.68ns)   --->   "%select_ln16 = select i1 %icmp_ln16, i10 0, i10 %j_0" [src/cpp/video_pattern_generator.cpp:16]   --->   Operation 23 'select' 'select_ln16' <Predicate = (!icmp_ln14)> <Delay = 0.68> <Core = "Sel">   --->   Core 26 'Sel' <Latency = 0> <II = 1> <Delay = 0.68> <FuncUnit> <Opcode : 'select'> <InPorts = 3> <OutPorts = 1>
ST_2 : Operation 24 [1/1] (1.73ns)   --->   "%add_ln14_1 = add i10 %i_0, 1" [src/cpp/video_pattern_generator.cpp:14]   --->   Operation 24 'add' 'add_ln14_1' <Predicate = (!icmp_ln14)> <Delay = 1.73> <Core = "AddSub">   --->   Core 14 'AddSub' <Latency = 0> <II = 1> <Delay = 1.73> <FuncUnit> <Opcode : 'add' 'sub'> <InPorts = 2> <OutPorts = 1>
ST_2 : Operation 25 [1/1] (0.68ns)   --->   "%select_ln14 = select i1 %icmp_ln16, i10 %add_ln14_1, i10 %i_0" [src/cpp/video_pattern_generator.cpp:14]   --->   Operation 25 'select' 'select_ln14' <Predicate = (!icmp_ln14)> <Delay = 0.68> <Core = "Sel">   --->   Core 26 'Sel' <Latency = 0> <II = 1> <Delay = 0.68> <FuncUnit> <Opcode : 'select'> <InPorts = 3> <OutPorts = 1>
ST_2 : Operation 26 [1/1] (0.00ns) (grouped into LUT with out node tmp_user_V)   --->   "%or_ln21 = or i10 %select_ln16, %select_ln14" [src/cpp/video_pattern_generator.cpp:21]   --->   Operation 26 'or' 'or_ln21' <Predicate = (!icmp_ln14)> <Delay = 0.00> <Core = "LogicGate">   --->   Core 27 'LogicGate' <Latency = 0> <II = 1> <Delay = 0.99> <FuncUnit> <Opcode : 'and' 'or' 'xor'> <InPorts = 2> <OutPorts = 1>
ST_2 : Operation 27 [1/1] (1.77ns) (out node of the LUT)   --->   "%tmp_user_V = icmp eq i10 %or_ln21, 0" [src/cpp/video_pattern_generator.cpp:21]   --->   Operation 27 'icmp' 'tmp_user_V' <Predicate = (!icmp_ln14)> <Delay = 1.77> <Core = "Cmp">   --->   Core 25 'Cmp' <Latency = 0> <II = 1> <Delay = 1.77> <FuncUnit> <Opcode : 'icmp'> <InPorts = 2> <OutPorts = 1>
ST_2 : Operation 28 [1/1] (1.77ns)   --->   "%tmp_last_V = icmp eq i10 %select_ln16, -225" [src/cpp/video_pattern_generator.cpp:27]   --->   Operation 28 'icmp' 'tmp_last_V' <Predicate = (!icmp_ln14)> <Delay = 1.77> <Core = "Cmp">   --->   Core 25 'Cmp' <Latency = 0> <II = 1> <Delay = 1.77> <FuncUnit> <Opcode : 'icmp'> <InPorts = 2> <OutPorts = 1>
ST_2 : Operation 29 [1/1] (1.73ns)   --->   "%j = add i10 %select_ln16, 1" [src/cpp/video_pattern_generator.cpp:16]   --->   Operation 29 'add' 'j' <Predicate = (!icmp_ln14)> <Delay = 1.73> <Core = "AddSub">   --->   Core 14 'AddSub' <Latency = 0> <II = 1> <Delay = 1.73> <FuncUnit> <Opcode : 'add' 'sub'> <InPorts = 2> <OutPorts = 1>

State 3 <SV = 2> <Delay = 0.00>
ST_3 : Operation 30 [2/2] (0.00ns)   --->   "call void @_ssdm_op_Write.axis.volatile.i24P.i3P.i3P.i1P.i1P.i1P.i1P(i24* %m_axis_video_V_data_V, i3* %m_axis_video_V_keep_V, i3* %m_axis_video_V_strb_V, i1* %m_axis_video_V_user_V, i1* %m_axis_video_V_last_V, i1* %m_axis_video_V_id_V, i1* %m_axis_video_V_dest_V, i24 -65536, i3 undef, i3 undef, i1 %tmp_user_V, i1 %tmp_last_V, i1 undef, i1 undef)" [src/cpp/video_pattern_generator.cpp:40]   --->   Operation 30 'write' <Predicate = (!icmp_ln14)> <Delay = 0.00> <Core = "AXI4Stream">   --->   Core 5 'AXI4Stream' <Latency = 0> <II = 1> <Delay = 1.00> <Adapter> <Opcode : >

State 4 <SV = 3> <Delay = 0.00>
ST_4 : Operation 31 [1/1] (0.00ns)   --->   "call void (...)* @_ssdm_op_SpecLoopName([12 x i8]* @outer_inner_str)"   --->   Operation 31 'specloopname' <Predicate = (!icmp_ln14)> <Delay = 0.00>
ST_4 : Operation 32 [1/1] (0.00ns)   --->   "%empty = call i32 (...)* @_ssdm_op_SpecLoopTripCount(i64 480000, i64 480000, i64 480000)"   --->   Operation 32 'speclooptripcount' 'empty' <Predicate = (!icmp_ln14)> <Delay = 0.00>
ST_4 : Operation 33 [1/1] (0.00ns)   --->   "call void (...)* @_ssdm_op_SpecLoopName([6 x i8]* @p_str4) nounwind" [src/cpp/video_pattern_generator.cpp:17]   --->   Operation 33 'specloopname' <Predicate = (!icmp_ln14)> <Delay = 0.00>
ST_4 : Operation 34 [1/1] (0.00ns)   --->   "%tmp_1 = call i32 (...)* @_ssdm_op_SpecRegionBegin([6 x i8]* @p_str4)" [src/cpp/video_pattern_generator.cpp:17]   --->   Operation 34 'specregionbegin' 'tmp_1' <Predicate = (!icmp_ln14)> <Delay = 0.00>
ST_4 : Operation 35 [1/1] (0.00ns)   --->   "call void (...)* @_ssdm_op_SpecPipeline(i32 -1, i32 1, i32 1, i32 0, [1 x i8]* @p_str2) nounwind" [src/cpp/video_pattern_generator.cpp:18]   --->   Operation 35 'specpipeline' <Predicate = (!icmp_ln14)> <Delay = 0.00>
ST_4 : Operation 36 [1/2] (0.00ns)   --->   "call void @_ssdm_op_Write.axis.volatile.i24P.i3P.i3P.i1P.i1P.i1P.i1P(i24* %m_axis_video_V_data_V, i3* %m_axis_video_V_keep_V, i3* %m_axis_video_V_strb_V, i1* %m_axis_video_V_user_V, i1* %m_axis_video_V_last_V, i1* %m_axis_video_V_id_V, i1* %m_axis_video_V_dest_V, i24 -65536, i3 undef, i3 undef, i1 %tmp_user_V, i1 %tmp_last_V, i1 undef, i1 undef)" [src/cpp/video_pattern_generator.cpp:40]   --->   Operation 36 'write' <Predicate = (!icmp_ln14)> <Delay = 0.00> <Core = "AXI4Stream">   --->   Core 5 'AXI4Stream' <Latency = 0> <II = 1> <Delay = 1.00> <Adapter> <Opcode : >
ST_4 : Operation 37 [1/1] (0.00ns)   --->   "%empty_2 = call i32 (...)* @_ssdm_op_SpecRegionEnd([6 x i8]* @p_str4, i32 %tmp_1)" [src/cpp/video_pattern_generator.cpp:41]   --->   Operation 37 'specregionend' 'empty_2' <Predicate = (!icmp_ln14)> <Delay = 0.00>
ST_4 : Operation 38 [1/1] (0.00ns)   --->   "br label %1"   --->   Operation 38 'br' <Predicate = (!icmp_ln14)> <Delay = 0.00>

State 5 <SV = 2> <Delay = 0.00>
ST_5 : Operation 39 [1/1] (0.00ns)   --->   "ret void" [src/cpp/video_pattern_generator.cpp:43]   --->   Operation 39 'ret' <Predicate = true> <Delay = 0.00>


============================================================
+ Verbose Summary: Timing violations
============================================================
Target clock period: 10ns, clock uncertainty: 1.25ns.

 <State 1>: 1.77ns
The critical path consists of the following:
	multiplexor before 'phi' operation ('indvar_flatten', src/cpp/video_pattern_generator.cpp:14) with incoming values : ('add_ln14', src/cpp/video_pattern_generator.cpp:14) [19]  (1.77 ns)

 <State 2>: 4.23ns
The critical path consists of the following:
	'phi' operation ('j') with incoming values : ('j', src/cpp/video_pattern_generator.cpp:16) [21]  (0 ns)
	'icmp' operation ('icmp_ln16', src/cpp/video_pattern_generator.cpp:16) [28]  (1.77 ns)
	'select' operation ('select_ln14', src/cpp/video_pattern_generator.cpp:14) [31]  (0.687 ns)
	'or' operation ('or_ln21', src/cpp/video_pattern_generator.cpp:21) [35]  (0 ns)
	'icmp' operation ('tmp.user.V', src/cpp/video_pattern_generator.cpp:21) [36]  (1.77 ns)

 <State 3>: 0ns
The critical path consists of the following:

 <State 4>: 0ns
The critical path consists of the following:

 <State 5>: 0ns
The critical path consists of the following:


============================================================
+ Verbose Summary: Binding
============================================================
N/A
* FSMD analyzer results:
  - Output states:
 - Input state : 
  - Chain level:
	State 1
	State 2
	State 3
	State 4
	State 5


============================================================
+ Verbose Summary: Datapath Resource usage 
============================================================
N/A
