

================================================================
== Vivado HLS Report for 'dummy_fe'
================================================================
* Date:           Sun Feb  4 23:54:54 2018

* Version:        2017.4 (Build 2086221 on Fri Dec 15 21:13:33 MST 2017)
* Project:        proj
* Solution:       solution1
* Product family: artix7
* Target device:  xc7a200tfbg676-2


================================================================
== Performance Estimates
================================================================
+ Timing (ns): 
    * Summary: 
    +--------+-------+----------+------------+
    |  Clock | Target| Estimated| Uncertainty|
    +--------+-------+----------+------------+
    |ap_clk  |  10.00|      6.37|        1.25|
    +--------+-------+----------+------------+

+ Latency (clock cycles): 
    * Summary: 
    +-----+-----+-----+-----+-------------+
    |  Latency  |  Interval |   Pipeline  |
    | min | max | min | max |     Type    |
    +-----+-----+-----+-----+-------------+
    |   21|   22|   21|   21| loop rewind |
    +-----+-----+-----+-----+-------------+

    + Detail: 
        * Instance: 
        N/A

        * Loop: 
        +----------+-----+-----+----------+-----------+-----------+------+----------+
        |          |  Latency  | Iteration|  Initiation Interval  | Trip |          |
        | Loop Name| min | max |  Latency |  achieved |   target  | Count| Pipelined|
        +----------+-----+-----+----------+-----------+-----------+------+----------+
        |- Loop 1  |   21|   21|         2|          1|          1|    21|    yes   |
        +----------+-----+-----+----------+-----------+-----------+------+----------+



================================================================
== Utilization Estimates
================================================================
* Summary: 
+-----------------+---------+-------+--------+--------+
|       Name      | BRAM_18K| DSP48E|   FF   |   LUT  |
+-----------------+---------+-------+--------+--------+
|DSP              |        -|      -|       -|       -|
|Expression       |        -|      -|       0|      74|
|FIFO             |        -|      -|       -|       -|
|Instance         |        -|      -|       -|       -|
|Memory           |        -|      -|       -|       -|
|Multiplexer      |        -|      -|       -|      99|
|Register         |        -|      -|      24|       -|
+-----------------+---------+-------+--------+--------+
|Total            |        0|      0|      24|     173|
+-----------------+---------+-------+--------+--------+
|Available        |      730|    740|  269200|  129000|
+-----------------+---------+-------+--------+--------+
|Utilization (%)  |        0|      0|   ~0   |   ~0   |
+-----------------+---------+-------+--------+--------+

+ Detail: 
    * Instance: 
    N/A

    * DSP48: 
    N/A

    * Memory: 
    N/A

    * FIFO: 
    N/A

    * Expression: 
    +----------------------------------+----------+-------+---+----+------------+------------+
    |           Variable Name          | Operation| DSP48E| FF| LUT| Bitwidth P0| Bitwidth P1|
    +----------------------------------+----------+-------+---+----+------------+------------+
    |i_fu_139_p2                       |     +    |      0|  0|  15|           5|           1|
    |ap_block_state3_pp0_stage0_iter1  |    and   |      0|  0|   8|           1|           1|
    |ap_condition_78                   |    and   |      0|  0|   8|           1|           1|
    |tmp_fu_145_p2                     |   icmp   |      0|  0|  11|           5|           5|
    |ap_block_pp0_stage0_01001         |    or    |      0|  0|   8|           1|           1|
    |ap_block_state1                   |    or    |      0|  0|   8|           1|           1|
    |ap_block_state2_pp0_stage0_iter0  |    or    |      0|  0|   8|           1|           1|
    |ap_enable_pp0                     |    xor   |      0|  0|   8|           1|           2|
    +----------------------------------+----------+-------+---+----+------------+------------+
    |Total                             |          |      0|  0|  74|          16|          13|
    +----------------------------------+----------+-------+---+----+------------+------------+

    * Multiplexer: 
    +----------------------------------+----+-----------+-----+-----------+
    |               Name               | LUT| Input Size| Bits| Total Bits|
    +----------------------------------+----+-----------+-----+-----------+
    |ap_NS_fsm                         |  15|          3|    1|          3|
    |ap_done                           |   9|          2|    1|          2|
    |ap_enable_reg_pp0_iter1           |   9|          2|    1|          2|
    |ap_phi_mux_do_init_phi_fu_113_p6  |  15|          3|    1|          3|
    |ap_phi_mux_i1_phi_fu_129_p6       |  15|          3|    5|         15|
    |config_out_V_blk_n                |   9|          2|    1|          2|
    |i1_reg_125                        |   9|          2|    5|         10|
    |in_V_blk_n                        |   9|          2|    1|          2|
    |out_V_blk_n                       |   9|          2|    1|          2|
    +----------------------------------+----+-----------+-----+-----------+
    |Total                             |  99|         21|   17|         41|
    +----------------------------------+----+-----------+-----+-----------+

    * Register: 
    +--------------------------+---+----+-----+-----------+
    |           Name           | FF| LUT| Bits| Const Bits|
    +--------------------------+---+----+-----+-----------+
    |ap_CS_fsm                 |  2|   0|    2|          0|
    |ap_done_reg               |  1|   0|    1|          0|
    |ap_enable_reg_pp0_iter1   |  1|   0|    1|          0|
    |config_in_V_read_reg_153  |  8|   0|    8|          0|
    |do_init_reg_109           |  1|   0|    1|          0|
    |i1_reg_125                |  5|   0|    5|          0|
    |i_reg_158                 |  5|   0|    5|          0|
    |tmp_reg_163               |  1|   0|    1|          0|
    +--------------------------+---+----+-----+-----------+
    |Total                     | 24|   0|   24|          0|
    +--------------------------+---+----+-----+-----------+



================================================================
== Interface
================================================================
* Summary: 
+---------------------+-----+-----+------------+--------------+--------------+
|      RTL Ports      | Dir | Bits|  Protocol  | Source Object|    C Type    |
+---------------------+-----+-----+------------+--------------+--------------+
|ap_clk               |  in |    1| ap_ctrl_hs |   dummy_fe   | return value |
|ap_rst               |  in |    1| ap_ctrl_hs |   dummy_fe   | return value |
|ap_start             |  in |    1| ap_ctrl_hs |   dummy_fe   | return value |
|ap_done              | out |    1| ap_ctrl_hs |   dummy_fe   | return value |
|ap_continue          |  in |    1| ap_ctrl_hs |   dummy_fe   | return value |
|ap_idle              | out |    1| ap_ctrl_hs |   dummy_fe   | return value |
|ap_ready             | out |    1| ap_ctrl_hs |   dummy_fe   | return value |
|in_V_dout            |  in |   16|   ap_fifo  |     in_V     |    pointer   |
|in_V_empty_n         |  in |    1|   ap_fifo  |     in_V     |    pointer   |
|in_V_read            | out |    1|   ap_fifo  |     in_V     |    pointer   |
|out_V_din            | out |   16|   ap_fifo  |     out_V    |    pointer   |
|out_V_full_n         |  in |    1|   ap_fifo  |     out_V    |    pointer   |
|out_V_write          | out |    1|   ap_fifo  |     out_V    |    pointer   |
|config_out_V_din     | out |    8|   ap_fifo  | config_out_V |    pointer   |
|config_out_V_full_n  |  in |    1|   ap_fifo  | config_out_V |    pointer   |
|config_out_V_write   | out |    1|   ap_fifo  | config_out_V |    pointer   |
|config_in_V          |  in |    8|   ap_none  |  config_in_V |    pointer   |
+---------------------+-----+-----+------------+--------------+--------------+

============================================================
+ Verbose Summary: Synthesis Manager
============================================================
InlineROM: 1
ExposeGlobal: 0
============================================================
+ Verbose Summary: CDFG Model
============================================================
IsTopModel: 0
ResetActiveHigh: 1
IsCombinational: 2
IsDatapathOnly: 0
HasWiredReturn: 1
HasMFsm: 0
HasVarLatency: 1
IsPipeline: 0
IsRtlPipelined: 0
IsInstanceOverlapped: 0
IsDontTouch: 0
HasImplIP: 0
IsGatedGlobalClock: 0

+ Individual pipeline summary: 
  * Pipeline-0: initiation interval (II) = 1, depth = 2


============================================================
+ Verbose Summary: Schedule
============================================================
* Number of FSM states : 3
* Pipeline : 1
  Pipeline-0 : II = 1, D = 2, States = { 2 3 }
* Dataflow Pipeline: 0

* FSM state transitions: 
1 --> 
	2  / true
2 --> 
	3  / true
3 --> 
	2  / true

* FSM state operations: 

 <State 1> : 1.35ns
ST_1 : Operation 4 [1/1] (0.00ns)   --->   "call void (...)* @_ssdm_op_SpecInterface(i8* %config_out_V, [8 x i8]* @ap_fifo_str, i32 0, i32 0, [1 x i8]* @p_str118, i32 0, i32 0, [1 x i8]* @p_str119, [1 x i8]* @p_str120, [1 x i8]* @p_str121, i32 2, i32 2, i32 16, i32 16, [1 x i8]* @p_str122, [1 x i8]* @p_str123)"
ST_1 : Operation 5 [1/1] (0.00ns)   --->   "call void (...)* @_ssdm_op_SpecInterface(i16* %out_V, [8 x i8]* @ap_fifo_str, i32 0, i32 0, [1 x i8]* @p_str112, i32 0, i32 0, [1 x i8]* @p_str113, [1 x i8]* @p_str114, [1 x i8]* @p_str115, i32 2, i32 2, i32 16, i32 16, [1 x i8]* @p_str116, [1 x i8]* @p_str117)"
ST_1 : Operation 6 [1/1] (0.00ns)   --->   "call void (...)* @_ssdm_op_SpecInterface(i16* %in_V, [8 x i8]* @p_str3, i32 0, i32 0, [1 x i8]* @p_str1, i32 0, i32 21, [1 x i8]* @p_str1, [1 x i8]* @p_str1, [1 x i8]* @p_str1, i32 0, i32 0, i32 0, i32 0, [1 x i8]* @p_str1, [1 x i8]* @p_str1)"
ST_1 : Operation 7 [1/1] (1.35ns)   --->   "br label %rewind_header" [fir_config.cpp:109]

 <State 2> : 6.37ns
ST_2 : Operation 8 [1/1] (0.00ns)   --->   "%do_init = phi i1 [ true, %0 ], [ false, %1 ], [ true, %2 ]"
ST_2 : Operation 9 [1/1] (0.00ns)   --->   "%i1 = phi i5 [ 0, %0 ], [ %i, %1 ], [ 0, %2 ]"
ST_2 : Operation 10 [1/1] (0.00ns)   --->   "br i1 %do_init, label %rewind_init, label %1"
ST_2 : Operation 11 [1/1] (0.00ns)   --->   "%config_in_V_read = call i8 @_ssdm_op_Read.ap_auto.i8P(i8* %config_in_V)" [fir_config.cpp:108]
ST_2 : Operation 12 [1/1] (3.18ns)   --->   "%in_V_read = call i16 @_ssdm_op_Read.ap_fifo.volatile.i16P(i16* %in_V)" [fir_config.cpp:111]   --->   Core 32 'FIFO' <Latency = 0> <II = 1> <Delay = 3.18> <Storage> <Opcode : 'read' 'write' 'nbread' 'nbwrite'> <Ports = 0> <Width = 24> <Depth = 1> <FIFO>
ST_2 : Operation 13 [1/1] (3.18ns)   --->   "call void @_ssdm_op_Write.ap_fifo.volatile.i16P(i16* %out_V, i16 %in_V_read)" [fir_config.cpp:111]   --->   Core 32 'FIFO' <Latency = 0> <II = 1> <Delay = 3.18> <Storage> <Opcode : 'read' 'write' 'nbread' 'nbwrite'> <Ports = 0> <Width = 24> <Depth = 1> <FIFO>
ST_2 : Operation 14 [1/1] (1.54ns)   --->   "%i = add i5 %i1, 1" [fir_config.cpp:109]   --->   Core 14 'AddSub' <Latency = 0> <II = 1> <Delay = 1.54> <FuncUnit> <Opcode : 'add' 'sub'> <InPorts = 2> <OutPorts = 1>
ST_2 : Operation 15 [1/1] (1.21ns)   --->   "%tmp = icmp eq i5 %i1, -12" [fir_config.cpp:109]   --->   Core 25 'Cmp' <Latency = 0> <II = 1> <Delay = 1.21> <FuncUnit> <Opcode : 'icmp'> <InPorts = 2> <OutPorts = 1>
ST_2 : Operation 16 [1/1] (0.00ns)   --->   "br i1 %tmp, label %2, label %rewind_header" [fir_config.cpp:109]
ST_2 : Operation 17 [1/1] (0.00ns)   --->   "br label %rewind_header" [fir_config.cpp:112]

 <State 3> : 3.19ns
ST_3 : Operation 18 [1/1] (3.18ns)   --->   "call void @_ssdm_op_Write.ap_fifo.i8P(i8* %config_out_V, i8 %config_in_V_read)" [fir_config.cpp:108]   --->   Core 32 'FIFO' <Latency = 0> <II = 1> <Delay = 3.18> <Storage> <Opcode : 'read' 'write' 'nbread' 'nbwrite'> <Ports = 0> <Width = 24> <Depth = 1> <FIFO>
ST_3 : Operation 19 [1/1] (0.00ns)   --->   "br label %1" [fir_config.cpp:109]
ST_3 : Operation 20 [1/1] (0.00ns)   --->   "%empty = call i32 (...)* @_ssdm_op_SpecLoopTripCount(i64 21, i64 21, i64 21)"
ST_3 : Operation 21 [1/1] (0.00ns)   --->   "%tmp_1 = call i32 (...)* @_ssdm_op_SpecRegionBegin([12 x i8]* @p_str)" [fir_config.cpp:110]
ST_3 : Operation 22 [1/1] (0.00ns)   --->   "call void (...)* @_ssdm_op_SpecPipeline(i32 -1, i32 1, i32 1, i32 0, [1 x i8]* @p_str1) nounwind" [fir_config.cpp:110]
ST_3 : Operation 23 [1/1] (0.00ns)   --->   "%empty_10 = call i32 (...)* @_ssdm_op_SpecRegionEnd([12 x i8]* @p_str, i32 %tmp_1)" [fir_config.cpp:111]
ST_3 : Operation 24 [1/1] (0.00ns)   --->   "call void (...)* @_ssdm_op_Return()" [fir_config.cpp:112]


============================================================
+ Verbose Summary: Binding
============================================================
STG Binding: 
---------------- STG Properties BEGIN ----------------
- Is combinational: 0
- Is one-state seq: 0
- Is datapath-only: 0
- Is pipelined: 0
- Is top level: 0
Port [ Return ] is wired: 1; IO mode=ap_ctrl_hs:ce=0
Port [ in_V]:  wired=1; compound=1; hidden=0; nouse=0; global=0; static=0; extern=0; dir=0; type=3; pingpong=0; private_global=0; IO mode=ap_fifo:ce=0
Port [ out_V]:  wired=1; compound=1; hidden=0; nouse=0; global=0; static=0; extern=0; dir=1; type=3; pingpong=0; private_global=0; IO mode=ap_fifo:ce=0
Port [ config_in_V]:  wired=1; compound=0; hidden=0; nouse=0; global=0; static=0; extern=0; dir=0; type=0; pingpong=0; private_global=0; IO mode=ap_none:ce=0
Port [ config_out_V]:  wired=1; compound=1; hidden=0; nouse=0; global=0; static=0; extern=0; dir=1; type=3; pingpong=0; private_global=0; IO mode=ap_fifo:ce=0
---------------- STG Properties END ------------------

---------------- Datapath Model BEGIN ----------------

<LifeTime>
<method=bitvector/>
StgValue_4       (specinterface    ) [ 0000]
StgValue_5       (specinterface    ) [ 0000]
StgValue_6       (specinterface    ) [ 0000]
StgValue_7       (br               ) [ 0111]
do_init          (phi              ) [ 0011]
i1               (phi              ) [ 0011]
StgValue_10      (br               ) [ 0000]
config_in_V_read (read             ) [ 0011]
in_V_read        (read             ) [ 0000]
StgValue_13      (write            ) [ 0000]
i                (add              ) [ 0111]
tmp              (icmp             ) [ 0011]
StgValue_16      (br               ) [ 0111]
StgValue_17      (br               ) [ 0111]
StgValue_18      (write            ) [ 0000]
StgValue_19      (br               ) [ 0000]
empty            (speclooptripcount) [ 0000]
tmp_1            (specregionbegin  ) [ 0000]
StgValue_22      (specpipeline     ) [ 0000]
empty_10         (specregionend    ) [ 0000]
StgValue_24      (return           ) [ 0000]
</LifeTime>

<model>

<comp_list>
<comp id="0" class="1000" name="in_V">
<pin_list>
<pin id="1" dir="1" index="0" bw="1" slack="0"/>
</pin_list>
<bind>
<StgValue><ssdm name="in_V"/></StgValue>
</bind>
</comp>

<comp id="2" class="1000" name="out_V">
<pin_list>
<pin id="3" dir="1" index="0" bw="1" slack="0"/>
</pin_list>
<bind>
<StgValue><ssdm name="out_V"/></StgValue>
</bind>
</comp>

<comp id="4" class="1000" name="config_in_V">
<pin_list>
<pin id="5" dir="1" index="0" bw="1" slack="0"/>
</pin_list>
<bind>
<StgValue><ssdm name="config_in_V"/></StgValue>
</bind>
</comp>

<comp id="6" class="1000" name="config_out_V">
<pin_list>
<pin id="7" dir="1" index="0" bw="1" slack="0"/>
</pin_list>
<bind>
<StgValue><ssdm name="config_out_V"/></StgValue>
</bind>
</comp>

<comp id="8" class="1001" name="const_8">
<pin_list>
<pin id="9" dir="1" index="0" bw="1" slack="2147483647"/>
</pin_list>
<bind>
<StgValue><ssdm name="_ssdm_op_SpecInterface"/></StgValue>
</bind>
</comp>

<comp id="10" class="1001" name="const_10">
<pin_list>
<pin id="11" dir="1" index="0" bw="1" slack="2147483647"/>
</pin_list>
<bind>
<StgValue><ssdm name="ap_fifo_str"/></StgValue>
</bind>
</comp>

<comp id="12" class="1001" name="const_12">
<pin_list>
<pin id="13" dir="1" index="0" bw="1" slack="2147483647"/>
</pin_list>
<bind>
<StgValue><ssdm name=""/></StgValue>
</bind>
</comp>

<comp id="14" class="1001" name="const_14">
<pin_list>
<pin id="15" dir="1" index="0" bw="1" slack="2147483647"/>
</pin_list>
<bind>
<StgValue><ssdm name="p_str118"/></StgValue>
</bind>
</comp>

<comp id="16" class="1001" name="const_16">
<pin_list>
<pin id="17" dir="1" index="0" bw="1" slack="2147483647"/>
</pin_list>
<bind>
<StgValue><ssdm name="p_str119"/></StgValue>
</bind>
</comp>

<comp id="18" class="1001" name="const_18">
<pin_list>
<pin id="19" dir="1" index="0" bw="1" slack="2147483647"/>
</pin_list>
<bind>
<StgValue><ssdm name="p_str120"/></StgValue>
</bind>
</comp>

<comp id="20" class="1001" name="const_20">
<pin_list>
<pin id="21" dir="1" index="0" bw="1" slack="2147483647"/>
</pin_list>
<bind>
<StgValue><ssdm name="p_str121"/></StgValue>
</bind>
</comp>

<comp id="22" class="1001" name="const_22">
<pin_list>
<pin id="23" dir="1" index="0" bw="1" slack="2147483647"/>
</pin_list>
<bind>
<StgValue><ssdm name=""/></StgValue>
</bind>
</comp>

<comp id="24" class="1001" name="const_24">
<pin_list>
<pin id="25" dir="1" index="0" bw="1" slack="2147483647"/>
</pin_list>
<bind>
<StgValue><ssdm name=""/></StgValue>
</bind>
</comp>

<comp id="26" class="1001" name="const_26">
<pin_list>
<pin id="27" dir="1" index="0" bw="1" slack="2147483647"/>
</pin_list>
<bind>
<StgValue><ssdm name="p_str122"/></StgValue>
</bind>
</comp>

<comp id="28" class="1001" name="const_28">
<pin_list>
<pin id="29" dir="1" index="0" bw="1" slack="2147483647"/>
</pin_list>
<bind>
<StgValue><ssdm name="p_str123"/></StgValue>
</bind>
</comp>

<comp id="30" class="1001" name="const_30">
<pin_list>
<pin id="31" dir="1" index="0" bw="1" slack="2147483647"/>
</pin_list>
<bind>
<StgValue><ssdm name="p_str112"/></StgValue>
</bind>
</comp>

<comp id="32" class="1001" name="const_32">
<pin_list>
<pin id="33" dir="1" index="0" bw="1" slack="2147483647"/>
</pin_list>
<bind>
<StgValue><ssdm name="p_str113"/></StgValue>
</bind>
</comp>

<comp id="34" class="1001" name="const_34">
<pin_list>
<pin id="35" dir="1" index="0" bw="1" slack="2147483647"/>
</pin_list>
<bind>
<StgValue><ssdm name="p_str114"/></StgValue>
</bind>
</comp>

<comp id="36" class="1001" name="const_36">
<pin_list>
<pin id="37" dir="1" index="0" bw="1" slack="2147483647"/>
</pin_list>
<bind>
<StgValue><ssdm name="p_str115"/></StgValue>
</bind>
</comp>

<comp id="38" class="1001" name="const_38">
<pin_list>
<pin id="39" dir="1" index="0" bw="1" slack="2147483647"/>
</pin_list>
<bind>
<StgValue><ssdm name="p_str116"/></StgValue>
</bind>
</comp>

<comp id="40" class="1001" name="const_40">
<pin_list>
<pin id="41" dir="1" index="0" bw="1" slack="2147483647"/>
</pin_list>
<bind>
<StgValue><ssdm name="p_str117"/></StgValue>
</bind>
</comp>

<comp id="42" class="1001" name="const_42">
<pin_list>
<pin id="43" dir="1" index="0" bw="1" slack="2147483647"/>
</pin_list>
<bind>
<StgValue><ssdm name="p_str3"/></StgValue>
</bind>
</comp>

<comp id="44" class="1001" name="const_44">
<pin_list>
<pin id="45" dir="1" index="0" bw="1" slack="2147483647"/>
</pin_list>
<bind>
<StgValue><ssdm name="p_str1"/></StgValue>
</bind>
</comp>

<comp id="46" class="1001" name="const_46">
<pin_list>
<pin id="47" dir="1" index="0" bw="1" slack="2147483647"/>
</pin_list>
<bind>
<StgValue><ssdm name=""/></StgValue>
</bind>
</comp>

<comp id="48" class="1001" name="const_48">
<pin_list>
<pin id="49" dir="1" index="0" bw="1" slack="0"/>
</pin_list>
<bind>
<StgValue><ssdm name=""/></StgValue>
</bind>
</comp>

<comp id="50" class="1001" name="const_50">
<pin_list>
<pin id="51" dir="1" index="0" bw="1" slack="0"/>
</pin_list>
<bind>
<StgValue><ssdm name=""/></StgValue>
</bind>
</comp>

<comp id="52" class="1001" name="const_52">
<pin_list>
<pin id="53" dir="1" index="0" bw="1" slack="0"/>
</pin_list>
<bind>
<StgValue><ssdm name=""/></StgValue>
</bind>
</comp>

<comp id="54" class="1001" name="const_54">
<pin_list>
<pin id="55" dir="1" index="0" bw="1" slack="0"/>
</pin_list>
<bind>
<StgValue><ssdm name="_ssdm_op_Read.ap_auto.i8P"/></StgValue>
</bind>
</comp>

<comp id="56" class="1001" name="const_56">
<pin_list>
<pin id="57" dir="1" index="0" bw="1" slack="0"/>
</pin_list>
<bind>
<StgValue><ssdm name="_ssdm_op_Read.ap_fifo.volatile.i16P"/></StgValue>
</bind>
</comp>

<comp id="58" class="1001" name="const_58">
<pin_list>
<pin id="59" dir="1" index="0" bw="1" slack="0"/>
</pin_list>
<bind>
<StgValue><ssdm name="_ssdm_op_Write.ap_fifo.volatile.i16P"/></StgValue>
</bind>
</comp>

<comp id="60" class="1001" name="const_60">
<pin_list>
<pin id="61" dir="1" index="0" bw="1" slack="0"/>
</pin_list>
<bind>
<StgValue><ssdm name=""/></StgValue>
</bind>
</comp>

<comp id="62" class="1001" name="const_62">
<pin_list>
<pin id="63" dir="1" index="0" bw="1" slack="0"/>
</pin_list>
<bind>
<StgValue><ssdm name=""/></StgValue>
</bind>
</comp>

<comp id="64" class="1001" name="const_64">
<pin_list>
<pin id="65" dir="1" index="0" bw="1" slack="0"/>
</pin_list>
<bind>
<StgValue><ssdm name="_ssdm_op_Write.ap_fifo.i8P"/></StgValue>
</bind>
</comp>

<comp id="66" class="1001" name="const_66">
<pin_list>
<pin id="67" dir="1" index="0" bw="1" slack="2147483647"/>
</pin_list>
<bind>
<StgValue><ssdm name="_ssdm_op_SpecLoopTripCount"/></StgValue>
</bind>
</comp>

<comp id="68" class="1001" name="const_68">
<pin_list>
<pin id="69" dir="1" index="0" bw="1" slack="2147483647"/>
</pin_list>
<bind>
<StgValue><ssdm name=""/></StgValue>
</bind>
</comp>

<comp id="70" class="1001" name="const_70">
<pin_list>
<pin id="71" dir="1" index="0" bw="1" slack="2147483647"/>
</pin_list>
<bind>
<StgValue><ssdm name="_ssdm_op_SpecRegionBegin"/></StgValue>
</bind>
</comp>

<comp id="72" class="1001" name="const_72">
<pin_list>
<pin id="73" dir="1" index="0" bw="1" slack="2147483647"/>
</pin_list>
<bind>
<StgValue><ssdm name="p_str"/></StgValue>
</bind>
</comp>

<comp id="74" class="1001" name="const_74">
<pin_list>
<pin id="75" dir="1" index="0" bw="1" slack="2147483647"/>
</pin_list>
<bind>
<StgValue><ssdm name="_ssdm_op_SpecPipeline"/></StgValue>
</bind>
</comp>

<comp id="76" class="1001" name="const_76">
<pin_list>
<pin id="77" dir="1" index="0" bw="1" slack="2147483647"/>
</pin_list>
<bind>
<StgValue><ssdm name=""/></StgValue>
</bind>
</comp>

<comp id="78" class="1001" name="const_78">
<pin_list>
<pin id="79" dir="1" index="0" bw="1" slack="2147483647"/>
</pin_list>
<bind>
<StgValue><ssdm name=""/></StgValue>
</bind>
</comp>

<comp id="80" class="1001" name="const_80">
<pin_list>
<pin id="81" dir="1" index="0" bw="1" slack="2147483647"/>
</pin_list>
<bind>
<StgValue><ssdm name="_ssdm_op_SpecRegionEnd"/></StgValue>
</bind>
</comp>

<comp id="82" class="1004" name="config_in_V_read_read_fu_82">
<pin_list>
<pin id="83" dir="0" index="0" bw="8" slack="0"/>
<pin id="84" dir="0" index="1" bw="8" slack="0"/>
<pin id="85" dir="1" index="2" bw="8" slack="1"/>
</pin_list>
<bind>
<opcode="read(1150) " fcode="read"/>
<opset="config_in_V_read/2 "/>
</bind>
</comp>

<comp id="88" class="1004" name="in_V_read_read_fu_88">
<pin_list>
<pin id="89" dir="0" index="0" bw="16" slack="0"/>
<pin id="90" dir="0" index="1" bw="16" slack="0"/>
<pin id="91" dir="1" index="2" bw="16" slack="0"/>
</pin_list>
<bind>
<opcode="read(1150) " fcode="read"/>
<opset="in_V_read/2 "/>
</bind>
</comp>

<comp id="94" class="1004" name="StgValue_13_write_fu_94">
<pin_list>
<pin id="95" dir="0" index="0" bw="0" slack="0"/>
<pin id="96" dir="0" index="1" bw="16" slack="0"/>
<pin id="97" dir="0" index="2" bw="16" slack="0"/>
<pin id="98" dir="1" index="3" bw="0" slack="2147483647"/>
</pin_list>
<bind>
<opcode="write(1151) " fcode="write"/>
<opset="StgValue_13/2 "/>
</bind>
</comp>

<comp id="102" class="1004" name="StgValue_18_write_fu_102">
<pin_list>
<pin id="103" dir="0" index="0" bw="0" slack="0"/>
<pin id="104" dir="0" index="1" bw="8" slack="0"/>
<pin id="105" dir="0" index="2" bw="8" slack="1"/>
<pin id="106" dir="1" index="3" bw="0" slack="2147483647"/>
</pin_list>
<bind>
<opcode="write(1151) " fcode="write"/>
<opset="StgValue_18/3 "/>
</bind>
</comp>

<comp id="109" class="1005" name="do_init_reg_109">
<pin_list>
<pin id="110" dir="0" index="0" bw="1" slack="1"/>
<pin id="111" dir="1" index="1" bw="1" slack="1"/>
</pin_list>
<bind>
<opset="do_init (phireg) "/>
</bind>
</comp>

<comp id="113" class="1004" name="do_init_phi_fu_113">
<pin_list>
<pin id="114" dir="0" index="0" bw="1" slack="1"/>
<pin id="115" dir="0" index="1" bw="0" slack="2147483647"/>
<pin id="116" dir="0" index="2" bw="1" slack="0"/>
<pin id="117" dir="0" index="3" bw="0" slack="2147483647"/>
<pin id="118" dir="0" index="4" bw="1" slack="0"/>
<pin id="119" dir="0" index="5" bw="0" slack="2147483647"/>
<pin id="120" dir="1" index="6" bw="1" slack="1"/>
</pin_list>
<bind>
<opcode="phi(47) " fcode="phi"/>
<opset="do_init/2 "/>
</bind>
</comp>

<comp id="125" class="1005" name="i1_reg_125">
<pin_list>
<pin id="126" dir="0" index="0" bw="5" slack="1"/>
<pin id="127" dir="1" index="1" bw="5" slack="1"/>
</pin_list>
<bind>
<opset="i1 (phireg) "/>
</bind>
</comp>

<comp id="129" class="1004" name="i1_phi_fu_129">
<pin_list>
<pin id="130" dir="0" index="0" bw="1" slack="1"/>
<pin id="131" dir="0" index="1" bw="0" slack="2147483647"/>
<pin id="132" dir="0" index="2" bw="5" slack="0"/>
<pin id="133" dir="0" index="3" bw="0" slack="2147483647"/>
<pin id="134" dir="0" index="4" bw="1" slack="0"/>
<pin id="135" dir="0" index="5" bw="0" slack="2147483647"/>
<pin id="136" dir="1" index="6" bw="5" slack="0"/>
</pin_list>
<bind>
<opcode="phi(47) " fcode="phi"/>
<opset="i1/2 "/>
</bind>
</comp>

<comp id="139" class="1004" name="i_fu_139">
<pin_list>
<pin id="140" dir="0" index="0" bw="5" slack="0"/>
<pin id="141" dir="0" index="1" bw="1" slack="0"/>
<pin id="142" dir="1" index="2" bw="5" slack="0"/>
</pin_list>
<bind>
<opcode="add(8) " fcode="add"/>
<opset="i/2 "/>
</bind>
</comp>

<comp id="145" class="1004" name="tmp_fu_145">
<pin_list>
<pin id="146" dir="0" index="0" bw="5" slack="0"/>
<pin id="147" dir="0" index="1" bw="5" slack="0"/>
<pin id="148" dir="1" index="2" bw="1" slack="1"/>
</pin_list>
<bind>
<opcode="icmp(45) " fcode="icmp"/>
<opset="tmp/2 "/>
</bind>
</comp>

<comp id="151" class="1004" name="StgValue_24_fu_151">
<pin_list>
<pin id="152" dir="1" index="0" bw="0" slack="2147483647"/>
</pin_list>
<bind>
<opcode="return(1203) " fcode="return"/>
<opset="StgValue_24/3 "/>
</bind>
</comp>

<comp id="153" class="1005" name="config_in_V_read_reg_153">
<pin_list>
<pin id="154" dir="0" index="0" bw="8" slack="1"/>
<pin id="155" dir="1" index="1" bw="8" slack="1"/>
</pin_list>
<bind>
<opset="config_in_V_read "/>
</bind>
</comp>

<comp id="158" class="1005" name="i_reg_158">
<pin_list>
<pin id="159" dir="0" index="0" bw="5" slack="0"/>
<pin id="160" dir="1" index="1" bw="5" slack="0"/>
</pin_list>
<bind>
<opset="i "/>
</bind>
</comp>

<comp id="163" class="1005" name="tmp_reg_163">
<pin_list>
<pin id="164" dir="0" index="0" bw="1" slack="1"/>
<pin id="165" dir="1" index="1" bw="1" slack="2147483647"/>
</pin_list>
<bind>
<opset="tmp "/>
</bind>
</comp>

</comp_list>

<net_list>
<net id="86"><net_src comp="54" pin="0"/><net_sink comp="82" pin=0"/></net>

<net id="87"><net_src comp="4" pin="0"/><net_sink comp="82" pin=1"/></net>

<net id="92"><net_src comp="56" pin="0"/><net_sink comp="88" pin=0"/></net>

<net id="93"><net_src comp="0" pin="0"/><net_sink comp="88" pin=1"/></net>

<net id="99"><net_src comp="58" pin="0"/><net_sink comp="94" pin=0"/></net>

<net id="100"><net_src comp="2" pin="0"/><net_sink comp="94" pin=1"/></net>

<net id="101"><net_src comp="88" pin="2"/><net_sink comp="94" pin=2"/></net>

<net id="107"><net_src comp="64" pin="0"/><net_sink comp="102" pin=0"/></net>

<net id="108"><net_src comp="6" pin="0"/><net_sink comp="102" pin=1"/></net>

<net id="112"><net_src comp="48" pin="0"/><net_sink comp="109" pin=0"/></net>

<net id="121"><net_src comp="109" pin="1"/><net_sink comp="113" pin=0"/></net>

<net id="122"><net_src comp="50" pin="0"/><net_sink comp="113" pin=2"/></net>

<net id="123"><net_src comp="48" pin="0"/><net_sink comp="113" pin=4"/></net>

<net id="124"><net_src comp="113" pin="6"/><net_sink comp="109" pin=0"/></net>

<net id="128"><net_src comp="52" pin="0"/><net_sink comp="125" pin=0"/></net>

<net id="137"><net_src comp="125" pin="1"/><net_sink comp="129" pin=0"/></net>

<net id="138"><net_src comp="52" pin="0"/><net_sink comp="129" pin=4"/></net>

<net id="143"><net_src comp="129" pin="6"/><net_sink comp="139" pin=0"/></net>

<net id="144"><net_src comp="60" pin="0"/><net_sink comp="139" pin=1"/></net>

<net id="149"><net_src comp="129" pin="6"/><net_sink comp="145" pin=0"/></net>

<net id="150"><net_src comp="62" pin="0"/><net_sink comp="145" pin=1"/></net>

<net id="156"><net_src comp="82" pin="2"/><net_sink comp="153" pin=0"/></net>

<net id="157"><net_src comp="153" pin="1"/><net_sink comp="102" pin=2"/></net>

<net id="161"><net_src comp="139" pin="2"/><net_sink comp="158" pin=0"/></net>

<net id="162"><net_src comp="158" pin="1"/><net_sink comp="129" pin=2"/></net>

<net id="166"><net_src comp="145" pin="2"/><net_sink comp="163" pin=0"/></net>

</net_list>

</model> 
---------------- Datapath Model END ------------------

* FSMD analyzer results:
  - Output states:
	Port: in_V | {}
	Port: out_V | {2 }
	Port: config_in_V | {}
	Port: config_out_V | {3 }
 - Input state : 
	Port: dummy_fe : in_V | {2 }
	Port: dummy_fe : config_in_V | {2 }
  - Chain level:
	State 1
	State 2
		StgValue_10 : 1
		i : 1
		tmp : 1
		StgValue_16 : 2
	State 3
		empty_10 : 1


============================================================
+ Verbose Summary: Datapath Resource usage 
============================================================

* Functional unit list:
|----------|-----------------------------|---------|---------|
| Operation|       Functional Unit       |    FF   |   LUT   |
|----------|-----------------------------|---------|---------|
|    add   |           i_fu_139          |    0    |    15   |
|----------|-----------------------------|---------|---------|
|   icmp   |          tmp_fu_145         |    0    |    11   |
|----------|-----------------------------|---------|---------|
|   read   | config_in_V_read_read_fu_82 |    0    |    0    |
|          |     in_V_read_read_fu_88    |    0    |    0    |
|----------|-----------------------------|---------|---------|
|   write  |   StgValue_13_write_fu_94   |    0    |    0    |
|          |   StgValue_18_write_fu_102  |    0    |    0    |
|----------|-----------------------------|---------|---------|
|  return  |      StgValue_24_fu_151     |    0    |    0    |
|----------|-----------------------------|---------|---------|
|   Total  |                             |    0    |    26   |
|----------|-----------------------------|---------|---------|

Memories:
N/A

* Register list:
+------------------------+--------+
|                        |   FF   |
+------------------------+--------+
|config_in_V_read_reg_153|    8   |
|     do_init_reg_109    |    1   |
|       i1_reg_125       |    5   |
|        i_reg_158       |    5   |
|       tmp_reg_163      |    1   |
+------------------------+--------+
|          Total         |   20   |
+------------------------+--------+

* Multiplexer (MUX) list: 
|-----------------|------|------|------|--------||---------||---------|
|       Comp      |  Pin | Size |  BW  | S x BW ||  Delay  ||   LUT   |
|-----------------|------|------|------|--------||---------||---------|
| do_init_reg_109 |  p0  |   2  |   1  |    2   ||    9    |
|-----------------|------|------|------|--------||---------||---------|
|      Total      |      |      |      |    2   ||   1.35  ||    9    |
|-----------------|------|------|------|--------||---------||---------|



* Summary:
+-----------+--------+--------+--------+
|           |  Delay |   FF   |   LUT  |
+-----------+--------+--------+--------+
|  Function |    -   |    0   |   26   |
|   Memory  |    -   |    -   |    -   |
|Multiplexer|    1   |    -   |    9   |
|  Register |    -   |   20   |    -   |
+-----------+--------+--------+--------+
|   Total   |    1   |   20   |   35   |
+-----------+--------+--------+--------+
