

================================================================
== Vivado HLS Report for 'fir_top'
================================================================
* Date:           Sun Feb  4 23:54:54 2018

* Version:        2017.4 (Build 2086221 on Fri Dec 15 21:13:33 MST 2017)
* Project:        proj
* Solution:       solution1
* Product family: artix7
* Target device:  xc7a200tfbg676-2


================================================================
== Performance Estimates
================================================================
+ Timing (ns): 
    * Summary: 
    +--------+-------+----------+------------+
    |  Clock | Target| Estimated| Uncertainty|
    +--------+-------+----------+------------+
    |ap_clk  |  10.00|      8.75|        1.25|
    +--------+-------+----------+------------+

+ Latency (clock cycles): 
    * Summary: 
    +-----+-----+-----+-----+----------+
    |  Latency  |  Interval | Pipeline |
    | min | max | min | max |   Type   |
    +-----+-----+-----+-----+----------+
    |   32|   32|   30|   30| dataflow |
    +-----+-----+-----+-----+----------+

    + Detail: 
        * Instance: 
        +---------------------------------+----------------------+-----+-----+-----+-----+-------------+
        |                                 |                      |  Latency  |  Interval |   Pipeline  |
        |             Instance            |        Module        | min | max | min | max |     Type    |
        +---------------------------------+----------------------+-----+-----+-----+-----+-------------+
        |grp_p_fir_config_cpp_lin_fu_136  |p_fir_config_cpp_lin  |   29|   29|   29|   29|     none    |
        |grp_dummy_fe_fu_143              |dummy_fe              |   21|   22|   21|   21| loop rewind |
        |grp_dummy_be_fu_153              |dummy_be              |   20|   21|   21|   21| loop rewind |
        +---------------------------------+----------------------+-----+-----+-----+-----+-------------+

        * Loop: 
        N/A

============================================================
+ Verbose Summary: Synthesis Manager
============================================================
InlineROM: 1
ExposeGlobal: 0
============================================================
+ Verbose Summary: CDFG Model
============================================================
IsTopModel: 1
ResetActiveHigh: 1
IsCombinational: 2
IsDatapathOnly: 0
HasWiredReturn: 1
HasMFsm: 0
HasVarLatency: 1
IsPipeline: 0
IsRtlPipelined: 0
IsInstanceOverlapped: 0
IsDontTouch: 0
HasImplIP: 0
IsGatedGlobalClock: 0


============================================================
+ Verbose Summary: Schedule
============================================================
* Number of FSM states : 6
* Pipeline : 0
* Dataflow Pipeline: 1
  DF-Pipeline-0: Size = 6, States = { 1 2 3 4 5 6 }

* FSM state transitions: 
1 --> 
	2  / true
2 --> 
	3  / true
3 --> 
	4  / true
4 --> 
	5  / true
5 --> 
	6  / true
6 --> 

* FSM state operations: 

 <State 1> : 0.00ns
ST_1 : Operation 7 [1/1] (0.00ns)   --->   "%fir_config_V = alloca i8, align 1" [fir_config.cpp:134]   --->   Core 32 'FIFO' <Latency = 0> <II = 1> <Delay = 3.18> <Storage> <Opcode : 'read' 'write' 'nbread' 'nbwrite'> <Ports = 0> <Width = 24> <Depth = 1> <FIFO>
ST_1 : Operation 8 [1/1] (0.00ns)   --->   "%fir_in_channel = alloca i16, align 2"   --->   Core 32 'FIFO' <Latency = 0> <II = 1> <Delay = 3.18> <Storage> <Opcode : 'read' 'write' 'nbread' 'nbwrite'> <Ports = 0> <Width = 24> <Depth = 1> <FIFO>
ST_1 : Operation 9 [1/1] (0.00ns)   --->   "%fir_out_channel = alloca i24, align 4"   --->   Core 32 'FIFO' <Latency = 0> <II = 1> <Delay = 3.18> <Storage> <Opcode : 'read' 'write' 'nbread' 'nbwrite'> <Ports = 0> <Width = 24> <Depth = 1> <FIFO>
ST_1 : Operation 10 [2/2] (0.00ns)   --->   "call fastcc void @dummy_fe(i16* %in_V, i16* %fir_in_channel, i8* %config_V, i8* %fir_config_V)" [fir_config.cpp:137]   --->   Core 0 '' <Latency = 0> <II = 1> <Delay = 1.00> <Generic> <Opcode : >

 <State 2> : 0.00ns
ST_2 : Operation 11 [1/2] (0.00ns)   --->   "call fastcc void @dummy_fe(i16* %in_V, i16* %fir_in_channel, i8* %config_V, i8* %fir_config_V)" [fir_config.cpp:137]   --->   Core 0 '' <Latency = 0> <II = 1> <Delay = 1.00> <Generic> <Opcode : >

 <State 3> : 0.00ns
ST_3 : Operation 12 [2/2] (0.00ns)   --->   "call fastcc void @__fir_config.cpp_lin(i16* %fir_in_channel, i24* %fir_out_channel, i8* %fir_config_V)"   --->   Core 0 '' <Latency = 0> <II = 1> <Delay = 1.00> <Generic> <Opcode : >

 <State 4> : 0.00ns
ST_4 : Operation 13 [1/2] (0.00ns)   --->   "call fastcc void @__fir_config.cpp_lin(i16* %fir_in_channel, i24* %fir_out_channel, i8* %fir_config_V)"   --->   Core 0 '' <Latency = 0> <II = 1> <Delay = 1.00> <Generic> <Opcode : >

 <State 5> : 0.00ns
ST_5 : Operation 14 [2/2] (0.00ns)   --->   "call fastcc void @dummy_be(i24* %fir_out_channel, i24* %out_V)" [fir_config.cpp:139]   --->   Core 0 '' <Latency = 0> <II = 1> <Delay = 1.00> <Generic> <Opcode : >

 <State 6> : 0.00ns
ST_6 : Operation 15 [1/1] (0.00ns)   --->   "call void (...)* @_ssdm_op_SpecDataflowPipeline(i32 -1, [1 x i8]* @p_str1) nounwind" [fir_config.cpp:130]
ST_6 : Operation 16 [1/1] (0.00ns)   --->   "call void (...)* @_ssdm_op_SpecBitsMap(i16* %in_V), !map !47"
ST_6 : Operation 17 [1/1] (0.00ns)   --->   "call void (...)* @_ssdm_op_SpecBitsMap(i24* %out_V), !map !53"
ST_6 : Operation 18 [1/1] (0.00ns)   --->   "call void (...)* @_ssdm_op_SpecBitsMap(i8* %config_V), !map !57"
ST_6 : Operation 19 [1/1] (0.00ns)   --->   "call void (...)* @_ssdm_op_SpecTopModule([8 x i8]* @fir_top_str) nounwind"
ST_6 : Operation 20 [1/1] (0.00ns)   --->   "%empty = call i32 (...)* @_ssdm_op_SpecChannel([15 x i8]* @fir_in_OC_channel_st, i32 1, [1 x i8]* @p_str157, [1 x i8]* @p_str157, i32 1, i32 21, i16* %fir_in_channel, i16* %fir_in_channel)"
ST_6 : Operation 21 [1/1] (0.00ns)   --->   "call void (...)* @_ssdm_op_SpecInterface(i16* %fir_in_channel, [8 x i8]* @ap_fifo_str, i32 0, i32 0, [1 x i8]* @p_str158, i32 0, i32 0, [1 x i8]* @p_str159, [1 x i8]* @p_str160, [1 x i8]* @p_str161, i32 2, i32 2, i32 16, i32 16, [1 x i8]* @p_str162, [1 x i8]* @p_str163)"
ST_6 : Operation 22 [1/1] (0.00ns)   --->   "%empty_6 = call i32 (...)* @_ssdm_op_SpecChannel([16 x i8]* @fir_out_OC_channel_s, i32 1, [1 x i8]* @p_str150, [1 x i8]* @p_str150, i32 1, i32 21, i24* %fir_out_channel, i24* %fir_out_channel)"
ST_6 : Operation 23 [1/1] (0.00ns)   --->   "call void (...)* @_ssdm_op_SpecInterface(i24* %fir_out_channel, [8 x i8]* @ap_fifo_str, i32 0, i32 0, [1 x i8]* @p_str151, i32 0, i32 0, [1 x i8]* @p_str152, [1 x i8]* @p_str153, [1 x i8]* @p_str154, i32 2, i32 2, i32 16, i32 16, [1 x i8]* @p_str155, [1 x i8]* @p_str156)"
ST_6 : Operation 24 [1/1] (0.00ns)   --->   "call void (...)* @_ssdm_op_SpecInterface(i16* %in_V, [8 x i8]* @p_str3, i32 0, i32 0, [1 x i8]* @p_str1, i32 0, i32 21, [1 x i8]* @p_str1, [1 x i8]* @p_str1, [1 x i8]* @p_str1, i32 0, i32 0, i32 0, i32 0, [1 x i8]* @p_str1, [1 x i8]* @p_str1)"
ST_6 : Operation 25 [1/1] (0.00ns)   --->   "call void (...)* @_ssdm_op_SpecInterface(i24* %out_V, [8 x i8]* @p_str3, i32 0, i32 0, [1 x i8]* @p_str1, i32 0, i32 21, [1 x i8]* @p_str1, [1 x i8]* @p_str1, [1 x i8]* @p_str1, i32 0, i32 0, i32 0, i32 0, [1 x i8]* @p_str1, [1 x i8]* @p_str1)"
ST_6 : Operation 26 [1/1] (0.00ns)   --->   "%empty_7 = call i32 (...)* @_ssdm_op_SpecChannel([7 x i8]* @fir_in_str, i32 1, [1 x i8]* @p_str88, [1 x i8]* @p_str88, i32 1, i32 21, i16* %fir_in_channel, i16* %fir_in_channel)"
ST_6 : Operation 27 [1/1] (0.00ns)   --->   "call void (...)* @_ssdm_op_SpecInterface(i16* %fir_in_channel, [8 x i8]* @ap_fifo_str, i32 0, i32 0, [1 x i8]* @p_str89, i32 0, i32 0, [1 x i8]* @p_str90, [1 x i8]* @p_str91, [1 x i8]* @p_str92, i32 2, i32 2, i32 16, i32 16, [1 x i8]* @p_str93, [1 x i8]* @p_str94)"
ST_6 : Operation 28 [1/1] (0.00ns)   --->   "%empty_8 = call i32 (...)* @_ssdm_op_SpecChannel([21 x i8]* @fir_config_OC_V_OC_c, i32 1, [1 x i8]* @p_str96, [1 x i8]* @p_str96, i32 1, i32 0, i8* %fir_config_V, i8* %fir_config_V)"
ST_6 : Operation 29 [1/1] (0.00ns)   --->   "call void (...)* @_ssdm_op_SpecInterface(i8* %fir_config_V, [8 x i8]* @ap_fifo_str, i32 0, i32 0, [1 x i8]* @p_str97, i32 0, i32 0, [1 x i8]* @p_str98, [1 x i8]* @p_str99, [1 x i8]* @p_str100, i32 2, i32 2, i32 16, i32 16, [1 x i8]* @p_str101, [1 x i8]* @p_str102)"
ST_6 : Operation 30 [1/1] (0.00ns)   --->   "%empty_9 = call i32 (...)* @_ssdm_op_SpecChannel([8 x i8]* @fir_out_str, i32 1, [1 x i8]* @p_str103, [1 x i8]* @p_str103, i32 1, i32 21, i24* %fir_out_channel, i24* %fir_out_channel)"
ST_6 : Operation 31 [1/1] (0.00ns)   --->   "call void (...)* @_ssdm_op_SpecInterface(i24* %fir_out_channel, [8 x i8]* @ap_fifo_str, i32 0, i32 0, [1 x i8]* @p_str104, i32 0, i32 0, [1 x i8]* @p_str105, [1 x i8]* @p_str106, [1 x i8]* @p_str107, i32 2, i32 2, i32 16, i32 16, [1 x i8]* @p_str108, [1 x i8]* @p_str109)"
ST_6 : Operation 32 [1/2] (0.00ns)   --->   "call fastcc void @dummy_be(i24* %fir_out_channel, i24* %out_V)" [fir_config.cpp:139]   --->   Core 0 '' <Latency = 0> <II = 1> <Delay = 1.00> <Generic> <Opcode : >
ST_6 : Operation 33 [1/1] (0.00ns)   --->   "ret void" [fir_config.cpp:140]


============================================================
+ Verbose Summary: Binding
============================================================
STG Binding: 
---------------- STG Properties BEGIN ----------------
- Is combinational: 0
- Is one-state seq: 0
- Is datapath-only: 0
- Is pipelined: 0
- Is top level: 1
Port [ Return ] is wired: 1; IO mode=ap_ctrl_hs:ce=0
Port [ in_V]:  wired=1; compound=1; hidden=0; nouse=0; global=0; static=0; extern=0; dir=0; type=3; pingpong=0; private_global=0; IO mode=ap_fifo:ce=0
Port [ out_V]:  wired=1; compound=1; hidden=0; nouse=0; global=0; static=0; extern=0; dir=1; type=3; pingpong=0; private_global=0; IO mode=ap_fifo:ce=0
Port [ config_V]:  wired=1; compound=0; hidden=0; nouse=0; global=0; static=0; extern=0; dir=0; type=0; pingpong=0; private_global=0; IO mode=ap_none:ce=0
---------------- STG Properties END ------------------

---------------- Datapath Model BEGIN ----------------

<LifeTime>
<method=bitvector/>
fir_config_V    (alloca              ) [ 0111111]
fir_in_channel  (alloca              ) [ 0111111]
fir_out_channel (alloca              ) [ 0011111]
StgValue_11     (call                ) [ 0000000]
StgValue_13     (call                ) [ 0000000]
StgValue_15     (specdataflowpipeline) [ 0000000]
StgValue_16     (specbitsmap         ) [ 0000000]
StgValue_17     (specbitsmap         ) [ 0000000]
StgValue_18     (specbitsmap         ) [ 0000000]
StgValue_19     (spectopmodule       ) [ 0000000]
empty           (specchannel         ) [ 0000000]
StgValue_21     (specinterface       ) [ 0000000]
empty_6         (specchannel         ) [ 0000000]
StgValue_23     (specinterface       ) [ 0000000]
StgValue_24     (specinterface       ) [ 0000000]
StgValue_25     (specinterface       ) [ 0000000]
empty_7         (specchannel         ) [ 0000000]
StgValue_27     (specinterface       ) [ 0000000]
empty_8         (specchannel         ) [ 0000000]
StgValue_29     (specinterface       ) [ 0000000]
empty_9         (specchannel         ) [ 0000000]
StgValue_31     (specinterface       ) [ 0000000]
StgValue_32     (call                ) [ 0000000]
StgValue_33     (ret                 ) [ 0000000]
</LifeTime>

<model>

<comp_list>
<comp id="0" class="1000" name="in_V">
<pin_list>
<pin id="1" dir="1" index="0" bw="1" slack="0"/>
</pin_list>
<bind>
<StgValue><ssdm name="in_V"/></StgValue>
</bind>
</comp>

<comp id="2" class="1000" name="out_V">
<pin_list>
<pin id="3" dir="1" index="0" bw="1" slack="0"/>
</pin_list>
<bind>
<StgValue><ssdm name="out_V"/></StgValue>
</bind>
</comp>

<comp id="4" class="1000" name="config_V">
<pin_list>
<pin id="5" dir="1" index="0" bw="1" slack="0"/>
</pin_list>
<bind>
<StgValue><ssdm name="config_V"/></StgValue>
</bind>
</comp>

<comp id="6" class="1001" name="const_6">
<pin_list>
<pin id="7" dir="1" index="0" bw="1" slack="0"/>
</pin_list>
<bind>
<StgValue><ssdm name=""/></StgValue>
</bind>
</comp>

<comp id="8" class="1001" name="const_8">
<pin_list>
<pin id="9" dir="1" index="0" bw="1" slack="0"/>
</pin_list>
<bind>
<StgValue><ssdm name="dummy_fe"/></StgValue>
</bind>
</comp>

<comp id="10" class="1001" name="const_10">
<pin_list>
<pin id="11" dir="1" index="0" bw="1" slack="0"/>
</pin_list>
<bind>
<StgValue><ssdm name="__fir_config.cpp_lin"/></StgValue>
</bind>
</comp>

<comp id="12" class="1001" name="const_12">
<pin_list>
<pin id="13" dir="1" index="0" bw="1" slack="0"/>
</pin_list>
<bind>
<StgValue><ssdm name="dummy_be"/></StgValue>
</bind>
</comp>

<comp id="14" class="1001" name="const_14">
<pin_list>
<pin id="15" dir="1" index="0" bw="1" slack="2147483647"/>
</pin_list>
<bind>
<StgValue><ssdm name="_ssdm_op_SpecDataflowPipeline"/></StgValue>
</bind>
</comp>

<comp id="16" class="1001" name="const_16">
<pin_list>
<pin id="17" dir="1" index="0" bw="1" slack="2147483647"/>
</pin_list>
<bind>
<StgValue><ssdm name=""/></StgValue>
</bind>
</comp>

<comp id="18" class="1001" name="const_18">
<pin_list>
<pin id="19" dir="1" index="0" bw="1" slack="2147483647"/>
</pin_list>
<bind>
<StgValue><ssdm name="p_str1"/></StgValue>
</bind>
</comp>

<comp id="20" class="1001" name="const_20">
<pin_list>
<pin id="21" dir="1" index="0" bw="1" slack="2147483647"/>
</pin_list>
<bind>
<StgValue><ssdm name="_ssdm_op_SpecBitsMap"/></StgValue>
</bind>
</comp>

<comp id="22" class="1001" name="const_22">
<pin_list>
<pin id="23" dir="1" index="0" bw="1" slack="2147483647"/>
</pin_list>
<bind>
<StgValue><ssdm name="_ssdm_op_SpecTopModule"/></StgValue>
</bind>
</comp>

<comp id="24" class="1001" name="const_24">
<pin_list>
<pin id="25" dir="1" index="0" bw="1" slack="2147483647"/>
</pin_list>
<bind>
<StgValue><ssdm name="fir_top_str"/></StgValue>
</bind>
</comp>

<comp id="26" class="1001" name="const_26">
<pin_list>
<pin id="27" dir="1" index="0" bw="1" slack="2147483647"/>
</pin_list>
<bind>
<StgValue><ssdm name="_ssdm_op_SpecChannel"/></StgValue>
</bind>
</comp>

<comp id="28" class="1001" name="const_28">
<pin_list>
<pin id="29" dir="1" index="0" bw="1" slack="2147483647"/>
</pin_list>
<bind>
<StgValue><ssdm name="fir_in_OC_channel_st"/></StgValue>
</bind>
</comp>

<comp id="30" class="1001" name="const_30">
<pin_list>
<pin id="31" dir="1" index="0" bw="1" slack="2147483647"/>
</pin_list>
<bind>
<StgValue><ssdm name=""/></StgValue>
</bind>
</comp>

<comp id="32" class="1001" name="const_32">
<pin_list>
<pin id="33" dir="1" index="0" bw="1" slack="2147483647"/>
</pin_list>
<bind>
<StgValue><ssdm name="p_str157"/></StgValue>
</bind>
</comp>

<comp id="34" class="1001" name="const_34">
<pin_list>
<pin id="35" dir="1" index="0" bw="1" slack="2147483647"/>
</pin_list>
<bind>
<StgValue><ssdm name=""/></StgValue>
</bind>
</comp>

<comp id="36" class="1001" name="const_36">
<pin_list>
<pin id="37" dir="1" index="0" bw="1" slack="2147483647"/>
</pin_list>
<bind>
<StgValue><ssdm name="_ssdm_op_SpecInterface"/></StgValue>
</bind>
</comp>

<comp id="38" class="1001" name="const_38">
<pin_list>
<pin id="39" dir="1" index="0" bw="1" slack="2147483647"/>
</pin_list>
<bind>
<StgValue><ssdm name="ap_fifo_str"/></StgValue>
</bind>
</comp>

<comp id="40" class="1001" name="const_40">
<pin_list>
<pin id="41" dir="1" index="0" bw="1" slack="2147483647"/>
</pin_list>
<bind>
<StgValue><ssdm name=""/></StgValue>
</bind>
</comp>

<comp id="42" class="1001" name="const_42">
<pin_list>
<pin id="43" dir="1" index="0" bw="1" slack="2147483647"/>
</pin_list>
<bind>
<StgValue><ssdm name="p_str158"/></StgValue>
</bind>
</comp>

<comp id="44" class="1001" name="const_44">
<pin_list>
<pin id="45" dir="1" index="0" bw="1" slack="2147483647"/>
</pin_list>
<bind>
<StgValue><ssdm name="p_str159"/></StgValue>
</bind>
</comp>

<comp id="46" class="1001" name="const_46">
<pin_list>
<pin id="47" dir="1" index="0" bw="1" slack="2147483647"/>
</pin_list>
<bind>
<StgValue><ssdm name="p_str160"/></StgValue>
</bind>
</comp>

<comp id="48" class="1001" name="const_48">
<pin_list>
<pin id="49" dir="1" index="0" bw="1" slack="2147483647"/>
</pin_list>
<bind>
<StgValue><ssdm name="p_str161"/></StgValue>
</bind>
</comp>

<comp id="50" class="1001" name="const_50">
<pin_list>
<pin id="51" dir="1" index="0" bw="1" slack="2147483647"/>
</pin_list>
<bind>
<StgValue><ssdm name=""/></StgValue>
</bind>
</comp>

<comp id="52" class="1001" name="const_52">
<pin_list>
<pin id="53" dir="1" index="0" bw="1" slack="2147483647"/>
</pin_list>
<bind>
<StgValue><ssdm name=""/></StgValue>
</bind>
</comp>

<comp id="54" class="1001" name="const_54">
<pin_list>
<pin id="55" dir="1" index="0" bw="1" slack="2147483647"/>
</pin_list>
<bind>
<StgValue><ssdm name="p_str162"/></StgValue>
</bind>
</comp>

<comp id="56" class="1001" name="const_56">
<pin_list>
<pin id="57" dir="1" index="0" bw="1" slack="2147483647"/>
</pin_list>
<bind>
<StgValue><ssdm name="p_str163"/></StgValue>
</bind>
</comp>

<comp id="58" class="1001" name="const_58">
<pin_list>
<pin id="59" dir="1" index="0" bw="1" slack="2147483647"/>
</pin_list>
<bind>
<StgValue><ssdm name="fir_out_OC_channel_s"/></StgValue>
</bind>
</comp>

<comp id="60" class="1001" name="const_60">
<pin_list>
<pin id="61" dir="1" index="0" bw="1" slack="2147483647"/>
</pin_list>
<bind>
<StgValue><ssdm name="p_str150"/></StgValue>
</bind>
</comp>

<comp id="62" class="1001" name="const_62">
<pin_list>
<pin id="63" dir="1" index="0" bw="1" slack="2147483647"/>
</pin_list>
<bind>
<StgValue><ssdm name="p_str151"/></StgValue>
</bind>
</comp>

<comp id="64" class="1001" name="const_64">
<pin_list>
<pin id="65" dir="1" index="0" bw="1" slack="2147483647"/>
</pin_list>
<bind>
<StgValue><ssdm name="p_str152"/></StgValue>
</bind>
</comp>

<comp id="66" class="1001" name="const_66">
<pin_list>
<pin id="67" dir="1" index="0" bw="1" slack="2147483647"/>
</pin_list>
<bind>
<StgValue><ssdm name="p_str153"/></StgValue>
</bind>
</comp>

<comp id="68" class="1001" name="const_68">
<pin_list>
<pin id="69" dir="1" index="0" bw="1" slack="2147483647"/>
</pin_list>
<bind>
<StgValue><ssdm name="p_str154"/></StgValue>
</bind>
</comp>

<comp id="70" class="1001" name="const_70">
<pin_list>
<pin id="71" dir="1" index="0" bw="1" slack="2147483647"/>
</pin_list>
<bind>
<StgValue><ssdm name="p_str155"/></StgValue>
</bind>
</comp>

<comp id="72" class="1001" name="const_72">
<pin_list>
<pin id="73" dir="1" index="0" bw="1" slack="2147483647"/>
</pin_list>
<bind>
<StgValue><ssdm name="p_str156"/></StgValue>
</bind>
</comp>

<comp id="74" class="1001" name="const_74">
<pin_list>
<pin id="75" dir="1" index="0" bw="1" slack="2147483647"/>
</pin_list>
<bind>
<StgValue><ssdm name="p_str3"/></StgValue>
</bind>
</comp>

<comp id="76" class="1001" name="const_76">
<pin_list>
<pin id="77" dir="1" index="0" bw="1" slack="2147483647"/>
</pin_list>
<bind>
<StgValue><ssdm name="fir_in_str"/></StgValue>
</bind>
</comp>

<comp id="78" class="1001" name="const_78">
<pin_list>
<pin id="79" dir="1" index="0" bw="1" slack="2147483647"/>
</pin_list>
<bind>
<StgValue><ssdm name="p_str88"/></StgValue>
</bind>
</comp>

<comp id="80" class="1001" name="const_80">
<pin_list>
<pin id="81" dir="1" index="0" bw="1" slack="2147483647"/>
</pin_list>
<bind>
<StgValue><ssdm name="p_str89"/></StgValue>
</bind>
</comp>

<comp id="82" class="1001" name="const_82">
<pin_list>
<pin id="83" dir="1" index="0" bw="1" slack="2147483647"/>
</pin_list>
<bind>
<StgValue><ssdm name="p_str90"/></StgValue>
</bind>
</comp>

<comp id="84" class="1001" name="const_84">
<pin_list>
<pin id="85" dir="1" index="0" bw="1" slack="2147483647"/>
</pin_list>
<bind>
<StgValue><ssdm name="p_str91"/></StgValue>
</bind>
</comp>

<comp id="86" class="1001" name="const_86">
<pin_list>
<pin id="87" dir="1" index="0" bw="1" slack="2147483647"/>
</pin_list>
<bind>
<StgValue><ssdm name="p_str92"/></StgValue>
</bind>
</comp>

<comp id="88" class="1001" name="const_88">
<pin_list>
<pin id="89" dir="1" index="0" bw="1" slack="2147483647"/>
</pin_list>
<bind>
<StgValue><ssdm name="p_str93"/></StgValue>
</bind>
</comp>

<comp id="90" class="1001" name="const_90">
<pin_list>
<pin id="91" dir="1" index="0" bw="1" slack="2147483647"/>
</pin_list>
<bind>
<StgValue><ssdm name="p_str94"/></StgValue>
</bind>
</comp>

<comp id="92" class="1001" name="const_92">
<pin_list>
<pin id="93" dir="1" index="0" bw="1" slack="2147483647"/>
</pin_list>
<bind>
<StgValue><ssdm name="fir_config_OC_V_OC_c"/></StgValue>
</bind>
</comp>

<comp id="94" class="1001" name="const_94">
<pin_list>
<pin id="95" dir="1" index="0" bw="1" slack="2147483647"/>
</pin_list>
<bind>
<StgValue><ssdm name="p_str96"/></StgValue>
</bind>
</comp>

<comp id="96" class="1001" name="const_96">
<pin_list>
<pin id="97" dir="1" index="0" bw="1" slack="2147483647"/>
</pin_list>
<bind>
<StgValue><ssdm name="p_str97"/></StgValue>
</bind>
</comp>

<comp id="98" class="1001" name="const_98">
<pin_list>
<pin id="99" dir="1" index="0" bw="1" slack="2147483647"/>
</pin_list>
<bind>
<StgValue><ssdm name="p_str98"/></StgValue>
</bind>
</comp>

<comp id="100" class="1001" name="const_100">
<pin_list>
<pin id="101" dir="1" index="0" bw="1" slack="2147483647"/>
</pin_list>
<bind>
<StgValue><ssdm name="p_str99"/></StgValue>
</bind>
</comp>

<comp id="102" class="1001" name="const_102">
<pin_list>
<pin id="103" dir="1" index="0" bw="1" slack="2147483647"/>
</pin_list>
<bind>
<StgValue><ssdm name="p_str100"/></StgValue>
</bind>
</comp>

<comp id="104" class="1001" name="const_104">
<pin_list>
<pin id="105" dir="1" index="0" bw="1" slack="2147483647"/>
</pin_list>
<bind>
<StgValue><ssdm name="p_str101"/></StgValue>
</bind>
</comp>

<comp id="106" class="1001" name="const_106">
<pin_list>
<pin id="107" dir="1" index="0" bw="1" slack="2147483647"/>
</pin_list>
<bind>
<StgValue><ssdm name="p_str102"/></StgValue>
</bind>
</comp>

<comp id="108" class="1001" name="const_108">
<pin_list>
<pin id="109" dir="1" index="0" bw="1" slack="2147483647"/>
</pin_list>
<bind>
<StgValue><ssdm name="fir_out_str"/></StgValue>
</bind>
</comp>

<comp id="110" class="1001" name="const_110">
<pin_list>
<pin id="111" dir="1" index="0" bw="1" slack="2147483647"/>
</pin_list>
<bind>
<StgValue><ssdm name="p_str103"/></StgValue>
</bind>
</comp>

<comp id="112" class="1001" name="const_112">
<pin_list>
<pin id="113" dir="1" index="0" bw="1" slack="2147483647"/>
</pin_list>
<bind>
<StgValue><ssdm name="p_str104"/></StgValue>
</bind>
</comp>

<comp id="114" class="1001" name="const_114">
<pin_list>
<pin id="115" dir="1" index="0" bw="1" slack="2147483647"/>
</pin_list>
<bind>
<StgValue><ssdm name="p_str105"/></StgValue>
</bind>
</comp>

<comp id="116" class="1001" name="const_116">
<pin_list>
<pin id="117" dir="1" index="0" bw="1" slack="2147483647"/>
</pin_list>
<bind>
<StgValue><ssdm name="p_str106"/></StgValue>
</bind>
</comp>

<comp id="118" class="1001" name="const_118">
<pin_list>
<pin id="119" dir="1" index="0" bw="1" slack="2147483647"/>
</pin_list>
<bind>
<StgValue><ssdm name="p_str107"/></StgValue>
</bind>
</comp>

<comp id="120" class="1001" name="const_120">
<pin_list>
<pin id="121" dir="1" index="0" bw="1" slack="2147483647"/>
</pin_list>
<bind>
<StgValue><ssdm name="p_str108"/></StgValue>
</bind>
</comp>

<comp id="122" class="1001" name="const_122">
<pin_list>
<pin id="123" dir="1" index="0" bw="1" slack="2147483647"/>
</pin_list>
<bind>
<StgValue><ssdm name="p_str109"/></StgValue>
</bind>
</comp>

<comp id="124" class="1004" name="fir_config_V_fu_124">
<pin_list>
<pin id="125" dir="0" index="0" bw="1" slack="0"/>
<pin id="126" dir="1" index="1" bw="8" slack="0"/>
</pin_list>
<bind>
<opcode="alloca(26) " fcode="alloca"/>
<opset="fir_config_V/1 "/>
</bind>
</comp>

<comp id="128" class="1004" name="fir_in_channel_fu_128">
<pin_list>
<pin id="129" dir="0" index="0" bw="1" slack="0"/>
<pin id="130" dir="1" index="1" bw="16" slack="0"/>
</pin_list>
<bind>
<opcode="alloca(26) " fcode="alloca"/>
<opset="fir_in_channel/1 "/>
</bind>
</comp>

<comp id="132" class="1004" name="fir_out_channel_fu_132">
<pin_list>
<pin id="133" dir="0" index="0" bw="1" slack="0"/>
<pin id="134" dir="1" index="1" bw="24" slack="2"/>
</pin_list>
<bind>
<opcode="alloca(26) " fcode="alloca"/>
<opset="fir_out_channel/1 "/>
</bind>
</comp>

<comp id="136" class="1004" name="grp_p_fir_config_cpp_lin_fu_136">
<pin_list>
<pin id="137" dir="0" index="0" bw="0" slack="0"/>
<pin id="138" dir="0" index="1" bw="16" slack="2"/>
<pin id="139" dir="0" index="2" bw="24" slack="2"/>
<pin id="140" dir="0" index="3" bw="8" slack="2"/>
<pin id="141" dir="1" index="4" bw="0" slack="2147483647"/>
</pin_list>
<bind>
<opcode="call(48) " fcode="call"/>
<opset="StgValue_12/3 "/>
</bind>
</comp>

<comp id="143" class="1004" name="grp_dummy_fe_fu_143">
<pin_list>
<pin id="144" dir="0" index="0" bw="0" slack="0"/>
<pin id="145" dir="0" index="1" bw="16" slack="0"/>
<pin id="146" dir="0" index="2" bw="16" slack="0"/>
<pin id="147" dir="0" index="3" bw="8" slack="0"/>
<pin id="148" dir="0" index="4" bw="8" slack="0"/>
<pin id="149" dir="1" index="5" bw="0" slack="2147483647"/>
</pin_list>
<bind>
<opcode="call(48) " fcode="call"/>
<opset="StgValue_10/1 "/>
</bind>
</comp>

<comp id="153" class="1004" name="grp_dummy_be_fu_153">
<pin_list>
<pin id="154" dir="0" index="0" bw="0" slack="0"/>
<pin id="155" dir="0" index="1" bw="24" slack="4"/>
<pin id="156" dir="0" index="2" bw="24" slack="0"/>
<pin id="157" dir="1" index="3" bw="0" slack="2147483647"/>
</pin_list>
<bind>
<opcode="call(48) " fcode="call"/>
<opset="StgValue_14/5 "/>
</bind>
</comp>

<comp id="160" class="1005" name="fir_config_V_reg_160">
<pin_list>
<pin id="161" dir="0" index="0" bw="8" slack="0"/>
<pin id="162" dir="1" index="1" bw="8" slack="0"/>
</pin_list>
<bind>
<opset="fir_config_V "/>
</bind>
</comp>

<comp id="166" class="1005" name="fir_in_channel_reg_166">
<pin_list>
<pin id="167" dir="0" index="0" bw="16" slack="0"/>
<pin id="168" dir="1" index="1" bw="16" slack="0"/>
</pin_list>
<bind>
<opset="fir_in_channel "/>
</bind>
</comp>

<comp id="172" class="1005" name="fir_out_channel_reg_172">
<pin_list>
<pin id="173" dir="0" index="0" bw="24" slack="2"/>
<pin id="174" dir="1" index="1" bw="24" slack="2"/>
</pin_list>
<bind>
<opset="fir_out_channel "/>
</bind>
</comp>

</comp_list>

<net_list>
<net id="127"><net_src comp="6" pin="0"/><net_sink comp="124" pin=0"/></net>

<net id="131"><net_src comp="6" pin="0"/><net_sink comp="128" pin=0"/></net>

<net id="135"><net_src comp="6" pin="0"/><net_sink comp="132" pin=0"/></net>

<net id="142"><net_src comp="10" pin="0"/><net_sink comp="136" pin=0"/></net>

<net id="150"><net_src comp="8" pin="0"/><net_sink comp="143" pin=0"/></net>

<net id="151"><net_src comp="0" pin="0"/><net_sink comp="143" pin=1"/></net>

<net id="152"><net_src comp="4" pin="0"/><net_sink comp="143" pin=3"/></net>

<net id="158"><net_src comp="12" pin="0"/><net_sink comp="153" pin=0"/></net>

<net id="159"><net_src comp="2" pin="0"/><net_sink comp="153" pin=2"/></net>

<net id="163"><net_src comp="124" pin="1"/><net_sink comp="160" pin=0"/></net>

<net id="164"><net_src comp="160" pin="1"/><net_sink comp="143" pin=4"/></net>

<net id="165"><net_src comp="160" pin="1"/><net_sink comp="136" pin=3"/></net>

<net id="169"><net_src comp="128" pin="1"/><net_sink comp="166" pin=0"/></net>

<net id="170"><net_src comp="166" pin="1"/><net_sink comp="143" pin=2"/></net>

<net id="171"><net_src comp="166" pin="1"/><net_sink comp="136" pin=1"/></net>

<net id="175"><net_src comp="132" pin="1"/><net_sink comp="172" pin=0"/></net>

<net id="176"><net_src comp="172" pin="1"/><net_sink comp="136" pin=2"/></net>

<net id="177"><net_src comp="172" pin="1"/><net_sink comp="153" pin=1"/></net>

</net_list>

</model> 
---------------- Datapath Model END ------------------

* FSMD analyzer results:
  - Output states:
	Port: out_V | {5 6 }
 - Input state : 
	Port: fir_top : in_V | {1 2 }
	Port: fir_top : config_V | {1 2 }
  - Chain level:
	State 1
		StgValue_10 : 1
	State 2
	State 3
	State 4
	State 5
	State 6


============================================================
+ Verbose Summary: Datapath Resource usage 
============================================================

* Functional unit list:
|----------|---------------------------------|---------|---------|---------|---------|---------|
| Operation|         Functional Unit         |   BRAM  |  DSP48E |  Delay  |    FF   |   LUT   |
|----------|---------------------------------|---------|---------|---------|---------|---------|
|          | grp_p_fir_config_cpp_lin_fu_136 |    0    |    21   |    0    |   236   |   213   |
|   call   |       grp_dummy_fe_fu_143       |    0    |    0    |   1.35  |    20   |    35   |
|          |       grp_dummy_be_fu_153       |    0    |    0    |    0    |    10   |    26   |
|----------|---------------------------------|---------|---------|---------|---------|---------|
|   Total  |                                 |    0    |    21   |   1.35  |   266   |   274   |
|----------|---------------------------------|---------|---------|---------|---------|---------|

Memories:
N/A

* Register list:
+-----------------------+--------+
|                       |   FF   |
+-----------------------+--------+
|  fir_config_V_reg_160 |    8   |
| fir_in_channel_reg_166|   16   |
|fir_out_channel_reg_172|   24   |
+-----------------------+--------+
|         Total         |   48   |
+-----------------------+--------+

* Multiplexer (MUX) list: 
|--------|------|------|------|--------|
|  Comp  |  Pin | Size |  BW  | S x BW |
|--------|------|------|------|--------|
|  Total |      |      |      |    0   |
|--------|------|------|------|--------|



* Summary:
+-----------+--------+--------+--------+--------+--------+
|           |  BRAM  | DSP48E |  Delay |   FF   |   LUT  |
+-----------+--------+--------+--------+--------+--------+
|  Function |    0   |   21   |    1   |   266  |   274  |
|   Memory  |    -   |    -   |    -   |    -   |    -   |
|Multiplexer|    -   |    -   |    -   |    -   |    -   |
|  Register |    -   |    -   |    -   |   48   |    -   |
+-----------+--------+--------+--------+--------+--------+
|   Total   |    0   |   21   |    1   |   314  |   274  |
+-----------+--------+--------+--------+--------+--------+
