

================================================================
== Vivado HLS Report for 'p_fir_config_cpp_lin'
================================================================
* Date:           Sun Feb  4 23:54:54 2018

* Version:        2017.4 (Build 2086221 on Fri Dec 15 21:13:33 MST 2017)
* Project:        proj
* Solution:       solution1
* Product family: artix7
* Target device:  xc7a200tfbg676-2


================================================================
== Performance Estimates
================================================================
+ Timing (ns): 
    * Summary: 
    +--------+-------+----------+------------+
    |  Clock | Target| Estimated| Uncertainty|
    +--------+-------+----------+------------+
    |ap_clk  |  10.00|      8.75|        1.25|
    +--------+-------+----------+------------+

+ Latency (clock cycles): 
    * Summary: 
    +-----+-----+-----+-----+---------+
    |  Latency  |  Interval | Pipeline|
    | min | max | min | max |   Type  |
    +-----+-----+-----+-----+---------+
    |   29|   29|   29|   29|   none  |
    +-----+-----+-----+-----+---------+

    + Detail: 
        * Instance: 
        N/A

        * Loop: 
        N/A

============================================================
+ Verbose Summary: Synthesis Manager
============================================================
InlineROM: 1
ExposeGlobal: 0
============================================================
+ Verbose Summary: CDFG Model
============================================================
IsTopModel: 0
ResetActiveHigh: 1
IsCombinational: 2
IsDatapathOnly: 0
HasWiredReturn: 1
HasMFsm: 0
HasVarLatency: 1
IsPipeline: 0
IsRtlPipelined: 0
IsInstanceOverlapped: 0
IsDontTouch: 0
HasImplIP: 0
IsGatedGlobalClock: 0


============================================================
+ Verbose Summary: Schedule
============================================================
* Number of FSM states : 2
* Pipeline : 0
* Dataflow Pipeline: 0

* FSM state transitions: 
1 --> 
	2  / true
2 --> 

* FSM state operations: 

 <State 1> : 8.75ns
ST_1 : Operation 3 [2/2] (8.75ns)   --->   "call fastcc void @run(i16* %fir_in, i24* %fir_out, i8* %fir_config_V)" [fir_config.cpp:138]   --->   Core 13 'Vivado_FIR' <Latency = 28> <II = 0> <Delay = 2.00> <IPBlock> <Opcode : > <InPorts = 2> <OutPorts = 1> <Async> <VivadoIP> <CReg>

 <State 2> : 8.75ns
ST_2 : Operation 4 [1/1] (0.00ns)   --->   "call void (...)* @_ssdm_op_SpecInterface(i8* %fir_config_V, [8 x i8]* @ap_fifo_str, i32 0, i32 0, [1 x i8]* @p_str137, i32 0, i32 0, [1 x i8]* @p_str138, [1 x i8]* @p_str139, [1 x i8]* @p_str140, i32 2, i32 2, i32 16, i32 16, [1 x i8]* @p_str141, [1 x i8]* @p_str142)"
ST_2 : Operation 5 [1/1] (0.00ns)   --->   "call void (...)* @_ssdm_op_SpecInterface(i24* %fir_out, [8 x i8]* @ap_fifo_str, i32 0, i32 0, [1 x i8]* @p_str131, i32 0, i32 0, [1 x i8]* @p_str132, [1 x i8]* @p_str133, [1 x i8]* @p_str134, i32 2, i32 2, i32 16, i32 16, [1 x i8]* @p_str135, [1 x i8]* @p_str136)"
ST_2 : Operation 6 [1/1] (0.00ns)   --->   "call void (...)* @_ssdm_op_SpecInterface(i16* %fir_in, [8 x i8]* @ap_fifo_str, i32 0, i32 0, [1 x i8]* @p_str125, i32 0, i32 0, [1 x i8]* @p_str126, [1 x i8]* @p_str127, [1 x i8]* @p_str128, i32 2, i32 2, i32 16, i32 16, [1 x i8]* @p_str129, [1 x i8]* @p_str130)"
ST_2 : Operation 7 [1/2] (8.75ns)   --->   "call fastcc void @run(i16* %fir_in, i24* %fir_out, i8* %fir_config_V)" [fir_config.cpp:138]   --->   Core 13 'Vivado_FIR' <Latency = 28> <II = 0> <Delay = 2.00> <IPBlock> <Opcode : > <InPorts = 2> <OutPorts = 1> <Async> <VivadoIP> <CReg>
ST_2 : Operation 8 [1/1] (0.00ns)   --->   "ret void"


============================================================
+ Verbose Summary: Timing violations
============================================================
Target clock period: 10ns, clock uncertainty: 1.25ns.

 <State 1>: 8.75ns
The critical path consists of the following:
	'call' operation (fir_config.cpp:138) to 'run' [7]  (8.75 ns)

 <State 2>: 8.75ns
The critical path consists of the following:
	'call' operation (fir_config.cpp:138) to 'run' [7]  (8.75 ns)


============================================================
+ Verbose Summary: Binding
============================================================
N/A
* FSMD analyzer results:
  - Output states:
 - Input state : 
  - Chain level:
	State 1
	State 2


============================================================
+ Verbose Summary: Datapath Resource usage 
============================================================
N/A
