Copyright 1986-2020 Xilinx, Inc. All Rights Reserved.
----------------------------------------------------------------------------------------------
| Tool Version : Vivado v.2020.1 (lin64) Build 2902540 Wed May 27 19:54:35 MDT 2020
| Date         : Sun Aug  9 13:20:54 2020
| Host         : luigilinux running 64-bit unknown
| Command      : report_control_sets -verbose -file mb_preset_wrapper_control_sets_placed.rpt
| Design       : mb_preset_wrapper
| Device       : xc7a35t
----------------------------------------------------------------------------------------------

Control Set Information

Table of Contents
-----------------
1. Summary
2. Histogram
3. Flip-Flop Distribution
4. Detailed Control Set Information

1. Summary
----------

+----------------------------------------------------------+-------+
|                          Status                          | Count |
+----------------------------------------------------------+-------+
| Total control sets                                       |    94 |
|    Minimum number of control sets                        |    94 |
|    Addition due to synthesis replication                 |     0 |
|    Addition due to physical synthesis replication        |     0 |
| Unused register locations in slices containing registers |   313 |
+----------------------------------------------------------+-------+
* Control sets can be merged at opt_design using control_set_merge or merge_equivalent_drivers
** Run report_qor_suggestions for automated merging and remapping suggestions


2. Histogram
------------

+--------------------+-------+
|       Fanout       | Count |
+--------------------+-------+
| Total control sets |    94 |
| >= 0 to < 4        |    19 |
| >= 4 to < 6        |    18 |
| >= 6 to < 8        |     8 |
| >= 8 to < 10       |     9 |
| >= 10 to < 12      |     3 |
| >= 12 to < 14      |     1 |
| >= 14 to < 16      |     0 |
| >= 16              |    36 |
+--------------------+-------+
* Control sets can be remapped at either synth_design or opt_design


3. Flip-Flop Distribution
-------------------------

+--------------+-----------------------+------------------------+-----------------+--------------+
| Clock Enable | Synchronous Set/Reset | Asynchronous Set/Reset | Total Registers | Total Slices |
+--------------+-----------------------+------------------------+-----------------+--------------+
| No           | No                    | No                     |             558 |          159 |
| No           | No                    | Yes                    |              29 |            9 |
| No           | Yes                   | No                     |             442 |          161 |
| Yes          | No                    | No                     |             240 |           72 |
| Yes          | No                    | Yes                    |              15 |            8 |
| Yes          | Yes                   | No                     |             523 |          149 |
+--------------+-----------------------+------------------------+-----------------+--------------+


4. Detailed Control Set Information
-----------------------------------

+-------------------------------------------------------------+------------------------------------------------------------------------------------------------------------------------------------------------------------------------------------------------------------+-----------------------------------------------------------------------------------------------------------------------------------------------------------------------------+------------------+----------------+--------------+
|                         Clock Signal                        |                                                                                                Enable Signal                                                                                               |                                                                               Set/Reset Signal                                                                              | Slice Load Count | Bel Load Count | Bels / Slice |
+-------------------------------------------------------------+------------------------------------------------------------------------------------------------------------------------------------------------------------------------------------------------------------+-----------------------------------------------------------------------------------------------------------------------------------------------------------------------------+------------------+----------------+--------------+
|  mb_preset_i/clk_wiz_1/inst/clk_out1                        |                                                                                                                                                                                                            | mb_preset_i/microblaze_0/U0/MicroBlaze_Core_I/Area.Core/Implement_Debug_Logic.Master_Core.Debug_Area/capture_1                                                              |                1 |              1 |         1.00 |
|  mb_preset_i/clk_wiz_1/inst/clk_out1                        |                                                                                                                                                                                                            | mb_preset_i/microblaze_0/U0/MicroBlaze_Core_I/Area.Core/Decode_I/exception_kind[0]                                                                                          |                1 |              1 |         1.00 |
|  mb_preset_i/mdm_1/U0/No_Dbg_Reg_Access.BUFG_DRCK/Dbg_Clk_0 | mb_preset_i/mdm_1/U0/Use_E2.BSCAN_I/Use_BSCAN.PORT_Selector_reg[0]                                                                                                                                         | mb_preset_i/mdm_1/U0/MDM_Core_I1/JTAG_CONTROL_I/sel_with_scan_reset                                                                                                         |                1 |              1 |         1.00 |
|  mb_preset_i/clk_wiz_1/inst/clk_out1                        |                                                                                                                                                                                                            | mb_preset_i/microblaze_0/U0/MicroBlaze_Core_I/Area.Core/Implement_Debug_Logic.Master_Core.Debug_Area/Area_Debug_Control.Dbg_Inhibit_EX_FDRSE/Use_Async_Reset.sync_reset_reg |                1 |              1 |         1.00 |
|  mb_preset_i/clk_wiz_1/inst/clk_out1                        |                                                                                                                                                                                                            | mb_preset_i/microblaze_0/U0/MicroBlaze_Core_I/Area.Core/Decode_I/MSR_Rst                                                                                                    |                1 |              1 |         1.00 |
|  mb_preset_i/clk_wiz_1/inst/clk_out1                        |                                                                                                                                                                                                            | mb_preset_i/microblaze_0/U0/MicroBlaze_Core_I/Area.Core/Decode_I/Using_FPGA.Using_Breakable_Pipe.Take_Intr_MUXCY_3/Using_FPGA.Native_0                                      |                1 |              1 |         1.00 |
|  mb_preset_i/clk_wiz_1/inst/clk_out1                        |                                                                                                                                                                                                            | mb_preset_i/microblaze_0/U0/MicroBlaze_Core_I/Area.Core/Decode_I/Using_FPGA.New_Carry_MUXCY/Use_Async_Reset.sync_reset_reg                                                  |                1 |              1 |         1.00 |
|  mb_preset_i/clk_wiz_1/inst/clk_out1                        |                                                                                                                                                                                                            | mb_preset_i/microblaze_0/U0/MicroBlaze_Core_I/Area.Core/Implement_Debug_Logic.Master_Core.Debug_Area/Area_Debug_Control.Dbg_Inhibit_EX_FDRSE/Using_FPGA.Native_i_1__135_n_0 |                1 |              1 |         1.00 |
|  mb_preset_i/clk_wiz_1/inst/clk_out1                        | mb_preset_i/microblaze_0/U0/MicroBlaze_Core_I/Area.Core/Decode_I/Using_FPGA.of_PipeRun_MuxCY_1/mul_Executing_reg                                                                                           | mb_preset_i/microblaze_0/U0/MicroBlaze_Core_I/Area.Core/Decode_I/Using_FPGA.of_PipeRun_MuxCY_1/Use_Async_Reset.sync_reset_reg_0                                             |                1 |              1 |         1.00 |
|  mb_preset_i/clk_wiz_1/inst/clk_out1                        |                                                                                                                                                                                                            | mb_preset_i/microblaze_0/U0/MicroBlaze_Core_I/Area.Core/Implement_Debug_Logic.Master_Core.Debug_Area/Area_Debug_Control.Stop_CPU_FDRSE/Using_FPGA.Native_i_1__134_n_0       |                1 |              1 |         1.00 |
|  mb_preset_i/mdm_1/U0/Use_E2.BSCAN_I/Ext_JTAG_UPDATE_BUFG   | mb_preset_i/microblaze_0/U0/MicroBlaze_Core_I/Area.Core/Implement_Debug_Logic.Master_Core.Debug_Area/Control_Reg_En                                                                                        | mb_preset_i/microblaze_0/U0/MicroBlaze_Core_I/Area.Core/Implement_Debug_Logic.Master_Core.Debug_Area/start_single_step_reg_n_0                                              |                1 |              1 |         1.00 |
|  mb_preset_i/mdm_1/U0/Use_E2.BSCAN_I/Ext_JTAG_UPDATE_BUFG   | mb_preset_i/microblaze_0/U0/MicroBlaze_Core_I/Area.Core/Implement_Debug_Logic.Master_Core.Debug_Area/Control_Reg_En                                                                                        | mb_preset_i/microblaze_0/U0/MicroBlaze_Core_I/Area.Core/Implement_Debug_Logic.Master_Core.Debug_Area/Serial_Dbg_Intf.continue_from_brk_reg_n_0                              |                1 |              1 |         1.00 |
|  mb_preset_i/mdm_1/U0/Use_E2.BSCAN_I/Ext_JTAG_UPDATE_BUFG   | mb_preset_i/microblaze_0/U0/MicroBlaze_Core_I/Area.Core/Implement_Debug_Logic.Master_Core.Debug_Area/Control_Reg_En                                                                                        | mb_preset_i/microblaze_0/U0/MicroBlaze_Core_I/Area.Core/Implement_Debug_Logic.Master_Core.Debug_Area/normal_stop_cmd_rst                                                    |                1 |              1 |         1.00 |
|  mb_preset_i/mdm_1/U0/Use_E2.BSCAN_I/Ext_JTAG_UPDATE_BUFG   | mb_preset_i/microblaze_0/U0/MicroBlaze_Core_I/Area.Core/Implement_Debug_Logic.Master_Core.Debug_Area/Control_Reg_En                                                                                        | mb_preset_i/microblaze_0/U0/MicroBlaze_Core_I/Area.Core/Implement_Debug_Logic.Master_Core.Debug_Area/force_stop_cmd_rst                                                     |                1 |              1 |         1.00 |
| ~mb_preset_i/mdm_1/U0/No_Dbg_Reg_Access.BUFG_DRCK/Dbg_Clk_0 | mb_preset_i/mdm_1/U0/MDM_Core_I1/JTAG_CONTROL_I/Use_BSCAN.FDC_I/CE                                                                                                                                         | mb_preset_i/mdm_1/U0/MDM_Core_I1/JTAG_CONTROL_I/Use_BSCAN.FDC_I/D_1                                                                                                         |                1 |              1 |         1.00 |
| ~mb_preset_i/mdm_1/U0/Use_E2.BSCAN_I/Ext_JTAG_UPDATE_BUFG   |                                                                                                                                                                                                            | mb_preset_i/mdm_1/U0/MDM_Core_I1/JTAG_CONTROL_I/sel_n                                                                                                                       |                1 |              1 |         1.00 |
|  mb_preset_i/mdm_1/U0/Use_E2.BSCAN_I/Ext_JTAG_UPDATE_BUFG   | mb_preset_i/microblaze_0/U0/MicroBlaze_Core_I/Area.Core/Implement_Debug_Logic.Master_Core.Debug_Area/Command_Reg_En                                                                                        | mb_preset_i/microblaze_0/U0/MicroBlaze_Core_I/Area.Core/Implement_Debug_Logic.Master_Core.Debug_Area/command_reg_clear                                                      |                1 |              2 |         2.00 |
|  mb_preset_i/mdm_1/U0/Use_E2.BSCAN_I/Ext_JTAG_UPDATE_BUFG   |                                                                                                                                                                                                            |                                                                                                                                                                             |                1 |              3 |         3.00 |
|  mb_preset_i/clk_wiz_1/inst/clk_out1                        | mb_preset_i/microblaze_0/U0/MicroBlaze_Core_I/Area.Core/Decode_I/Using_FPGA.of_PipeRun_MuxCY_1/Using_FPGA.Native_0                                                                                         | mb_preset_i/microblaze_0/U0/MicroBlaze_Core_I/sync_reset                                                                                                                    |                1 |              3 |         3.00 |
|  mb_preset_i/clk_wiz_1/inst/clk_out1                        | mb_preset_i/axi_gpio_0/U0/AXI_LITE_IPIF_I/I_SLAVE_ATTACHMENT/bus2ip_addr_i[8]_i_1_n_0                                                                                                                      | mb_preset_i/axi_gpio_0/U0/AXI_LITE_IPIF_I/I_SLAVE_ATTACHMENT/SR[0]                                                                                                          |                1 |              4 |         4.00 |
|  mb_preset_i/clk_wiz_1/inst/clk_out1                        | mb_preset_i/microblaze_0_axi_intc/U0/AXI_LITE_IPIF_I/I_SLAVE_ATTACHMENT/I_DECODER/bus2ip_wrce[1]                                                                                                           | mb_preset_i/microblaze_0_axi_intc/U0/INTC_CORE_I/SR[0]                                                                                                                      |                1 |              4 |         4.00 |
|  mb_preset_i/mdm_1/U0/No_Dbg_Reg_Access.BUFG_DRCK/Dbg_Clk_0 | mb_preset_i/mdm_1/U0/MDM_Core_I1/TDI_Shifter0                                                                                                                                                              | mb_preset_i/mdm_1/U0/Use_E2.BSCAN_I/AR[0]                                                                                                                                   |                1 |              4 |         4.00 |
|  mb_preset_i/clk_wiz_1/inst/clk_out1                        | mb_preset_i/axi_uartlite_0/U0/AXI_LITE_IPIF_I/I_SLAVE_ATTACHMENT/start2                                                                                                                                    | mb_preset_i/axi_uartlite_0/U0/AXI_LITE_IPIF_I/I_SLAVE_ATTACHMENT/I_DECODER/cs_ce_clr                                                                                        |                1 |              4 |         4.00 |
|  mb_preset_i/clk_wiz_1/inst/clk_out1                        | mb_preset_i/axi_uartlite_0/U0/UARTLITE_CORE_I/BAUD_RATE_I/en_16x_Baud                                                                                                                                      |                                                                                                                                                                             |                1 |              4 |         4.00 |
|  mb_preset_i/clk_wiz_1/inst/clk_out1                        | mb_preset_i/axi_gpio_1/U0/AXI_LITE_IPIF_I/I_SLAVE_ATTACHMENT/bus2ip_addr_i[8]_i_1_n_0                                                                                                                      | mb_preset_i/axi_gpio_1/U0/AXI_LITE_IPIF_I/I_SLAVE_ATTACHMENT/SR[0]                                                                                                          |                1 |              4 |         4.00 |
|  mb_preset_i/clk_wiz_1/inst/clk_out1                        | mb_preset_i/axi_gpio_1/U0/AXI_LITE_IPIF_I/I_SLAVE_ATTACHMENT/start2                                                                                                                                        | mb_preset_i/axi_gpio_1/U0/AXI_LITE_IPIF_I/I_SLAVE_ATTACHMENT/I_DECODER/cs_ce_clr                                                                                            |                1 |              4 |         4.00 |
|  mb_preset_i/clk_wiz_1/inst/clk_out1                        | mb_preset_i/axi_gpio_0/U0/AXI_LITE_IPIF_I/I_SLAVE_ATTACHMENT/start2                                                                                                                                        | mb_preset_i/axi_gpio_0/U0/AXI_LITE_IPIF_I/I_SLAVE_ATTACHMENT/I_DECODER/cs_ce_clr                                                                                            |                1 |              4 |         4.00 |
|  mb_preset_i/clk_wiz_1/inst/clk_out1                        | mb_preset_i/axi_gpio_0/U0/AXI_LITE_IPIF_I/I_SLAVE_ATTACHMENT/I_DECODER/bus2ip_rnw_i_reg[0]                                                                                                                 | mb_preset_i/axi_gpio_0/U0/AXI_LITE_IPIF_I/I_SLAVE_ATTACHMENT/SR[0]                                                                                                          |                1 |              4 |         4.00 |
|  mb_preset_i/clk_wiz_1/inst/clk_out1                        |                                                                                                                                                                                                            | mb_preset_i/axi_gpio_0/U0/AXI_LITE_IPIF_I/I_SLAVE_ATTACHMENT/clear                                                                                                          |                1 |              4 |         4.00 |
| ~mb_preset_i/mdm_1/U0/Use_E2.BSCAN_I/Ext_JTAG_UPDATE_BUFG   |                                                                                                                                                                                                            | mb_preset_i/mdm_1/U0/Use_E2.BSCAN_I/AR[0]                                                                                                                                   |                1 |              4 |         4.00 |
|  mb_preset_i/clk_wiz_1/inst/clk_out1                        |                                                                                                                                                                                                            | mb_preset_i/axi_gpio_1/U0/AXI_LITE_IPIF_I/I_SLAVE_ATTACHMENT/clear                                                                                                          |                1 |              4 |         4.00 |
|  mb_preset_i/mdm_1/U0/Use_E2.BSCAN_I/Ext_JTAG_UPDATE_BUFG   | mb_preset_i/mdm_1/U0/MDM_Core_I1/MDM_SEL                                                                                                                                                                   | mb_preset_i/mdm_1/U0/Use_E2.BSCAN_I/AR[0]                                                                                                                                   |                1 |              4 |         4.00 |
|  mb_preset_i/clk_wiz_1/inst/clk_out1                        |                                                                                                                                                                                                            | mb_preset_i/microblaze_0_axi_intc/U0/AXI_LITE_IPIF_I/I_SLAVE_ATTACHMENT/INCLUDE_DPHASE_TIMER.dpto_cnt[3]_i_1_n_0                                                            |                1 |              4 |         4.00 |
|  mb_preset_i/clk_wiz_1/inst/clk_out1                        |                                                                                                                                                                                                            | mb_preset_i/microblaze_0/U0/MicroBlaze_Core_I/Area.Core/Decode_I/Using_FPGA.MUXCY_JUMP_CARRY3/S                                                                             |                2 |              4 |         2.00 |
|  mb_preset_i/clk_wiz_1/inst/clk_out1                        |                                                                                                                                                                                                            | mb_preset_i/rst_clk_wiz_1_100M/U0/EXT_LPF/lpf_int                                                                                                                           |                1 |              5 |         5.00 |
|  mb_preset_i/mdm_1/U0/Use_E2.BSCAN_I/Ext_JTAG_UPDATE_BUFG   | mb_preset_i/microblaze_0/U0/MicroBlaze_Core_I/Area.Core/Implement_Debug_Logic.Master_Core.Debug_Area/Control_Reg_En                                                                                        |                                                                                                                                                                             |                2 |              5 |         2.50 |
|  mb_preset_i/clk_wiz_1/inst/clk_out1                        | mb_preset_i/microblaze_0/U0/MicroBlaze_Core_I/Area.Core/Decode_I/Using_FPGA.of_PipeRun_MuxCY_1/E[0]                                                                                                        |                                                                                                                                                                             |                1 |              5 |         5.00 |
|  mb_preset_i/mdm_1/U0/No_Dbg_Reg_Access.BUFG_DRCK/Dbg_Clk_0 | mb_preset_i/mdm_1/U0/MDM_Core_I1/JTAG_CONTROL_I/Use_BSCAN.FDC_I/Use_BSCAN.command_reg[5][0]                                                                                                                |                                                                                                                                                                             |                2 |              6 |         3.00 |
|  mb_preset_i/clk_wiz_1/inst/clk_out1                        |                                                                                                                                                                                                            | mb_preset_i/axi_uartlite_0/U0/UARTLITE_CORE_I/UARTLITE_RX_I/SRL_FIFO_I/I_SRL_FIFO_RBU_F/CNTR_INCR_DECR_ADDN_F_I/SS[0]                                                       |                2 |              6 |         3.00 |
|  mb_preset_i/clk_wiz_1/inst/clk_out1                        |                                                                                                                                                                                                            | mb_preset_i/axi_uartlite_0/U0/UARTLITE_CORE_I/UARTLITE_TX_I/SRL_FIFO_I/I_SRL_FIFO_RBU_F/CNTR_INCR_DECR_ADDN_F_I/SS[0]                                                       |                2 |              6 |         3.00 |
|  mb_preset_i/clk_wiz_1/inst/clk_out1                        | mb_preset_i/rst_clk_wiz_1_100M/U0/SEQ/seq_cnt_en                                                                                                                                                           | mb_preset_i/rst_clk_wiz_1_100M/U0/SEQ/SEQ_COUNTER/clear                                                                                                                     |                1 |              6 |         6.00 |
|  mb_preset_i/mdm_1/U0/No_Dbg_Reg_Access.BUFG_DRCK/Dbg_Clk_0 | mb_preset_i/mdm_1/U0/Use_E2.BSCAN_I/E[0]                                                                                                                                                                   |                                                                                                                                                                             |                1 |              6 |         6.00 |
|  mb_preset_i/mdm_1/U0/No_Dbg_Reg_Access.BUFG_DRCK/Dbg_Clk_0 | mb_preset_i/mdm_1/U0/Use_E2.BSCAN_I/Use_BSCAN.command_reg[5][0]                                                                                                                                            |                                                                                                                                                                             |                3 |              6 |         2.00 |
|  mb_preset_i/clk_wiz_1/inst/clk_out1                        | mb_preset_i/axi_uartlite_0/U0/UARTLITE_CORE_I/BAUD_RATE_I/en_16x_Baud                                                                                                                                      | mb_preset_i/axi_uartlite_0/U0/UARTLITE_CORE_I/UARTLITE_RX_I/SERIAL_TO_PARALLEL[8].fifo_din[8]_i_1_n_0                                                                       |                1 |              7 |         7.00 |
|  mb_preset_i/clk_wiz_1/inst/clk_out1                        | mb_preset_i/microblaze_0/U0/MicroBlaze_Core_I/Area.Core/Decode_I/Using_FPGA.of_PipeRun_MuxCY_1/mul_Executing_reg                                                                                           | mb_preset_i/microblaze_0/U0/MicroBlaze_Core_I/Area.Core/Decode_I/Using_FPGA.MUXCY_JUMP_CARRY3/R                                                                             |                3 |              7 |         2.33 |
|  mb_preset_i/mdm_1/U0/No_Dbg_Reg_Access.BUFG_DRCK/Dbg_Clk_0 | mb_preset_i/mdm_1/U0/MDM_Core_I1/JTAG_CONTROL_I/tdi_shifter0                                                                                                                                               |                                                                                                                                                                             |                3 |              8 |         2.67 |
|  mb_preset_i/mdm_1/U0/Use_E2.BSCAN_I/Ext_JTAG_UPDATE_BUFG   | mb_preset_i/mdm_1/U0/MDM_Core_I1/JTAG_CONTROL_I/Use_BSCAN.FDC_I/Use_BSCAN.PORT_Selector_reg[2][0]                                                                                                          |                                                                                                                                                                             |                1 |              8 |         8.00 |
|  mb_preset_i/mdm_1/U0/No_Dbg_Reg_Access.BUFG_DRCK/Dbg_Clk_0 | mb_preset_i/microblaze_0/U0/MicroBlaze_Core_I/Area.Core/Implement_Debug_Logic.Master_Core.Debug_Area/Using_PC_Breakpoints.All_PC_Brks[0].Serial_Interface_1.address_hit_I/Compare[0].SRLC16E_I/which_pc__0 |                                                                                                                                                                             |                7 |              8 |         1.14 |
| ~mb_preset_i/mdm_1/U0/Use_E2.BSCAN_I/Ext_JTAG_UPDATE_BUFG   | mb_preset_i/mdm_1/U0/MDM_Core_I1/JTAG_CONTROL_I/Use_BSCAN.command[0]_i_1_n_0                                                                                                                               |                                                                                                                                                                             |                2 |              8 |         4.00 |
|  mb_preset_i/clk_wiz_1/inst/clk_out1                        | mb_preset_i/axi_uartlite_0/U0/UARTLITE_CORE_I/UARTLITE_RX_I/SRL_FIFO_I/I_SRL_FIFO_RBU_F/DYNSHREG_F_I/fifo_wr                                                                                               |                                                                                                                                                                             |                1 |              8 |         8.00 |
|  mb_preset_i/clk_wiz_1/inst/clk_out1                        | mb_preset_i/axi_uartlite_0/U0/AXI_LITE_IPIF_I/I_SLAVE_ATTACHMENT/s_axi_rresp_i                                                                                                                             | mb_preset_i/axi_uartlite_0/U0/AXI_LITE_IPIF_I/I_SLAVE_ATTACHMENT/rst                                                                                                        |                3 |              8 |         2.67 |
|  mb_preset_i/clk_wiz_1/inst/clk_out1                        | mb_preset_i/microblaze_0_axi_intc/U0/AXI_LITE_IPIF_I/I_SLAVE_ATTACHMENT/bus2ip_addr_i[8]_i_1_n_0                                                                                                           | mb_preset_i/microblaze_0_axi_intc/U0/AXI_LITE_IPIF_I/I_SLAVE_ATTACHMENT/rst                                                                                                 |                3 |              8 |         2.67 |
|  mb_preset_i/clk_wiz_1/inst/clk_out1                        | mb_preset_i/axi_uartlite_0/U0/AXI_LITE_IPIF_I/I_SLAVE_ATTACHMENT/I_DECODER/fifo_wr                                                                                                                         |                                                                                                                                                                             |                1 |              8 |         8.00 |
|  mb_preset_i/clk_wiz_1/inst/clk_out1                        | mb_preset_i/microblaze_0/U0/MicroBlaze_Core_I/Area.Core/Decode_I/Using_FPGA.of_PipeRun_MuxCY_1/mul_Executing_reg                                                                                           | mb_preset_i/microblaze_0/U0/MicroBlaze_Core_I/Area.Core/Decode_I/Using_FPGA.Using_Breakable_Pipe.Take_Intr_MUXCY_3/SR[0]                                                    |                3 |              9 |         3.00 |
|  mb_preset_i/mdm_1/U0/No_Dbg_Reg_Access.BUFG_DRCK/Dbg_Clk_0 | mb_preset_i/mdm_1/U0/MDM_Core_I1/JTAG_CONTROL_I/Use_BSCAN.FDC_I/E[0]                                                                                                                                       |                                                                                                                                                                             |                4 |             10 |         2.50 |
|  mb_preset_i/clk_wiz_1/inst/clk_out1                        |                                                                                                                                                                                                            | mb_preset_i/axi_uartlite_0/U0/AXI_LITE_IPIF_I/I_SLAVE_ATTACHMENT/rst                                                                                                        |                4 |             10 |         2.50 |
|  mb_preset_i/clk_wiz_1/inst/clk_out1                        |                                                                                                                                                                                                            | mb_preset_i/microblaze_0_axi_intc/U0/AXI_LITE_IPIF_I/I_SLAVE_ATTACHMENT/rst                                                                                                 |                7 |             11 |         1.57 |
|  mb_preset_i/clk_wiz_1/inst/clk_out1                        |                                                                                                                                                                                                            | mb_preset_i/microblaze_0_axi_periph/xbar/inst/gen_sasd.crossbar_sasd_0/addr_arbiter_inst/SR[0]                                                                              |                5 |             13 |         2.60 |
|  mb_preset_i/clk_wiz_1/inst/clk_out1                        | mb_preset_i/axi_gpio_0/U0/AXI_LITE_IPIF_I/I_SLAVE_ATTACHMENT/I_DECODER/bus2ip_rnw_i_reg_0[0]                                                                                                               | mb_preset_i/axi_gpio_0/U0/AXI_LITE_IPIF_I/I_SLAVE_ATTACHMENT/SR[0]                                                                                                          |                4 |             16 |         4.00 |
|  mb_preset_i/clk_wiz_1/inst/clk_out1                        | mb_preset_i/axi_gpio_0/U0/AXI_LITE_IPIF_I/I_SLAVE_ATTACHMENT/I_DECODER/bus2ip_rnw_i_reg_1[0]                                                                                                               | mb_preset_i/axi_gpio_0/U0/AXI_LITE_IPIF_I/I_SLAVE_ATTACHMENT/SR[0]                                                                                                          |                4 |             16 |         4.00 |
|  mb_preset_i/clk_wiz_1/inst/clk_out1                        | mb_preset_i/axi_gpio_1/U0/AXI_LITE_IPIF_I/I_SLAVE_ATTACHMENT/I_DECODER/bus2ip_rnw_i_reg[0]                                                                                                                 | mb_preset_i/axi_gpio_1/U0/AXI_LITE_IPIF_I/I_SLAVE_ATTACHMENT/SR[0]                                                                                                          |                5 |             16 |         3.20 |
|  mb_preset_i/clk_wiz_1/inst/clk_out1                        |                                                                                                                                                                                                            | mb_preset_i/axi_gpio_1/U0/AXI_LITE_IPIF_I/I_SLAVE_ATTACHMENT/I_DECODER/bus2ip_rnw_i_reg_0                                                                                   |                4 |             16 |         4.00 |
|  mb_preset_i/clk_wiz_1/inst/clk_out1                        | mb_preset_i/microblaze_0/U0/MicroBlaze_Core_I/Area.Core/Decode_I/PreFetch_Buffer_I/of_valid_FDR_I/E[0]                                                                                                     | mb_preset_i/microblaze_0/U0/MicroBlaze_Core_I/sync_reset                                                                                                                    |                5 |             16 |         3.20 |
|  mb_preset_i/clk_wiz_1/inst/clk_out1                        |                                                                                                                                                                                                            | mb_preset_i/microblaze_0/U0/MicroBlaze_Core_I/Area.Core/Decode_I/ex_not_mul_op                                                                                              |                8 |             17 |         2.12 |
|  mb_preset_i/clk_wiz_1/inst/clk_out1                        | mb_preset_i/axi_gpio_0/U0/AXI_LITE_IPIF_I/I_SLAVE_ATTACHMENT/s_axi_rresp_i                                                                                                                                 | mb_preset_i/axi_gpio_0/U0/AXI_LITE_IPIF_I/I_SLAVE_ATTACHMENT/SR[0]                                                                                                          |                3 |             17 |         5.67 |
|  mb_preset_i/clk_wiz_1/inst/clk_out1                        | mb_preset_i/axi_gpio_1/U0/AXI_LITE_IPIF_I/I_SLAVE_ATTACHMENT/s_axi_rresp_i                                                                                                                                 | mb_preset_i/axi_gpio_1/U0/AXI_LITE_IPIF_I/I_SLAVE_ATTACHMENT/SR[0]                                                                                                          |                3 |             17 |         5.67 |
|  mb_preset_i/clk_wiz_1/inst/clk_out1                        | mb_preset_i/microblaze_0_axi_intc/U0/AXI_LITE_IPIF_I/I_SLAVE_ATTACHMENT/start2                                                                                                                             | mb_preset_i/microblaze_0_axi_intc/U0/AXI_LITE_IPIF_I/I_SLAVE_ATTACHMENT/I_DECODER/cs_ce_clr                                                                                 |                5 |             19 |         3.80 |
|  mb_preset_i/clk_wiz_1/inst/clk_out1                        | mb_preset_i/microblaze_0_axi_periph/xbar/inst/gen_sasd.crossbar_sasd_0/addr_arbiter_inst/p_0_in1_in                                                                                                        | mb_preset_i/microblaze_0_axi_periph/xbar/inst/gen_sasd.crossbar_sasd_0/addr_arbiter_inst/SR[0]                                                                              |                4 |             23 |         5.75 |
|  mb_preset_i/mdm_1/U0/No_Dbg_Reg_Access.BUFG_DRCK/Dbg_Clk_0 |                                                                                                                                                                                                            | mb_preset_i/mdm_1/U0/Use_E2.BSCAN_I/shift_n_reset                                                                                                                           |                6 |             23 |         3.83 |
|  mb_preset_i/clk_wiz_1/inst/clk_out1                        | mb_preset_i/axi_uartlite_0/U0/UARTLITE_CORE_I/BAUD_RATE_I/en_16x_Baud                                                                                                                                      | mb_preset_i/axi_uartlite_0/U0/UARTLITE_CORE_I/UARTLITE_RX_I/s_axi_aresetn_0                                                                                                 |                5 |             28 |         5.60 |
|  mb_preset_i/clk_wiz_1/inst/clk_out1                        |                                                                                                                                                                                                            | mb_preset_i/microblaze_0_axi_intc/U0/INTC_CORE_I/SR[0]                                                                                                                      |               10 |             29 |         2.90 |
|  mb_preset_i/clk_wiz_1/inst/clk_out1                        |                                                                                                                                                                                                            | mb_preset_i/axi_uartlite_0/U0/UARTLITE_CORE_I/UARTLITE_RX_I/s_axi_aresetn_0                                                                                                 |                8 |             30 |         3.75 |
|  mb_preset_i/clk_wiz_1/inst/clk_out1                        | mb_preset_i/microblaze_0_axi_periph/xbar/inst/gen_sasd.crossbar_sasd_0/reg_slice_r/s_axi_rvalid[0]                                                                                                         | mb_preset_i/microblaze_0/U0/MicroBlaze_Core_I/sync_reset                                                                                                                    |               11 |             32 |         2.91 |
|  mb_preset_i/clk_wiz_1/inst/clk_out1                        |                                                                                                                                                                                                            | mb_preset_i/axi_gpio_0/U0/AXI_LITE_IPIF_I/I_SLAVE_ATTACHMENT/SR[0]                                                                                                          |               10 |             32 |         3.20 |
|  mb_preset_i/clk_wiz_1/inst/clk_out1                        | mb_preset_i/microblaze_0/U0/MicroBlaze_Core_I/Area.Core/Decode_I/Using_FPGA.MUXCY_JUMP_CARRY3/PC_Write                                                                                                     | mb_preset_i/microblaze_0/U0/MicroBlaze_Core_I/sync_reset                                                                                                                    |               11 |             32 |         2.91 |
|  mb_preset_i/clk_wiz_1/inst/clk_out1                        |                                                                                                                                                                                                            | mb_preset_i/axi_gpio_1/U0/AXI_LITE_IPIF_I/I_SLAVE_ATTACHMENT/SR[0]                                                                                                          |               10 |             32 |         3.20 |
|  mb_preset_i/clk_wiz_1/inst/clk_out1                        | mb_preset_i/microblaze_0/U0/MicroBlaze_Core_I/Area.Core/Decode_I/Using_FPGA.of_PipeRun_MuxCY_1/Using_FPGA.Native_0                                                                                         |                                                                                                                                                                             |                5 |             32 |         6.40 |
|  mb_preset_i/clk_wiz_1/inst/clk_out1                        | mb_preset_i/microblaze_0/U0/MicroBlaze_Core_I/Area.Core/Decode_I/Using_FPGA.of_PipeRun_MuxCY_1/mul_Executing_reg                                                                                           |                                                                                                                                                                             |               17 |             32 |         1.88 |
|  mb_preset_i/mdm_1/U0/No_Dbg_Reg_Access.BUFG_DRCK/Dbg_Clk_0 | mb_preset_i/microblaze_0/U0/MicroBlaze_Core_I/Area.Core/Implement_Debug_Logic.Master_Core.Debug_Area/New_Dbg_Instr_TCK                                                                                     |                                                                                                                                                                             |                9 |             32 |         3.56 |
|  mb_preset_i/clk_wiz_1/inst/clk_out1                        | mb_preset_i/microblaze_0_axi_intc/U0/AXI_LITE_IPIF_I/I_SLAVE_ATTACHMENT/s_axi_rresp_i                                                                                                                      | mb_preset_i/microblaze_0_axi_intc/U0/AXI_LITE_IPIF_I/I_SLAVE_ATTACHMENT/rst                                                                                                 |               13 |             32 |         2.46 |
|  mb_preset_i/clk_wiz_1/inst/clk_out1                        | mb_preset_i/microblaze_0/U0/MicroBlaze_Core_I/Area.Core/Implement_Debug_Logic.Master_Core.Debug_Area/Area_Debug_Control.Stop_Instr_Fetch_FDRSE/E[0]                                                        | mb_preset_i/microblaze_0/U0/MicroBlaze_Core_I/sync_reset                                                                                                                    |               10 |             32 |         3.20 |
|  mb_preset_i/clk_wiz_1/inst/clk_out1                        |                                                                                                                                                                                                            | mb_preset_i/microblaze_0/U0/MicroBlaze_Core_I/Area.Core/Implement_Debug_Logic.Master_Core.Debug_Area/Area_Debug_Control.Dbg_Inhibit_EX_FDRSE/SR[0]                          |               15 |             33 |         2.20 |
|  mb_preset_i/clk_wiz_1/inst/clk_out1                        | mb_preset_i/microblaze_0_axi_periph/xbar/inst/gen_sasd.crossbar_sasd_0/addr_arbiter_inst/E[0]                                                                                                              |                                                                                                                                                                             |                6 |             33 |         5.50 |
|  mb_preset_i/clk_wiz_1/inst/clk_out1                        |                                                                                                                                                                                                            | mb_preset_i/axi_gpio_0/U0/AXI_LITE_IPIF_I/I_SLAVE_ATTACHMENT/I_DECODER/bus2ip_rnw_i_reg_2                                                                                   |               11 |             36 |         3.27 |
|  mb_preset_i/mdm_1/U0/No_Dbg_Reg_Access.BUFG_DRCK/Dbg_Clk_0 | mb_preset_i/mdm_1/U0/Use_E2.BSCAN_I/Use_BSCAN.PORT_Selector_reg[0]                                                                                                                                         |                                                                                                                                                                             |               15 |             47 |         3.13 |
|  mb_preset_i/clk_wiz_1/inst/clk_out1                        | mb_preset_i/microblaze_0/U0/MicroBlaze_Core_I/Area.Core/Using_Ext_Databus.DAXI_Interface_I1/M_AXI_DP_AWADDR0                                                                                               | mb_preset_i/microblaze_0/U0/MicroBlaze_Core_I/sync_reset                                                                                                                    |               16 |             55 |         3.44 |
|  mb_preset_i/clk_wiz_1/inst/clk_out1                        |                                                                                                                                                                                                            | mb_preset_i/microblaze_0/U0/MicroBlaze_Core_I/Area.Core/Decode_I/in0                                                                                                        |               28 |             63 |         2.25 |
|  mb_preset_i/clk_wiz_1/inst/clk_out1                        | mb_preset_i/microblaze_0_axi_intc/U0/AXI_LITE_IPIF_I/I_SLAVE_ATTACHMENT/I_DECODER/bus2ip_wrce[0]                                                                                                           |                                                                                                                                                                             |                8 |             64 |         8.00 |
|  mb_preset_i/clk_wiz_1/inst/clk_out1                        | mb_preset_i/microblaze_0/U0/MicroBlaze_Core_I/Area.Core/Decode_I/Using_FPGA.clean_iReady_MuxCY/IReady                                                                                                      |                                                                                                                                                                             |               16 |             64 |         4.00 |
|  mb_preset_i/clk_wiz_1/inst/clk_out1                        |                                                                                                                                                                                                            | mb_preset_i/microblaze_0/U0/MicroBlaze_Core_I/sync_reset                                                                                                                    |               24 |             80 |         3.33 |
|  mb_preset_i/mdm_1/U0/No_Dbg_Reg_Access.BUFG_DRCK/Dbg_Clk_0 |                                                                                                                                                                                                            |                                                                                                                                                                             |               25 |             81 |         3.24 |
|  mb_preset_i/clk_wiz_1/inst/clk_out1                        | mb_preset_i/microblaze_0/U0/MicroBlaze_Core_I/Area.Core/Decode_I/Using_FPGA.of_PipeRun_MuxCY_1/mul_Executing_reg                                                                                           | mb_preset_i/microblaze_0/U0/MicroBlaze_Core_I/sync_reset                                                                                                                    |               26 |             94 |         3.62 |
|  mb_preset_i/clk_wiz_1/inst/clk_out1                        | mb_preset_i/microblaze_0/U0/MicroBlaze_Core_I/Area.Core/Implement_Debug_Logic.Master_Core.Debug_Area/Area_Debug_Control.Dbg_Inhibit_EX_FDRSE/Reg_Write                                                     |                                                                                                                                                                             |               32 |            128 |         4.00 |
|  mb_preset_i/clk_wiz_1/inst/clk_out1                        |                                                                                                                                                                                                            |                                                                                                                                                                             |              137 |            492 |         3.59 |
+-------------------------------------------------------------+------------------------------------------------------------------------------------------------------------------------------------------------------------------------------------------------------------+-----------------------------------------------------------------------------------------------------------------------------------------------------------------------------+------------------+----------------+--------------+


