

================================================================
== Vivado HLS Report for 'fft_top'
================================================================
* Date:           Thu Apr 15 12:48:01 2021

* Version:        2020.1 (Build 2897737 on Wed May 27 20:21:37 MDT 2020)
* Project:        proj
* Solution:       solution1
* Product family: kintex7
* Target device:  xc7k160t-fbg484-1


================================================================
== Performance Estimates
================================================================
+ Timing: 
    * Summary: 
    +--------+---------+----------+------------+
    |  Clock |  Target | Estimated| Uncertainty|
    +--------+---------+----------+------------+
    |ap_clk  | 3.30 ns | 2.888 ns |   0.41 ns  |
    +--------+---------+----------+------------+

+ Latency: 
    * Summary: 
    +---------+---------+-----------+-----------+------+------+----------+
    |  Latency (cycles) |   Latency (absolute)  |   Interval  | Pipeline |
    |   min   |   max   |    min    |    max    |  min |  max |   Type   |
    +---------+---------+-----------+-----------+------+------+----------+
    |     3195|     3195| 10.543 us | 10.543 us |  3196|  3196| dataflow |
    +---------+---------+-----------+-----------+------+------+----------+

    + Detail: 
        * Instance: 
        +------------------+---------------+---------+---------+-----------+-----------+------+------+---------+
        |                  |               |  Latency (cycles) |   Latency (absolute)  |   Interval  | Pipeline|
        |     Instance     |     Module    |   min   |   max   |    min    |    max    |  min |  max |   Type  |
        +------------------+---------------+---------+---------+-----------+-----------+------+------+---------+
        |dummy_proc_fe_U0  |dummy_proc_fe  |     1025|     1025|  3.382 us |  3.382 us |  1025|  1025|   none  |
        |dummy_proc_be_U0  |dummy_proc_be  |     1025|     1025|  3.382 us |  3.382 us |  1025|  1025|   none  |
        |fft_config1_U0    |fft_config1_s  |     3195|     3195| 10.543 us | 10.543 us |  3195|  3195|   none  |
        +------------------+---------------+---------+---------+-----------+-----------+------+------+---------+

        * Loop: 
        N/A



================================================================
== Utilization Estimates
================================================================
* Summary: 
+-----------------+---------+-------+--------+--------+-----+
|       Name      | BRAM_18K| DSP48E|   FF   |   LUT  | URAM|
+-----------------+---------+-------+--------+--------+-----+
|DSP              |        -|      -|       -|       -|    -|
|Expression       |        -|      -|       0|      12|    -|
|FIFO             |        0|      -|      20|     136|    -|
|Instance         |        3|     12|    9912|    8068|    -|
|Memory           |        -|      -|       -|       -|    -|
|Multiplexer      |        -|      -|       -|       -|    -|
|Register         |        -|      -|       -|       -|    -|
+-----------------+---------+-------+--------+--------+-----+
|Total            |        3|     12|    9932|    8216|    0|
+-----------------+---------+-------+--------+--------+-----+
|Available        |      650|    600|  202800|  101400|    0|
+-----------------+---------+-------+--------+--------+-----+
|Utilization (%)  |    ~0   |      2|       4|       8|    0|
+-----------------+---------+-------+--------+--------+-----+

+ Detail: 
    * Instance: 
    +------------------+---------------+---------+-------+------+------+-----+
    |     Instance     |     Module    | BRAM_18K| DSP48E|  FF  |  LUT | URAM|
    +------------------+---------------+---------+-------+------+------+-----+
    |dummy_proc_be_U0  |dummy_proc_be  |        0|      0|    14|   112|    0|
    |dummy_proc_fe_U0  |dummy_proc_fe  |        0|      0|    15|   121|    0|
    |fft_config1_U0    |fft_config1_s  |        3|     12|  9883|  7835|    0|
    +------------------+---------------+---------+-------+------+------+-----+
    |Total             |               |        3|     12|  9912|  8068|    0|
    +------------------+---------------+---------+-------+------+------+-----+

    * DSP48E: 
    N/A

    * Memory: 
    N/A

    * FIFO: 
    +---------------------+---------+---+----+-----+------+-----+---------+
    |         Name        | BRAM_18K| FF| LUT| URAM| Depth| Bits| Size:D*B|
    +---------------------+---------+---+----+-----+------+-----+---------+
    |fft_config_data_V_U  |        0|  5|   0|    -|     1|   16|       16|
    |fft_status_data_V_U  |        0|  5|   0|    -|     1|    8|        8|
    |xk_channel_U         |        0|  5|   0|    -|     1|   32|       32|
    |xn_channel_U         |        0|  5|   0|    -|     1|   32|       32|
    +---------------------+---------+---+----+-----+------+-----+---------+
    |Total                |        0| 20|   0|    0|     4|   88|       88|
    +---------------------+---------+---+----+-----+------+-----+---------+

    * Expression: 
    +-------------------------------+----------+-------+---+----+------------+------------+
    |         Variable Name         | Operation| DSP48E| FF| LUT| Bitwidth P0| Bitwidth P1|
    +-------------------------------+----------+-------+---+----+------------+------------+
    |ap_idle                        |    and   |      0|  0|   6|           1|           1|
    |dummy_proc_fe_U0_start_full_n  |    and   |      0|  0|   6|           1|           1|
    +-------------------------------+----------+-------+---+----+------------+------------+
    |Total                          |          |      0|  0|  12|           2|           2|
    +-------------------------------+----------+-------+---+----+------------+------------+

    * Multiplexer: 
    N/A

    * Register: 
    N/A



================================================================
== Interface
================================================================
* Summary: 
+------------------+-----+-----+------------+--------------+--------------+
|     RTL Ports    | Dir | Bits|  Protocol  | Source Object|    C Type    |
+------------------+-----+-----+------------+--------------+--------------+
|direction         |  in |    1|    ap_hs   |   direction  |    scalar    |
|direction_ap_vld  |  in |    1|    ap_hs   |   direction  |    scalar    |
|direction_ap_ack  | out |    1|    ap_hs   |   direction  |    scalar    |
|in_r_dout         |  in |   32|   ap_fifo  |     in_r     |    pointer   |
|in_r_empty_n      |  in |    1|   ap_fifo  |     in_r     |    pointer   |
|in_r_read         | out |    1|   ap_fifo  |     in_r     |    pointer   |
|out_r_din         | out |   32|   ap_fifo  |     out_r    |    pointer   |
|out_r_full_n      |  in |    1|   ap_fifo  |     out_r    |    pointer   |
|out_r_write       | out |    1|   ap_fifo  |     out_r    |    pointer   |
|ovflo_din         | out |    1|   ap_fifo  |     ovflo    |    pointer   |
|ovflo_full_n      |  in |    1|   ap_fifo  |     ovflo    |    pointer   |
|ovflo_write       | out |    1|   ap_fifo  |     ovflo    |    pointer   |
|ap_clk            |  in |    1| ap_ctrl_hs |    fft_top   | return value |
|ap_rst            |  in |    1| ap_ctrl_hs |    fft_top   | return value |
|ap_start          |  in |    1| ap_ctrl_hs |    fft_top   | return value |
|ap_done           | out |    1| ap_ctrl_hs |    fft_top   | return value |
|ap_ready          | out |    1| ap_ctrl_hs |    fft_top   | return value |
|ap_idle           | out |    1| ap_ctrl_hs |    fft_top   | return value |
+------------------+-----+-----+------------+--------------+--------------+

