

================================================================
== Vivado HLS Report for 'mandel_calc'
================================================================
* Date:           Sun Mar  4 16:06:44 2018

* Version:        2017.4 (Build 2086221 on Fri Dec 15 21:13:33 MST 2017)
* Project:        hls_train
* Solution:       solution4
* Product family: artix7
* Target device:  xc7a35tcpg236-1


================================================================
== Performance Estimates
================================================================
+ Timing (ns): 
    * Summary: 
    +--------+-------+----------+------------+
    |  Clock | Target| Estimated| Uncertainty|
    +--------+-------+----------+------------+
    |ap_clk  |  10.00|    423.14|        1.25|
    +--------+-------+----------+------------+

+ Latency (clock cycles): 
    * Summary: 
    +-----+-----+-----+-----+---------+
    |  Latency  |  Interval | Pipeline|
    | min | max | min | max |   Type  |
    +-----+-----+-----+-----+---------+
    |   10|   10|   10|   10|   none  |
    +-----+-----+-----+-----+---------+

    + Detail: 
        * Instance: 
        N/A

        * Loop: 
        +----------+-----+-----+----------+-----------+-----------+------+----------+
        |          |  Latency  | Iteration|  Initiation Interval  | Trip |          |
        | Loop Name| min | max |  Latency |  achieved |   target  | Count| Pipelined|
        +----------+-----+-----+----------+-----------+-----------+------+----------+
        |- myloop  |    8|    8|         4|          1|          1|     5|    yes   |
        +----------+-----+-----+----------+-----------+-----------+------+----------+



================================================================
== Utilization Estimates
================================================================
* Summary: 
+-----------------+---------+-------+-------+-------+
|       Name      | BRAM_18K| DSP48E|   FF  |  LUT  |
+-----------------+---------+-------+-------+-------+
|DSP              |        -|     90|      -|      -|
|Expression       |        -|      -|      0|   9400|
|FIFO             |        -|      -|      -|      -|
|Instance         |        -|      -|      -|      -|
|Memory           |        -|      -|      -|      -|
|Multiplexer      |        -|      -|      -|    230|
|Register         |        0|      -|   2427|    960|
+-----------------+---------+-------+-------+-------+
|Total            |        0|     90|   2427|  10590|
+-----------------+---------+-------+-------+-------+
|Available        |      100|     90|  41600|  20800|
+-----------------+---------+-------+-------+-------+
|Utilization (%)  |        0|    100|      5|     50|
+-----------------+---------+-------+-------+-------+

+ Detail: 
    * Instance: 
    N/A

    * DSP48: 
    +--------------------------+----------------------+-----------+
    |         Instance         |        Module        | Expression|
    +--------------------------+----------------------+-----------+
    |mandel_calc_mul_mbkb_U1   |mandel_calc_mul_mbkb  |  i0 * i0  |
    |mandel_calc_mul_mbkb_U2   |mandel_calc_mul_mbkb  |  i0 * i0  |
    |mandel_calc_mul_mbkb_U3   |mandel_calc_mul_mbkb  |  i0 * i1  |
    |mandel_calc_mul_mbkb_U4   |mandel_calc_mul_mbkb  |  i0 * i0  |
    |mandel_calc_mul_mbkb_U5   |mandel_calc_mul_mbkb  |  i0 * i0  |
    |mandel_calc_mul_mbkb_U6   |mandel_calc_mul_mbkb  |  i0 * i1  |
    |mandel_calc_mul_mbkb_U7   |mandel_calc_mul_mbkb  |  i0 * i0  |
    |mandel_calc_mul_mbkb_U8   |mandel_calc_mul_mbkb  |  i0 * i0  |
    |mandel_calc_mul_mbkb_U9   |mandel_calc_mul_mbkb  |  i0 * i1  |
    |mandel_calc_mul_mbkb_U10  |mandel_calc_mul_mbkb  |  i0 * i0  |
    |mandel_calc_mul_mbkb_U11  |mandel_calc_mul_mbkb  |  i0 * i0  |
    |mandel_calc_mul_mbkb_U12  |mandel_calc_mul_mbkb  |  i0 * i1  |
    |mandel_calc_mul_mbkb_U13  |mandel_calc_mul_mbkb  |  i0 * i0  |
    |mandel_calc_mul_mbkb_U14  |mandel_calc_mul_mbkb  |  i0 * i0  |
    |mandel_calc_mul_mbkb_U15  |mandel_calc_mul_mbkb  |  i0 * i1  |
    |mandel_calc_mul_mbkb_U16  |mandel_calc_mul_mbkb  |  i0 * i0  |
    |mandel_calc_mul_mbkb_U17  |mandel_calc_mul_mbkb  |  i0 * i0  |
    |mandel_calc_mul_mbkb_U18  |mandel_calc_mul_mbkb  |  i0 * i1  |
    |mandel_calc_mul_mbkb_U19  |mandel_calc_mul_mbkb  |  i0 * i0  |
    |mandel_calc_mul_mbkb_U20  |mandel_calc_mul_mbkb  |  i0 * i0  |
    |mandel_calc_mul_mbkb_U21  |mandel_calc_mul_mbkb  |  i0 * i1  |
    |mandel_calc_mul_mbkb_U22  |mandel_calc_mul_mbkb  |  i0 * i0  |
    |mandel_calc_mul_mbkb_U23  |mandel_calc_mul_mbkb  |  i0 * i0  |
    |mandel_calc_mul_mbkb_U24  |mandel_calc_mul_mbkb  |  i0 * i1  |
    |mandel_calc_mul_mbkb_U25  |mandel_calc_mul_mbkb  |  i0 * i0  |
    |mandel_calc_mul_mbkb_U26  |mandel_calc_mul_mbkb  |  i0 * i0  |
    |mandel_calc_mul_mbkb_U27  |mandel_calc_mul_mbkb  |  i0 * i1  |
    |mandel_calc_mul_mbkb_U28  |mandel_calc_mul_mbkb  |  i0 * i0  |
    |mandel_calc_mul_mbkb_U29  |mandel_calc_mul_mbkb  |  i0 * i0  |
    |mandel_calc_mul_mbkb_U30  |mandel_calc_mul_mbkb  |  i0 * i1  |
    |mandel_calc_mul_mbkb_U31  |mandel_calc_mul_mbkb  |  i0 * i0  |
    |mandel_calc_mul_mbkb_U32  |mandel_calc_mul_mbkb  |  i0 * i0  |
    |mandel_calc_mul_mbkb_U33  |mandel_calc_mul_mbkb  |  i0 * i1  |
    |mandel_calc_mul_mbkb_U34  |mandel_calc_mul_mbkb  |  i0 * i0  |
    |mandel_calc_mul_mbkb_U35  |mandel_calc_mul_mbkb  |  i0 * i0  |
    |mandel_calc_mul_mbkb_U36  |mandel_calc_mul_mbkb  |  i0 * i1  |
    |mandel_calc_mul_mbkb_U37  |mandel_calc_mul_mbkb  |  i0 * i0  |
    |mandel_calc_mul_mbkb_U38  |mandel_calc_mul_mbkb  |  i0 * i0  |
    |mandel_calc_mul_mbkb_U39  |mandel_calc_mul_mbkb  |  i0 * i1  |
    |mandel_calc_mul_mbkb_U40  |mandel_calc_mul_mbkb  |  i0 * i0  |
    |mandel_calc_mul_mbkb_U41  |mandel_calc_mul_mbkb  |  i0 * i0  |
    |mandel_calc_mul_mbkb_U42  |mandel_calc_mul_mbkb  |  i0 * i1  |
    |mandel_calc_mul_mbkb_U43  |mandel_calc_mul_mbkb  |  i0 * i0  |
    |mandel_calc_mul_mbkb_U44  |mandel_calc_mul_mbkb  |  i0 * i0  |
    |mandel_calc_mul_mbkb_U45  |mandel_calc_mul_mbkb  |  i0 * i1  |
    |mandel_calc_mul_mbkb_U46  |mandel_calc_mul_mbkb  |  i0 * i0  |
    |mandel_calc_mul_mbkb_U47  |mandel_calc_mul_mbkb  |  i0 * i0  |
    |mandel_calc_mul_mbkb_U48  |mandel_calc_mul_mbkb  |  i0 * i1  |
    |mandel_calc_mul_mbkb_U49  |mandel_calc_mul_mbkb  |  i0 * i0  |
    |mandel_calc_mul_mbkb_U50  |mandel_calc_mul_mbkb  |  i0 * i0  |
    |mandel_calc_mul_mbkb_U51  |mandel_calc_mul_mbkb  |  i0 * i1  |
    |mandel_calc_mul_mbkb_U52  |mandel_calc_mul_mbkb  |  i0 * i0  |
    |mandel_calc_mul_mbkb_U53  |mandel_calc_mul_mbkb  |  i0 * i0  |
    |mandel_calc_mul_mbkb_U54  |mandel_calc_mul_mbkb  |  i0 * i1  |
    |mandel_calc_mul_mbkb_U55  |mandel_calc_mul_mbkb  |  i0 * i0  |
    |mandel_calc_mul_mbkb_U56  |mandel_calc_mul_mbkb  |  i0 * i0  |
    |mandel_calc_mul_mbkb_U57  |mandel_calc_mul_mbkb  |  i0 * i1  |
    |mandel_calc_mul_mbkb_U58  |mandel_calc_mul_mbkb  |  i0 * i0  |
    |mandel_calc_mul_mbkb_U59  |mandel_calc_mul_mbkb  |  i0 * i0  |
    |mandel_calc_mul_mbkb_U60  |mandel_calc_mul_mbkb  |  i0 * i1  |
    |mandel_calc_mul_mbkb_U61  |mandel_calc_mul_mbkb  |  i0 * i0  |
    |mandel_calc_mul_mbkb_U62  |mandel_calc_mul_mbkb  |  i0 * i0  |
    |mandel_calc_mul_mbkb_U63  |mandel_calc_mul_mbkb  |  i0 * i1  |
    |mandel_calc_mul_mbkb_U64  |mandel_calc_mul_mbkb  |  i0 * i0  |
    |mandel_calc_mul_mbkb_U65  |mandel_calc_mul_mbkb  |  i0 * i0  |
    |mandel_calc_mul_mbkb_U66  |mandel_calc_mul_mbkb  |  i0 * i1  |
    |mandel_calc_mul_mbkb_U67  |mandel_calc_mul_mbkb  |  i0 * i0  |
    |mandel_calc_mul_mbkb_U68  |mandel_calc_mul_mbkb  |  i0 * i0  |
    |mandel_calc_mul_mbkb_U69  |mandel_calc_mul_mbkb  |  i0 * i1  |
    |mandel_calc_mul_mbkb_U70  |mandel_calc_mul_mbkb  |  i0 * i0  |
    |mandel_calc_mul_mbkb_U71  |mandel_calc_mul_mbkb  |  i0 * i0  |
    |mandel_calc_mul_mbkb_U72  |mandel_calc_mul_mbkb  |  i0 * i1  |
    |mandel_calc_mul_mbkb_U73  |mandel_calc_mul_mbkb  |  i0 * i0  |
    |mandel_calc_mul_mbkb_U74  |mandel_calc_mul_mbkb  |  i0 * i0  |
    |mandel_calc_mul_mbkb_U75  |mandel_calc_mul_mbkb  |  i0 * i1  |
    |mandel_calc_mul_mbkb_U76  |mandel_calc_mul_mbkb  |  i0 * i0  |
    |mandel_calc_mul_mbkb_U77  |mandel_calc_mul_mbkb  |  i0 * i0  |
    |mandel_calc_mul_mbkb_U78  |mandel_calc_mul_mbkb  |  i0 * i1  |
    |mandel_calc_mul_mbkb_U79  |mandel_calc_mul_mbkb  |  i0 * i0  |
    |mandel_calc_mul_mbkb_U80  |mandel_calc_mul_mbkb  |  i0 * i0  |
    |mandel_calc_mul_mbkb_U81  |mandel_calc_mul_mbkb  |  i0 * i1  |
    |mandel_calc_mul_mbkb_U82  |mandel_calc_mul_mbkb  |  i0 * i0  |
    |mandel_calc_mul_mbkb_U83  |mandel_calc_mul_mbkb  |  i0 * i0  |
    |mandel_calc_mul_mbkb_U84  |mandel_calc_mul_mbkb  |  i0 * i1  |
    |mandel_calc_mul_mbkb_U85  |mandel_calc_mul_mbkb  |  i0 * i0  |
    |mandel_calc_mul_mbkb_U86  |mandel_calc_mul_mbkb  |  i0 * i0  |
    |mandel_calc_mul_mbkb_U87  |mandel_calc_mul_mbkb  |  i0 * i1  |
    |mandel_calc_mul_mbkb_U88  |mandel_calc_mul_mbkb  |  i0 * i0  |
    |mandel_calc_mul_mbkb_U89  |mandel_calc_mul_mbkb  |  i0 * i0  |
    |mandel_calc_mul_mbkb_U90  |mandel_calc_mul_mbkb  |  i0 * i1  |
    +--------------------------+----------------------+-----------+

    * Memory: 
    N/A

    * FIFO: 
    N/A

    * Expression: 
    +------------------------------+----------+-------+---+----+------------+------------+
    |         Variable Name        | Operation| DSP48E| FF| LUT| Bitwidth P0| Bitwidth P1|
    +------------------------------+----------+-------+---+----+------------+------------+
    |p_Val2_11_fu_613_p2           |     +    |      0|  0|  31|          31|          31|
    |p_Val2_12_10_fu_2181_p2       |     +    |      0|  0|  46|          39|          39|
    |p_Val2_12_11_fu_2327_p2       |     +    |      0|  0|  46|          39|          39|
    |p_Val2_12_12_fu_2473_p2       |     +    |      0|  0|  46|          39|          39|
    |p_Val2_12_13_fu_2619_p2       |     +    |      0|  0|  46|          39|          39|
    |p_Val2_12_14_fu_2765_p2       |     +    |      0|  0|  46|          39|          39|
    |p_Val2_12_15_fu_2911_p2       |     +    |      0|  0|  46|          39|          39|
    |p_Val2_12_16_fu_3057_p2       |     +    |      0|  0|  46|          39|          39|
    |p_Val2_12_17_fu_3203_p2       |     +    |      0|  0|  46|          39|          39|
    |p_Val2_12_18_fu_3349_p2       |     +    |      0|  0|  46|          39|          39|
    |p_Val2_12_19_fu_3495_p2       |     +    |      0|  0|  46|          39|          39|
    |p_Val2_12_1_fu_721_p2         |     +    |      0|  0|  46|          39|          39|
    |p_Val2_12_20_fu_3641_p2       |     +    |      0|  0|  46|          39|          39|
    |p_Val2_12_21_fu_3787_p2       |     +    |      0|  0|  46|          39|          39|
    |p_Val2_12_22_fu_3933_p2       |     +    |      0|  0|  46|          39|          39|
    |p_Val2_12_23_fu_4079_p2       |     +    |      0|  0|  46|          39|          39|
    |p_Val2_12_24_fu_4225_p2       |     +    |      0|  0|  46|          39|          39|
    |p_Val2_12_25_fu_4371_p2       |     +    |      0|  0|  46|          39|          39|
    |p_Val2_12_26_fu_4517_p2       |     +    |      0|  0|  46|          39|          39|
    |p_Val2_12_27_fu_4663_p2       |     +    |      0|  0|  46|          39|          39|
    |p_Val2_12_28_fu_4809_p2       |     +    |      0|  0|  46|          39|          39|
    |p_Val2_12_2_fu_867_p2         |     +    |      0|  0|  46|          39|          39|
    |p_Val2_12_3_fu_1013_p2        |     +    |      0|  0|  46|          39|          39|
    |p_Val2_12_4_fu_1159_p2        |     +    |      0|  0|  46|          39|          39|
    |p_Val2_12_5_fu_1305_p2        |     +    |      0|  0|  46|          39|          39|
    |p_Val2_12_6_fu_1451_p2        |     +    |      0|  0|  46|          39|          39|
    |p_Val2_12_7_fu_1597_p2        |     +    |      0|  0|  46|          39|          39|
    |p_Val2_12_8_fu_1743_p2        |     +    |      0|  0|  46|          39|          39|
    |p_Val2_12_9_fu_1889_p2        |     +    |      0|  0|  46|          39|          39|
    |p_Val2_12_fu_618_p2           |     +    |      0|  0|  38|          31|          31|
    |p_Val2_12_s_fu_2035_p2        |     +    |      0|  0|  46|          39|          39|
    |p_Val2_14_10_fu_2207_p2       |     +    |      0|  0|  38|          31|          31|
    |p_Val2_14_11_fu_2353_p2       |     +    |      0|  0|  38|          31|          31|
    |p_Val2_14_12_fu_2499_p2       |     +    |      0|  0|  38|          31|          31|
    |p_Val2_14_13_fu_2645_p2       |     +    |      0|  0|  38|          31|          31|
    |p_Val2_14_14_fu_2791_p2       |     +    |      0|  0|  38|          31|          31|
    |p_Val2_14_15_fu_2937_p2       |     +    |      0|  0|  38|          31|          31|
    |p_Val2_14_16_fu_3083_p2       |     +    |      0|  0|  38|          31|          31|
    |p_Val2_14_17_fu_3229_p2       |     +    |      0|  0|  38|          31|          31|
    |p_Val2_14_18_fu_3375_p2       |     +    |      0|  0|  38|          31|          31|
    |p_Val2_14_19_fu_3521_p2       |     +    |      0|  0|  38|          31|          31|
    |p_Val2_14_1_fu_747_p2         |     +    |      0|  0|  38|          31|          31|
    |p_Val2_14_20_fu_3667_p2       |     +    |      0|  0|  38|          31|          31|
    |p_Val2_14_21_fu_3813_p2       |     +    |      0|  0|  38|          31|          31|
    |p_Val2_14_22_fu_3959_p2       |     +    |      0|  0|  38|          31|          31|
    |p_Val2_14_23_fu_4105_p2       |     +    |      0|  0|  38|          31|          31|
    |p_Val2_14_24_fu_4251_p2       |     +    |      0|  0|  38|          31|          31|
    |p_Val2_14_25_fu_4397_p2       |     +    |      0|  0|  38|          31|          31|
    |p_Val2_14_26_fu_4543_p2       |     +    |      0|  0|  38|          31|          31|
    |p_Val2_14_27_fu_4689_p2       |     +    |      0|  0|  38|          31|          31|
    |p_Val2_14_28_fu_4835_p2       |     +    |      0|  0|  38|          31|          31|
    |p_Val2_14_2_fu_893_p2         |     +    |      0|  0|  38|          31|          31|
    |p_Val2_14_3_fu_1039_p2        |     +    |      0|  0|  38|          31|          31|
    |p_Val2_14_4_fu_1185_p2        |     +    |      0|  0|  38|          31|          31|
    |p_Val2_14_5_fu_1331_p2        |     +    |      0|  0|  38|          31|          31|
    |p_Val2_14_6_fu_1477_p2        |     +    |      0|  0|  38|          31|          31|
    |p_Val2_14_7_fu_1623_p2        |     +    |      0|  0|  38|          31|          31|
    |p_Val2_14_8_fu_1769_p2        |     +    |      0|  0|  38|          31|          31|
    |p_Val2_14_9_fu_1915_p2        |     +    |      0|  0|  38|          31|          31|
    |p_Val2_14_s_fu_2061_p2        |     +    |      0|  0|  38|          31|          31|
    |p_Val2_17_10_fu_2219_p2       |     +    |      0|  0|  31|          31|          31|
    |p_Val2_17_11_fu_2365_p2       |     +    |      0|  0|  31|          31|          31|
    |p_Val2_17_12_fu_2511_p2       |     +    |      0|  0|  31|          31|          31|
    |p_Val2_17_13_fu_2657_p2       |     +    |      0|  0|  31|          31|          31|
    |p_Val2_17_14_fu_2803_p2       |     +    |      0|  0|  31|          31|          31|
    |p_Val2_17_15_fu_2949_p2       |     +    |      0|  0|  31|          31|          31|
    |p_Val2_17_16_fu_3095_p2       |     +    |      0|  0|  31|          31|          31|
    |p_Val2_17_17_fu_3241_p2       |     +    |      0|  0|  31|          31|          31|
    |p_Val2_17_18_fu_3387_p2       |     +    |      0|  0|  31|          31|          31|
    |p_Val2_17_19_fu_3533_p2       |     +    |      0|  0|  31|          31|          31|
    |p_Val2_17_1_fu_759_p2         |     +    |      0|  0|  31|          31|          31|
    |p_Val2_17_20_fu_3679_p2       |     +    |      0|  0|  31|          31|          31|
    |p_Val2_17_21_fu_3825_p2       |     +    |      0|  0|  31|          31|          31|
    |p_Val2_17_22_fu_3971_p2       |     +    |      0|  0|  31|          31|          31|
    |p_Val2_17_23_fu_4117_p2       |     +    |      0|  0|  31|          31|          31|
    |p_Val2_17_24_fu_4263_p2       |     +    |      0|  0|  31|          31|          31|
    |p_Val2_17_25_fu_4409_p2       |     +    |      0|  0|  31|          31|          31|
    |p_Val2_17_26_fu_4555_p2       |     +    |      0|  0|  31|          31|          31|
    |p_Val2_17_27_fu_4701_p2       |     +    |      0|  0|  31|          31|          31|
    |p_Val2_17_28_fu_4847_p2       |     +    |      0|  0|  31|          31|          31|
    |p_Val2_17_2_fu_905_p2         |     +    |      0|  0|  31|          31|          31|
    |p_Val2_17_3_fu_1051_p2        |     +    |      0|  0|  31|          31|          31|
    |p_Val2_17_4_fu_1197_p2        |     +    |      0|  0|  31|          31|          31|
    |p_Val2_17_5_fu_1343_p2        |     +    |      0|  0|  31|          31|          31|
    |p_Val2_17_6_fu_1489_p2        |     +    |      0|  0|  31|          31|          31|
    |p_Val2_17_7_fu_1635_p2        |     +    |      0|  0|  31|          31|          31|
    |p_Val2_17_8_fu_1781_p2        |     +    |      0|  0|  31|          31|          31|
    |p_Val2_17_9_fu_1927_p2        |     +    |      0|  0|  31|          31|          31|
    |p_Val2_17_s_fu_2073_p2        |     +    |      0|  0|  31|          31|          31|
    |p_Val2_18_10_fu_2224_p2       |     +    |      0|  0|  38|          31|          31|
    |p_Val2_18_11_fu_2370_p2       |     +    |      0|  0|  38|          31|          31|
    |p_Val2_18_12_fu_2516_p2       |     +    |      0|  0|  38|          31|          31|
    |p_Val2_18_13_fu_2662_p2       |     +    |      0|  0|  38|          31|          31|
    |p_Val2_18_14_fu_2808_p2       |     +    |      0|  0|  38|          31|          31|
    |p_Val2_18_15_fu_2954_p2       |     +    |      0|  0|  38|          31|          31|
    |p_Val2_18_16_fu_3100_p2       |     +    |      0|  0|  38|          31|          31|
    |p_Val2_18_17_fu_3246_p2       |     +    |      0|  0|  38|          31|          31|
    |p_Val2_18_18_fu_3392_p2       |     +    |      0|  0|  38|          31|          31|
    |p_Val2_18_19_fu_3538_p2       |     +    |      0|  0|  38|          31|          31|
    |p_Val2_18_1_fu_764_p2         |     +    |      0|  0|  38|          31|          31|
    |p_Val2_18_20_fu_3684_p2       |     +    |      0|  0|  38|          31|          31|
    |p_Val2_18_21_fu_3830_p2       |     +    |      0|  0|  38|          31|          31|
    |p_Val2_18_22_fu_3976_p2       |     +    |      0|  0|  38|          31|          31|
    |p_Val2_18_23_fu_4122_p2       |     +    |      0|  0|  38|          31|          31|
    |p_Val2_18_24_fu_4268_p2       |     +    |      0|  0|  38|          31|          31|
    |p_Val2_18_25_fu_4414_p2       |     +    |      0|  0|  38|          31|          31|
    |p_Val2_18_26_fu_4560_p2       |     +    |      0|  0|  38|          31|          31|
    |p_Val2_18_27_fu_4706_p2       |     +    |      0|  0|  38|          31|          31|
    |p_Val2_18_28_fu_4852_p2       |     +    |      0|  0|  38|          31|          31|
    |p_Val2_18_2_fu_910_p2         |     +    |      0|  0|  38|          31|          31|
    |p_Val2_18_3_fu_1056_p2        |     +    |      0|  0|  38|          31|          31|
    |p_Val2_18_4_fu_1202_p2        |     +    |      0|  0|  38|          31|          31|
    |p_Val2_18_5_fu_1348_p2        |     +    |      0|  0|  38|          31|          31|
    |p_Val2_18_6_fu_1494_p2        |     +    |      0|  0|  38|          31|          31|
    |p_Val2_18_7_fu_1640_p2        |     +    |      0|  0|  38|          31|          31|
    |p_Val2_18_8_fu_1786_p2        |     +    |      0|  0|  38|          31|          31|
    |p_Val2_18_9_fu_1932_p2        |     +    |      0|  0|  38|          31|          31|
    |p_Val2_18_s_fu_2078_p2        |     +    |      0|  0|  38|          31|          31|
    |p_Val2_1_fu_583_p2            |     +    |      0|  0|  46|          39|          39|
    |p_Val2_5_10_fu_2124_p2        |     +    |      0|  0|  38|          31|          31|
    |p_Val2_5_11_fu_2270_p2        |     +    |      0|  0|  38|          31|          31|
    |p_Val2_5_12_fu_2416_p2        |     +    |      0|  0|  38|          31|          31|
    |p_Val2_5_13_fu_2562_p2        |     +    |      0|  0|  38|          31|          31|
    |p_Val2_5_14_fu_2708_p2        |     +    |      0|  0|  38|          31|          31|
    |p_Val2_5_15_fu_2854_p2        |     +    |      0|  0|  38|          31|          31|
    |p_Val2_5_16_fu_3000_p2        |     +    |      0|  0|  38|          31|          31|
    |p_Val2_5_17_fu_3146_p2        |     +    |      0|  0|  38|          31|          31|
    |p_Val2_5_18_fu_3292_p2        |     +    |      0|  0|  38|          31|          31|
    |p_Val2_5_19_fu_3438_p2        |     +    |      0|  0|  38|          31|          31|
    |p_Val2_5_1_fu_664_p2          |     +    |      0|  0|  38|          31|          31|
    |p_Val2_5_20_fu_3584_p2        |     +    |      0|  0|  38|          31|          31|
    |p_Val2_5_21_fu_3730_p2        |     +    |      0|  0|  38|          31|          31|
    |p_Val2_5_22_fu_3876_p2        |     +    |      0|  0|  38|          31|          31|
    |p_Val2_5_23_fu_4022_p2        |     +    |      0|  0|  38|          31|          31|
    |p_Val2_5_24_fu_4168_p2        |     +    |      0|  0|  38|          31|          31|
    |p_Val2_5_25_fu_4314_p2        |     +    |      0|  0|  38|          31|          31|
    |p_Val2_5_26_fu_4460_p2        |     +    |      0|  0|  38|          31|          31|
    |p_Val2_5_27_fu_4606_p2        |     +    |      0|  0|  38|          31|          31|
    |p_Val2_5_28_fu_4752_p2        |     +    |      0|  0|  38|          31|          31|
    |p_Val2_5_2_fu_810_p2          |     +    |      0|  0|  38|          31|          31|
    |p_Val2_5_3_fu_956_p2          |     +    |      0|  0|  38|          31|          31|
    |p_Val2_5_4_fu_1102_p2         |     +    |      0|  0|  38|          31|          31|
    |p_Val2_5_5_fu_1248_p2         |     +    |      0|  0|  38|          31|          31|
    |p_Val2_5_6_fu_1394_p2         |     +    |      0|  0|  38|          31|          31|
    |p_Val2_5_7_fu_1540_p2         |     +    |      0|  0|  38|          31|          31|
    |p_Val2_5_8_fu_1686_p2         |     +    |      0|  0|  38|          31|          31|
    |p_Val2_5_9_fu_1832_p2         |     +    |      0|  0|  38|          31|          31|
    |p_Val2_5_fu_559_p2            |     +    |      0|  0|  38|          31|          31|
    |p_Val2_5_s_fu_1978_p2         |     +    |      0|  0|  38|          31|          31|
    |p_Val2_6_fu_601_p2            |     +    |      0|  0|  38|          31|          31|
    |p_Val2_9_10_fu_2164_p2        |     +    |      0|  0|  38|          31|          31|
    |p_Val2_9_11_fu_2310_p2        |     +    |      0|  0|  38|          31|          31|
    |p_Val2_9_12_fu_2456_p2        |     +    |      0|  0|  38|          31|          31|
    |p_Val2_9_13_fu_2602_p2        |     +    |      0|  0|  38|          31|          31|
    |p_Val2_9_14_fu_2748_p2        |     +    |      0|  0|  38|          31|          31|
    |p_Val2_9_15_fu_2894_p2        |     +    |      0|  0|  38|          31|          31|
    |p_Val2_9_16_fu_3040_p2        |     +    |      0|  0|  38|          31|          31|
    |p_Val2_9_17_fu_3186_p2        |     +    |      0|  0|  38|          31|          31|
    |p_Val2_9_18_fu_3332_p2        |     +    |      0|  0|  38|          31|          31|
    |p_Val2_9_19_fu_3478_p2        |     +    |      0|  0|  38|          31|          31|
    |p_Val2_9_1_fu_704_p2          |     +    |      0|  0|  38|          31|          31|
    |p_Val2_9_20_fu_3624_p2        |     +    |      0|  0|  38|          31|          31|
    |p_Val2_9_21_fu_3770_p2        |     +    |      0|  0|  38|          31|          31|
    |p_Val2_9_22_fu_3916_p2        |     +    |      0|  0|  38|          31|          31|
    |p_Val2_9_23_fu_4062_p2        |     +    |      0|  0|  38|          31|          31|
    |p_Val2_9_24_fu_4208_p2        |     +    |      0|  0|  38|          31|          31|
    |p_Val2_9_25_fu_4354_p2        |     +    |      0|  0|  38|          31|          31|
    |p_Val2_9_26_fu_4500_p2        |     +    |      0|  0|  38|          31|          31|
    |p_Val2_9_27_fu_4646_p2        |     +    |      0|  0|  38|          31|          31|
    |p_Val2_9_28_fu_4792_p2        |     +    |      0|  0|  38|          31|          31|
    |p_Val2_9_2_fu_850_p2          |     +    |      0|  0|  38|          31|          31|
    |p_Val2_9_3_fu_996_p2          |     +    |      0|  0|  38|          31|          31|
    |p_Val2_9_4_fu_1142_p2         |     +    |      0|  0|  38|          31|          31|
    |p_Val2_9_5_fu_1288_p2         |     +    |      0|  0|  38|          31|          31|
    |p_Val2_9_6_fu_1434_p2         |     +    |      0|  0|  38|          31|          31|
    |p_Val2_9_7_fu_1580_p2         |     +    |      0|  0|  38|          31|          31|
    |p_Val2_9_8_fu_1726_p2         |     +    |      0|  0|  38|          31|          31|
    |p_Val2_9_9_fu_1872_p2         |     +    |      0|  0|  38|          31|          31|
    |p_Val2_9_fu_567_p2            |     +    |      0|  0|  38|          31|          31|
    |p_Val2_9_s_fu_2018_p2         |     +    |      0|  0|  38|          31|          31|
    |tmp_31_10_fu_4966_p2          |     +    |      0|  0|  15|           8|           8|
    |tmp_31_11_fu_4975_p2          |     +    |      0|  0|  15|           8|           8|
    |tmp_31_12_fu_4984_p2          |     +    |      0|  0|  15|           8|           8|
    |tmp_31_13_fu_4993_p2          |     +    |      0|  0|  15|           8|           8|
    |tmp_31_14_fu_5002_p2          |     +    |      0|  0|  15|           8|           8|
    |tmp_31_15_fu_5011_p2          |     +    |      0|  0|  15|           8|           8|
    |tmp_31_16_fu_5020_p2          |     +    |      0|  0|  15|           8|           8|
    |tmp_31_17_fu_5029_p2          |     +    |      0|  0|  15|           8|           8|
    |tmp_31_18_fu_5038_p2          |     +    |      0|  0|  15|           8|           8|
    |tmp_31_19_fu_5047_p2          |     +    |      0|  0|  15|           8|           8|
    |tmp_31_1_fu_4876_p2           |     +    |      0|  0|  15|           8|           8|
    |tmp_31_20_fu_5056_p2          |     +    |      0|  0|  15|           8|           8|
    |tmp_31_21_fu_5065_p2          |     +    |      0|  0|  15|           8|           8|
    |tmp_31_22_fu_5074_p2          |     +    |      0|  0|  15|           8|           8|
    |tmp_31_23_fu_5083_p2          |     +    |      0|  0|  15|           8|           8|
    |tmp_31_24_fu_5092_p2          |     +    |      0|  0|  15|           8|           8|
    |tmp_31_25_fu_5101_p2          |     +    |      0|  0|  15|           8|           8|
    |tmp_31_26_fu_5110_p2          |     +    |      0|  0|  15|           8|           8|
    |tmp_31_27_fu_5119_p2          |     +    |      0|  0|  15|           8|           8|
    |tmp_31_28_fu_5127_p2          |     +    |      0|  0|  15|           8|           8|
    |tmp_31_2_fu_4885_p2           |     +    |      0|  0|  15|           8|           8|
    |tmp_31_3_fu_4894_p2           |     +    |      0|  0|  15|           8|           8|
    |tmp_31_4_fu_4903_p2           |     +    |      0|  0|  15|           8|           8|
    |tmp_31_5_fu_4912_p2           |     +    |      0|  0|  15|           8|           8|
    |tmp_31_6_fu_4921_p2           |     +    |      0|  0|  15|           8|           8|
    |tmp_31_7_fu_4930_p2           |     +    |      0|  0|  15|           8|           8|
    |tmp_31_8_fu_4939_p2           |     +    |      0|  0|  15|           8|           8|
    |tmp_31_9_fu_4948_p2           |     +    |      0|  0|  15|           8|           8|
    |tmp_31_s_fu_4957_p2           |     +    |      0|  0|  15|           8|           8|
    |tmp_32_1_fu_550_p2            |     +    |      0|  0|  15|           8|           5|
    |tmp_6_fu_4867_p2              |     +    |      0|  0|  15|           8|           8|
    |p_Val2_10_fu_607_p2           |     -    |      0|  0|  31|          31|          31|
    |p_Val2_15_10_fu_2213_p2       |     -    |      0|  0|  31|          31|          31|
    |p_Val2_15_11_fu_2359_p2       |     -    |      0|  0|  31|          31|          31|
    |p_Val2_15_12_fu_2505_p2       |     -    |      0|  0|  31|          31|          31|
    |p_Val2_15_13_fu_2651_p2       |     -    |      0|  0|  31|          31|          31|
    |p_Val2_15_14_fu_2797_p2       |     -    |      0|  0|  31|          31|          31|
    |p_Val2_15_15_fu_2943_p2       |     -    |      0|  0|  31|          31|          31|
    |p_Val2_15_16_fu_3089_p2       |     -    |      0|  0|  31|          31|          31|
    |p_Val2_15_17_fu_3235_p2       |     -    |      0|  0|  31|          31|          31|
    |p_Val2_15_18_fu_3381_p2       |     -    |      0|  0|  31|          31|          31|
    |p_Val2_15_19_fu_3527_p2       |     -    |      0|  0|  31|          31|          31|
    |p_Val2_15_1_fu_753_p2         |     -    |      0|  0|  31|          31|          31|
    |p_Val2_15_20_fu_3673_p2       |     -    |      0|  0|  31|          31|          31|
    |p_Val2_15_21_fu_3819_p2       |     -    |      0|  0|  31|          31|          31|
    |p_Val2_15_22_fu_3965_p2       |     -    |      0|  0|  31|          31|          31|
    |p_Val2_15_23_fu_4111_p2       |     -    |      0|  0|  31|          31|          31|
    |p_Val2_15_24_fu_4257_p2       |     -    |      0|  0|  31|          31|          31|
    |p_Val2_15_25_fu_4403_p2       |     -    |      0|  0|  31|          31|          31|
    |p_Val2_15_26_fu_4549_p2       |     -    |      0|  0|  31|          31|          31|
    |p_Val2_15_27_fu_4695_p2       |     -    |      0|  0|  31|          31|          31|
    |p_Val2_15_28_fu_4841_p2       |     -    |      0|  0|  31|          31|          31|
    |p_Val2_15_2_fu_899_p2         |     -    |      0|  0|  31|          31|          31|
    |p_Val2_15_3_fu_1045_p2        |     -    |      0|  0|  31|          31|          31|
    |p_Val2_15_4_fu_1191_p2        |     -    |      0|  0|  31|          31|          31|
    |p_Val2_15_5_fu_1337_p2        |     -    |      0|  0|  31|          31|          31|
    |p_Val2_15_6_fu_1483_p2        |     -    |      0|  0|  31|          31|          31|
    |p_Val2_15_7_fu_1629_p2        |     -    |      0|  0|  31|          31|          31|
    |p_Val2_15_8_fu_1775_p2        |     -    |      0|  0|  31|          31|          31|
    |p_Val2_15_9_fu_1921_p2        |     -    |      0|  0|  31|          31|          31|
    |p_Val2_15_s_fu_2067_p2        |     -    |      0|  0|  31|          31|          31|
    |ap_condition_4773             |    and   |      0|  0|   8|           1|           1|
    |ap_condition_4777             |    and   |      0|  0|   8|           1|           1|
    |ap_condition_4783             |    and   |      0|  0|   8|           1|           1|
    |ap_condition_4787             |    and   |      0|  0|   8|           1|           1|
    |ap_condition_4791             |    and   |      0|  0|   8|           1|           1|
    |ap_condition_4795             |    and   |      0|  0|   8|           1|           1|
    |ap_condition_4799             |    and   |      0|  0|   8|           1|           1|
    |ap_condition_4803             |    and   |      0|  0|   8|           1|           1|
    |ap_condition_4807             |    and   |      0|  0|   8|           1|           1|
    |ap_condition_4811             |    and   |      0|  0|   8|           1|           1|
    |ap_condition_4815             |    and   |      0|  0|   8|           1|           1|
    |ap_condition_4819             |    and   |      0|  0|   8|           1|           1|
    |ap_condition_4823             |    and   |      0|  0|   8|           1|           1|
    |ap_condition_4827             |    and   |      0|  0|   8|           1|           1|
    |ap_condition_4831             |    and   |      0|  0|   8|           1|           1|
    |ap_condition_4835             |    and   |      0|  0|   8|           1|           1|
    |ap_condition_4839             |    and   |      0|  0|   8|           1|           1|
    |ap_condition_4843             |    and   |      0|  0|   8|           1|           1|
    |ap_condition_4847             |    and   |      0|  0|   8|           1|           1|
    |ap_condition_4851             |    and   |      0|  0|   8|           1|           1|
    |ap_condition_4855             |    and   |      0|  0|   8|           1|           1|
    |ap_condition_4859             |    and   |      0|  0|   8|           1|           1|
    |ap_condition_4863             |    and   |      0|  0|   8|           1|           1|
    |ap_condition_4867             |    and   |      0|  0|   8|           1|           1|
    |ap_condition_4871             |    and   |      0|  0|   8|           1|           1|
    |ap_condition_4875             |    and   |      0|  0|   8|           1|           1|
    |ap_condition_4879             |    and   |      0|  0|   8|           1|           1|
    |ap_condition_4883             |    and   |      0|  0|   8|           1|           1|
    |ap_condition_4887             |    and   |      0|  0|   8|           1|           1|
    |exitcond_10_fu_436_p2         |   icmp   |      0|  0|  11|           8|           8|
    |exitcond_11_fu_442_p2         |   icmp   |      0|  0|  11|           8|           8|
    |exitcond_12_fu_448_p2         |   icmp   |      0|  0|  11|           8|           8|
    |exitcond_13_fu_454_p2         |   icmp   |      0|  0|  11|           8|           8|
    |exitcond_14_fu_460_p2         |   icmp   |      0|  0|  11|           8|           8|
    |exitcond_15_fu_466_p2         |   icmp   |      0|  0|  11|           8|           8|
    |exitcond_16_fu_472_p2         |   icmp   |      0|  0|  11|           8|           8|
    |exitcond_17_fu_478_p2         |   icmp   |      0|  0|  11|           8|           8|
    |exitcond_18_fu_484_p2         |   icmp   |      0|  0|  11|           8|           8|
    |exitcond_19_fu_490_p2         |   icmp   |      0|  0|  11|           8|           8|
    |exitcond_1_fu_376_p2          |   icmp   |      0|  0|  11|           8|           8|
    |exitcond_20_fu_496_p2         |   icmp   |      0|  0|  13|           8|           9|
    |exitcond_21_fu_502_p2         |   icmp   |      0|  0|  11|           8|           7|
    |exitcond_22_fu_508_p2         |   icmp   |      0|  0|  11|           8|           7|
    |exitcond_23_fu_514_p2         |   icmp   |      0|  0|  11|           8|           7|
    |exitcond_24_fu_520_p2         |   icmp   |      0|  0|  11|           8|           7|
    |exitcond_25_fu_526_p2         |   icmp   |      0|  0|  11|           8|           7|
    |exitcond_26_fu_532_p2         |   icmp   |      0|  0|  11|           8|           7|
    |exitcond_27_fu_538_p2         |   icmp   |      0|  0|  11|           8|           7|
    |exitcond_28_fu_544_p2         |   icmp   |      0|  0|  11|           8|           7|
    |exitcond_2_fu_382_p2          |   icmp   |      0|  0|  11|           8|           8|
    |exitcond_3_fu_388_p2          |   icmp   |      0|  0|  11|           8|           8|
    |exitcond_4_fu_394_p2          |   icmp   |      0|  0|  11|           8|           8|
    |exitcond_5_fu_400_p2          |   icmp   |      0|  0|  11|           8|           8|
    |exitcond_6_fu_406_p2          |   icmp   |      0|  0|  11|           8|           8|
    |exitcond_7_fu_412_p2          |   icmp   |      0|  0|  11|           8|           8|
    |exitcond_8_fu_418_p2          |   icmp   |      0|  0|  11|           8|           8|
    |exitcond_9_fu_424_p2          |   icmp   |      0|  0|  11|           8|           8|
    |exitcond_fu_297_p2            |   icmp   |      0|  0|  11|           8|           8|
    |exitcond_s_fu_430_p2          |   icmp   |      0|  0|  11|           8|           8|
    |op2_assign_10_fu_2230_p2      |   icmp   |      0|  0|  18|          31|          30|
    |op2_assign_11_fu_2376_p2      |   icmp   |      0|  0|  18|          31|          30|
    |op2_assign_12_fu_2522_p2      |   icmp   |      0|  0|  18|          31|          30|
    |op2_assign_13_fu_2668_p2      |   icmp   |      0|  0|  18|          31|          30|
    |op2_assign_14_fu_2814_p2      |   icmp   |      0|  0|  18|          31|          30|
    |op2_assign_15_fu_2960_p2      |   icmp   |      0|  0|  18|          31|          30|
    |op2_assign_16_fu_3106_p2      |   icmp   |      0|  0|  18|          31|          30|
    |op2_assign_17_fu_3252_p2      |   icmp   |      0|  0|  18|          31|          30|
    |op2_assign_18_fu_3398_p2      |   icmp   |      0|  0|  18|          31|          30|
    |op2_assign_19_fu_3544_p2      |   icmp   |      0|  0|  18|          31|          30|
    |op2_assign_1_fu_770_p2        |   icmp   |      0|  0|  18|          31|          30|
    |op2_assign_20_fu_3690_p2      |   icmp   |      0|  0|  18|          31|          30|
    |op2_assign_21_fu_3836_p2      |   icmp   |      0|  0|  18|          31|          30|
    |op2_assign_22_fu_3982_p2      |   icmp   |      0|  0|  18|          31|          30|
    |op2_assign_23_fu_4128_p2      |   icmp   |      0|  0|  18|          31|          30|
    |op2_assign_24_fu_4274_p2      |   icmp   |      0|  0|  18|          31|          30|
    |op2_assign_25_fu_4420_p2      |   icmp   |      0|  0|  18|          31|          30|
    |op2_assign_26_fu_4566_p2      |   icmp   |      0|  0|  18|          31|          30|
    |op2_assign_27_fu_4712_p2      |   icmp   |      0|  0|  18|          31|          30|
    |op2_assign_28_fu_4858_p2      |   icmp   |      0|  0|  18|          31|          30|
    |op2_assign_2_fu_916_p2        |   icmp   |      0|  0|  18|          31|          30|
    |op2_assign_3_fu_1062_p2       |   icmp   |      0|  0|  18|          31|          30|
    |op2_assign_4_fu_1208_p2       |   icmp   |      0|  0|  18|          31|          30|
    |op2_assign_5_fu_1354_p2       |   icmp   |      0|  0|  18|          31|          30|
    |op2_assign_6_fu_1500_p2       |   icmp   |      0|  0|  18|          31|          30|
    |op2_assign_7_fu_1646_p2       |   icmp   |      0|  0|  18|          31|          30|
    |op2_assign_8_fu_1792_p2       |   icmp   |      0|  0|  18|          31|          30|
    |op2_assign_9_fu_1938_p2       |   icmp   |      0|  0|  18|          31|          30|
    |op2_assign_fu_624_p2          |   icmp   |      0|  0|  18|          31|          30|
    |op2_assign_s_fu_2084_p2       |   icmp   |      0|  0|  18|          31|          30|
    |ap_predicate_tran5to6_state2  |    or    |      0|  0|   8|           1|           1|
    |tmp_32_s_fu_370_p2            |    or    |      0|  0|  15|           8|           1|
    |ap_enable_pp0                 |    xor   |      0|  0|   8|           1|           2|
    +------------------------------+----------+-------+---+----+------------+------------+
    |Total                         |          |      0|  0|9400|        8207|        8161|
    +------------------------------+----------+-------+---+----+------------+------------+

    * Multiplexer: 
    +----------------------------------+-----+-----------+-----+-----------+
    |               Name               | LUT | Input Size| Bits| Total Bits|
    +----------------------------------+-----+-----------+-----+-----------+
    |ap_NS_fsm                         |   21|          4|    1|          4|
    |ap_enable_reg_pp0_iter3           |    9|          2|    1|          2|
    |ap_phi_mux_count_V_phi_fu_186_p4  |    9|          2|    8|         16|
    |ap_phi_mux_z_im_V_phi_fu_156_p4   |    9|          2|   31|         62|
    |ap_phi_mux_z_re_V_phi_fu_165_p4   |    9|          2|   31|         62|
    |count_V_reg_182                   |    9|          2|    8|         16|
    |t_V_reg_171                       |    9|          2|    8|         16|
    |tmp_4_lcssa_reg_194               |  137|         30|    8|        240|
    |z_im_V_reg_153                    |    9|          2|   31|         62|
    |z_re_V_reg_162                    |    9|          2|   31|         62|
    +----------------------------------+-----+-----------+-----+-----------+
    |Total                             |  230|         50|  158|        542|
    +----------------------------------+-----+-----------+-----+-----------+

    * Register: 
    +-----------------------------------------+----+----+-----+-----------+
    |                   Name                  | FF | LUT| Bits| Const Bits|
    +-----------------------------------------+----+----+-----+-----------+
    |ap_CS_fsm                                |   3|   0|    3|          0|
    |ap_enable_reg_pp0_iter0                  |   1|   0|    1|          0|
    |ap_enable_reg_pp0_iter1                  |   1|   0|    1|          0|
    |ap_enable_reg_pp0_iter2                  |   1|   0|    1|          0|
    |ap_enable_reg_pp0_iter3                  |   1|   0|    1|          0|
    |ap_reg_pp0_iter2_op2_assign_27_reg_6221  |   1|   0|    1|          0|
    |ap_reg_pp0_iter2_op2_assign_28_reg_6236  |   1|   0|    1|          0|
    |count_V_reg_182                          |   8|   0|    8|          0|
    |exitcond_10_reg_6000                     |   1|   0|    1|          0|
    |exitcond_11_reg_6004                     |   1|   0|    1|          0|
    |exitcond_12_reg_6008                     |   1|   0|    1|          0|
    |exitcond_13_reg_6012                     |   1|   0|    1|          0|
    |exitcond_14_reg_6016                     |   1|   0|    1|          0|
    |exitcond_15_reg_6020                     |   1|   0|    1|          0|
    |exitcond_16_reg_6024                     |   1|   0|    1|          0|
    |exitcond_17_reg_6028                     |   1|   0|    1|          0|
    |exitcond_18_reg_6032                     |   1|   0|    1|          0|
    |exitcond_19_reg_6036                     |   1|   0|    1|          0|
    |exitcond_1_reg_5960                      |   1|   0|    1|          0|
    |exitcond_20_reg_6040                     |   1|   0|    1|          0|
    |exitcond_21_reg_6044                     |   1|   0|    1|          0|
    |exitcond_22_reg_6048                     |   1|   0|    1|          0|
    |exitcond_23_reg_6052                     |   1|   0|    1|          0|
    |exitcond_24_reg_6056                     |   1|   0|    1|          0|
    |exitcond_25_reg_6060                     |   1|   0|    1|          0|
    |exitcond_26_reg_6064                     |   1|   0|    1|          0|
    |exitcond_27_reg_6068                     |   1|   0|    1|          0|
    |exitcond_28_reg_6072                     |   1|   0|    1|          0|
    |exitcond_2_reg_5964                      |   1|   0|    1|          0|
    |exitcond_3_reg_5968                      |   1|   0|    1|          0|
    |exitcond_4_reg_5972                      |   1|   0|    1|          0|
    |exitcond_5_reg_5976                      |   1|   0|    1|          0|
    |exitcond_6_reg_5980                      |   1|   0|    1|          0|
    |exitcond_7_reg_5984                      |   1|   0|    1|          0|
    |exitcond_8_reg_5988                      |   1|   0|    1|          0|
    |exitcond_9_reg_5992                      |   1|   0|    1|          0|
    |exitcond_reg_5926                        |   1|   0|    1|          0|
    |exitcond_s_reg_5996                      |   1|   0|    1|          0|
    |op2_assign_10_reg_6136                   |   1|   0|    1|          0|
    |op2_assign_11_reg_6141                   |   1|   0|    1|          0|
    |op2_assign_12_reg_6146                   |   1|   0|    1|          0|
    |op2_assign_13_reg_6151                   |   1|   0|    1|          0|
    |op2_assign_14_reg_6156                   |   1|   0|    1|          0|
    |op2_assign_15_reg_6161                   |   1|   0|    1|          0|
    |op2_assign_16_reg_6166                   |   1|   0|    1|          0|
    |op2_assign_17_reg_6171                   |   1|   0|    1|          0|
    |op2_assign_18_reg_6176                   |   1|   0|    1|          0|
    |op2_assign_19_reg_6181                   |   1|   0|    1|          0|
    |op2_assign_1_reg_6086                    |   1|   0|    1|          0|
    |op2_assign_20_reg_6186                   |   1|   0|    1|          0|
    |op2_assign_21_reg_6191                   |   1|   0|    1|          0|
    |op2_assign_22_reg_6196                   |   1|   0|    1|          0|
    |op2_assign_23_reg_6201                   |   1|   0|    1|          0|
    |op2_assign_24_reg_6206                   |   1|   0|    1|          0|
    |op2_assign_25_reg_6211                   |   1|   0|    1|          0|
    |op2_assign_26_reg_6216                   |   1|   0|    1|          0|
    |op2_assign_27_reg_6221                   |   1|   0|    1|          0|
    |op2_assign_28_reg_6236                   |   1|   0|    1|          0|
    |op2_assign_2_reg_6091                    |   1|   0|    1|          0|
    |op2_assign_3_reg_6096                    |   1|   0|    1|          0|
    |op2_assign_4_reg_6101                    |   1|   0|    1|          0|
    |op2_assign_5_reg_6106                    |   1|   0|    1|          0|
    |op2_assign_6_reg_6111                    |   1|   0|    1|          0|
    |op2_assign_7_reg_6116                    |   1|   0|    1|          0|
    |op2_assign_8_reg_6121                    |   1|   0|    1|          0|
    |op2_assign_9_reg_6126                    |   1|   0|    1|          0|
    |op2_assign_reg_6081                      |   1|   0|    1|          0|
    |op2_assign_s_reg_6131                    |   1|   0|    1|          0|
    |p_Val2_4_reg_5930                        |  31|   0|   31|          0|
    |p_Val2_8_reg_5940                        |  31|   0|   31|          0|
    |r_V_reg_5950                             |  36|   0|   36|          0|
    |t_V_reg_171                              |   8|   0|    8|          0|
    |tmp_10_reg_5945                          |   1|   0|    1|          0|
    |tmp_11_reg_5955                          |   1|   0|    1|          0|
    |tmp_31_10_reg_6296                       |   8|   0|    8|          0|
    |tmp_31_11_reg_6301                       |   8|   0|    8|          0|
    |tmp_31_12_reg_6306                       |   8|   0|    8|          0|
    |tmp_31_13_reg_6311                       |   8|   0|    8|          0|
    |tmp_31_14_reg_6316                       |   8|   0|    8|          0|
    |tmp_31_15_reg_6321                       |   8|   0|    8|          0|
    |tmp_31_16_reg_6326                       |   8|   0|    8|          0|
    |tmp_31_17_reg_6331                       |   8|   0|    8|          0|
    |tmp_31_18_reg_6336                       |   8|   0|    8|          0|
    |tmp_31_19_reg_6341                       |   8|   0|    8|          0|
    |tmp_31_20_reg_6346                       |   8|   0|    8|          0|
    |tmp_31_21_reg_6351                       |   8|   0|    8|          0|
    |tmp_31_22_reg_6356                       |   8|   0|    8|          0|
    |tmp_31_23_reg_6361                       |   8|   0|    8|          0|
    |tmp_31_24_reg_6366                       |   8|   0|    8|          0|
    |tmp_31_25_reg_6371                       |   8|   0|    8|          0|
    |tmp_31_26_reg_6376                       |   8|   0|    8|          0|
    |tmp_31_2_reg_6251                        |   8|   0|    8|          0|
    |tmp_31_3_reg_6256                        |   8|   0|    8|          0|
    |tmp_31_4_reg_6261                        |   8|   0|    8|          0|
    |tmp_31_5_reg_6266                        |   8|   0|    8|          0|
    |tmp_31_6_reg_6271                        |   8|   0|    8|          0|
    |tmp_31_7_reg_6276                        |   8|   0|    8|          0|
    |tmp_31_8_reg_6281                        |   8|   0|    8|          0|
    |tmp_31_9_reg_6286                        |   8|   0|    8|          0|
    |tmp_31_s_reg_6291                        |   8|   0|    8|          0|
    |tmp_4_cast_cast_reg_5892                 |  23|   0|   39|         16|
    |tmp_4_lcssa_reg_194                      |   8|   0|    8|          0|
    |tmp_reg_5935                             |   1|   0|    1|          0|
    |z0_re_V_cast_reg_5852                    |  20|   0|   31|         11|
    |z_im_V_reg_153                           |  31|   0|   31|          0|
    |z_re_V_reg_162                           |  31|   0|   31|          0|
    |exitcond_10_reg_6000                     |  64|  32|    1|          0|
    |exitcond_11_reg_6004                     |  64|  32|    1|          0|
    |exitcond_12_reg_6008                     |  64|  32|    1|          0|
    |exitcond_13_reg_6012                     |  64|  32|    1|          0|
    |exitcond_14_reg_6016                     |  64|  32|    1|          0|
    |exitcond_15_reg_6020                     |  64|  32|    1|          0|
    |exitcond_16_reg_6024                     |  64|  32|    1|          0|
    |exitcond_17_reg_6028                     |  64|  32|    1|          0|
    |exitcond_18_reg_6032                     |  64|  32|    1|          0|
    |exitcond_19_reg_6036                     |  64|  32|    1|          0|
    |exitcond_1_reg_5960                      |  64|  32|    1|          0|
    |exitcond_20_reg_6040                     |  64|  32|    1|          0|
    |exitcond_21_reg_6044                     |  64|  32|    1|          0|
    |exitcond_22_reg_6048                     |  64|  32|    1|          0|
    |exitcond_23_reg_6052                     |  64|  32|    1|          0|
    |exitcond_24_reg_6056                     |  64|  32|    1|          0|
    |exitcond_25_reg_6060                     |  64|  32|    1|          0|
    |exitcond_26_reg_6064                     |  64|  32|    1|          0|
    |exitcond_27_reg_6068                     |  64|  32|    1|          0|
    |exitcond_28_reg_6072                     |  64|  32|    1|          0|
    |exitcond_2_reg_5964                      |  64|  32|    1|          0|
    |exitcond_3_reg_5968                      |  64|  32|    1|          0|
    |exitcond_4_reg_5972                      |  64|  32|    1|          0|
    |exitcond_5_reg_5976                      |  64|  32|    1|          0|
    |exitcond_6_reg_5980                      |  64|  32|    1|          0|
    |exitcond_7_reg_5984                      |  64|  32|    1|          0|
    |exitcond_8_reg_5988                      |  64|  32|    1|          0|
    |exitcond_9_reg_5992                      |  64|  32|    1|          0|
    |exitcond_reg_5926                        |  64|  32|    1|          0|
    |exitcond_s_reg_5996                      |  64|  32|    1|          0|
    +-----------------------------------------+----+----+-----+-----------+
    |Total                                    |2427| 960|  564|         27|
    +-----------------------------------------+----+----+-----+-----------+



================================================================
== Interface
================================================================
* Summary: 
+--------------------+-----+-----+------------+--------------+--------------+
|      RTL Ports     | Dir | Bits|  Protocol  | Source Object|    C Type    |
+--------------------+-----+-----+------------+--------------+--------------+
|ap_clk              |  in |    1| ap_ctrl_hs |  mandel_calc | return value |
|ap_rst              |  in |    1| ap_ctrl_hs |  mandel_calc | return value |
|ap_start            |  in |    1| ap_ctrl_hs |  mandel_calc | return value |
|ap_done             | out |    1| ap_ctrl_hs |  mandel_calc | return value |
|ap_idle             | out |    1| ap_ctrl_hs |  mandel_calc | return value |
|ap_ready            | out |    1| ap_ctrl_hs |  mandel_calc | return value |
|re_V                |  in |   18|   ap_none  |     re_V     |    scalar    |
|im_V                |  in |   18|   ap_none  |     im_V     |    scalar    |
|count_out_V         | out |    8|   ap_vld   |  count_out_V |    pointer   |
|count_out_V_ap_vld  | out |    1|   ap_vld   |  count_out_V |    pointer   |
+--------------------+-----+-----+------------+--------------+--------------+

