

================================================================
== Vivado HLS Report for 'mandelbrot'
================================================================
* Date:           Sun Feb 25 10:36:48 2018

* Version:        2017.4 (Build 2086221 on Fri Dec 15 21:13:33 MST 2017)
* Project:        mandelbrot
* Solution:       solution1
* Product family: artix7
* Target device:  xc7a200tfbg676-2


================================================================
== Performance Estimates
================================================================
+ Timing (ns): 
    * Summary: 
    +--------+-------+----------+------------+
    |  Clock | Target| Estimated| Uncertainty|
    +--------+-------+----------+------------+
    |ap_clk  |  10.00|      8.57|        1.25|
    +--------+-------+----------+------------+

+ Latency (clock cycles): 
    * Summary: 
    +------+------+------+------+---------+
    |   Latency   |   Interval  | Pipeline|
    |  min |  max |  min |  max |   Type  |
    +------+------+------+------+---------+
    |  6657|  6657|  6657|  6657|   none  |
    +------+------+------+------+---------+

    + Detail: 
        * Instance: 
        N/A

        * Loop: 
        +----------+------+------+----------+-----------+-----------+------+----------+
        |          |   Latency   | Iteration|  Initiation Interval  | Trip |          |
        | Loop Name|  min |  max |  Latency |  achieved |   target  | Count| Pipelined|
        +----------+------+------+----------+-----------+-----------+------+----------+
        |- Loop 1  |  6656|  6656|        26|          -|          -|   256|    no    |
        +----------+------+------+----------+-----------+-----------+------+----------+



================================================================
== Utilization Estimates
================================================================
* Summary: 
+-----------------+---------+-------+--------+--------+
|       Name      | BRAM_18K| DSP48E|   FF   |   LUT  |
+-----------------+---------+-------+--------+--------+
|DSP              |        -|      -|       -|       -|
|Expression       |        -|      -|       0|     103|
|FIFO             |        -|      -|       -|       -|
|Instance         |        -|     39|    1917|    2318|
|Memory           |        -|      -|       -|       -|
|Multiplexer      |        -|      -|       -|     300|
|Register         |        -|      -|     566|       -|
+-----------------+---------+-------+--------+--------+
|Total            |        0|     39|    2483|    2721|
+-----------------+---------+-------+--------+--------+
|Available        |      730|    740|  269200|  129000|
+-----------------+---------+-------+--------+--------+
|Utilization (%)  |        0|      5|   ~0   |       2|
+-----------------+---------+-------+--------+--------+

+ Detail: 
    * Instance: 
    +-------------------------+----------------------+---------+-------+-----+-----+
    |         Instance        |        Module        | BRAM_18K| DSP48E|  FF | LUT |
    +-------------------------+----------------------+---------+-------+-----+-----+
    |mandelbrot_dadd_6cud_U2  |mandelbrot_dadd_6cud  |        0|      3|  445|  788|
    |mandelbrot_dadddsbkb_U1  |mandelbrot_dadddsbkb  |        0|      3|  445|  788|
    |mandelbrot_dcmp_6eOg_U6  |mandelbrot_dcmp_6eOg  |        0|      0|  130|  130|
    |mandelbrot_dmul_6dEe_U3  |mandelbrot_dmul_6dEe  |        0|     11|  299|  204|
    |mandelbrot_dmul_6dEe_U4  |mandelbrot_dmul_6dEe  |        0|     11|  299|  204|
    |mandelbrot_dmul_6dEe_U5  |mandelbrot_dmul_6dEe  |        0|     11|  299|  204|
    +-------------------------+----------------------+---------+-------+-----+-----+
    |Total                    |                      |        0|     39| 1917| 2318|
    +-------------------------+----------------------+---------+-------+-----+-----+

    * DSP48: 
    N/A

    * Memory: 
    N/A

    * FIFO: 
    N/A

    * Expression: 
    +--------------------+----------+-------+---+----+------------+------------+
    |    Variable Name   | Operation| DSP48E| FF| LUT| Bitwidth P0| Bitwidth P1|
    +--------------------+----------+-------+---+----+------------+------------+
    |i_1_fu_163_p2       |     +    |      0|  0|  16|           9|           1|
    |tmp_6_fu_219_p2     |     +    |      0|  0|  16|           9|           9|
    |tmp_8_fu_209_p2     |    and   |      0|  0|   8|           1|           1|
    |exitcond_fu_157_p2  |   icmp   |      0|  0|  13|           9|          10|
    |notlhs_fu_191_p2    |   icmp   |      0|  0|  13|          11|           2|
    |notrhs_fu_197_p2    |   icmp   |      0|  0|  29|          52|           1|
    |tmp_5_fu_203_p2     |    or    |      0|  0|   8|           1|           1|
    +--------------------+----------+-------+---+----+------------+------------+
    |Total               |          |      0|  0| 103|          92|          25|
    +--------------------+----------+-------+---+----+------------+------------+

    * Multiplexer: 
    +-----------------------------+-----+-----------+-----+-----------+
    |             Name            | LUT | Input Size| Bits| Total Bits|
    +-----------------------------+-----+-----------+-----+-----------+
    |ap_NS_fsm                    |  129|         28|    1|         28|
    |grp_fu_100_opcode            |   15|          3|    2|          6|
    |grp_fu_100_p0                |   15|          3|   64|        192|
    |grp_fu_100_p1                |   15|          3|   64|        192|
    |grp_fu_104_p0                |   15|          3|   64|        192|
    |grp_fu_104_p1                |   15|          3|   64|        192|
    |grp_fu_108_p0                |   15|          3|   64|        192|
    |grp_fu_108_p1                |   15|          3|   64|        192|
    |grp_fu_114_p0                |   15|          3|   64|        192|
    |grp_fu_114_p1                |   15|          3|   64|        192|
    |i_reg_89                     |    9|          2|    9|         18|
    |mandelbrot_double_d_reg_77   |    9|          2|    9|         18|
    |x_complex_im_read_as_reg_67  |    9|          2|   64|        128|
    |x_complex_re_read_as_reg_57  |    9|          2|   64|        128|
    +-----------------------------+-----+-----------+-----+-----------+
    |Total                        |  300|         63|  661|       1862|
    +-----------------------------+-----+-----------+-----+-----------+

    * Register: 
    +-----------------------------+----+----+-----+-----------+
    |             Name            | FF | LUT| Bits| Const Bits|
    +-----------------------------+----+----+-----+-----------+
    |ap_CS_fsm                    |  27|   0|   27|          0|
    |i_1_reg_240                  |   9|   0|    9|          0|
    |i_reg_89                     |   9|   0|    9|          0|
    |m3_reg_245                   |  64|   0|   64|          0|
    |mandelbrot_double_d_reg_77   |   9|   0|    9|          0|
    |reg_131                      |  64|   0|   64|          0|
    |reg_136                      |  64|   0|   64|          0|
    |reg_141                      |  64|   0|   64|          0|
    |reg_149                      |  64|   0|   64|          0|
    |tmp_3_reg_251                |  64|   0|   64|          0|
    |x_complex_im_read_as_reg_67  |  64|   0|   64|          0|
    |x_complex_re_read_as_reg_57  |  64|   0|   64|          0|
    +-----------------------------+----+----+-----+-----------+
    |Total                        | 566|   0|  566|          0|
    +-----------------------------+----+----+-----+-----------+



================================================================
== Interface
================================================================
* Summary: 
+-------------+-----+-----+------------+--------------+--------------+
|  RTL Ports  | Dir | Bits|  Protocol  | Source Object|    C Type    |
+-------------+-----+-----+------------+--------------+--------------+
|ap_clk       |  in |    1| ap_ctrl_hs |  mandelbrot  | return value |
|ap_rst       |  in |    1| ap_ctrl_hs |  mandelbrot  | return value |
|ap_start     |  in |    1| ap_ctrl_hs |  mandelbrot  | return value |
|ap_done      | out |    1| ap_ctrl_hs |  mandelbrot  | return value |
|ap_idle      | out |    1| ap_ctrl_hs |  mandelbrot  | return value |
|ap_ready     | out |    1| ap_ctrl_hs |  mandelbrot  | return value |
|z_re         |  in |   64|   ap_none  |     z_re     |    scalar    |
|z_im         |  in |   64|   ap_none  |     z_im     |    scalar    |
|outp         | out |   16|   ap_vld   |     outp     |    pointer   |
|outp_ap_vld  | out |    1|   ap_vld   |     outp     |    pointer   |
+-------------+-----+-----+------------+--------------+--------------+

============================================================
+ Verbose Summary: Synthesis Manager
============================================================
InlineROM: 1
ExposeGlobal: 0
============================================================
+ Verbose Summary: CDFG Model
============================================================
IsTopModel: 1
ResetActiveHigh: 1
IsCombinational: 2
IsDatapathOnly: 2
HasWiredReturn: 1
HasMFsm: 0
HasVarLatency: 1
IsPipeline: 0
IsRtlPipelined: 0
IsInstanceOverlapped: 0
IsDontTouch: 0
HasImplIP: 0
IsGatedGlobalClock: 0


============================================================
+ Verbose Summary: Schedule
============================================================
* Number of FSM states : 27
* Pipeline : 0
* Dataflow Pipeline: 0

* FSM state transitions: 
1 --> 
	2  / true
2 --> 
	3  / (!exitcond)
3 --> 
	4  / true
4 --> 
	5  / true
5 --> 
	6  / true
6 --> 
	7  / true
7 --> 
	8  / true
8 --> 
	9  / true
9 --> 
	10  / true
10 --> 
	11  / true
11 --> 
	12  / true
12 --> 
	13  / true
13 --> 
	14  / true
14 --> 
	15  / true
15 --> 
	16  / true
16 --> 
	17  / true
17 --> 
	18  / true
18 --> 
	19  / true
19 --> 
	20  / true
20 --> 
	21  / true
21 --> 
	22  / true
22 --> 
	23  / true
23 --> 
	24  / true
24 --> 
	25  / true
25 --> 
	26  / true
26 --> 
	27  / true
27 --> 
	2  / true

* FSM state operations: 

 <State 1> : 1.35ns
ST_1 : Operation 28 [1/1] (0.00ns)   --->   "call void (...)* @_ssdm_op_SpecBitsMap(double %z_re) nounwind, !map !37"
ST_1 : Operation 29 [1/1] (0.00ns)   --->   "call void (...)* @_ssdm_op_SpecBitsMap(double %z_im) nounwind, !map !43"
ST_1 : Operation 30 [1/1] (0.00ns)   --->   "call void (...)* @_ssdm_op_SpecBitsMap(i16* %outp) nounwind, !map !47"
ST_1 : Operation 31 [1/1] (0.00ns)   --->   "call void (...)* @_ssdm_op_SpecTopModule([11 x i8]* @mandelbrot_str) nounwind"
ST_1 : Operation 32 [1/1] (0.00ns)   --->   "%z_im_read = call double @_ssdm_op_Read.ap_auto.double(double %z_im) nounwind"
ST_1 : Operation 33 [1/1] (0.00ns)   --->   "%z_re_read = call double @_ssdm_op_Read.ap_auto.double(double %z_re) nounwind"
ST_1 : Operation 34 [1/1] (1.35ns)   --->   "br label %1" [mandelbrot/C/mandelbrot.cpp:16]

 <State 2> : 8.57ns
ST_2 : Operation 35 [1/1] (0.00ns)   --->   "%x_complex_re_read_as = phi double [ %z_re_read, %0 ], [ %z_re_4, %2 ]"
ST_2 : Operation 36 [1/1] (0.00ns)   --->   "%x_complex_im_read_as = phi double [ %z_im_read, %0 ], [ %z_im_5, %2 ]"
ST_2 : Operation 37 [1/1] (0.00ns)   --->   "%mandelbrot_double_d = phi i9 [ 0, %0 ], [ %tmp_6, %2 ]" [mandelbrot/C/mandelbrot.cpp:19]
ST_2 : Operation 38 [1/1] (0.00ns)   --->   "%i = phi i9 [ 0, %0 ], [ %i_1, %2 ]"
ST_2 : Operation 39 [1/1] (1.34ns)   --->   "%exitcond = icmp eq i9 %i, -256" [mandelbrot/C/mandelbrot.cpp:16]   --->   Core 25 'Cmp' <Latency = 0> <II = 1> <Delay = 2.34> <FuncUnit> <Opcode : 'icmp'> <InPorts = 2> <OutPorts = 1>
ST_2 : Operation 40 [1/1] (0.00ns)   --->   "%empty = call i32 (...)* @_ssdm_op_SpecLoopTripCount(i64 256, i64 256, i64 256) nounwind"
ST_2 : Operation 41 [1/1] (1.73ns)   --->   "%i_1 = add i9 %i, 1" [mandelbrot/C/mandelbrot.cpp:16]   --->   Core 14 'AddSub' <Latency = 0> <II = 1> <Delay = 1.73> <FuncUnit> <Opcode : 'add' 'sub'> <InPorts = 2> <OutPorts = 1>
ST_2 : Operation 42 [1/1] (0.00ns)   --->   "br i1 %exitcond, label %3, label %2" [mandelbrot/C/mandelbrot.cpp:16]
ST_2 : Operation 43 [5/5] (8.56ns)   --->   "%m1 = fmul double %x_complex_re_read_as, %x_complex_re_read_as" [/opt/Xilinx/Vivado/2017.4/common/technology/autopilot/hls_x_complex.h:113]   --->   Core 110 'DMul' <Latency = 4> <II = 1> <Delay = 8.56> <FuncUnit> <Opcode : 'dmul'> <InPorts = 2> <OutPorts = 1>
ST_2 : Operation 44 [5/5] (8.56ns)   --->   "%m2 = fmul double %x_complex_im_read_as, %x_complex_im_read_as" [/opt/Xilinx/Vivado/2017.4/common/technology/autopilot/hls_x_complex.h:114]   --->   Core 110 'DMul' <Latency = 4> <II = 1> <Delay = 8.56> <FuncUnit> <Opcode : 'dmul'> <InPorts = 2> <OutPorts = 1>
ST_2 : Operation 45 [5/5] (8.56ns)   --->   "%m3 = fmul double %x_complex_im_read_as, %x_complex_re_read_as" [/opt/Xilinx/Vivado/2017.4/common/technology/autopilot/hls_x_complex.h:115]   --->   Core 110 'DMul' <Latency = 4> <II = 1> <Delay = 8.56> <FuncUnit> <Opcode : 'dmul'> <InPorts = 2> <OutPorts = 1>
ST_2 : Operation 46 [1/1] (0.00ns)   --->   "%mandelbrot_double_d_1 = zext i9 %mandelbrot_double_d to i16" [mandelbrot/C/mandelbrot.cpp:16]
ST_2 : Operation 47 [1/1] (0.00ns)   --->   "call void @_ssdm_op_Write.ap_auto.i16P(i16* %outp, i16 %mandelbrot_double_d_1) nounwind" [mandelbrot/C/mandelbrot.cpp:22]
ST_2 : Operation 48 [1/1] (0.00ns)   --->   "ret void" [mandelbrot/C/mandelbrot.cpp:27]

 <State 3> : 8.57ns
ST_3 : Operation 49 [4/5] (8.56ns)   --->   "%m1 = fmul double %x_complex_re_read_as, %x_complex_re_read_as" [/opt/Xilinx/Vivado/2017.4/common/technology/autopilot/hls_x_complex.h:113]   --->   Core 110 'DMul' <Latency = 4> <II = 1> <Delay = 8.56> <FuncUnit> <Opcode : 'dmul'> <InPorts = 2> <OutPorts = 1>
ST_3 : Operation 50 [4/5] (8.56ns)   --->   "%m2 = fmul double %x_complex_im_read_as, %x_complex_im_read_as" [/opt/Xilinx/Vivado/2017.4/common/technology/autopilot/hls_x_complex.h:114]   --->   Core 110 'DMul' <Latency = 4> <II = 1> <Delay = 8.56> <FuncUnit> <Opcode : 'dmul'> <InPorts = 2> <OutPorts = 1>
ST_3 : Operation 51 [4/5] (8.56ns)   --->   "%m3 = fmul double %x_complex_im_read_as, %x_complex_re_read_as" [/opt/Xilinx/Vivado/2017.4/common/technology/autopilot/hls_x_complex.h:115]   --->   Core 110 'DMul' <Latency = 4> <II = 1> <Delay = 8.56> <FuncUnit> <Opcode : 'dmul'> <InPorts = 2> <OutPorts = 1>

 <State 4> : 8.57ns
ST_4 : Operation 52 [3/5] (8.56ns)   --->   "%m1 = fmul double %x_complex_re_read_as, %x_complex_re_read_as" [/opt/Xilinx/Vivado/2017.4/common/technology/autopilot/hls_x_complex.h:113]   --->   Core 110 'DMul' <Latency = 4> <II = 1> <Delay = 8.56> <FuncUnit> <Opcode : 'dmul'> <InPorts = 2> <OutPorts = 1>
ST_4 : Operation 53 [3/5] (8.56ns)   --->   "%m2 = fmul double %x_complex_im_read_as, %x_complex_im_read_as" [/opt/Xilinx/Vivado/2017.4/common/technology/autopilot/hls_x_complex.h:114]   --->   Core 110 'DMul' <Latency = 4> <II = 1> <Delay = 8.56> <FuncUnit> <Opcode : 'dmul'> <InPorts = 2> <OutPorts = 1>
ST_4 : Operation 54 [3/5] (8.56ns)   --->   "%m3 = fmul double %x_complex_im_read_as, %x_complex_re_read_as" [/opt/Xilinx/Vivado/2017.4/common/technology/autopilot/hls_x_complex.h:115]   --->   Core 110 'DMul' <Latency = 4> <II = 1> <Delay = 8.56> <FuncUnit> <Opcode : 'dmul'> <InPorts = 2> <OutPorts = 1>

 <State 5> : 8.57ns
ST_5 : Operation 55 [2/5] (8.56ns)   --->   "%m1 = fmul double %x_complex_re_read_as, %x_complex_re_read_as" [/opt/Xilinx/Vivado/2017.4/common/technology/autopilot/hls_x_complex.h:113]   --->   Core 110 'DMul' <Latency = 4> <II = 1> <Delay = 8.56> <FuncUnit> <Opcode : 'dmul'> <InPorts = 2> <OutPorts = 1>
ST_5 : Operation 56 [2/5] (8.56ns)   --->   "%m2 = fmul double %x_complex_im_read_as, %x_complex_im_read_as" [/opt/Xilinx/Vivado/2017.4/common/technology/autopilot/hls_x_complex.h:114]   --->   Core 110 'DMul' <Latency = 4> <II = 1> <Delay = 8.56> <FuncUnit> <Opcode : 'dmul'> <InPorts = 2> <OutPorts = 1>
ST_5 : Operation 57 [2/5] (8.56ns)   --->   "%m3 = fmul double %x_complex_im_read_as, %x_complex_re_read_as" [/opt/Xilinx/Vivado/2017.4/common/technology/autopilot/hls_x_complex.h:115]   --->   Core 110 'DMul' <Latency = 4> <II = 1> <Delay = 8.56> <FuncUnit> <Opcode : 'dmul'> <InPorts = 2> <OutPorts = 1>

 <State 6> : 8.57ns
ST_6 : Operation 58 [1/5] (8.56ns)   --->   "%m1 = fmul double %x_complex_re_read_as, %x_complex_re_read_as" [/opt/Xilinx/Vivado/2017.4/common/technology/autopilot/hls_x_complex.h:113]   --->   Core 110 'DMul' <Latency = 4> <II = 1> <Delay = 8.56> <FuncUnit> <Opcode : 'dmul'> <InPorts = 2> <OutPorts = 1>
ST_6 : Operation 59 [1/5] (8.56ns)   --->   "%m2 = fmul double %x_complex_im_read_as, %x_complex_im_read_as" [/opt/Xilinx/Vivado/2017.4/common/technology/autopilot/hls_x_complex.h:114]   --->   Core 110 'DMul' <Latency = 4> <II = 1> <Delay = 8.56> <FuncUnit> <Opcode : 'dmul'> <InPorts = 2> <OutPorts = 1>
ST_6 : Operation 60 [1/5] (8.56ns)   --->   "%m3 = fmul double %x_complex_im_read_as, %x_complex_re_read_as" [/opt/Xilinx/Vivado/2017.4/common/technology/autopilot/hls_x_complex.h:115]   --->   Core 110 'DMul' <Latency = 4> <II = 1> <Delay = 8.56> <FuncUnit> <Opcode : 'dmul'> <InPorts = 2> <OutPorts = 1>

 <State 7> : 7.06ns
ST_7 : Operation 61 [5/5] (7.05ns)   --->   "%sum_re = fsub double %m1, %m2" [/opt/Xilinx/Vivado/2017.4/common/technology/autopilot/hls_x_complex.h:117]   --->   Core 109 'DAddSub' <Latency = 4> <II = 1> <Delay = 7.05> <FuncUnit> <Opcode : 'dadd' 'dsub'> <InPorts = 2> <OutPorts = 1>
ST_7 : Operation 62 [5/5] (7.05ns)   --->   "%sum_im = fadd double %m3, %m3" [/opt/Xilinx/Vivado/2017.4/common/technology/autopilot/hls_x_complex.h:118]   --->   Core 109 'DAddSub' <Latency = 4> <II = 1> <Delay = 7.05> <FuncUnit> <Opcode : 'dadd' 'dsub'> <InPorts = 2> <OutPorts = 1>

 <State 8> : 7.06ns
ST_8 : Operation 63 [4/5] (7.05ns)   --->   "%sum_re = fsub double %m1, %m2" [/opt/Xilinx/Vivado/2017.4/common/technology/autopilot/hls_x_complex.h:117]   --->   Core 109 'DAddSub' <Latency = 4> <II = 1> <Delay = 7.05> <FuncUnit> <Opcode : 'dadd' 'dsub'> <InPorts = 2> <OutPorts = 1>
ST_8 : Operation 64 [4/5] (7.05ns)   --->   "%sum_im = fadd double %m3, %m3" [/opt/Xilinx/Vivado/2017.4/common/technology/autopilot/hls_x_complex.h:118]   --->   Core 109 'DAddSub' <Latency = 4> <II = 1> <Delay = 7.05> <FuncUnit> <Opcode : 'dadd' 'dsub'> <InPorts = 2> <OutPorts = 1>

 <State 9> : 7.06ns
ST_9 : Operation 65 [3/5] (7.05ns)   --->   "%sum_re = fsub double %m1, %m2" [/opt/Xilinx/Vivado/2017.4/common/technology/autopilot/hls_x_complex.h:117]   --->   Core 109 'DAddSub' <Latency = 4> <II = 1> <Delay = 7.05> <FuncUnit> <Opcode : 'dadd' 'dsub'> <InPorts = 2> <OutPorts = 1>
ST_9 : Operation 66 [3/5] (7.05ns)   --->   "%sum_im = fadd double %m3, %m3" [/opt/Xilinx/Vivado/2017.4/common/technology/autopilot/hls_x_complex.h:118]   --->   Core 109 'DAddSub' <Latency = 4> <II = 1> <Delay = 7.05> <FuncUnit> <Opcode : 'dadd' 'dsub'> <InPorts = 2> <OutPorts = 1>

 <State 10> : 7.06ns
ST_10 : Operation 67 [2/5] (7.05ns)   --->   "%sum_re = fsub double %m1, %m2" [/opt/Xilinx/Vivado/2017.4/common/technology/autopilot/hls_x_complex.h:117]   --->   Core 109 'DAddSub' <Latency = 4> <II = 1> <Delay = 7.05> <FuncUnit> <Opcode : 'dadd' 'dsub'> <InPorts = 2> <OutPorts = 1>
ST_10 : Operation 68 [2/5] (7.05ns)   --->   "%sum_im = fadd double %m3, %m3" [/opt/Xilinx/Vivado/2017.4/common/technology/autopilot/hls_x_complex.h:118]   --->   Core 109 'DAddSub' <Latency = 4> <II = 1> <Delay = 7.05> <FuncUnit> <Opcode : 'dadd' 'dsub'> <InPorts = 2> <OutPorts = 1>

 <State 11> : 7.06ns
ST_11 : Operation 69 [1/5] (7.05ns)   --->   "%sum_re = fsub double %m1, %m2" [/opt/Xilinx/Vivado/2017.4/common/technology/autopilot/hls_x_complex.h:117]   --->   Core 109 'DAddSub' <Latency = 4> <II = 1> <Delay = 7.05> <FuncUnit> <Opcode : 'dadd' 'dsub'> <InPorts = 2> <OutPorts = 1>
ST_11 : Operation 70 [1/5] (7.05ns)   --->   "%sum_im = fadd double %m3, %m3" [/opt/Xilinx/Vivado/2017.4/common/technology/autopilot/hls_x_complex.h:118]   --->   Core 109 'DAddSub' <Latency = 4> <II = 1> <Delay = 7.05> <FuncUnit> <Opcode : 'dadd' 'dsub'> <InPorts = 2> <OutPorts = 1>

 <State 12> : 7.06ns
ST_12 : Operation 71 [5/5] (7.05ns)   --->   "%z_re_4 = fadd double %sum_re, %z_re_read" [/opt/Xilinx/Vivado/2017.4/common/technology/autopilot/hls_x_complex.h:166->/opt/Xilinx/Vivado/2017.4/common/technology/autopilot/hls_x_complex.h:170->mandelbrot/C/mandelbrot.cpp:17]   --->   Core 109 'DAddSub' <Latency = 4> <II = 1> <Delay = 7.05> <FuncUnit> <Opcode : 'dadd' 'dsub'> <InPorts = 2> <OutPorts = 1>
ST_12 : Operation 72 [5/5] (7.05ns)   --->   "%z_im_5 = fadd double %sum_im, %z_im_read" [/opt/Xilinx/Vivado/2017.4/common/technology/autopilot/hls_x_complex.h:166->/opt/Xilinx/Vivado/2017.4/common/technology/autopilot/hls_x_complex.h:170->mandelbrot/C/mandelbrot.cpp:17]   --->   Core 109 'DAddSub' <Latency = 4> <II = 1> <Delay = 7.05> <FuncUnit> <Opcode : 'dadd' 'dsub'> <InPorts = 2> <OutPorts = 1>

 <State 13> : 7.06ns
ST_13 : Operation 73 [4/5] (7.05ns)   --->   "%z_re_4 = fadd double %sum_re, %z_re_read" [/opt/Xilinx/Vivado/2017.4/common/technology/autopilot/hls_x_complex.h:166->/opt/Xilinx/Vivado/2017.4/common/technology/autopilot/hls_x_complex.h:170->mandelbrot/C/mandelbrot.cpp:17]   --->   Core 109 'DAddSub' <Latency = 4> <II = 1> <Delay = 7.05> <FuncUnit> <Opcode : 'dadd' 'dsub'> <InPorts = 2> <OutPorts = 1>
ST_13 : Operation 74 [4/5] (7.05ns)   --->   "%z_im_5 = fadd double %sum_im, %z_im_read" [/opt/Xilinx/Vivado/2017.4/common/technology/autopilot/hls_x_complex.h:166->/opt/Xilinx/Vivado/2017.4/common/technology/autopilot/hls_x_complex.h:170->mandelbrot/C/mandelbrot.cpp:17]   --->   Core 109 'DAddSub' <Latency = 4> <II = 1> <Delay = 7.05> <FuncUnit> <Opcode : 'dadd' 'dsub'> <InPorts = 2> <OutPorts = 1>

 <State 14> : 7.06ns
ST_14 : Operation 75 [3/5] (7.05ns)   --->   "%z_re_4 = fadd double %sum_re, %z_re_read" [/opt/Xilinx/Vivado/2017.4/common/technology/autopilot/hls_x_complex.h:166->/opt/Xilinx/Vivado/2017.4/common/technology/autopilot/hls_x_complex.h:170->mandelbrot/C/mandelbrot.cpp:17]   --->   Core 109 'DAddSub' <Latency = 4> <II = 1> <Delay = 7.05> <FuncUnit> <Opcode : 'dadd' 'dsub'> <InPorts = 2> <OutPorts = 1>
ST_14 : Operation 76 [3/5] (7.05ns)   --->   "%z_im_5 = fadd double %sum_im, %z_im_read" [/opt/Xilinx/Vivado/2017.4/common/technology/autopilot/hls_x_complex.h:166->/opt/Xilinx/Vivado/2017.4/common/technology/autopilot/hls_x_complex.h:170->mandelbrot/C/mandelbrot.cpp:17]   --->   Core 109 'DAddSub' <Latency = 4> <II = 1> <Delay = 7.05> <FuncUnit> <Opcode : 'dadd' 'dsub'> <InPorts = 2> <OutPorts = 1>

 <State 15> : 7.06ns
ST_15 : Operation 77 [2/5] (7.05ns)   --->   "%z_re_4 = fadd double %sum_re, %z_re_read" [/opt/Xilinx/Vivado/2017.4/common/technology/autopilot/hls_x_complex.h:166->/opt/Xilinx/Vivado/2017.4/common/technology/autopilot/hls_x_complex.h:170->mandelbrot/C/mandelbrot.cpp:17]   --->   Core 109 'DAddSub' <Latency = 4> <II = 1> <Delay = 7.05> <FuncUnit> <Opcode : 'dadd' 'dsub'> <InPorts = 2> <OutPorts = 1>
ST_15 : Operation 78 [2/5] (7.05ns)   --->   "%z_im_5 = fadd double %sum_im, %z_im_read" [/opt/Xilinx/Vivado/2017.4/common/technology/autopilot/hls_x_complex.h:166->/opt/Xilinx/Vivado/2017.4/common/technology/autopilot/hls_x_complex.h:170->mandelbrot/C/mandelbrot.cpp:17]   --->   Core 109 'DAddSub' <Latency = 4> <II = 1> <Delay = 7.05> <FuncUnit> <Opcode : 'dadd' 'dsub'> <InPorts = 2> <OutPorts = 1>

 <State 16> : 7.06ns
ST_16 : Operation 79 [1/5] (7.05ns)   --->   "%z_re_4 = fadd double %sum_re, %z_re_read" [/opt/Xilinx/Vivado/2017.4/common/technology/autopilot/hls_x_complex.h:166->/opt/Xilinx/Vivado/2017.4/common/technology/autopilot/hls_x_complex.h:170->mandelbrot/C/mandelbrot.cpp:17]   --->   Core 109 'DAddSub' <Latency = 4> <II = 1> <Delay = 7.05> <FuncUnit> <Opcode : 'dadd' 'dsub'> <InPorts = 2> <OutPorts = 1>
ST_16 : Operation 80 [1/5] (7.05ns)   --->   "%z_im_5 = fadd double %sum_im, %z_im_read" [/opt/Xilinx/Vivado/2017.4/common/technology/autopilot/hls_x_complex.h:166->/opt/Xilinx/Vivado/2017.4/common/technology/autopilot/hls_x_complex.h:170->mandelbrot/C/mandelbrot.cpp:17]   --->   Core 109 'DAddSub' <Latency = 4> <II = 1> <Delay = 7.05> <FuncUnit> <Opcode : 'dadd' 'dsub'> <InPorts = 2> <OutPorts = 1>

 <State 17> : 8.57ns
ST_17 : Operation 81 [5/5] (8.56ns)   --->   "%tmp_1 = fmul double %z_im_5, %z_im_5" [mandelbrot/C/mandelbrot.cpp:18]   --->   Core 110 'DMul' <Latency = 4> <II = 1> <Delay = 8.56> <FuncUnit> <Opcode : 'dmul'> <InPorts = 2> <OutPorts = 1>
ST_17 : Operation 82 [5/5] (8.56ns)   --->   "%tmp_2 = fmul double %z_re_4, %z_re_4" [mandelbrot/C/mandelbrot.cpp:18]   --->   Core 110 'DMul' <Latency = 4> <II = 1> <Delay = 8.56> <FuncUnit> <Opcode : 'dmul'> <InPorts = 2> <OutPorts = 1>

 <State 18> : 8.57ns
ST_18 : Operation 83 [4/5] (8.56ns)   --->   "%tmp_1 = fmul double %z_im_5, %z_im_5" [mandelbrot/C/mandelbrot.cpp:18]   --->   Core 110 'DMul' <Latency = 4> <II = 1> <Delay = 8.56> <FuncUnit> <Opcode : 'dmul'> <InPorts = 2> <OutPorts = 1>
ST_18 : Operation 84 [4/5] (8.56ns)   --->   "%tmp_2 = fmul double %z_re_4, %z_re_4" [mandelbrot/C/mandelbrot.cpp:18]   --->   Core 110 'DMul' <Latency = 4> <II = 1> <Delay = 8.56> <FuncUnit> <Opcode : 'dmul'> <InPorts = 2> <OutPorts = 1>

 <State 19> : 8.57ns
ST_19 : Operation 85 [3/5] (8.56ns)   --->   "%tmp_1 = fmul double %z_im_5, %z_im_5" [mandelbrot/C/mandelbrot.cpp:18]   --->   Core 110 'DMul' <Latency = 4> <II = 1> <Delay = 8.56> <FuncUnit> <Opcode : 'dmul'> <InPorts = 2> <OutPorts = 1>
ST_19 : Operation 86 [3/5] (8.56ns)   --->   "%tmp_2 = fmul double %z_re_4, %z_re_4" [mandelbrot/C/mandelbrot.cpp:18]   --->   Core 110 'DMul' <Latency = 4> <II = 1> <Delay = 8.56> <FuncUnit> <Opcode : 'dmul'> <InPorts = 2> <OutPorts = 1>

 <State 20> : 8.57ns
ST_20 : Operation 87 [2/5] (8.56ns)   --->   "%tmp_1 = fmul double %z_im_5, %z_im_5" [mandelbrot/C/mandelbrot.cpp:18]   --->   Core 110 'DMul' <Latency = 4> <II = 1> <Delay = 8.56> <FuncUnit> <Opcode : 'dmul'> <InPorts = 2> <OutPorts = 1>
ST_20 : Operation 88 [2/5] (8.56ns)   --->   "%tmp_2 = fmul double %z_re_4, %z_re_4" [mandelbrot/C/mandelbrot.cpp:18]   --->   Core 110 'DMul' <Latency = 4> <II = 1> <Delay = 8.56> <FuncUnit> <Opcode : 'dmul'> <InPorts = 2> <OutPorts = 1>

 <State 21> : 8.57ns
ST_21 : Operation 89 [1/5] (8.56ns)   --->   "%tmp_1 = fmul double %z_im_5, %z_im_5" [mandelbrot/C/mandelbrot.cpp:18]   --->   Core 110 'DMul' <Latency = 4> <II = 1> <Delay = 8.56> <FuncUnit> <Opcode : 'dmul'> <InPorts = 2> <OutPorts = 1>
ST_21 : Operation 90 [1/5] (8.56ns)   --->   "%tmp_2 = fmul double %z_re_4, %z_re_4" [mandelbrot/C/mandelbrot.cpp:18]   --->   Core 110 'DMul' <Latency = 4> <II = 1> <Delay = 8.56> <FuncUnit> <Opcode : 'dmul'> <InPorts = 2> <OutPorts = 1>

 <State 22> : 7.06ns
ST_22 : Operation 91 [5/5] (7.05ns)   --->   "%tmp_3 = fadd double %tmp_1, %tmp_2" [mandelbrot/C/mandelbrot.cpp:18]   --->   Core 109 'DAddSub' <Latency = 4> <II = 1> <Delay = 7.05> <FuncUnit> <Opcode : 'dadd' 'dsub'> <InPorts = 2> <OutPorts = 1>

 <State 23> : 7.06ns
ST_23 : Operation 92 [4/5] (7.05ns)   --->   "%tmp_3 = fadd double %tmp_1, %tmp_2" [mandelbrot/C/mandelbrot.cpp:18]   --->   Core 109 'DAddSub' <Latency = 4> <II = 1> <Delay = 7.05> <FuncUnit> <Opcode : 'dadd' 'dsub'> <InPorts = 2> <OutPorts = 1>

 <State 24> : 7.06ns
ST_24 : Operation 93 [3/5] (7.05ns)   --->   "%tmp_3 = fadd double %tmp_1, %tmp_2" [mandelbrot/C/mandelbrot.cpp:18]   --->   Core 109 'DAddSub' <Latency = 4> <II = 1> <Delay = 7.05> <FuncUnit> <Opcode : 'dadd' 'dsub'> <InPorts = 2> <OutPorts = 1>

 <State 25> : 7.06ns
ST_25 : Operation 94 [2/5] (7.05ns)   --->   "%tmp_3 = fadd double %tmp_1, %tmp_2" [mandelbrot/C/mandelbrot.cpp:18]   --->   Core 109 'DAddSub' <Latency = 4> <II = 1> <Delay = 7.05> <FuncUnit> <Opcode : 'dadd' 'dsub'> <InPorts = 2> <OutPorts = 1>

 <State 26> : 7.06ns
ST_26 : Operation 95 [1/5] (7.05ns)   --->   "%tmp_3 = fadd double %tmp_1, %tmp_2" [mandelbrot/C/mandelbrot.cpp:18]   --->   Core 109 'DAddSub' <Latency = 4> <II = 1> <Delay = 7.05> <FuncUnit> <Opcode : 'dadd' 'dsub'> <InPorts = 2> <OutPorts = 1>

 <State 27> : 7.34ns
ST_27 : Operation 96 [1/1] (0.00ns)   --->   "%tmp_3_to_int = bitcast double %tmp_3 to i64" [mandelbrot/C/mandelbrot.cpp:18]
ST_27 : Operation 97 [1/1] (0.00ns)   --->   "%tmp = call i11 @_ssdm_op_PartSelect.i11.i64.i32.i32(i64 %tmp_3_to_int, i32 52, i32 62)" [mandelbrot/C/mandelbrot.cpp:18]
ST_27 : Operation 98 [1/1] (0.00ns)   --->   "%tmp_4 = trunc i64 %tmp_3_to_int to i52" [mandelbrot/C/mandelbrot.cpp:18]
ST_27 : Operation 99 [1/1] (1.52ns)   --->   "%notlhs = icmp ne i11 %tmp, -1" [mandelbrot/C/mandelbrot.cpp:18]   --->   Core 25 'Cmp' <Latency = 0> <II = 1> <Delay = 2.34> <FuncUnit> <Opcode : 'icmp'> <InPorts = 2> <OutPorts = 1>
ST_27 : Operation 100 [1/1] (2.34ns)   --->   "%notrhs = icmp eq i52 %tmp_4, 0" [mandelbrot/C/mandelbrot.cpp:18]   --->   Core 25 'Cmp' <Latency = 0> <II = 1> <Delay = 2.34> <FuncUnit> <Opcode : 'icmp'> <InPorts = 2> <OutPorts = 1>
ST_27 : Operation 101 [1/1] (0.00ns) (grouped into LUT with out node tmp_6)   --->   "%tmp_5 = or i1 %notrhs, %notlhs" [mandelbrot/C/mandelbrot.cpp:18]   --->   Core 27 'LogicGate' <Latency = 0> <II = 1> <Delay = 0.57> <FuncUnit> <Opcode : 'and' 'or' 'xor'> <InPorts = 2> <OutPorts = 1>
ST_27 : Operation 102 [1/1] (5.60ns)   --->   "%tmp_7 = fcmp ole double %tmp_3, 4.000000e+00" [mandelbrot/C/mandelbrot.cpp:18]   --->   Core 114 'DCmp' <Latency = 0> <II = 1> <Delay = 5.60> <FuncUnit> <Opcode : 'dcmp'> <InPorts = 2> <OutPorts = 1>
ST_27 : Operation 103 [1/1] (0.00ns) (grouped into LUT with out node tmp_6)   --->   "%tmp_8 = and i1 %tmp_5, %tmp_7" [mandelbrot/C/mandelbrot.cpp:18]   --->   Core 27 'LogicGate' <Latency = 0> <II = 1> <Delay = 0.57> <FuncUnit> <Opcode : 'and' 'or' 'xor'> <InPorts = 2> <OutPorts = 1>
ST_27 : Operation 104 [1/1] (0.00ns) (grouped into LUT with out node tmp_6)   --->   "%tmp_5_cast = zext i1 %tmp_8 to i9" [mandelbrot/C/mandelbrot.cpp:19]
ST_27 : Operation 105 [1/1] (1.73ns) (out node of the LUT)   --->   "%tmp_6 = add i9 %tmp_5_cast, %mandelbrot_double_d" [mandelbrot/C/mandelbrot.cpp:19]   --->   Core 14 'AddSub' <Latency = 0> <II = 1> <Delay = 1.73> <FuncUnit> <Opcode : 'add' 'sub'> <InPorts = 2> <OutPorts = 1>
ST_27 : Operation 106 [1/1] (0.00ns)   --->   "br label %1" [mandelbrot/C/mandelbrot.cpp:16]


============================================================
+ Verbose Summary: Binding
============================================================
STG Binding: 
---------------- STG Properties BEGIN ----------------
- Is combinational: 0
- Is one-state seq: 0
- Is datapath-only: 0
- Is pipelined: 0
- Is top level: 1
Port [ Return ] is wired: 1; IO mode=ap_ctrl_hs:ce=0
Port [ z_re]:  wired=1; compound=0; hidden=0; nouse=0; global=0; static=0; extern=0; dir=0; type=0; pingpong=0; private_global=0; IO mode=ap_none:ce=0
Port [ z_im]:  wired=1; compound=0; hidden=0; nouse=0; global=0; static=0; extern=0; dir=0; type=0; pingpong=0; private_global=0; IO mode=ap_none:ce=0
Port [ outp]:  wired=1; compound=0; hidden=0; nouse=0; global=0; static=0; extern=0; dir=1; type=0; pingpong=0; private_global=0; IO mode=ap_vld:ce=0
---------------- STG Properties END ------------------

---------------- Datapath Model BEGIN ----------------

<LifeTime>
<method=bitvector/>
StgValue_28           (specbitsmap      ) [ 0000000000000000000000000000]
StgValue_29           (specbitsmap      ) [ 0000000000000000000000000000]
StgValue_30           (specbitsmap      ) [ 0000000000000000000000000000]
StgValue_31           (spectopmodule    ) [ 0000000000000000000000000000]
z_im_read             (read             ) [ 0111111111111111111111111111]
z_re_read             (read             ) [ 0111111111111111111111111111]
StgValue_34           (br               ) [ 0111111111111111111111111111]
x_complex_re_read_as  (phi              ) [ 0011111000000000000000000000]
x_complex_im_read_as  (phi              ) [ 0011111000000000000000000000]
mandelbrot_double_d   (phi              ) [ 0011111111111111111111111111]
i                     (phi              ) [ 0010000000000000000000000000]
exitcond              (icmp             ) [ 0011111111111111111111111111]
empty                 (speclooptripcount) [ 0000000000000000000000000000]
i_1                   (add              ) [ 0111111111111111111111111111]
StgValue_42           (br               ) [ 0000000000000000000000000000]
mandelbrot_double_d_1 (zext             ) [ 0000000000000000000000000000]
StgValue_47           (write            ) [ 0000000000000000000000000000]
StgValue_48           (ret              ) [ 0000000000000000000000000000]
m1                    (dmul             ) [ 0000000111110000000000000000]
m2                    (dmul             ) [ 0000000111110000000000000000]
m3                    (dmul             ) [ 0000000111110000000000000000]
sum_re                (dsub             ) [ 0000000000001111100000000000]
sum_im                (dadd             ) [ 0000000000001111100000000000]
z_re_4                (dadd             ) [ 0110000000000000011111111111]
z_im_5                (dadd             ) [ 0110000000000000011111111111]
tmp_1                 (dmul             ) [ 0000000000000000000000111110]
tmp_2                 (dmul             ) [ 0000000000000000000000111110]
tmp_3                 (dadd             ) [ 0000000000000000000000000001]
tmp_3_to_int          (bitcast          ) [ 0000000000000000000000000000]
tmp                   (partselect       ) [ 0000000000000000000000000000]
tmp_4                 (trunc            ) [ 0000000000000000000000000000]
notlhs                (icmp             ) [ 0000000000000000000000000000]
notrhs                (icmp             ) [ 0000000000000000000000000000]
tmp_5                 (or               ) [ 0000000000000000000000000000]
tmp_7                 (dcmp             ) [ 0000000000000000000000000000]
tmp_8                 (and              ) [ 0000000000000000000000000000]
tmp_5_cast            (zext             ) [ 0000000000000000000000000000]
tmp_6                 (add              ) [ 0111111111111111111111111111]
StgValue_106          (br               ) [ 0111111111111111111111111111]
</LifeTime>

<model>

<comp_list>
<comp id="0" class="1000" name="z_re">
<pin_list>
<pin id="1" dir="1" index="0" bw="1" slack="0"/>
</pin_list>
<bind>
<StgValue><ssdm name="z_re"/></StgValue>
</bind>
</comp>

<comp id="2" class="1000" name="z_im">
<pin_list>
<pin id="3" dir="1" index="0" bw="1" slack="0"/>
</pin_list>
<bind>
<StgValue><ssdm name="z_im"/></StgValue>
</bind>
</comp>

<comp id="4" class="1000" name="outp">
<pin_list>
<pin id="5" dir="1" index="0" bw="1" slack="0"/>
</pin_list>
<bind>
<StgValue><ssdm name="outp"/></StgValue>
</bind>
</comp>

<comp id="6" class="1001" name="const_6">
<pin_list>
<pin id="7" dir="1" index="0" bw="1" slack="2147483647"/>
</pin_list>
<bind>
<StgValue><ssdm name="_ssdm_op_SpecBitsMap"/></StgValue>
</bind>
</comp>

<comp id="8" class="1001" name="const_8">
<pin_list>
<pin id="9" dir="1" index="0" bw="1" slack="2147483647"/>
</pin_list>
<bind>
<StgValue><ssdm name="_ssdm_op_SpecTopModule"/></StgValue>
</bind>
</comp>

<comp id="10" class="1001" name="const_10">
<pin_list>
<pin id="11" dir="1" index="0" bw="1" slack="2147483647"/>
</pin_list>
<bind>
<StgValue><ssdm name="mandelbrot_str"/></StgValue>
</bind>
</comp>

<comp id="12" class="1001" name="const_12">
<pin_list>
<pin id="13" dir="1" index="0" bw="1" slack="0"/>
</pin_list>
<bind>
<StgValue><ssdm name="_ssdm_op_Read.ap_auto.double"/></StgValue>
</bind>
</comp>

<comp id="14" class="1001" name="const_14">
<pin_list>
<pin id="15" dir="1" index="0" bw="1" slack="1"/>
</pin_list>
<bind>
<StgValue><ssdm name=""/></StgValue>
</bind>
</comp>

<comp id="16" class="1001" name="const_16">
<pin_list>
<pin id="17" dir="1" index="0" bw="1" slack="0"/>
</pin_list>
<bind>
<StgValue><ssdm name=""/></StgValue>
</bind>
</comp>

<comp id="18" class="1001" name="const_18">
<pin_list>
<pin id="19" dir="1" index="0" bw="1" slack="2147483647"/>
</pin_list>
<bind>
<StgValue><ssdm name="_ssdm_op_SpecLoopTripCount"/></StgValue>
</bind>
</comp>

<comp id="20" class="1001" name="const_20">
<pin_list>
<pin id="21" dir="1" index="0" bw="1" slack="2147483647"/>
</pin_list>
<bind>
<StgValue><ssdm name=""/></StgValue>
</bind>
</comp>

<comp id="22" class="1001" name="const_22">
<pin_list>
<pin id="23" dir="1" index="0" bw="1" slack="0"/>
</pin_list>
<bind>
<StgValue><ssdm name=""/></StgValue>
</bind>
</comp>

<comp id="24" class="1001" name="const_24">
<pin_list>
<pin id="25" dir="1" index="0" bw="1" slack="0"/>
</pin_list>
<bind>
<StgValue><ssdm name="_ssdm_op_Write.ap_auto.i16P"/></StgValue>
</bind>
</comp>

<comp id="26" class="1001" name="const_26">
<pin_list>
<pin id="27" dir="1" index="0" bw="1" slack="0"/>
</pin_list>
<bind>
<StgValue><ssdm name="_ssdm_op_PartSelect.i11.i64.i32.i32"/></StgValue>
</bind>
</comp>

<comp id="28" class="1001" name="const_28">
<pin_list>
<pin id="29" dir="1" index="0" bw="1" slack="0"/>
</pin_list>
<bind>
<StgValue><ssdm name=""/></StgValue>
</bind>
</comp>

<comp id="30" class="1001" name="const_30">
<pin_list>
<pin id="31" dir="1" index="0" bw="1" slack="0"/>
</pin_list>
<bind>
<StgValue><ssdm name=""/></StgValue>
</bind>
</comp>

<comp id="32" class="1001" name="const_32">
<pin_list>
<pin id="33" dir="1" index="0" bw="1" slack="0"/>
</pin_list>
<bind>
<StgValue><ssdm name=""/></StgValue>
</bind>
</comp>

<comp id="34" class="1001" name="const_34">
<pin_list>
<pin id="35" dir="1" index="0" bw="1" slack="0"/>
</pin_list>
<bind>
<StgValue><ssdm name=""/></StgValue>
</bind>
</comp>

<comp id="36" class="1001" name="const_36">
<pin_list>
<pin id="37" dir="1" index="0" bw="1" slack="0"/>
</pin_list>
<bind>
<StgValue><ssdm name=""/></StgValue>
</bind>
</comp>

<comp id="38" class="1004" name="z_im_read_read_fu_38">
<pin_list>
<pin id="39" dir="0" index="0" bw="64" slack="0"/>
<pin id="40" dir="0" index="1" bw="64" slack="0"/>
<pin id="41" dir="1" index="2" bw="64" slack="1"/>
</pin_list>
<bind>
<opcode="read(1150) " fcode="read"/>
<opset="z_im_read/1 "/>
</bind>
</comp>

<comp id="44" class="1004" name="z_re_read_read_fu_44">
<pin_list>
<pin id="45" dir="0" index="0" bw="64" slack="0"/>
<pin id="46" dir="0" index="1" bw="64" slack="0"/>
<pin id="47" dir="1" index="2" bw="64" slack="1"/>
</pin_list>
<bind>
<opcode="read(1150) " fcode="read"/>
<opset="z_re_read/1 "/>
</bind>
</comp>

<comp id="50" class="1004" name="StgValue_47_write_fu_50">
<pin_list>
<pin id="51" dir="0" index="0" bw="0" slack="0"/>
<pin id="52" dir="0" index="1" bw="16" slack="0"/>
<pin id="53" dir="0" index="2" bw="9" slack="0"/>
<pin id="54" dir="1" index="3" bw="0" slack="2147483647"/>
</pin_list>
<bind>
<opcode="write(1151) " fcode="write"/>
<opset="StgValue_47/2 "/>
</bind>
</comp>

<comp id="57" class="1005" name="x_complex_re_read_as_reg_57">
<pin_list>
<pin id="58" dir="0" index="0" bw="64" slack="1"/>
<pin id="59" dir="1" index="1" bw="64" slack="2147483647"/>
</pin_list>
<bind>
<opset="x_complex_re_read_as (phireg) "/>
</bind>
</comp>

<comp id="60" class="1004" name="x_complex_re_read_as_phi_fu_60">
<pin_list>
<pin id="61" dir="0" index="0" bw="64" slack="1"/>
<pin id="62" dir="0" index="1" bw="0" slack="2147483647"/>
<pin id="63" dir="0" index="2" bw="64" slack="1"/>
<pin id="64" dir="0" index="3" bw="0" slack="2147483647"/>
<pin id="65" dir="1" index="4" bw="64" slack="0"/>
</pin_list>
<bind>
<opcode="phi(47) " fcode="phi"/>
<opset="x_complex_re_read_as/2 "/>
</bind>
</comp>

<comp id="67" class="1005" name="x_complex_im_read_as_reg_67">
<pin_list>
<pin id="68" dir="0" index="0" bw="64" slack="1"/>
<pin id="69" dir="1" index="1" bw="64" slack="2147483647"/>
</pin_list>
<bind>
<opset="x_complex_im_read_as (phireg) "/>
</bind>
</comp>

<comp id="70" class="1004" name="x_complex_im_read_as_phi_fu_70">
<pin_list>
<pin id="71" dir="0" index="0" bw="64" slack="1"/>
<pin id="72" dir="0" index="1" bw="0" slack="2147483647"/>
<pin id="73" dir="0" index="2" bw="64" slack="1"/>
<pin id="74" dir="0" index="3" bw="0" slack="2147483647"/>
<pin id="75" dir="1" index="4" bw="64" slack="0"/>
</pin_list>
<bind>
<opcode="phi(47) " fcode="phi"/>
<opset="x_complex_im_read_as/2 "/>
</bind>
</comp>

<comp id="77" class="1005" name="mandelbrot_double_d_reg_77">
<pin_list>
<pin id="78" dir="0" index="0" bw="9" slack="1"/>
<pin id="79" dir="1" index="1" bw="9" slack="1"/>
</pin_list>
<bind>
<opset="mandelbrot_double_d (phireg) "/>
</bind>
</comp>

<comp id="81" class="1004" name="mandelbrot_double_d_phi_fu_81">
<pin_list>
<pin id="82" dir="0" index="0" bw="1" slack="1"/>
<pin id="83" dir="0" index="1" bw="0" slack="2147483647"/>
<pin id="84" dir="0" index="2" bw="9" slack="1"/>
<pin id="85" dir="0" index="3" bw="0" slack="2147483647"/>
<pin id="86" dir="1" index="4" bw="9" slack="0"/>
</pin_list>
<bind>
<opcode="phi(47) " fcode="phi"/>
<opset="mandelbrot_double_d/2 "/>
</bind>
</comp>

<comp id="89" class="1005" name="i_reg_89">
<pin_list>
<pin id="90" dir="0" index="0" bw="9" slack="1"/>
<pin id="91" dir="1" index="1" bw="9" slack="1"/>
</pin_list>
<bind>
<opset="i (phireg) "/>
</bind>
</comp>

<comp id="93" class="1004" name="i_phi_fu_93">
<pin_list>
<pin id="94" dir="0" index="0" bw="1" slack="1"/>
<pin id="95" dir="0" index="1" bw="0" slack="2147483647"/>
<pin id="96" dir="0" index="2" bw="9" slack="0"/>
<pin id="97" dir="0" index="3" bw="0" slack="2147483647"/>
<pin id="98" dir="1" index="4" bw="9" slack="0"/>
</pin_list>
<bind>
<opcode="phi(47) " fcode="phi"/>
<opset="i/2 "/>
</bind>
</comp>

<comp id="100" class="1004" name="grp_fu_100">
<pin_list>
<pin id="101" dir="0" index="0" bw="64" slack="1"/>
<pin id="102" dir="0" index="1" bw="64" slack="1"/>
<pin id="103" dir="1" index="2" bw="64" slack="1"/>
</pin_list>
<bind>
<opcode="dadd(508) dsub(509) " fcode="dadd"/>
<opset="sum_re/7 z_re_4/12 tmp_3/22 "/>
</bind>
</comp>

<comp id="104" class="1004" name="grp_fu_104">
<pin_list>
<pin id="105" dir="0" index="0" bw="64" slack="1"/>
<pin id="106" dir="0" index="1" bw="64" slack="1"/>
<pin id="107" dir="1" index="2" bw="64" slack="1"/>
</pin_list>
<bind>
<opcode="dadd(508) " fcode="dadd"/>
<opset="sum_im/7 z_im_5/12 "/>
</bind>
</comp>

<comp id="108" class="1004" name="grp_fu_108">
<pin_list>
<pin id="109" dir="0" index="0" bw="64" slack="0"/>
<pin id="110" dir="0" index="1" bw="64" slack="0"/>
<pin id="111" dir="1" index="2" bw="64" slack="1"/>
</pin_list>
<bind>
<opcode="dmul(510) " fcode="dmul"/>
<opset="m1/2 tmp_1/17 "/>
</bind>
</comp>

<comp id="114" class="1004" name="grp_fu_114">
<pin_list>
<pin id="115" dir="0" index="0" bw="64" slack="0"/>
<pin id="116" dir="0" index="1" bw="64" slack="0"/>
<pin id="117" dir="1" index="2" bw="64" slack="1"/>
</pin_list>
<bind>
<opcode="dmul(510) " fcode="dmul"/>
<opset="m2/2 tmp_2/17 "/>
</bind>
</comp>

<comp id="120" class="1004" name="grp_fu_120">
<pin_list>
<pin id="121" dir="0" index="0" bw="64" slack="0"/>
<pin id="122" dir="0" index="1" bw="64" slack="0"/>
<pin id="123" dir="1" index="2" bw="64" slack="1"/>
</pin_list>
<bind>
<opcode="dmul(510) " fcode="dmul"/>
<opset="m3/2 "/>
</bind>
</comp>

<comp id="126" class="1004" name="tmp_7_fu_126">
<pin_list>
<pin id="127" dir="0" index="0" bw="64" slack="1"/>
<pin id="128" dir="0" index="1" bw="64" slack="0"/>
<pin id="129" dir="1" index="2" bw="1" slack="0"/>
</pin_list>
<bind>
<opcode="dcmp(513) " fcode="dcmp"/>
<opset="tmp_7/27 "/>
</bind>
</comp>

<comp id="131" class="1005" name="reg_131">
<pin_list>
<pin id="132" dir="0" index="0" bw="64" slack="1"/>
<pin id="133" dir="1" index="1" bw="64" slack="1"/>
</pin_list>
<bind>
<opset="m1 tmp_1 "/>
</bind>
</comp>

<comp id="136" class="1005" name="reg_136">
<pin_list>
<pin id="137" dir="0" index="0" bw="64" slack="1"/>
<pin id="138" dir="1" index="1" bw="64" slack="1"/>
</pin_list>
<bind>
<opset="m2 tmp_2 "/>
</bind>
</comp>

<comp id="141" class="1005" name="reg_141">
<pin_list>
<pin id="142" dir="0" index="0" bw="64" slack="1"/>
<pin id="143" dir="1" index="1" bw="64" slack="1"/>
</pin_list>
<bind>
<opset="sum_re z_re_4 "/>
</bind>
</comp>

<comp id="149" class="1005" name="reg_149">
<pin_list>
<pin id="150" dir="0" index="0" bw="64" slack="1"/>
<pin id="151" dir="1" index="1" bw="64" slack="1"/>
</pin_list>
<bind>
<opset="sum_im z_im_5 "/>
</bind>
</comp>

<comp id="157" class="1004" name="exitcond_fu_157">
<pin_list>
<pin id="158" dir="0" index="0" bw="9" slack="0"/>
<pin id="159" dir="0" index="1" bw="9" slack="0"/>
<pin id="160" dir="1" index="2" bw="1" slack="2147483647"/>
</pin_list>
<bind>
<opcode="icmp(45) " fcode="icmp"/>
<opset="exitcond/2 "/>
</bind>
</comp>

<comp id="163" class="1004" name="i_1_fu_163">
<pin_list>
<pin id="164" dir="0" index="0" bw="9" slack="0"/>
<pin id="165" dir="0" index="1" bw="1" slack="0"/>
<pin id="166" dir="1" index="2" bw="9" slack="0"/>
</pin_list>
<bind>
<opcode="add(8) " fcode="add"/>
<opset="i_1/2 "/>
</bind>
</comp>

<comp id="169" class="1004" name="mandelbrot_double_d_1_fu_169">
<pin_list>
<pin id="170" dir="0" index="0" bw="9" slack="0"/>
<pin id="171" dir="1" index="1" bw="16" slack="0"/>
</pin_list>
<bind>
<opcode="zext(34) " fcode="zext"/>
<opset="mandelbrot_double_d_1/2 "/>
</bind>
</comp>

<comp id="174" class="1004" name="tmp_3_to_int_fu_174">
<pin_list>
<pin id="175" dir="0" index="0" bw="64" slack="1"/>
<pin id="176" dir="1" index="1" bw="64" slack="0"/>
</pin_list>
<bind>
<opcode="bitcast(44) " fcode="bitcast"/>
<opset="tmp_3_to_int/27 "/>
</bind>
</comp>

<comp id="177" class="1004" name="tmp_fu_177">
<pin_list>
<pin id="178" dir="0" index="0" bw="11" slack="0"/>
<pin id="179" dir="0" index="1" bw="64" slack="0"/>
<pin id="180" dir="0" index="2" bw="7" slack="0"/>
<pin id="181" dir="0" index="3" bw="7" slack="0"/>
<pin id="182" dir="1" index="4" bw="11" slack="0"/>
</pin_list>
<bind>
<opcode="partselect(1002) " fcode="partselect"/>
<opset="tmp/27 "/>
</bind>
</comp>

<comp id="187" class="1004" name="tmp_4_fu_187">
<pin_list>
<pin id="188" dir="0" index="0" bw="64" slack="0"/>
<pin id="189" dir="1" index="1" bw="52" slack="0"/>
</pin_list>
<bind>
<opcode="trunc(33) " fcode="trunc"/>
<opset="tmp_4/27 "/>
</bind>
</comp>

<comp id="191" class="1004" name="notlhs_fu_191">
<pin_list>
<pin id="192" dir="0" index="0" bw="11" slack="0"/>
<pin id="193" dir="0" index="1" bw="11" slack="0"/>
<pin id="194" dir="1" index="2" bw="1" slack="0"/>
</pin_list>
<bind>
<opcode="icmp(45) " fcode="icmp"/>
<opset="notlhs/27 "/>
</bind>
</comp>

<comp id="197" class="1004" name="notrhs_fu_197">
<pin_list>
<pin id="198" dir="0" index="0" bw="52" slack="0"/>
<pin id="199" dir="0" index="1" bw="52" slack="0"/>
<pin id="200" dir="1" index="2" bw="1" slack="0"/>
</pin_list>
<bind>
<opcode="icmp(45) " fcode="icmp"/>
<opset="notrhs/27 "/>
</bind>
</comp>

<comp id="203" class="1004" name="tmp_5_fu_203">
<pin_list>
<pin id="204" dir="0" index="0" bw="1" slack="0"/>
<pin id="205" dir="0" index="1" bw="1" slack="0"/>
<pin id="206" dir="1" index="2" bw="1" slack="0"/>
</pin_list>
<bind>
<opcode="or(24) " fcode="or"/>
<opset="tmp_5/27 "/>
</bind>
</comp>

<comp id="209" class="1004" name="tmp_8_fu_209">
<pin_list>
<pin id="210" dir="0" index="0" bw="1" slack="0"/>
<pin id="211" dir="0" index="1" bw="1" slack="0"/>
<pin id="212" dir="1" index="2" bw="1" slack="0"/>
</pin_list>
<bind>
<opcode="and(23) " fcode="and"/>
<opset="tmp_8/27 "/>
</bind>
</comp>

<comp id="215" class="1004" name="tmp_5_cast_fu_215">
<pin_list>
<pin id="216" dir="0" index="0" bw="1" slack="0"/>
<pin id="217" dir="1" index="1" bw="9" slack="0"/>
</pin_list>
<bind>
<opcode="zext(34) " fcode="zext"/>
<opset="tmp_5_cast/27 "/>
</bind>
</comp>

<comp id="219" class="1004" name="tmp_6_fu_219">
<pin_list>
<pin id="220" dir="0" index="0" bw="1" slack="0"/>
<pin id="221" dir="0" index="1" bw="9" slack="25"/>
<pin id="222" dir="1" index="2" bw="9" slack="1"/>
</pin_list>
<bind>
<opcode="add(8) " fcode="add"/>
<opset="tmp_6/27 "/>
</bind>
</comp>

<comp id="225" class="1005" name="z_im_read_reg_225">
<pin_list>
<pin id="226" dir="0" index="0" bw="64" slack="1"/>
<pin id="227" dir="1" index="1" bw="64" slack="1"/>
</pin_list>
<bind>
<opset="z_im_read "/>
</bind>
</comp>

<comp id="231" class="1005" name="z_re_read_reg_231">
<pin_list>
<pin id="232" dir="0" index="0" bw="64" slack="1"/>
<pin id="233" dir="1" index="1" bw="64" slack="1"/>
</pin_list>
<bind>
<opset="z_re_read "/>
</bind>
</comp>

<comp id="240" class="1005" name="i_1_reg_240">
<pin_list>
<pin id="241" dir="0" index="0" bw="9" slack="0"/>
<pin id="242" dir="1" index="1" bw="9" slack="0"/>
</pin_list>
<bind>
<opset="i_1 "/>
</bind>
</comp>

<comp id="245" class="1005" name="m3_reg_245">
<pin_list>
<pin id="246" dir="0" index="0" bw="64" slack="1"/>
<pin id="247" dir="1" index="1" bw="64" slack="1"/>
</pin_list>
<bind>
<opset="m3 "/>
</bind>
</comp>

<comp id="251" class="1005" name="tmp_3_reg_251">
<pin_list>
<pin id="252" dir="0" index="0" bw="64" slack="1"/>
<pin id="253" dir="1" index="1" bw="64" slack="1"/>
</pin_list>
<bind>
<opset="tmp_3 "/>
</bind>
</comp>

<comp id="257" class="1005" name="tmp_6_reg_257">
<pin_list>
<pin id="258" dir="0" index="0" bw="9" slack="1"/>
<pin id="259" dir="1" index="1" bw="9" slack="1"/>
</pin_list>
<bind>
<opset="tmp_6 "/>
</bind>
</comp>

</comp_list>

<net_list>
<net id="42"><net_src comp="12" pin="0"/><net_sink comp="38" pin=0"/></net>

<net id="43"><net_src comp="2" pin="0"/><net_sink comp="38" pin=1"/></net>

<net id="48"><net_src comp="12" pin="0"/><net_sink comp="44" pin=0"/></net>

<net id="49"><net_src comp="0" pin="0"/><net_sink comp="44" pin=1"/></net>

<net id="55"><net_src comp="24" pin="0"/><net_sink comp="50" pin=0"/></net>

<net id="56"><net_src comp="4" pin="0"/><net_sink comp="50" pin=1"/></net>

<net id="66"><net_src comp="60" pin="4"/><net_sink comp="57" pin=0"/></net>

<net id="76"><net_src comp="70" pin="4"/><net_sink comp="67" pin=0"/></net>

<net id="80"><net_src comp="14" pin="0"/><net_sink comp="77" pin=0"/></net>

<net id="87"><net_src comp="77" pin="1"/><net_sink comp="81" pin=0"/></net>

<net id="88"><net_src comp="81" pin="4"/><net_sink comp="77" pin=0"/></net>

<net id="92"><net_src comp="14" pin="0"/><net_sink comp="89" pin=0"/></net>

<net id="99"><net_src comp="89" pin="1"/><net_sink comp="93" pin=0"/></net>

<net id="112"><net_src comp="60" pin="4"/><net_sink comp="108" pin=0"/></net>

<net id="113"><net_src comp="60" pin="4"/><net_sink comp="108" pin=1"/></net>

<net id="118"><net_src comp="70" pin="4"/><net_sink comp="114" pin=0"/></net>

<net id="119"><net_src comp="70" pin="4"/><net_sink comp="114" pin=1"/></net>

<net id="124"><net_src comp="70" pin="4"/><net_sink comp="120" pin=0"/></net>

<net id="125"><net_src comp="60" pin="4"/><net_sink comp="120" pin=1"/></net>

<net id="130"><net_src comp="36" pin="0"/><net_sink comp="126" pin=1"/></net>

<net id="134"><net_src comp="108" pin="2"/><net_sink comp="131" pin=0"/></net>

<net id="135"><net_src comp="131" pin="1"/><net_sink comp="100" pin=0"/></net>

<net id="139"><net_src comp="114" pin="2"/><net_sink comp="136" pin=0"/></net>

<net id="140"><net_src comp="136" pin="1"/><net_sink comp="100" pin=1"/></net>

<net id="144"><net_src comp="100" pin="2"/><net_sink comp="141" pin=0"/></net>

<net id="145"><net_src comp="141" pin="1"/><net_sink comp="100" pin=0"/></net>

<net id="146"><net_src comp="141" pin="1"/><net_sink comp="60" pin=2"/></net>

<net id="147"><net_src comp="141" pin="1"/><net_sink comp="114" pin=0"/></net>

<net id="148"><net_src comp="141" pin="1"/><net_sink comp="114" pin=1"/></net>

<net id="152"><net_src comp="104" pin="2"/><net_sink comp="149" pin=0"/></net>

<net id="153"><net_src comp="149" pin="1"/><net_sink comp="104" pin=0"/></net>

<net id="154"><net_src comp="149" pin="1"/><net_sink comp="70" pin=2"/></net>

<net id="155"><net_src comp="149" pin="1"/><net_sink comp="108" pin=0"/></net>

<net id="156"><net_src comp="149" pin="1"/><net_sink comp="108" pin=1"/></net>

<net id="161"><net_src comp="93" pin="4"/><net_sink comp="157" pin=0"/></net>

<net id="162"><net_src comp="16" pin="0"/><net_sink comp="157" pin=1"/></net>

<net id="167"><net_src comp="93" pin="4"/><net_sink comp="163" pin=0"/></net>

<net id="168"><net_src comp="22" pin="0"/><net_sink comp="163" pin=1"/></net>

<net id="172"><net_src comp="81" pin="4"/><net_sink comp="169" pin=0"/></net>

<net id="173"><net_src comp="169" pin="1"/><net_sink comp="50" pin=2"/></net>

<net id="183"><net_src comp="26" pin="0"/><net_sink comp="177" pin=0"/></net>

<net id="184"><net_src comp="174" pin="1"/><net_sink comp="177" pin=1"/></net>

<net id="185"><net_src comp="28" pin="0"/><net_sink comp="177" pin=2"/></net>

<net id="186"><net_src comp="30" pin="0"/><net_sink comp="177" pin=3"/></net>

<net id="190"><net_src comp="174" pin="1"/><net_sink comp="187" pin=0"/></net>

<net id="195"><net_src comp="177" pin="4"/><net_sink comp="191" pin=0"/></net>

<net id="196"><net_src comp="32" pin="0"/><net_sink comp="191" pin=1"/></net>

<net id="201"><net_src comp="187" pin="1"/><net_sink comp="197" pin=0"/></net>

<net id="202"><net_src comp="34" pin="0"/><net_sink comp="197" pin=1"/></net>

<net id="207"><net_src comp="197" pin="2"/><net_sink comp="203" pin=0"/></net>

<net id="208"><net_src comp="191" pin="2"/><net_sink comp="203" pin=1"/></net>

<net id="213"><net_src comp="203" pin="2"/><net_sink comp="209" pin=0"/></net>

<net id="214"><net_src comp="126" pin="2"/><net_sink comp="209" pin=1"/></net>

<net id="218"><net_src comp="209" pin="2"/><net_sink comp="215" pin=0"/></net>

<net id="223"><net_src comp="215" pin="1"/><net_sink comp="219" pin=0"/></net>

<net id="224"><net_src comp="77" pin="1"/><net_sink comp="219" pin=1"/></net>

<net id="228"><net_src comp="38" pin="2"/><net_sink comp="225" pin=0"/></net>

<net id="229"><net_src comp="225" pin="1"/><net_sink comp="70" pin=0"/></net>

<net id="230"><net_src comp="225" pin="1"/><net_sink comp="104" pin=1"/></net>

<net id="234"><net_src comp="44" pin="2"/><net_sink comp="231" pin=0"/></net>

<net id="235"><net_src comp="231" pin="1"/><net_sink comp="60" pin=0"/></net>

<net id="236"><net_src comp="231" pin="1"/><net_sink comp="100" pin=1"/></net>

<net id="243"><net_src comp="163" pin="2"/><net_sink comp="240" pin=0"/></net>

<net id="244"><net_src comp="240" pin="1"/><net_sink comp="93" pin=2"/></net>

<net id="248"><net_src comp="120" pin="2"/><net_sink comp="245" pin=0"/></net>

<net id="249"><net_src comp="245" pin="1"/><net_sink comp="104" pin=0"/></net>

<net id="250"><net_src comp="245" pin="1"/><net_sink comp="104" pin=1"/></net>

<net id="254"><net_src comp="100" pin="2"/><net_sink comp="251" pin=0"/></net>

<net id="255"><net_src comp="251" pin="1"/><net_sink comp="174" pin=0"/></net>

<net id="256"><net_src comp="251" pin="1"/><net_sink comp="126" pin=0"/></net>

<net id="260"><net_src comp="219" pin="2"/><net_sink comp="257" pin=0"/></net>

<net id="261"><net_src comp="257" pin="1"/><net_sink comp="81" pin=2"/></net>

</net_list>

</model> 
---------------- Datapath Model END ------------------

* FSMD analyzer results:
  - Output states:
	Port: outp | {2 }
 - Input state : 
	Port: mandelbrot : z_re | {1 }
	Port: mandelbrot : z_im | {1 }
  - Chain level:
	State 1
	State 2
		exitcond : 1
		i_1 : 1
		StgValue_42 : 2
		m1 : 1
		m2 : 1
		m3 : 1
		mandelbrot_double_d_1 : 1
		StgValue_47 : 2
	State 3
	State 4
	State 5
	State 6
	State 7
	State 8
	State 9
	State 10
	State 11
	State 12
	State 13
	State 14
	State 15
	State 16
	State 17
	State 18
	State 19
	State 20
	State 21
	State 22
	State 23
	State 24
	State 25
	State 26
	State 27
		tmp : 1
		tmp_4 : 1
		notlhs : 2
		notrhs : 2
		tmp_5 : 3
		tmp_8 : 3
		tmp_5_cast : 3
		tmp_6 : 4


============================================================
+ Verbose Summary: Datapath Resource usage 
============================================================

* Functional unit list:
|----------|------------------------------|---------|---------|---------|
| Operation|        Functional Unit       |  DSP48E |    FF   |   LUT   |
|----------|------------------------------|---------|---------|---------|
|   dadd   |          grp_fu_100          |    3    |   445   |   788   |
|          |          grp_fu_104          |    3    |   445   |   788   |
|----------|------------------------------|---------|---------|---------|
|          |          grp_fu_108          |    11   |   299   |   204   |
|   dmul   |          grp_fu_114          |    11   |   299   |   204   |
|          |          grp_fu_120          |    11   |   299   |   204   |
|----------|------------------------------|---------|---------|---------|
|   dcmp   |         tmp_7_fu_126         |    0    |   130   |   130   |
|----------|------------------------------|---------|---------|---------|
|          |        exitcond_fu_157       |    0    |    0    |    13   |
|   icmp   |         notlhs_fu_191        |    0    |    0    |    13   |
|          |         notrhs_fu_197        |    0    |    0    |    29   |
|----------|------------------------------|---------|---------|---------|
|    add   |          i_1_fu_163          |    0    |    0    |    16   |
|          |         tmp_6_fu_219         |    0    |    0    |    16   |
|----------|------------------------------|---------|---------|---------|
|    or    |         tmp_5_fu_203         |    0    |    0    |    8    |
|----------|------------------------------|---------|---------|---------|
|    and   |         tmp_8_fu_209         |    0    |    0    |    8    |
|----------|------------------------------|---------|---------|---------|
|   read   |     z_im_read_read_fu_38     |    0    |    0    |    0    |
|          |     z_re_read_read_fu_44     |    0    |    0    |    0    |
|----------|------------------------------|---------|---------|---------|
|   write  |    StgValue_47_write_fu_50   |    0    |    0    |    0    |
|----------|------------------------------|---------|---------|---------|
|   zext   | mandelbrot_double_d_1_fu_169 |    0    |    0    |    0    |
|          |       tmp_5_cast_fu_215      |    0    |    0    |    0    |
|----------|------------------------------|---------|---------|---------|
|partselect|          tmp_fu_177          |    0    |    0    |    0    |
|----------|------------------------------|---------|---------|---------|
|   trunc  |         tmp_4_fu_187         |    0    |    0    |    0    |
|----------|------------------------------|---------|---------|---------|
|   Total  |                              |    39   |   1917  |   2421  |
|----------|------------------------------|---------|---------|---------|

Memories:
N/A

* Register list:
+---------------------------+--------+
|                           |   FF   |
+---------------------------+--------+
|        i_1_reg_240        |    9   |
|          i_reg_89         |    9   |
|         m3_reg_245        |   64   |
| mandelbrot_double_d_reg_77|    9   |
|          reg_131          |   64   |
|          reg_136          |   64   |
|          reg_141          |   64   |
|          reg_149          |   64   |
|       tmp_3_reg_251       |   64   |
|       tmp_6_reg_257       |    9   |
|x_complex_im_read_as_reg_67|   64   |
|x_complex_re_read_as_reg_57|   64   |
|     z_im_read_reg_225     |   64   |
|     z_re_read_reg_231     |   64   |
+---------------------------+--------+
|           Total           |   676  |
+---------------------------+--------+

* Multiplexer (MUX) list: 
|----------------------------|------|------|------|--------||---------||---------|
|            Comp            |  Pin | Size |  BW  | S x BW ||  Delay  ||   LUT   |
|----------------------------|------|------|------|--------||---------||---------|
| mandelbrot_double_d_reg_77 |  p0  |   2  |   9  |   18   ||    9    |
|         grp_fu_100         |  p0  |   2  |  64  |   128  ||    9    |
|         grp_fu_100         |  p1  |   2  |  64  |   128  ||    9    |
|         grp_fu_104         |  p0  |   2  |  64  |   128  ||    9    |
|         grp_fu_104         |  p1  |   2  |  64  |   128  ||    9    |
|         grp_fu_108         |  p0  |   2  |  64  |   128  ||    9    |
|         grp_fu_108         |  p1  |   2  |  64  |   128  ||    9    |
|         grp_fu_114         |  p0  |   2  |  64  |   128  ||    9    |
|         grp_fu_114         |  p1  |   2  |  64  |   128  ||    9    |
|----------------------------|------|------|------|--------||---------||---------|
|            Total           |      |      |      |  1042  ||  12.15  ||    81   |
|----------------------------|------|------|------|--------||---------||---------|



* Summary:
+-----------+--------+--------+--------+--------+
|           | DSP48E |  Delay |   FF   |   LUT  |
+-----------+--------+--------+--------+--------+
|  Function |   39   |    -   |  1917  |  2421  |
|   Memory  |    -   |    -   |    -   |    -   |
|Multiplexer|    -   |   12   |    -   |   81   |
|  Register |    -   |    -   |   676  |    -   |
+-----------+--------+--------+--------+--------+
|   Total   |   39   |   12   |  2593  |  2502  |
+-----------+--------+--------+--------+--------+
