

================================================================
== Vivado HLS Report for 'mandelbrot'
================================================================
* Date:           Sun Feb 25 13:41:45 2018

* Version:        2017.4 (Build 2086221 on Fri Dec 15 21:13:33 MST 2017)
* Project:        mandelbrot
* Solution:       solution1
* Product family: artix7
* Target device:  xc7a200tfbg676-2


================================================================
== Performance Estimates
================================================================
+ Timing (ns): 
    * Summary: 
    +--------+-------+----------+------------+
    |  Clock | Target| Estimated| Uncertainty|
    +--------+-------+----------+------------+
    |ap_clk  |  10.00|      8.57|        1.25|
    +--------+-------+----------+------------+

+ Latency (clock cycles): 
    * Summary: 
    +------+------+------+------+---------+
    |   Latency   |   Interval  | Pipeline|
    |  min |  max |  min |  max |   Type  |
    +------+------+------+------+---------+
    |  6657|  6657|  6657|  6657|   none  |
    +------+------+------+------+---------+

    + Detail: 
        * Instance: 
        N/A

        * Loop: 
        +----------+------+------+----------+-----------+-----------+------+----------+
        |          |   Latency   | Iteration|  Initiation Interval  | Trip |          |
        | Loop Name|  min |  max |  Latency |  achieved |   target  | Count| Pipelined|
        +----------+------+------+----------+-----------+-----------+------+----------+
        |- Loop 1  |  6656|  6656|        26|          -|          -|   256|    no    |
        +----------+------+------+----------+-----------+-----------+------+----------+

============================================================
+ Verbose Summary: Synthesis Manager
============================================================
InlineROM: 1
ExposeGlobal: 0
============================================================
+ Verbose Summary: CDFG Model
============================================================
IsTopModel: 1
ResetActiveHigh: 1
IsCombinational: 0
IsDatapathOnly: 0
HasWiredReturn: 1
HasMFsm: 0
HasVarLatency: 1
IsPipeline: 0
IsRtlPipelined: 0
IsInstanceOverlapped: 0
IsDontTouch: 0
HasImplIP: 0
IsGatedGlobalClock: 0


============================================================
+ Verbose Summary: Schedule
============================================================
* Number of FSM states : 27
* Pipeline : 0
* Dataflow Pipeline: 0

* FSM state transitions: 
1 --> 
	2  / true
2 --> 
	3  / (!exitcond)
3 --> 
	4  / true
4 --> 
	5  / true
5 --> 
	6  / true
6 --> 
	7  / true
7 --> 
	8  / true
8 --> 
	9  / true
9 --> 
	10  / true
10 --> 
	11  / true
11 --> 
	12  / true
12 --> 
	13  / true
13 --> 
	14  / true
14 --> 
	15  / true
15 --> 
	16  / true
16 --> 
	17  / true
17 --> 
	18  / true
18 --> 
	19  / true
19 --> 
	20  / true
20 --> 
	21  / true
21 --> 
	22  / true
22 --> 
	23  / true
23 --> 
	24  / true
24 --> 
	25  / true
25 --> 
	26  / true
26 --> 
	27  / true
27 --> 
	2  / true

* FSM state operations: 

 <State 1> : 1.35ns
ST_1 : Operation 28 [1/1] (0.00ns)   --->   "call void (...)* @_ssdm_op_SpecBitsMap(double %z_re) nounwind, !map !37"
ST_1 : Operation 29 [1/1] (0.00ns)   --->   "call void (...)* @_ssdm_op_SpecBitsMap(double %z_im) nounwind, !map !43"
ST_1 : Operation 30 [1/1] (0.00ns)   --->   "call void (...)* @_ssdm_op_SpecBitsMap(i8* %outp) nounwind, !map !47"
ST_1 : Operation 31 [1/1] (0.00ns)   --->   "call void (...)* @_ssdm_op_SpecTopModule([11 x i8]* @mandelbrot_str) nounwind"
ST_1 : Operation 32 [1/1] (0.00ns)   --->   "%z_im_read = call double @_ssdm_op_Read.ap_auto.double(double %z_im) nounwind"
ST_1 : Operation 33 [1/1] (0.00ns)   --->   "%z_re_read = call double @_ssdm_op_Read.ap_auto.double(double %z_re) nounwind"
ST_1 : Operation 34 [1/1] (1.35ns)   --->   "br label %1" [mandelbrot/C/mandelbrot.cpp:19]

 <State 2> : 8.57ns
ST_2 : Operation 35 [1/1] (0.00ns)   --->   "%x_complex_re_read_as = phi double [ %z_re_read, %0 ], [ %z_re_4, %2 ]"
ST_2 : Operation 36 [1/1] (0.00ns)   --->   "%x_complex_im_read_as = phi double [ %z_im_read, %0 ], [ %z_im_5, %2 ]"
ST_2 : Operation 37 [1/1] (0.00ns)   --->   "%mandelbrot_double_d = phi i8 [ 0, %0 ], [ %tmp_6, %2 ]" [mandelbrot/C/mandelbrot.cpp:22]
ST_2 : Operation 38 [1/1] (0.00ns)   --->   "%i = phi i9 [ 0, %0 ], [ %i_1, %2 ]"
ST_2 : Operation 39 [1/1] (1.34ns)   --->   "%exitcond = icmp eq i9 %i, -256" [mandelbrot/C/mandelbrot.cpp:19]   --->   Core 25 'Cmp' <Latency = 0> <II = 1> <Delay = 2.34> <FuncUnit> <Opcode : 'icmp'> <InPorts = 2> <OutPorts = 1>
ST_2 : Operation 40 [1/1] (0.00ns)   --->   "%empty = call i32 (...)* @_ssdm_op_SpecLoopTripCount(i64 256, i64 256, i64 256) nounwind"
ST_2 : Operation 41 [1/1] (1.73ns)   --->   "%i_1 = add i9 %i, 1" [mandelbrot/C/mandelbrot.cpp:19]   --->   Core 14 'AddSub' <Latency = 0> <II = 1> <Delay = 1.71> <FuncUnit> <Opcode : 'add' 'sub'> <InPorts = 2> <OutPorts = 1>
ST_2 : Operation 42 [1/1] (0.00ns)   --->   "br i1 %exitcond, label %3, label %2" [mandelbrot/C/mandelbrot.cpp:19]
ST_2 : Operation 43 [5/5] (8.56ns)   --->   "%m1 = fmul double %x_complex_re_read_as, %x_complex_re_read_as" [/opt/Xilinx/Vivado/2017.4/common/technology/autopilot/hls_x_complex.h:113]   --->   Core 110 'DMul' <Latency = 4> <II = 1> <Delay = 8.56> <FuncUnit> <Opcode : 'dmul'> <InPorts = 2> <OutPorts = 1>
ST_2 : Operation 44 [5/5] (8.56ns)   --->   "%m2 = fmul double %x_complex_im_read_as, %x_complex_im_read_as" [/opt/Xilinx/Vivado/2017.4/common/technology/autopilot/hls_x_complex.h:114]   --->   Core 110 'DMul' <Latency = 4> <II = 1> <Delay = 8.56> <FuncUnit> <Opcode : 'dmul'> <InPorts = 2> <OutPorts = 1>
ST_2 : Operation 45 [5/5] (8.56ns)   --->   "%m3 = fmul double %x_complex_im_read_as, %x_complex_re_read_as" [/opt/Xilinx/Vivado/2017.4/common/technology/autopilot/hls_x_complex.h:115]   --->   Core 110 'DMul' <Latency = 4> <II = 1> <Delay = 8.56> <FuncUnit> <Opcode : 'dmul'> <InPorts = 2> <OutPorts = 1>
ST_2 : Operation 46 [1/1] (0.00ns)   --->   "call void @_ssdm_op_Write.ap_auto.i8P(i8* %outp, i8 %mandelbrot_double_d) nounwind" [mandelbrot/C/mandelbrot.cpp:25]
ST_2 : Operation 47 [1/1] (0.00ns)   --->   "ret void" [mandelbrot/C/mandelbrot.cpp:30]

 <State 3> : 8.57ns
ST_3 : Operation 48 [4/5] (8.56ns)   --->   "%m1 = fmul double %x_complex_re_read_as, %x_complex_re_read_as" [/opt/Xilinx/Vivado/2017.4/common/technology/autopilot/hls_x_complex.h:113]   --->   Core 110 'DMul' <Latency = 4> <II = 1> <Delay = 8.56> <FuncUnit> <Opcode : 'dmul'> <InPorts = 2> <OutPorts = 1>
ST_3 : Operation 49 [4/5] (8.56ns)   --->   "%m2 = fmul double %x_complex_im_read_as, %x_complex_im_read_as" [/opt/Xilinx/Vivado/2017.4/common/technology/autopilot/hls_x_complex.h:114]   --->   Core 110 'DMul' <Latency = 4> <II = 1> <Delay = 8.56> <FuncUnit> <Opcode : 'dmul'> <InPorts = 2> <OutPorts = 1>
ST_3 : Operation 50 [4/5] (8.56ns)   --->   "%m3 = fmul double %x_complex_im_read_as, %x_complex_re_read_as" [/opt/Xilinx/Vivado/2017.4/common/technology/autopilot/hls_x_complex.h:115]   --->   Core 110 'DMul' <Latency = 4> <II = 1> <Delay = 8.56> <FuncUnit> <Opcode : 'dmul'> <InPorts = 2> <OutPorts = 1>

 <State 4> : 8.57ns
ST_4 : Operation 51 [3/5] (8.56ns)   --->   "%m1 = fmul double %x_complex_re_read_as, %x_complex_re_read_as" [/opt/Xilinx/Vivado/2017.4/common/technology/autopilot/hls_x_complex.h:113]   --->   Core 110 'DMul' <Latency = 4> <II = 1> <Delay = 8.56> <FuncUnit> <Opcode : 'dmul'> <InPorts = 2> <OutPorts = 1>
ST_4 : Operation 52 [3/5] (8.56ns)   --->   "%m2 = fmul double %x_complex_im_read_as, %x_complex_im_read_as" [/opt/Xilinx/Vivado/2017.4/common/technology/autopilot/hls_x_complex.h:114]   --->   Core 110 'DMul' <Latency = 4> <II = 1> <Delay = 8.56> <FuncUnit> <Opcode : 'dmul'> <InPorts = 2> <OutPorts = 1>
ST_4 : Operation 53 [3/5] (8.56ns)   --->   "%m3 = fmul double %x_complex_im_read_as, %x_complex_re_read_as" [/opt/Xilinx/Vivado/2017.4/common/technology/autopilot/hls_x_complex.h:115]   --->   Core 110 'DMul' <Latency = 4> <II = 1> <Delay = 8.56> <FuncUnit> <Opcode : 'dmul'> <InPorts = 2> <OutPorts = 1>

 <State 5> : 8.57ns
ST_5 : Operation 54 [2/5] (8.56ns)   --->   "%m1 = fmul double %x_complex_re_read_as, %x_complex_re_read_as" [/opt/Xilinx/Vivado/2017.4/common/technology/autopilot/hls_x_complex.h:113]   --->   Core 110 'DMul' <Latency = 4> <II = 1> <Delay = 8.56> <FuncUnit> <Opcode : 'dmul'> <InPorts = 2> <OutPorts = 1>
ST_5 : Operation 55 [2/5] (8.56ns)   --->   "%m2 = fmul double %x_complex_im_read_as, %x_complex_im_read_as" [/opt/Xilinx/Vivado/2017.4/common/technology/autopilot/hls_x_complex.h:114]   --->   Core 110 'DMul' <Latency = 4> <II = 1> <Delay = 8.56> <FuncUnit> <Opcode : 'dmul'> <InPorts = 2> <OutPorts = 1>
ST_5 : Operation 56 [2/5] (8.56ns)   --->   "%m3 = fmul double %x_complex_im_read_as, %x_complex_re_read_as" [/opt/Xilinx/Vivado/2017.4/common/technology/autopilot/hls_x_complex.h:115]   --->   Core 110 'DMul' <Latency = 4> <II = 1> <Delay = 8.56> <FuncUnit> <Opcode : 'dmul'> <InPorts = 2> <OutPorts = 1>

 <State 6> : 8.57ns
ST_6 : Operation 57 [1/5] (8.56ns)   --->   "%m1 = fmul double %x_complex_re_read_as, %x_complex_re_read_as" [/opt/Xilinx/Vivado/2017.4/common/technology/autopilot/hls_x_complex.h:113]   --->   Core 110 'DMul' <Latency = 4> <II = 1> <Delay = 8.56> <FuncUnit> <Opcode : 'dmul'> <InPorts = 2> <OutPorts = 1>
ST_6 : Operation 58 [1/5] (8.56ns)   --->   "%m2 = fmul double %x_complex_im_read_as, %x_complex_im_read_as" [/opt/Xilinx/Vivado/2017.4/common/technology/autopilot/hls_x_complex.h:114]   --->   Core 110 'DMul' <Latency = 4> <II = 1> <Delay = 8.56> <FuncUnit> <Opcode : 'dmul'> <InPorts = 2> <OutPorts = 1>
ST_6 : Operation 59 [1/5] (8.56ns)   --->   "%m3 = fmul double %x_complex_im_read_as, %x_complex_re_read_as" [/opt/Xilinx/Vivado/2017.4/common/technology/autopilot/hls_x_complex.h:115]   --->   Core 110 'DMul' <Latency = 4> <II = 1> <Delay = 8.56> <FuncUnit> <Opcode : 'dmul'> <InPorts = 2> <OutPorts = 1>

 <State 7> : 7.06ns
ST_7 : Operation 60 [5/5] (7.05ns)   --->   "%sum_re = fsub double %m1, %m2" [/opt/Xilinx/Vivado/2017.4/common/technology/autopilot/hls_x_complex.h:117]   --->   Core 109 'DAddSub' <Latency = 4> <II = 1> <Delay = 7.05> <FuncUnit> <Opcode : 'dadd' 'dsub'> <InPorts = 2> <OutPorts = 1>
ST_7 : Operation 61 [5/5] (7.05ns)   --->   "%sum_im = fadd double %m3, %m3" [/opt/Xilinx/Vivado/2017.4/common/technology/autopilot/hls_x_complex.h:118]   --->   Core 109 'DAddSub' <Latency = 4> <II = 1> <Delay = 7.05> <FuncUnit> <Opcode : 'dadd' 'dsub'> <InPorts = 2> <OutPorts = 1>

 <State 8> : 7.06ns
ST_8 : Operation 62 [4/5] (7.05ns)   --->   "%sum_re = fsub double %m1, %m2" [/opt/Xilinx/Vivado/2017.4/common/technology/autopilot/hls_x_complex.h:117]   --->   Core 109 'DAddSub' <Latency = 4> <II = 1> <Delay = 7.05> <FuncUnit> <Opcode : 'dadd' 'dsub'> <InPorts = 2> <OutPorts = 1>
ST_8 : Operation 63 [4/5] (7.05ns)   --->   "%sum_im = fadd double %m3, %m3" [/opt/Xilinx/Vivado/2017.4/common/technology/autopilot/hls_x_complex.h:118]   --->   Core 109 'DAddSub' <Latency = 4> <II = 1> <Delay = 7.05> <FuncUnit> <Opcode : 'dadd' 'dsub'> <InPorts = 2> <OutPorts = 1>

 <State 9> : 7.06ns
ST_9 : Operation 64 [3/5] (7.05ns)   --->   "%sum_re = fsub double %m1, %m2" [/opt/Xilinx/Vivado/2017.4/common/technology/autopilot/hls_x_complex.h:117]   --->   Core 109 'DAddSub' <Latency = 4> <II = 1> <Delay = 7.05> <FuncUnit> <Opcode : 'dadd' 'dsub'> <InPorts = 2> <OutPorts = 1>
ST_9 : Operation 65 [3/5] (7.05ns)   --->   "%sum_im = fadd double %m3, %m3" [/opt/Xilinx/Vivado/2017.4/common/technology/autopilot/hls_x_complex.h:118]   --->   Core 109 'DAddSub' <Latency = 4> <II = 1> <Delay = 7.05> <FuncUnit> <Opcode : 'dadd' 'dsub'> <InPorts = 2> <OutPorts = 1>

 <State 10> : 7.06ns
ST_10 : Operation 66 [2/5] (7.05ns)   --->   "%sum_re = fsub double %m1, %m2" [/opt/Xilinx/Vivado/2017.4/common/technology/autopilot/hls_x_complex.h:117]   --->   Core 109 'DAddSub' <Latency = 4> <II = 1> <Delay = 7.05> <FuncUnit> <Opcode : 'dadd' 'dsub'> <InPorts = 2> <OutPorts = 1>
ST_10 : Operation 67 [2/5] (7.05ns)   --->   "%sum_im = fadd double %m3, %m3" [/opt/Xilinx/Vivado/2017.4/common/technology/autopilot/hls_x_complex.h:118]   --->   Core 109 'DAddSub' <Latency = 4> <II = 1> <Delay = 7.05> <FuncUnit> <Opcode : 'dadd' 'dsub'> <InPorts = 2> <OutPorts = 1>

 <State 11> : 7.06ns
ST_11 : Operation 68 [1/5] (7.05ns)   --->   "%sum_re = fsub double %m1, %m2" [/opt/Xilinx/Vivado/2017.4/common/technology/autopilot/hls_x_complex.h:117]   --->   Core 109 'DAddSub' <Latency = 4> <II = 1> <Delay = 7.05> <FuncUnit> <Opcode : 'dadd' 'dsub'> <InPorts = 2> <OutPorts = 1>
ST_11 : Operation 69 [1/5] (7.05ns)   --->   "%sum_im = fadd double %m3, %m3" [/opt/Xilinx/Vivado/2017.4/common/technology/autopilot/hls_x_complex.h:118]   --->   Core 109 'DAddSub' <Latency = 4> <II = 1> <Delay = 7.05> <FuncUnit> <Opcode : 'dadd' 'dsub'> <InPorts = 2> <OutPorts = 1>

 <State 12> : 7.06ns
ST_12 : Operation 70 [5/5] (7.05ns)   --->   "%z_re_4 = fadd double %sum_re, %z_re_read" [/opt/Xilinx/Vivado/2017.4/common/technology/autopilot/hls_x_complex.h:166->/opt/Xilinx/Vivado/2017.4/common/technology/autopilot/hls_x_complex.h:170->mandelbrot/C/mandelbrot.cpp:20]   --->   Core 109 'DAddSub' <Latency = 4> <II = 1> <Delay = 7.05> <FuncUnit> <Opcode : 'dadd' 'dsub'> <InPorts = 2> <OutPorts = 1>
ST_12 : Operation 71 [5/5] (7.05ns)   --->   "%z_im_5 = fadd double %sum_im, %z_im_read" [/opt/Xilinx/Vivado/2017.4/common/technology/autopilot/hls_x_complex.h:166->/opt/Xilinx/Vivado/2017.4/common/technology/autopilot/hls_x_complex.h:170->mandelbrot/C/mandelbrot.cpp:20]   --->   Core 109 'DAddSub' <Latency = 4> <II = 1> <Delay = 7.05> <FuncUnit> <Opcode : 'dadd' 'dsub'> <InPorts = 2> <OutPorts = 1>

 <State 13> : 7.06ns
ST_13 : Operation 72 [4/5] (7.05ns)   --->   "%z_re_4 = fadd double %sum_re, %z_re_read" [/opt/Xilinx/Vivado/2017.4/common/technology/autopilot/hls_x_complex.h:166->/opt/Xilinx/Vivado/2017.4/common/technology/autopilot/hls_x_complex.h:170->mandelbrot/C/mandelbrot.cpp:20]   --->   Core 109 'DAddSub' <Latency = 4> <II = 1> <Delay = 7.05> <FuncUnit> <Opcode : 'dadd' 'dsub'> <InPorts = 2> <OutPorts = 1>
ST_13 : Operation 73 [4/5] (7.05ns)   --->   "%z_im_5 = fadd double %sum_im, %z_im_read" [/opt/Xilinx/Vivado/2017.4/common/technology/autopilot/hls_x_complex.h:166->/opt/Xilinx/Vivado/2017.4/common/technology/autopilot/hls_x_complex.h:170->mandelbrot/C/mandelbrot.cpp:20]   --->   Core 109 'DAddSub' <Latency = 4> <II = 1> <Delay = 7.05> <FuncUnit> <Opcode : 'dadd' 'dsub'> <InPorts = 2> <OutPorts = 1>

 <State 14> : 7.06ns
ST_14 : Operation 74 [3/5] (7.05ns)   --->   "%z_re_4 = fadd double %sum_re, %z_re_read" [/opt/Xilinx/Vivado/2017.4/common/technology/autopilot/hls_x_complex.h:166->/opt/Xilinx/Vivado/2017.4/common/technology/autopilot/hls_x_complex.h:170->mandelbrot/C/mandelbrot.cpp:20]   --->   Core 109 'DAddSub' <Latency = 4> <II = 1> <Delay = 7.05> <FuncUnit> <Opcode : 'dadd' 'dsub'> <InPorts = 2> <OutPorts = 1>
ST_14 : Operation 75 [3/5] (7.05ns)   --->   "%z_im_5 = fadd double %sum_im, %z_im_read" [/opt/Xilinx/Vivado/2017.4/common/technology/autopilot/hls_x_complex.h:166->/opt/Xilinx/Vivado/2017.4/common/technology/autopilot/hls_x_complex.h:170->mandelbrot/C/mandelbrot.cpp:20]   --->   Core 109 'DAddSub' <Latency = 4> <II = 1> <Delay = 7.05> <FuncUnit> <Opcode : 'dadd' 'dsub'> <InPorts = 2> <OutPorts = 1>

 <State 15> : 7.06ns
ST_15 : Operation 76 [2/5] (7.05ns)   --->   "%z_re_4 = fadd double %sum_re, %z_re_read" [/opt/Xilinx/Vivado/2017.4/common/technology/autopilot/hls_x_complex.h:166->/opt/Xilinx/Vivado/2017.4/common/technology/autopilot/hls_x_complex.h:170->mandelbrot/C/mandelbrot.cpp:20]   --->   Core 109 'DAddSub' <Latency = 4> <II = 1> <Delay = 7.05> <FuncUnit> <Opcode : 'dadd' 'dsub'> <InPorts = 2> <OutPorts = 1>
ST_15 : Operation 77 [2/5] (7.05ns)   --->   "%z_im_5 = fadd double %sum_im, %z_im_read" [/opt/Xilinx/Vivado/2017.4/common/technology/autopilot/hls_x_complex.h:166->/opt/Xilinx/Vivado/2017.4/common/technology/autopilot/hls_x_complex.h:170->mandelbrot/C/mandelbrot.cpp:20]   --->   Core 109 'DAddSub' <Latency = 4> <II = 1> <Delay = 7.05> <FuncUnit> <Opcode : 'dadd' 'dsub'> <InPorts = 2> <OutPorts = 1>

 <State 16> : 7.06ns
ST_16 : Operation 78 [1/5] (7.05ns)   --->   "%z_re_4 = fadd double %sum_re, %z_re_read" [/opt/Xilinx/Vivado/2017.4/common/technology/autopilot/hls_x_complex.h:166->/opt/Xilinx/Vivado/2017.4/common/technology/autopilot/hls_x_complex.h:170->mandelbrot/C/mandelbrot.cpp:20]   --->   Core 109 'DAddSub' <Latency = 4> <II = 1> <Delay = 7.05> <FuncUnit> <Opcode : 'dadd' 'dsub'> <InPorts = 2> <OutPorts = 1>
ST_16 : Operation 79 [1/5] (7.05ns)   --->   "%z_im_5 = fadd double %sum_im, %z_im_read" [/opt/Xilinx/Vivado/2017.4/common/technology/autopilot/hls_x_complex.h:166->/opt/Xilinx/Vivado/2017.4/common/technology/autopilot/hls_x_complex.h:170->mandelbrot/C/mandelbrot.cpp:20]   --->   Core 109 'DAddSub' <Latency = 4> <II = 1> <Delay = 7.05> <FuncUnit> <Opcode : 'dadd' 'dsub'> <InPorts = 2> <OutPorts = 1>

 <State 17> : 8.57ns
ST_17 : Operation 80 [5/5] (8.56ns)   --->   "%tmp_1 = fmul double %z_im_5, %z_im_5" [mandelbrot/C/mandelbrot.cpp:21]   --->   Core 110 'DMul' <Latency = 4> <II = 1> <Delay = 8.56> <FuncUnit> <Opcode : 'dmul'> <InPorts = 2> <OutPorts = 1>
ST_17 : Operation 81 [5/5] (8.56ns)   --->   "%tmp_2 = fmul double %z_re_4, %z_re_4" [mandelbrot/C/mandelbrot.cpp:21]   --->   Core 110 'DMul' <Latency = 4> <II = 1> <Delay = 8.56> <FuncUnit> <Opcode : 'dmul'> <InPorts = 2> <OutPorts = 1>

 <State 18> : 8.57ns
ST_18 : Operation 82 [4/5] (8.56ns)   --->   "%tmp_1 = fmul double %z_im_5, %z_im_5" [mandelbrot/C/mandelbrot.cpp:21]   --->   Core 110 'DMul' <Latency = 4> <II = 1> <Delay = 8.56> <FuncUnit> <Opcode : 'dmul'> <InPorts = 2> <OutPorts = 1>
ST_18 : Operation 83 [4/5] (8.56ns)   --->   "%tmp_2 = fmul double %z_re_4, %z_re_4" [mandelbrot/C/mandelbrot.cpp:21]   --->   Core 110 'DMul' <Latency = 4> <II = 1> <Delay = 8.56> <FuncUnit> <Opcode : 'dmul'> <InPorts = 2> <OutPorts = 1>

 <State 19> : 8.57ns
ST_19 : Operation 84 [3/5] (8.56ns)   --->   "%tmp_1 = fmul double %z_im_5, %z_im_5" [mandelbrot/C/mandelbrot.cpp:21]   --->   Core 110 'DMul' <Latency = 4> <II = 1> <Delay = 8.56> <FuncUnit> <Opcode : 'dmul'> <InPorts = 2> <OutPorts = 1>
ST_19 : Operation 85 [3/5] (8.56ns)   --->   "%tmp_2 = fmul double %z_re_4, %z_re_4" [mandelbrot/C/mandelbrot.cpp:21]   --->   Core 110 'DMul' <Latency = 4> <II = 1> <Delay = 8.56> <FuncUnit> <Opcode : 'dmul'> <InPorts = 2> <OutPorts = 1>

 <State 20> : 8.57ns
ST_20 : Operation 86 [2/5] (8.56ns)   --->   "%tmp_1 = fmul double %z_im_5, %z_im_5" [mandelbrot/C/mandelbrot.cpp:21]   --->   Core 110 'DMul' <Latency = 4> <II = 1> <Delay = 8.56> <FuncUnit> <Opcode : 'dmul'> <InPorts = 2> <OutPorts = 1>
ST_20 : Operation 87 [2/5] (8.56ns)   --->   "%tmp_2 = fmul double %z_re_4, %z_re_4" [mandelbrot/C/mandelbrot.cpp:21]   --->   Core 110 'DMul' <Latency = 4> <II = 1> <Delay = 8.56> <FuncUnit> <Opcode : 'dmul'> <InPorts = 2> <OutPorts = 1>

 <State 21> : 8.57ns
ST_21 : Operation 88 [1/5] (8.56ns)   --->   "%tmp_1 = fmul double %z_im_5, %z_im_5" [mandelbrot/C/mandelbrot.cpp:21]   --->   Core 110 'DMul' <Latency = 4> <II = 1> <Delay = 8.56> <FuncUnit> <Opcode : 'dmul'> <InPorts = 2> <OutPorts = 1>
ST_21 : Operation 89 [1/5] (8.56ns)   --->   "%tmp_2 = fmul double %z_re_4, %z_re_4" [mandelbrot/C/mandelbrot.cpp:21]   --->   Core 110 'DMul' <Latency = 4> <II = 1> <Delay = 8.56> <FuncUnit> <Opcode : 'dmul'> <InPorts = 2> <OutPorts = 1>

 <State 22> : 7.06ns
ST_22 : Operation 90 [5/5] (7.05ns)   --->   "%tmp_3 = fadd double %tmp_1, %tmp_2" [mandelbrot/C/mandelbrot.cpp:21]   --->   Core 109 'DAddSub' <Latency = 4> <II = 1> <Delay = 7.05> <FuncUnit> <Opcode : 'dadd' 'dsub'> <InPorts = 2> <OutPorts = 1>

 <State 23> : 7.06ns
ST_23 : Operation 91 [4/5] (7.05ns)   --->   "%tmp_3 = fadd double %tmp_1, %tmp_2" [mandelbrot/C/mandelbrot.cpp:21]   --->   Core 109 'DAddSub' <Latency = 4> <II = 1> <Delay = 7.05> <FuncUnit> <Opcode : 'dadd' 'dsub'> <InPorts = 2> <OutPorts = 1>

 <State 24> : 7.06ns
ST_24 : Operation 92 [3/5] (7.05ns)   --->   "%tmp_3 = fadd double %tmp_1, %tmp_2" [mandelbrot/C/mandelbrot.cpp:21]   --->   Core 109 'DAddSub' <Latency = 4> <II = 1> <Delay = 7.05> <FuncUnit> <Opcode : 'dadd' 'dsub'> <InPorts = 2> <OutPorts = 1>

 <State 25> : 7.06ns
ST_25 : Operation 93 [2/5] (7.05ns)   --->   "%tmp_3 = fadd double %tmp_1, %tmp_2" [mandelbrot/C/mandelbrot.cpp:21]   --->   Core 109 'DAddSub' <Latency = 4> <II = 1> <Delay = 7.05> <FuncUnit> <Opcode : 'dadd' 'dsub'> <InPorts = 2> <OutPorts = 1>

 <State 26> : 7.06ns
ST_26 : Operation 94 [1/5] (7.05ns)   --->   "%tmp_3 = fadd double %tmp_1, %tmp_2" [mandelbrot/C/mandelbrot.cpp:21]   --->   Core 109 'DAddSub' <Latency = 4> <II = 1> <Delay = 7.05> <FuncUnit> <Opcode : 'dadd' 'dsub'> <InPorts = 2> <OutPorts = 1>

 <State 27> : 7.32ns
ST_27 : Operation 95 [1/1] (0.00ns)   --->   "%tmp_3_to_int = bitcast double %tmp_3 to i64" [mandelbrot/C/mandelbrot.cpp:21]
ST_27 : Operation 96 [1/1] (0.00ns)   --->   "%tmp = call i11 @_ssdm_op_PartSelect.i11.i64.i32.i32(i64 %tmp_3_to_int, i32 52, i32 62)" [mandelbrot/C/mandelbrot.cpp:21]
ST_27 : Operation 97 [1/1] (0.00ns)   --->   "%tmp_4 = trunc i64 %tmp_3_to_int to i52" [mandelbrot/C/mandelbrot.cpp:21]
ST_27 : Operation 98 [1/1] (1.52ns)   --->   "%notlhs = icmp ne i11 %tmp, -1" [mandelbrot/C/mandelbrot.cpp:21]   --->   Core 25 'Cmp' <Latency = 0> <II = 1> <Delay = 2.34> <FuncUnit> <Opcode : 'icmp'> <InPorts = 2> <OutPorts = 1>
ST_27 : Operation 99 [1/1] (2.34ns)   --->   "%notrhs = icmp eq i52 %tmp_4, 0" [mandelbrot/C/mandelbrot.cpp:21]   --->   Core 25 'Cmp' <Latency = 0> <II = 1> <Delay = 2.34> <FuncUnit> <Opcode : 'icmp'> <InPorts = 2> <OutPorts = 1>
ST_27 : Operation 100 [1/1] (0.00ns) (grouped into LUT with out node tmp_6)   --->   "%tmp_7 = or i1 %notrhs, %notlhs" [mandelbrot/C/mandelbrot.cpp:21]   --->   Core 27 'LogicGate' <Latency = 0> <II = 1> <Delay = 0.57> <FuncUnit> <Opcode : 'and' 'or' 'xor'> <InPorts = 2> <OutPorts = 1>
ST_27 : Operation 101 [1/1] (5.60ns)   --->   "%tmp_8 = fcmp ole double %tmp_3, 4.000000e+00" [mandelbrot/C/mandelbrot.cpp:21]   --->   Core 114 'DCmp' <Latency = 0> <II = 1> <Delay = 5.60> <FuncUnit> <Opcode : 'dcmp'> <InPorts = 2> <OutPorts = 1>
ST_27 : Operation 102 [1/1] (0.00ns) (grouped into LUT with out node tmp_6)   --->   "%tmp_9 = and i1 %tmp_7, %tmp_8" [mandelbrot/C/mandelbrot.cpp:21]   --->   Core 27 'LogicGate' <Latency = 0> <II = 1> <Delay = 0.57> <FuncUnit> <Opcode : 'and' 'or' 'xor'> <InPorts = 2> <OutPorts = 1>
ST_27 : Operation 103 [1/1] (0.00ns) (grouped into LUT with out node tmp_6)   --->   "%tmp_5 = zext i1 %tmp_9 to i8" [mandelbrot/C/mandelbrot.cpp:21]
ST_27 : Operation 104 [1/1] (1.71ns) (out node of the LUT)   --->   "%tmp_6 = add i8 %tmp_5, %mandelbrot_double_d" [mandelbrot/C/mandelbrot.cpp:22]   --->   Core 14 'AddSub' <Latency = 0> <II = 1> <Delay = 1.71> <FuncUnit> <Opcode : 'add' 'sub'> <InPorts = 2> <OutPorts = 1>
ST_27 : Operation 105 [1/1] (0.00ns)   --->   "br label %1" [mandelbrot/C/mandelbrot.cpp:19]


============================================================
+ Verbose Summary: Binding
============================================================
STG Binding: 
---------------- STG Properties BEGIN ----------------
- Is combinational: 0
- Is one-state seq: 0
- Is datapath-only: 0
- Is pipelined: 0
- Is top level: 1
Port [ Return ] is wired: 1; IO mode=ap_ctrl_hs:ce=0
Port [ z_re]:  wired=1; compound=0; hidden=0; nouse=0; global=0; static=0; extern=0; dir=0; type=0; pingpong=0; private_global=0; IO mode=ap_none:ce=0
Port [ z_im]:  wired=1; compound=0; hidden=0; nouse=0; global=0; static=0; extern=0; dir=0; type=0; pingpong=0; private_global=0; IO mode=ap_none:ce=0
Port [ outp]:  wired=1; compound=0; hidden=0; nouse=0; global=0; static=0; extern=0; dir=1; type=0; pingpong=0; private_global=0; IO mode=ap_vld:ce=0
---------------- STG Properties END ------------------

---------------- Datapath Model BEGIN ----------------

<LifeTime>
<method=bitvector/>
StgValue_28          (specbitsmap      ) [ 0000000000000000000000000000]
StgValue_29          (specbitsmap      ) [ 0000000000000000000000000000]
StgValue_30          (specbitsmap      ) [ 0000000000000000000000000000]
StgValue_31          (spectopmodule    ) [ 0000000000000000000000000000]
z_im_read            (read             ) [ 0111111111111111111111111111]
z_re_read            (read             ) [ 0111111111111111111111111111]
StgValue_34          (br               ) [ 0111111111111111111111111111]
x_complex_re_read_as (phi              ) [ 0011111000000000000000000000]
x_complex_im_read_as (phi              ) [ 0011111000000000000000000000]
mandelbrot_double_d  (phi              ) [ 0011111111111111111111111111]
i                    (phi              ) [ 0010000000000000000000000000]
exitcond             (icmp             ) [ 0011111111111111111111111111]
empty                (speclooptripcount) [ 0000000000000000000000000000]
i_1                  (add              ) [ 0111111111111111111111111111]
StgValue_42          (br               ) [ 0000000000000000000000000000]
StgValue_46          (write            ) [ 0000000000000000000000000000]
StgValue_47          (ret              ) [ 0000000000000000000000000000]
m1                   (dmul             ) [ 0000000111110000000000000000]
m2                   (dmul             ) [ 0000000111110000000000000000]
m3                   (dmul             ) [ 0000000111110000000000000000]
sum_re               (dsub             ) [ 0000000000001111100000000000]
sum_im               (dadd             ) [ 0000000000001111100000000000]
z_re_4               (dadd             ) [ 0110000000000000011111111111]
z_im_5               (dadd             ) [ 0110000000000000011111111111]
tmp_1                (dmul             ) [ 0000000000000000000000111110]
tmp_2                (dmul             ) [ 0000000000000000000000111110]
tmp_3                (dadd             ) [ 0000000000000000000000000001]
tmp_3_to_int         (bitcast          ) [ 0000000000000000000000000000]
tmp                  (partselect       ) [ 0000000000000000000000000000]
tmp_4                (trunc            ) [ 0000000000000000000000000000]
notlhs               (icmp             ) [ 0000000000000000000000000000]
notrhs               (icmp             ) [ 0000000000000000000000000000]
tmp_7                (or               ) [ 0000000000000000000000000000]
tmp_8                (dcmp             ) [ 0000000000000000000000000000]
tmp_9                (and              ) [ 0000000000000000000000000000]
tmp_5                (zext             ) [ 0000000000000000000000000000]
tmp_6                (add              ) [ 0111111111111111111111111111]
StgValue_105         (br               ) [ 0111111111111111111111111111]
</LifeTime>

<model>

<comp_list>
<comp id="0" class="1000" name="z_re">
<pin_list>
<pin id="1" dir="1" index="0" bw="1" slack="0"/>
</pin_list>
<bind>
<StgValue><ssdm name="z_re"/></StgValue>
</bind>
</comp>

<comp id="2" class="1000" name="z_im">
<pin_list>
<pin id="3" dir="1" index="0" bw="1" slack="0"/>
</pin_list>
<bind>
<StgValue><ssdm name="z_im"/></StgValue>
</bind>
</comp>

<comp id="4" class="1000" name="outp">
<pin_list>
<pin id="5" dir="1" index="0" bw="1" slack="0"/>
</pin_list>
<bind>
<StgValue><ssdm name="outp"/></StgValue>
</bind>
</comp>

<comp id="6" class="1001" name="const_6">
<pin_list>
<pin id="7" dir="1" index="0" bw="1" slack="2147483647"/>
</pin_list>
<bind>
<StgValue><ssdm name="_ssdm_op_SpecBitsMap"/></StgValue>
</bind>
</comp>

<comp id="8" class="1001" name="const_8">
<pin_list>
<pin id="9" dir="1" index="0" bw="1" slack="2147483647"/>
</pin_list>
<bind>
<StgValue><ssdm name="_ssdm_op_SpecTopModule"/></StgValue>
</bind>
</comp>

<comp id="10" class="1001" name="const_10">
<pin_list>
<pin id="11" dir="1" index="0" bw="1" slack="2147483647"/>
</pin_list>
<bind>
<StgValue><ssdm name="mandelbrot_str"/></StgValue>
</bind>
</comp>

<comp id="12" class="1001" name="const_12">
<pin_list>
<pin id="13" dir="1" index="0" bw="1" slack="0"/>
</pin_list>
<bind>
<StgValue><ssdm name="_ssdm_op_Read.ap_auto.double"/></StgValue>
</bind>
</comp>

<comp id="14" class="1001" name="const_14">
<pin_list>
<pin id="15" dir="1" index="0" bw="1" slack="1"/>
</pin_list>
<bind>
<StgValue><ssdm name=""/></StgValue>
</bind>
</comp>

<comp id="16" class="1001" name="const_16">
<pin_list>
<pin id="17" dir="1" index="0" bw="1" slack="1"/>
</pin_list>
<bind>
<StgValue><ssdm name=""/></StgValue>
</bind>
</comp>

<comp id="18" class="1001" name="const_18">
<pin_list>
<pin id="19" dir="1" index="0" bw="1" slack="0"/>
</pin_list>
<bind>
<StgValue><ssdm name=""/></StgValue>
</bind>
</comp>

<comp id="20" class="1001" name="const_20">
<pin_list>
<pin id="21" dir="1" index="0" bw="1" slack="2147483647"/>
</pin_list>
<bind>
<StgValue><ssdm name="_ssdm_op_SpecLoopTripCount"/></StgValue>
</bind>
</comp>

<comp id="22" class="1001" name="const_22">
<pin_list>
<pin id="23" dir="1" index="0" bw="1" slack="2147483647"/>
</pin_list>
<bind>
<StgValue><ssdm name=""/></StgValue>
</bind>
</comp>

<comp id="24" class="1001" name="const_24">
<pin_list>
<pin id="25" dir="1" index="0" bw="1" slack="0"/>
</pin_list>
<bind>
<StgValue><ssdm name=""/></StgValue>
</bind>
</comp>

<comp id="26" class="1001" name="const_26">
<pin_list>
<pin id="27" dir="1" index="0" bw="1" slack="0"/>
</pin_list>
<bind>
<StgValue><ssdm name="_ssdm_op_Write.ap_auto.i8P"/></StgValue>
</bind>
</comp>

<comp id="28" class="1001" name="const_28">
<pin_list>
<pin id="29" dir="1" index="0" bw="1" slack="0"/>
</pin_list>
<bind>
<StgValue><ssdm name="_ssdm_op_PartSelect.i11.i64.i32.i32"/></StgValue>
</bind>
</comp>

<comp id="30" class="1001" name="const_30">
<pin_list>
<pin id="31" dir="1" index="0" bw="1" slack="0"/>
</pin_list>
<bind>
<StgValue><ssdm name=""/></StgValue>
</bind>
</comp>

<comp id="32" class="1001" name="const_32">
<pin_list>
<pin id="33" dir="1" index="0" bw="1" slack="0"/>
</pin_list>
<bind>
<StgValue><ssdm name=""/></StgValue>
</bind>
</comp>

<comp id="34" class="1001" name="const_34">
<pin_list>
<pin id="35" dir="1" index="0" bw="1" slack="0"/>
</pin_list>
<bind>
<StgValue><ssdm name=""/></StgValue>
</bind>
</comp>

<comp id="36" class="1001" name="const_36">
<pin_list>
<pin id="37" dir="1" index="0" bw="1" slack="0"/>
</pin_list>
<bind>
<StgValue><ssdm name=""/></StgValue>
</bind>
</comp>

<comp id="38" class="1001" name="const_38">
<pin_list>
<pin id="39" dir="1" index="0" bw="1" slack="0"/>
</pin_list>
<bind>
<StgValue><ssdm name=""/></StgValue>
</bind>
</comp>

<comp id="40" class="1004" name="z_im_read_read_fu_40">
<pin_list>
<pin id="41" dir="0" index="0" bw="64" slack="0"/>
<pin id="42" dir="0" index="1" bw="64" slack="0"/>
<pin id="43" dir="1" index="2" bw="64" slack="1"/>
</pin_list>
<bind>
<opcode="read(1150) " fcode="read"/>
<opset="z_im_read/1 "/>
</bind>
</comp>

<comp id="46" class="1004" name="z_re_read_read_fu_46">
<pin_list>
<pin id="47" dir="0" index="0" bw="64" slack="0"/>
<pin id="48" dir="0" index="1" bw="64" slack="0"/>
<pin id="49" dir="1" index="2" bw="64" slack="1"/>
</pin_list>
<bind>
<opcode="read(1150) " fcode="read"/>
<opset="z_re_read/1 "/>
</bind>
</comp>

<comp id="52" class="1004" name="StgValue_46_write_fu_52">
<pin_list>
<pin id="53" dir="0" index="0" bw="0" slack="0"/>
<pin id="54" dir="0" index="1" bw="8" slack="0"/>
<pin id="55" dir="0" index="2" bw="8" slack="0"/>
<pin id="56" dir="1" index="3" bw="0" slack="2147483647"/>
</pin_list>
<bind>
<opcode="write(1151) " fcode="write"/>
<opset="StgValue_46/2 "/>
</bind>
</comp>

<comp id="59" class="1005" name="x_complex_re_read_as_reg_59">
<pin_list>
<pin id="60" dir="0" index="0" bw="64" slack="1"/>
<pin id="61" dir="1" index="1" bw="64" slack="2147483647"/>
</pin_list>
<bind>
<opset="x_complex_re_read_as (phireg) "/>
</bind>
</comp>

<comp id="62" class="1004" name="x_complex_re_read_as_phi_fu_62">
<pin_list>
<pin id="63" dir="0" index="0" bw="64" slack="1"/>
<pin id="64" dir="0" index="1" bw="0" slack="2147483647"/>
<pin id="65" dir="0" index="2" bw="64" slack="1"/>
<pin id="66" dir="0" index="3" bw="0" slack="2147483647"/>
<pin id="67" dir="1" index="4" bw="64" slack="0"/>
</pin_list>
<bind>
<opcode="phi(47) " fcode="phi"/>
<opset="x_complex_re_read_as/2 "/>
</bind>
</comp>

<comp id="69" class="1005" name="x_complex_im_read_as_reg_69">
<pin_list>
<pin id="70" dir="0" index="0" bw="64" slack="1"/>
<pin id="71" dir="1" index="1" bw="64" slack="2147483647"/>
</pin_list>
<bind>
<opset="x_complex_im_read_as (phireg) "/>
</bind>
</comp>

<comp id="72" class="1004" name="x_complex_im_read_as_phi_fu_72">
<pin_list>
<pin id="73" dir="0" index="0" bw="64" slack="1"/>
<pin id="74" dir="0" index="1" bw="0" slack="2147483647"/>
<pin id="75" dir="0" index="2" bw="64" slack="1"/>
<pin id="76" dir="0" index="3" bw="0" slack="2147483647"/>
<pin id="77" dir="1" index="4" bw="64" slack="0"/>
</pin_list>
<bind>
<opcode="phi(47) " fcode="phi"/>
<opset="x_complex_im_read_as/2 "/>
</bind>
</comp>

<comp id="79" class="1005" name="mandelbrot_double_d_reg_79">
<pin_list>
<pin id="80" dir="0" index="0" bw="8" slack="1"/>
<pin id="81" dir="1" index="1" bw="8" slack="1"/>
</pin_list>
<bind>
<opset="mandelbrot_double_d (phireg) "/>
</bind>
</comp>

<comp id="83" class="1004" name="mandelbrot_double_d_phi_fu_83">
<pin_list>
<pin id="84" dir="0" index="0" bw="1" slack="1"/>
<pin id="85" dir="0" index="1" bw="0" slack="2147483647"/>
<pin id="86" dir="0" index="2" bw="8" slack="1"/>
<pin id="87" dir="0" index="3" bw="0" slack="2147483647"/>
<pin id="88" dir="1" index="4" bw="8" slack="0"/>
</pin_list>
<bind>
<opcode="phi(47) " fcode="phi"/>
<opset="mandelbrot_double_d/2 "/>
</bind>
</comp>

<comp id="92" class="1005" name="i_reg_92">
<pin_list>
<pin id="93" dir="0" index="0" bw="9" slack="1"/>
<pin id="94" dir="1" index="1" bw="9" slack="1"/>
</pin_list>
<bind>
<opset="i (phireg) "/>
</bind>
</comp>

<comp id="96" class="1004" name="i_phi_fu_96">
<pin_list>
<pin id="97" dir="0" index="0" bw="1" slack="1"/>
<pin id="98" dir="0" index="1" bw="0" slack="2147483647"/>
<pin id="99" dir="0" index="2" bw="9" slack="0"/>
<pin id="100" dir="0" index="3" bw="0" slack="2147483647"/>
<pin id="101" dir="1" index="4" bw="9" slack="0"/>
</pin_list>
<bind>
<opcode="phi(47) " fcode="phi"/>
<opset="i/2 "/>
</bind>
</comp>

<comp id="103" class="1004" name="grp_fu_103">
<pin_list>
<pin id="104" dir="0" index="0" bw="64" slack="1"/>
<pin id="105" dir="0" index="1" bw="64" slack="1"/>
<pin id="106" dir="1" index="2" bw="64" slack="1"/>
</pin_list>
<bind>
<opcode="dadd(508) dsub(509) " fcode="dadd"/>
<opset="sum_re/7 z_re_4/12 tmp_3/22 "/>
</bind>
</comp>

<comp id="107" class="1004" name="grp_fu_107">
<pin_list>
<pin id="108" dir="0" index="0" bw="64" slack="1"/>
<pin id="109" dir="0" index="1" bw="64" slack="1"/>
<pin id="110" dir="1" index="2" bw="64" slack="1"/>
</pin_list>
<bind>
<opcode="dadd(508) " fcode="dadd"/>
<opset="sum_im/7 z_im_5/12 "/>
</bind>
</comp>

<comp id="111" class="1004" name="grp_fu_111">
<pin_list>
<pin id="112" dir="0" index="0" bw="64" slack="0"/>
<pin id="113" dir="0" index="1" bw="64" slack="0"/>
<pin id="114" dir="1" index="2" bw="64" slack="1"/>
</pin_list>
<bind>
<opcode="dmul(510) " fcode="dmul"/>
<opset="m1/2 tmp_1/17 "/>
</bind>
</comp>

<comp id="117" class="1004" name="grp_fu_117">
<pin_list>
<pin id="118" dir="0" index="0" bw="64" slack="0"/>
<pin id="119" dir="0" index="1" bw="64" slack="0"/>
<pin id="120" dir="1" index="2" bw="64" slack="1"/>
</pin_list>
<bind>
<opcode="dmul(510) " fcode="dmul"/>
<opset="m2/2 tmp_2/17 "/>
</bind>
</comp>

<comp id="123" class="1004" name="grp_fu_123">
<pin_list>
<pin id="124" dir="0" index="0" bw="64" slack="0"/>
<pin id="125" dir="0" index="1" bw="64" slack="0"/>
<pin id="126" dir="1" index="2" bw="64" slack="1"/>
</pin_list>
<bind>
<opcode="dmul(510) " fcode="dmul"/>
<opset="m3/2 "/>
</bind>
</comp>

<comp id="129" class="1004" name="tmp_8_fu_129">
<pin_list>
<pin id="130" dir="0" index="0" bw="64" slack="1"/>
<pin id="131" dir="0" index="1" bw="64" slack="0"/>
<pin id="132" dir="1" index="2" bw="1" slack="0"/>
</pin_list>
<bind>
<opcode="dcmp(513) " fcode="dcmp"/>
<opset="tmp_8/27 "/>
</bind>
</comp>

<comp id="134" class="1005" name="reg_134">
<pin_list>
<pin id="135" dir="0" index="0" bw="64" slack="1"/>
<pin id="136" dir="1" index="1" bw="64" slack="1"/>
</pin_list>
<bind>
<opset="m1 tmp_1 "/>
</bind>
</comp>

<comp id="139" class="1005" name="reg_139">
<pin_list>
<pin id="140" dir="0" index="0" bw="64" slack="1"/>
<pin id="141" dir="1" index="1" bw="64" slack="1"/>
</pin_list>
<bind>
<opset="m2 tmp_2 "/>
</bind>
</comp>

<comp id="144" class="1005" name="reg_144">
<pin_list>
<pin id="145" dir="0" index="0" bw="64" slack="1"/>
<pin id="146" dir="1" index="1" bw="64" slack="1"/>
</pin_list>
<bind>
<opset="sum_re z_re_4 "/>
</bind>
</comp>

<comp id="152" class="1005" name="reg_152">
<pin_list>
<pin id="153" dir="0" index="0" bw="64" slack="1"/>
<pin id="154" dir="1" index="1" bw="64" slack="1"/>
</pin_list>
<bind>
<opset="sum_im z_im_5 "/>
</bind>
</comp>

<comp id="160" class="1004" name="exitcond_fu_160">
<pin_list>
<pin id="161" dir="0" index="0" bw="9" slack="0"/>
<pin id="162" dir="0" index="1" bw="9" slack="0"/>
<pin id="163" dir="1" index="2" bw="1" slack="2147483647"/>
</pin_list>
<bind>
<opcode="icmp(45) " fcode="icmp"/>
<opset="exitcond/2 "/>
</bind>
</comp>

<comp id="166" class="1004" name="i_1_fu_166">
<pin_list>
<pin id="167" dir="0" index="0" bw="9" slack="0"/>
<pin id="168" dir="0" index="1" bw="1" slack="0"/>
<pin id="169" dir="1" index="2" bw="9" slack="0"/>
</pin_list>
<bind>
<opcode="add(8) " fcode="add"/>
<opset="i_1/2 "/>
</bind>
</comp>

<comp id="172" class="1004" name="tmp_3_to_int_fu_172">
<pin_list>
<pin id="173" dir="0" index="0" bw="64" slack="1"/>
<pin id="174" dir="1" index="1" bw="64" slack="0"/>
</pin_list>
<bind>
<opcode="bitcast(44) " fcode="bitcast"/>
<opset="tmp_3_to_int/27 "/>
</bind>
</comp>

<comp id="175" class="1004" name="tmp_fu_175">
<pin_list>
<pin id="176" dir="0" index="0" bw="11" slack="0"/>
<pin id="177" dir="0" index="1" bw="64" slack="0"/>
<pin id="178" dir="0" index="2" bw="7" slack="0"/>
<pin id="179" dir="0" index="3" bw="7" slack="0"/>
<pin id="180" dir="1" index="4" bw="11" slack="0"/>
</pin_list>
<bind>
<opcode="partselect(1002) " fcode="partselect"/>
<opset="tmp/27 "/>
</bind>
</comp>

<comp id="185" class="1004" name="tmp_4_fu_185">
<pin_list>
<pin id="186" dir="0" index="0" bw="64" slack="0"/>
<pin id="187" dir="1" index="1" bw="52" slack="0"/>
</pin_list>
<bind>
<opcode="trunc(33) " fcode="trunc"/>
<opset="tmp_4/27 "/>
</bind>
</comp>

<comp id="189" class="1004" name="notlhs_fu_189">
<pin_list>
<pin id="190" dir="0" index="0" bw="11" slack="0"/>
<pin id="191" dir="0" index="1" bw="1" slack="0"/>
<pin id="192" dir="1" index="2" bw="1" slack="0"/>
</pin_list>
<bind>
<opcode="icmp(45) " fcode="icmp"/>
<opset="notlhs/27 "/>
</bind>
</comp>

<comp id="195" class="1004" name="notrhs_fu_195">
<pin_list>
<pin id="196" dir="0" index="0" bw="52" slack="0"/>
<pin id="197" dir="0" index="1" bw="1" slack="0"/>
<pin id="198" dir="1" index="2" bw="1" slack="0"/>
</pin_list>
<bind>
<opcode="icmp(45) " fcode="icmp"/>
<opset="notrhs/27 "/>
</bind>
</comp>

<comp id="201" class="1004" name="tmp_7_fu_201">
<pin_list>
<pin id="202" dir="0" index="0" bw="1" slack="0"/>
<pin id="203" dir="0" index="1" bw="1" slack="0"/>
<pin id="204" dir="1" index="2" bw="1" slack="0"/>
</pin_list>
<bind>
<opcode="or(24) " fcode="or"/>
<opset="tmp_7/27 "/>
</bind>
</comp>

<comp id="207" class="1004" name="tmp_9_fu_207">
<pin_list>
<pin id="208" dir="0" index="0" bw="1" slack="0"/>
<pin id="209" dir="0" index="1" bw="1" slack="0"/>
<pin id="210" dir="1" index="2" bw="1" slack="0"/>
</pin_list>
<bind>
<opcode="and(23) " fcode="and"/>
<opset="tmp_9/27 "/>
</bind>
</comp>

<comp id="213" class="1004" name="tmp_5_fu_213">
<pin_list>
<pin id="214" dir="0" index="0" bw="1" slack="0"/>
<pin id="215" dir="1" index="1" bw="8" slack="0"/>
</pin_list>
<bind>
<opcode="zext(34) " fcode="zext"/>
<opset="tmp_5/27 "/>
</bind>
</comp>

<comp id="217" class="1004" name="tmp_6_fu_217">
<pin_list>
<pin id="218" dir="0" index="0" bw="1" slack="0"/>
<pin id="219" dir="0" index="1" bw="8" slack="25"/>
<pin id="220" dir="1" index="2" bw="8" slack="1"/>
</pin_list>
<bind>
<opcode="add(8) " fcode="add"/>
<opset="tmp_6/27 "/>
</bind>
</comp>

<comp id="223" class="1005" name="z_im_read_reg_223">
<pin_list>
<pin id="224" dir="0" index="0" bw="64" slack="1"/>
<pin id="225" dir="1" index="1" bw="64" slack="1"/>
</pin_list>
<bind>
<opset="z_im_read "/>
</bind>
</comp>

<comp id="229" class="1005" name="z_re_read_reg_229">
<pin_list>
<pin id="230" dir="0" index="0" bw="64" slack="1"/>
<pin id="231" dir="1" index="1" bw="64" slack="1"/>
</pin_list>
<bind>
<opset="z_re_read "/>
</bind>
</comp>

<comp id="238" class="1005" name="i_1_reg_238">
<pin_list>
<pin id="239" dir="0" index="0" bw="9" slack="0"/>
<pin id="240" dir="1" index="1" bw="9" slack="0"/>
</pin_list>
<bind>
<opset="i_1 "/>
</bind>
</comp>

<comp id="243" class="1005" name="m3_reg_243">
<pin_list>
<pin id="244" dir="0" index="0" bw="64" slack="1"/>
<pin id="245" dir="1" index="1" bw="64" slack="1"/>
</pin_list>
<bind>
<opset="m3 "/>
</bind>
</comp>

<comp id="249" class="1005" name="tmp_3_reg_249">
<pin_list>
<pin id="250" dir="0" index="0" bw="64" slack="1"/>
<pin id="251" dir="1" index="1" bw="64" slack="1"/>
</pin_list>
<bind>
<opset="tmp_3 "/>
</bind>
</comp>

<comp id="255" class="1005" name="tmp_6_reg_255">
<pin_list>
<pin id="256" dir="0" index="0" bw="8" slack="1"/>
<pin id="257" dir="1" index="1" bw="8" slack="1"/>
</pin_list>
<bind>
<opset="tmp_6 "/>
</bind>
</comp>

</comp_list>

<net_list>
<net id="44"><net_src comp="12" pin="0"/><net_sink comp="40" pin=0"/></net>

<net id="45"><net_src comp="2" pin="0"/><net_sink comp="40" pin=1"/></net>

<net id="50"><net_src comp="12" pin="0"/><net_sink comp="46" pin=0"/></net>

<net id="51"><net_src comp="0" pin="0"/><net_sink comp="46" pin=1"/></net>

<net id="57"><net_src comp="26" pin="0"/><net_sink comp="52" pin=0"/></net>

<net id="58"><net_src comp="4" pin="0"/><net_sink comp="52" pin=1"/></net>

<net id="68"><net_src comp="62" pin="4"/><net_sink comp="59" pin=0"/></net>

<net id="78"><net_src comp="72" pin="4"/><net_sink comp="69" pin=0"/></net>

<net id="82"><net_src comp="14" pin="0"/><net_sink comp="79" pin=0"/></net>

<net id="89"><net_src comp="79" pin="1"/><net_sink comp="83" pin=0"/></net>

<net id="90"><net_src comp="83" pin="4"/><net_sink comp="52" pin=2"/></net>

<net id="91"><net_src comp="83" pin="4"/><net_sink comp="79" pin=0"/></net>

<net id="95"><net_src comp="16" pin="0"/><net_sink comp="92" pin=0"/></net>

<net id="102"><net_src comp="92" pin="1"/><net_sink comp="96" pin=0"/></net>

<net id="115"><net_src comp="62" pin="4"/><net_sink comp="111" pin=0"/></net>

<net id="116"><net_src comp="62" pin="4"/><net_sink comp="111" pin=1"/></net>

<net id="121"><net_src comp="72" pin="4"/><net_sink comp="117" pin=0"/></net>

<net id="122"><net_src comp="72" pin="4"/><net_sink comp="117" pin=1"/></net>

<net id="127"><net_src comp="72" pin="4"/><net_sink comp="123" pin=0"/></net>

<net id="128"><net_src comp="62" pin="4"/><net_sink comp="123" pin=1"/></net>

<net id="133"><net_src comp="38" pin="0"/><net_sink comp="129" pin=1"/></net>

<net id="137"><net_src comp="111" pin="2"/><net_sink comp="134" pin=0"/></net>

<net id="138"><net_src comp="134" pin="1"/><net_sink comp="103" pin=0"/></net>

<net id="142"><net_src comp="117" pin="2"/><net_sink comp="139" pin=0"/></net>

<net id="143"><net_src comp="139" pin="1"/><net_sink comp="103" pin=1"/></net>

<net id="147"><net_src comp="103" pin="2"/><net_sink comp="144" pin=0"/></net>

<net id="148"><net_src comp="144" pin="1"/><net_sink comp="103" pin=0"/></net>

<net id="149"><net_src comp="144" pin="1"/><net_sink comp="62" pin=2"/></net>

<net id="150"><net_src comp="144" pin="1"/><net_sink comp="117" pin=0"/></net>

<net id="151"><net_src comp="144" pin="1"/><net_sink comp="117" pin=1"/></net>

<net id="155"><net_src comp="107" pin="2"/><net_sink comp="152" pin=0"/></net>

<net id="156"><net_src comp="152" pin="1"/><net_sink comp="107" pin=0"/></net>

<net id="157"><net_src comp="152" pin="1"/><net_sink comp="72" pin=2"/></net>

<net id="158"><net_src comp="152" pin="1"/><net_sink comp="111" pin=0"/></net>

<net id="159"><net_src comp="152" pin="1"/><net_sink comp="111" pin=1"/></net>

<net id="164"><net_src comp="96" pin="4"/><net_sink comp="160" pin=0"/></net>

<net id="165"><net_src comp="18" pin="0"/><net_sink comp="160" pin=1"/></net>

<net id="170"><net_src comp="96" pin="4"/><net_sink comp="166" pin=0"/></net>

<net id="171"><net_src comp="24" pin="0"/><net_sink comp="166" pin=1"/></net>

<net id="181"><net_src comp="28" pin="0"/><net_sink comp="175" pin=0"/></net>

<net id="182"><net_src comp="172" pin="1"/><net_sink comp="175" pin=1"/></net>

<net id="183"><net_src comp="30" pin="0"/><net_sink comp="175" pin=2"/></net>

<net id="184"><net_src comp="32" pin="0"/><net_sink comp="175" pin=3"/></net>

<net id="188"><net_src comp="172" pin="1"/><net_sink comp="185" pin=0"/></net>

<net id="193"><net_src comp="175" pin="4"/><net_sink comp="189" pin=0"/></net>

<net id="194"><net_src comp="34" pin="0"/><net_sink comp="189" pin=1"/></net>

<net id="199"><net_src comp="185" pin="1"/><net_sink comp="195" pin=0"/></net>

<net id="200"><net_src comp="36" pin="0"/><net_sink comp="195" pin=1"/></net>

<net id="205"><net_src comp="195" pin="2"/><net_sink comp="201" pin=0"/></net>

<net id="206"><net_src comp="189" pin="2"/><net_sink comp="201" pin=1"/></net>

<net id="211"><net_src comp="201" pin="2"/><net_sink comp="207" pin=0"/></net>

<net id="212"><net_src comp="129" pin="2"/><net_sink comp="207" pin=1"/></net>

<net id="216"><net_src comp="207" pin="2"/><net_sink comp="213" pin=0"/></net>

<net id="221"><net_src comp="213" pin="1"/><net_sink comp="217" pin=0"/></net>

<net id="222"><net_src comp="79" pin="1"/><net_sink comp="217" pin=1"/></net>

<net id="226"><net_src comp="40" pin="2"/><net_sink comp="223" pin=0"/></net>

<net id="227"><net_src comp="223" pin="1"/><net_sink comp="72" pin=0"/></net>

<net id="228"><net_src comp="223" pin="1"/><net_sink comp="107" pin=1"/></net>

<net id="232"><net_src comp="46" pin="2"/><net_sink comp="229" pin=0"/></net>

<net id="233"><net_src comp="229" pin="1"/><net_sink comp="62" pin=0"/></net>

<net id="234"><net_src comp="229" pin="1"/><net_sink comp="103" pin=1"/></net>

<net id="241"><net_src comp="166" pin="2"/><net_sink comp="238" pin=0"/></net>

<net id="242"><net_src comp="238" pin="1"/><net_sink comp="96" pin=2"/></net>

<net id="246"><net_src comp="123" pin="2"/><net_sink comp="243" pin=0"/></net>

<net id="247"><net_src comp="243" pin="1"/><net_sink comp="107" pin=0"/></net>

<net id="248"><net_src comp="243" pin="1"/><net_sink comp="107" pin=1"/></net>

<net id="252"><net_src comp="103" pin="2"/><net_sink comp="249" pin=0"/></net>

<net id="253"><net_src comp="249" pin="1"/><net_sink comp="172" pin=0"/></net>

<net id="254"><net_src comp="249" pin="1"/><net_sink comp="129" pin=0"/></net>

<net id="258"><net_src comp="217" pin="2"/><net_sink comp="255" pin=0"/></net>

<net id="259"><net_src comp="255" pin="1"/><net_sink comp="83" pin=2"/></net>

</net_list>

</model> 
---------------- Datapath Model END ------------------

* FSMD analyzer results:
  - Output states:
	Port: outp | {2 }
 - Input state : 
	Port: mandelbrot : z_re | {1 }
	Port: mandelbrot : z_im | {1 }
  - Chain level:
	State 1
	State 2
		exitcond : 1
		i_1 : 1
		StgValue_42 : 2
		m1 : 1
		m2 : 1
		m3 : 1
		StgValue_46 : 1
	State 3
	State 4
	State 5
	State 6
	State 7
	State 8
	State 9
	State 10
	State 11
	State 12
	State 13
	State 14
	State 15
	State 16
	State 17
	State 18
	State 19
	State 20
	State 21
	State 22
	State 23
	State 24
	State 25
	State 26
	State 27
		tmp : 1
		tmp_4 : 1
		notlhs : 2
		notrhs : 2
		tmp_7 : 3
		tmp_9 : 3
		tmp_5 : 3
		tmp_6 : 4


============================================================
+ Verbose Summary: Datapath Resource usage 
============================================================

* Functional unit list:
|----------|-------------------------|---------|---------|---------|
| Operation|     Functional Unit     |  DSP48E |    FF   |   LUT   |
|----------|-------------------------|---------|---------|---------|
|   dadd   |        grp_fu_103       |    3    |   445   |   788   |
|          |        grp_fu_107       |    3    |   445   |   788   |
|----------|-------------------------|---------|---------|---------|
|          |        grp_fu_111       |    11   |   299   |   204   |
|   dmul   |        grp_fu_117       |    11   |   299   |   204   |
|          |        grp_fu_123       |    11   |   299   |   204   |
|----------|-------------------------|---------|---------|---------|
|   dcmp   |       tmp_8_fu_129      |    0    |   130   |   130   |
|----------|-------------------------|---------|---------|---------|
|          |     exitcond_fu_160     |    0    |    0    |    13   |
|   icmp   |      notlhs_fu_189      |    0    |    0    |    13   |
|          |      notrhs_fu_195      |    0    |    0    |    29   |
|----------|-------------------------|---------|---------|---------|
|    add   |        i_1_fu_166       |    0    |    0    |    16   |
|          |       tmp_6_fu_217      |    0    |    0    |    15   |
|----------|-------------------------|---------|---------|---------|
|    or    |       tmp_7_fu_201      |    0    |    0    |    8    |
|----------|-------------------------|---------|---------|---------|
|    and   |       tmp_9_fu_207      |    0    |    0    |    8    |
|----------|-------------------------|---------|---------|---------|
|   read   |   z_im_read_read_fu_40  |    0    |    0    |    0    |
|          |   z_re_read_read_fu_46  |    0    |    0    |    0    |
|----------|-------------------------|---------|---------|---------|
|   write  | StgValue_46_write_fu_52 |    0    |    0    |    0    |
|----------|-------------------------|---------|---------|---------|
|partselect|        tmp_fu_175       |    0    |    0    |    0    |
|----------|-------------------------|---------|---------|---------|
|   trunc  |       tmp_4_fu_185      |    0    |    0    |    0    |
|----------|-------------------------|---------|---------|---------|
|   zext   |       tmp_5_fu_213      |    0    |    0    |    0    |
|----------|-------------------------|---------|---------|---------|
|   Total  |                         |    39   |   1917  |   2420  |
|----------|-------------------------|---------|---------|---------|

Memories:
N/A

* Register list:
+---------------------------+--------+
|                           |   FF   |
+---------------------------+--------+
|        i_1_reg_238        |    9   |
|          i_reg_92         |    9   |
|         m3_reg_243        |   64   |
| mandelbrot_double_d_reg_79|    8   |
|          reg_134          |   64   |
|          reg_139          |   64   |
|          reg_144          |   64   |
|          reg_152          |   64   |
|       tmp_3_reg_249       |   64   |
|       tmp_6_reg_255       |    8   |
|x_complex_im_read_as_reg_69|   64   |
|x_complex_re_read_as_reg_59|   64   |
|     z_im_read_reg_223     |   64   |
|     z_re_read_reg_229     |   64   |
+---------------------------+--------+
|           Total           |   674  |
+---------------------------+--------+

* Multiplexer (MUX) list: 
|----------------------------|------|------|------|--------||---------||---------|
|            Comp            |  Pin | Size |  BW  | S x BW ||  Delay  ||   LUT   |
|----------------------------|------|------|------|--------||---------||---------|
| mandelbrot_double_d_reg_79 |  p0  |   2  |   8  |   16   ||    9    |
|         grp_fu_103         |  p0  |   2  |  64  |   128  ||    9    |
|         grp_fu_103         |  p1  |   2  |  64  |   128  ||    9    |
|         grp_fu_107         |  p0  |   2  |  64  |   128  ||    9    |
|         grp_fu_107         |  p1  |   2  |  64  |   128  ||    9    |
|         grp_fu_111         |  p0  |   2  |  64  |   128  ||    9    |
|         grp_fu_111         |  p1  |   2  |  64  |   128  ||    9    |
|         grp_fu_117         |  p0  |   2  |  64  |   128  ||    9    |
|         grp_fu_117         |  p1  |   2  |  64  |   128  ||    9    |
|----------------------------|------|------|------|--------||---------||---------|
|            Total           |      |      |      |  1040  ||  12.15  ||    81   |
|----------------------------|------|------|------|--------||---------||---------|



* Summary:
+-----------+--------+--------+--------+--------+
|           | DSP48E |  Delay |   FF   |   LUT  |
+-----------+--------+--------+--------+--------+
|  Function |   39   |    -   |  1917  |  2420  |
|   Memory  |    -   |    -   |    -   |    -   |
|Multiplexer|    -   |   12   |    -   |   81   |
|  Register |    -   |    -   |   674  |    -   |
+-----------+--------+--------+--------+--------+
|   Total   |   39   |   12   |  2591  |  2501  |
+-----------+--------+--------+--------+--------+
