

================================================================
== Vivado HLS Report for 'video_pattern_generator'
================================================================
* Date:           Sun Jan 26 14:13:48 2020

* Version:        2019.1 (Build 2552052 on Fri May 24 15:28:33 MDT 2019)
* Project:        Video_Pattern_Generator
* Solution:       solution1
* Product family: zynq
* Target device:  xc7z020-clg484-1


================================================================
== Performance Estimates
================================================================
+ Timing (ns): 
    * Summary: 
    +--------+-------+----------+------------+
    |  Clock | Target| Estimated| Uncertainty|
    +--------+-------+----------+------------+
    |ap_clk  |  10.00|     5.404|        1.25|
    +--------+-------+----------+------------+

+ Latency (clock cycles): 
    * Summary: 
    +--------+--------+--------+--------+---------+
    |     Latency     |     Interval    | Pipeline|
    |   min  |   max  |   min  |   max  |   Type  |
    +--------+--------+--------+--------+---------+
    |  481201|  481201|  481201|  481201|   none  |
    +--------+--------+--------+--------+---------+

    + Detail: 
        * Instance: 
        N/A

        * Loop: 
        +-------------+--------+--------+----------+-----------+-----------+------+----------+
        |             |     Latency     | Iteration|  Initiation Interval  | Trip |          |
        |  Loop Name  |   min  |   max  |  Latency |  achieved |   target  | Count| Pipelined|
        +-------------+--------+--------+----------+-----------+-----------+------+----------+
        |- Loop 1     |  481200|  481200|       802|          -|          -|   600|    no    |
        | + Loop 1.1  |     800|     800|         1|          -|          -|   800|    no    |
        +-------------+--------+--------+----------+-----------+-----------+------+----------+



================================================================
== Utilization Estimates
================================================================
* Summary: 
+-----------------+---------+-------+--------+-------+-----+
|       Name      | BRAM_18K| DSP48E|   FF   |  LUT  | URAM|
+-----------------+---------+-------+--------+-------+-----+
|DSP              |        -|      -|       -|      -|    -|
|Expression       |        -|      -|       0|     94|    -|
|FIFO             |        -|      -|       -|      -|    -|
|Instance         |        -|      -|       -|      -|    -|
|Memory           |        -|      -|       -|      -|    -|
|Multiplexer      |        -|      -|       -|    102|    -|
|Register         |        -|      -|      33|      -|    -|
+-----------------+---------+-------+--------+-------+-----+
|Total            |        0|      0|      33|    196|    0|
+-----------------+---------+-------+--------+-------+-----+
|Available        |      280|    220|  106400|  53200|    0|
+-----------------+---------+-------+--------+-------+-----+
|Utilization (%)  |        0|      0|   ~0   |   ~0  |    0|
+-----------------+---------+-------+--------+-------+-----+

+ Detail: 
    * Instance: 
    N/A

    * DSP48E: 
    N/A

    * Memory: 
    N/A

    * FIFO: 
    N/A

    * Expression: 
    +---------------------------+----------+-------+---+----+------------+------------+
    |       Variable Name       | Operation| DSP48E| FF| LUT| Bitwidth P0| Bitwidth P1|
    +---------------------------+----------+-------+---+----+------------+------------+
    |i_fu_112_p2                |     +    |      0|  0|  14|          10|           1|
    |j_fu_124_p2                |     +    |      0|  0|  14|          10|           1|
    |ap_block_state3            |    and   |      0|  0|   2|           1|           1|
    |io_acc_block_signal_op36   |    and   |      0|  0|   2|           1|           1|
    |icmp_ln13_fu_106_p2        |   icmp   |      0|  0|  13|          10|          10|
    |icmp_ln15_fu_118_p2        |   icmp   |      0|  0|  13|          10|           9|
    |m_axis_video_V_last_V_din  |   icmp   |      0|  0|  13|          10|           9|
    |m_axis_video_V_user_V_din  |   icmp   |      0|  0|  13|          10|           1|
    |or_ln18_fu_130_p2          |    or    |      0|  0|  10|          10|          10|
    +---------------------------+----------+-------+---+----+------------+------------+
    |Total                      |          |      0|  0|  94|          72|          43|
    +---------------------------+----------+-------+---+----+------------+------------+

    * Multiplexer: 
    +-----------------------------+----+-----------+-----+-----------+
    |             Name            | LUT| Input Size| Bits| Total Bits|
    +-----------------------------+----+-----------+-----+-----------+
    |ap_NS_fsm                    |  21|          4|    1|          4|
    |i_0_reg_83                   |   9|          2|   10|         20|
    |j_0_reg_95                   |   9|          2|   10|         20|
    |m_axis_video_V_data_V_blk_n  |   9|          2|    1|          2|
    |m_axis_video_V_dest_V_blk_n  |   9|          2|    1|          2|
    |m_axis_video_V_id_V_blk_n    |   9|          2|    1|          2|
    |m_axis_video_V_keep_V_blk_n  |   9|          2|    1|          2|
    |m_axis_video_V_last_V_blk_n  |   9|          2|    1|          2|
    |m_axis_video_V_strb_V_blk_n  |   9|          2|    1|          2|
    |m_axis_video_V_user_V_blk_n  |   9|          2|    1|          2|
    +-----------------------------+----+-----------+-----+-----------+
    |Total                        | 102|         22|   28|         58|
    +-----------------------------+----+-----------+-----+-----------+

    * Register: 
    +------------+----+----+-----+-----------+
    |    Name    | FF | LUT| Bits| Const Bits|
    +------------+----+----+-----+-----------+
    |ap_CS_fsm   |   3|   0|    3|          0|
    |i_0_reg_83  |  10|   0|   10|          0|
    |i_reg_158   |  10|   0|   10|          0|
    |j_0_reg_95  |  10|   0|   10|          0|
    +------------+----+----+-----+-----------+
    |Total       |  33|   0|   33|          0|
    +------------+----+----+-----+-----------+



================================================================
== Interface
================================================================
* Summary: 
+------------------------------+-----+-----+------------+-------------------------+--------------+
|           RTL Ports          | Dir | Bits|  Protocol  |      Source Object      |    C Type    |
+------------------------------+-----+-----+------------+-------------------------+--------------+
|ap_clk                        |  in |    1| ap_ctrl_hs | video_pattern_generator | return value |
|ap_rst                        |  in |    1| ap_ctrl_hs | video_pattern_generator | return value |
|ap_start                      |  in |    1| ap_ctrl_hs | video_pattern_generator | return value |
|ap_done                       | out |    1| ap_ctrl_hs | video_pattern_generator | return value |
|ap_idle                       | out |    1| ap_ctrl_hs | video_pattern_generator | return value |
|ap_ready                      | out |    1| ap_ctrl_hs | video_pattern_generator | return value |
|m_axis_video_V_data_V_din     | out |   24|   ap_fifo  |  m_axis_video_V_data_V  |    pointer   |
|m_axis_video_V_data_V_full_n  |  in |    1|   ap_fifo  |  m_axis_video_V_data_V  |    pointer   |
|m_axis_video_V_data_V_write   | out |    1|   ap_fifo  |  m_axis_video_V_data_V  |    pointer   |
|m_axis_video_V_keep_V_din     | out |    3|   ap_fifo  |  m_axis_video_V_keep_V  |    pointer   |
|m_axis_video_V_keep_V_full_n  |  in |    1|   ap_fifo  |  m_axis_video_V_keep_V  |    pointer   |
|m_axis_video_V_keep_V_write   | out |    1|   ap_fifo  |  m_axis_video_V_keep_V  |    pointer   |
|m_axis_video_V_strb_V_din     | out |    3|   ap_fifo  |  m_axis_video_V_strb_V  |    pointer   |
|m_axis_video_V_strb_V_full_n  |  in |    1|   ap_fifo  |  m_axis_video_V_strb_V  |    pointer   |
|m_axis_video_V_strb_V_write   | out |    1|   ap_fifo  |  m_axis_video_V_strb_V  |    pointer   |
|m_axis_video_V_user_V_din     | out |    1|   ap_fifo  |  m_axis_video_V_user_V  |    pointer   |
|m_axis_video_V_user_V_full_n  |  in |    1|   ap_fifo  |  m_axis_video_V_user_V  |    pointer   |
|m_axis_video_V_user_V_write   | out |    1|   ap_fifo  |  m_axis_video_V_user_V  |    pointer   |
|m_axis_video_V_last_V_din     | out |    1|   ap_fifo  |  m_axis_video_V_last_V  |    pointer   |
|m_axis_video_V_last_V_full_n  |  in |    1|   ap_fifo  |  m_axis_video_V_last_V  |    pointer   |
|m_axis_video_V_last_V_write   | out |    1|   ap_fifo  |  m_axis_video_V_last_V  |    pointer   |
|m_axis_video_V_id_V_din       | out |    1|   ap_fifo  |   m_axis_video_V_id_V   |    pointer   |
|m_axis_video_V_id_V_full_n    |  in |    1|   ap_fifo  |   m_axis_video_V_id_V   |    pointer   |
|m_axis_video_V_id_V_write     | out |    1|   ap_fifo  |   m_axis_video_V_id_V   |    pointer   |
|m_axis_video_V_dest_V_din     | out |    1|   ap_fifo  |  m_axis_video_V_dest_V  |    pointer   |
|m_axis_video_V_dest_V_full_n  |  in |    1|   ap_fifo  |  m_axis_video_V_dest_V  |    pointer   |
|m_axis_video_V_dest_V_write   | out |    1|   ap_fifo  |  m_axis_video_V_dest_V  |    pointer   |
+------------------------------+-----+-----+------------+-------------------------+--------------+

