

================================================================
== Vivado HLS Report for 'Mat2AXIvideo'
================================================================
* Date:           Sat Feb 15 15:59:55 2020

* Version:        2019.1 (Build 2552052 on Fri May 24 15:28:33 MDT 2019)
* Project:        Video_Mandelbrot_Generator
* Solution:       solution4_full_pipeline
* Product family: artix7
* Target device:  xc7a35t-cpg236-1


================================================================
== Performance Estimates
================================================================
+ Timing (ns): 
    * Summary: 
    +--------+-------+----------+------------+
    |  Clock | Target| Estimated| Uncertainty|
    +--------+-------+----------+------------+
    |ap_clk  |  10.00|     3.908|        1.25|
    +--------+-------+----------+------------+

+ Latency (clock cycles): 
    * Summary: 
    +-----+-----+-----+-----+---------+
    |  Latency  |  Interval | Pipeline|
    | min | max | min | max |   Type  |
    +-----+-----+-----+-----+---------+
    |   73|   73|   73|   73|   none  |
    +-----+-----+-----+-----+---------+

    + Detail: 
        * Instance: 
        N/A

        * Loop: 
        +---------------+-----+-----+----------+-----------+-----------+------+----------+
        |               |  Latency  | Iteration|  Initiation Interval  | Trip |          |
        |   Loop Name   | min | max |  Latency |  achieved |   target  | Count| Pipelined|
        +---------------+-----+-----+----------+-----------+-----------+------+----------+
        |- loop_height  |   72|   72|        12|          -|          -|     6|    no    |
        | + loop_width  |    9|    9|         3|          1|          1|     8|    yes   |
        +---------------+-----+-----+----------+-----------+-----------+------+----------+

============================================================
+ Verbose Summary: Synthesis Manager
============================================================
InlineROM: 1
ExposeGlobal: 0
============================================================
+ Verbose Summary: CDFG Model
============================================================
IsTopModel: 0
ResetActiveHigh: 1
IsCombinational: 2
IsDatapathOnly: 0
HasWiredReturn: 1
HasMFsm: 0
HasVarLatency: 1
IsPipeline: 0
IsRtlPipelined: 0
IsInstanceOverlapped: 0
IsDontTouch: 0
HasImplIP: 0
IsGatedGlobalClock: 0

+ Individual pipeline summary: 
  * Pipeline-0: initiation interval (II) = 1, depth = 3


============================================================
+ Verbose Summary: Schedule
============================================================
* Number of FSM states : 6
* Pipeline : 1
  Pipeline-0 : II = 1, D = 3, States = { 3 4 5 }
* Dataflow Pipeline: 0

* FSM state transitions: 
1 --> 2 
2 --> 3 
3 --> 6 4 
4 --> 5 
5 --> 3 
6 --> 2 

* FSM state operations: 

State 1 <SV = 0> <Delay = 1.66>
ST_1 : Operation 7 [1/1] (0.00ns)   --->   "%tmp_user_V = alloca i1"   --->   Operation 7 'alloca' 'tmp_user_V' <Predicate = true> <Delay = 0.00>
ST_1 : Operation 8 [1/1] (0.00ns)   --->   "call void (...)* @_ssdm_op_SpecInterface(i8* %img_data_stream_2_V, [8 x i8]* @ap_fifo_str, i32 0, i32 0, [1 x i8]* @p_str, i32 0, i32 0, [1 x i8]* @p_str, [1 x i8]* @p_str, [1 x i8]* @p_str, i32 2, i32 2, i32 16, i32 16, [1 x i8]* @p_str, [1 x i8]* @p_str)"   --->   Operation 8 'specinterface' <Predicate = true> <Delay = 0.00>
ST_1 : Operation 9 [1/1] (0.00ns)   --->   "call void (...)* @_ssdm_op_SpecInterface(i8* %img_data_stream_1_V, [8 x i8]* @ap_fifo_str, i32 0, i32 0, [1 x i8]* @p_str, i32 0, i32 0, [1 x i8]* @p_str, [1 x i8]* @p_str, [1 x i8]* @p_str, i32 2, i32 2, i32 16, i32 16, [1 x i8]* @p_str, [1 x i8]* @p_str)"   --->   Operation 9 'specinterface' <Predicate = true> <Delay = 0.00>
ST_1 : Operation 10 [1/1] (0.00ns)   --->   "call void (...)* @_ssdm_op_SpecInterface(i8* %img_data_stream_0_V, [8 x i8]* @ap_fifo_str, i32 0, i32 0, [1 x i8]* @p_str, i32 0, i32 0, [1 x i8]* @p_str, [1 x i8]* @p_str, [1 x i8]* @p_str, i32 2, i32 2, i32 16, i32 16, [1 x i8]* @p_str, [1 x i8]* @p_str)"   --->   Operation 10 'specinterface' <Predicate = true> <Delay = 0.00>
ST_1 : Operation 11 [1/1] (0.00ns)   --->   "call void (...)* @_ssdm_op_SpecInterface(i24* %AXI_video_strm_V_data_V, i3* %AXI_video_strm_V_keep_V, i3* %AXI_video_strm_V_strb_V, i1* %AXI_video_strm_V_user_V, i1* %AXI_video_strm_V_last_V, i1* %AXI_video_strm_V_id_V, i1* %AXI_video_strm_V_dest_V, [5 x i8]* @p_str2, i32 1, i32 1, [5 x i8]* @p_str3, i32 0, i32 0, [1 x i8]* @p_str, [1 x i8]* @p_str, [1 x i8]* @p_str, i32 0, i32 0, i32 0, i32 0, [1 x i8]* @p_str, [1 x i8]* @p_str) nounwind"   --->   Operation 11 'specinterface' <Predicate = true> <Delay = 0.00>
ST_1 : Operation 12 [1/1] (1.66ns)   --->   "store i1 true, i1* %tmp_user_V" [/opt/Xilinx/Vivado/2019.1/common/technology/autopilot/hls/hls_video_io.h:125]   --->   Operation 12 'store' <Predicate = true> <Delay = 1.66>
ST_1 : Operation 13 [1/1] (1.66ns)   --->   "br label %.preheader" [/opt/Xilinx/Vivado/2019.1/common/technology/autopilot/hls/hls_video_io.h:125]   --->   Operation 13 'br' <Predicate = true> <Delay = 1.66>

State 2 <SV = 1> <Delay = 2.16>
ST_2 : Operation 14 [1/1] (0.00ns)   --->   "%t_V = phi i3 [ %i_V, %loop_height_end ], [ 0, %.preheader.preheader ]"   --->   Operation 14 'phi' 't_V' <Predicate = true> <Delay = 0.00>
ST_2 : Operation 15 [1/1] (1.18ns)   --->   "%icmp_ln125 = icmp eq i3 %t_V, -2" [/opt/Xilinx/Vivado/2019.1/common/technology/autopilot/hls/hls_video_io.h:125]   --->   Operation 15 'icmp' 'icmp_ln125' <Predicate = true> <Delay = 1.18> <Core = "Cmp">   --->   Core 25 'Cmp' <Latency = 0> <II = 1> <Delay = 1.18> <FuncUnit> <Opcode : 'icmp'> <InPorts = 2> <OutPorts = 1>
ST_2 : Operation 16 [1/1] (0.00ns)   --->   "%empty = call i32 (...)* @_ssdm_op_SpecLoopTripCount(i64 6, i64 6, i64 6)"   --->   Operation 16 'speclooptripcount' 'empty' <Predicate = true> <Delay = 0.00>
ST_2 : Operation 17 [1/1] (1.68ns)   --->   "%i_V = add i3 %t_V, 1" [/opt/Xilinx/Vivado/2019.1/common/technology/autopilot/hls/hls_video_io.h:125]   --->   Operation 17 'add' 'i_V' <Predicate = true> <Delay = 1.68> <Core = "AddSub">   --->   Core 14 'AddSub' <Latency = 0> <II = 1> <Delay = 1.68> <FuncUnit> <Opcode : 'add' 'sub'> <InPorts = 2> <OutPorts = 1>
ST_2 : Operation 18 [1/1] (0.00ns)   --->   "br i1 %icmp_ln125, label %1, label %loop_height_begin" [/opt/Xilinx/Vivado/2019.1/common/technology/autopilot/hls/hls_video_io.h:125]   --->   Operation 18 'br' <Predicate = true> <Delay = 0.00>
ST_2 : Operation 19 [1/1] (0.00ns)   --->   "call void (...)* @_ssdm_op_SpecLoopName([12 x i8]* @p_str13) nounwind" [/opt/Xilinx/Vivado/2019.1/common/technology/autopilot/hls/hls_video_io.h:125]   --->   Operation 19 'specloopname' <Predicate = (!icmp_ln125)> <Delay = 0.00>
ST_2 : Operation 20 [1/1] (0.00ns)   --->   "%tmp_s = call i32 (...)* @_ssdm_op_SpecRegionBegin([12 x i8]* @p_str13)" [/opt/Xilinx/Vivado/2019.1/common/technology/autopilot/hls/hls_video_io.h:125]   --->   Operation 20 'specregionbegin' 'tmp_s' <Predicate = (!icmp_ln125)> <Delay = 0.00>
ST_2 : Operation 21 [1/1] (1.66ns)   --->   "br label %0" [/opt/Xilinx/Vivado/2019.1/common/technology/autopilot/hls/hls_video_io.h:126]   --->   Operation 21 'br' <Predicate = (!icmp_ln125)> <Delay = 1.66>
ST_2 : Operation 22 [1/1] (0.00ns)   --->   "ret void"   --->   Operation 22 'ret' <Predicate = (icmp_ln125)> <Delay = 0.00>

State 3 <SV = 2> <Delay = 2.41>
ST_3 : Operation 23 [1/1] (0.00ns)   --->   "%t_V_1 = phi i4 [ 0, %loop_height_begin ], [ %j_V, %loop_width_begin ]"   --->   Operation 23 'phi' 't_V_1' <Predicate = true> <Delay = 0.00>
ST_3 : Operation 24 [1/1] (1.44ns)   --->   "%icmp_ln126 = icmp eq i4 %t_V_1, -8" [/opt/Xilinx/Vivado/2019.1/common/technology/autopilot/hls/hls_video_io.h:126]   --->   Operation 24 'icmp' 'icmp_ln126' <Predicate = true> <Delay = 1.44> <Core = "Cmp">   --->   Core 25 'Cmp' <Latency = 0> <II = 1> <Delay = 1.18> <FuncUnit> <Opcode : 'icmp'> <InPorts = 2> <OutPorts = 1>
ST_3 : Operation 25 [1/1] (0.00ns)   --->   "%empty_103 = call i32 (...)* @_ssdm_op_SpecLoopTripCount(i64 8, i64 8, i64 8)"   --->   Operation 25 'speclooptripcount' 'empty_103' <Predicate = true> <Delay = 0.00>
ST_3 : Operation 26 [1/1] (1.77ns)   --->   "%j_V = add i4 %t_V_1, 1" [/opt/Xilinx/Vivado/2019.1/common/technology/autopilot/hls/hls_video_io.h:126]   --->   Operation 26 'add' 'j_V' <Predicate = true> <Delay = 1.77> <Core = "AddSub">   --->   Core 14 'AddSub' <Latency = 0> <II = 1> <Delay = 1.68> <FuncUnit> <Opcode : 'add' 'sub'> <InPorts = 2> <OutPorts = 1>
ST_3 : Operation 27 [1/1] (0.00ns)   --->   "br i1 %icmp_ln126, label %loop_height_end, label %loop_width_begin" [/opt/Xilinx/Vivado/2019.1/common/technology/autopilot/hls/hls_video_io.h:126]   --->   Operation 27 'br' <Predicate = true> <Delay = 0.00>
ST_3 : Operation 28 [1/1] (1.44ns)   --->   "%axi_last_V = icmp eq i4 %t_V_1, 7" [/opt/Xilinx/Vivado/2019.1/common/technology/autopilot/hls/hls_video_io.h:135]   --->   Operation 28 'icmp' 'axi_last_V' <Predicate = (!icmp_ln126)> <Delay = 1.44> <Core = "Cmp">   --->   Core 25 'Cmp' <Latency = 0> <II = 1> <Delay = 1.18> <FuncUnit> <Opcode : 'icmp'> <InPorts = 2> <OutPorts = 1>

State 4 <SV = 3> <Delay = 3.90>
ST_4 : Operation 29 [1/1] (0.00ns)   --->   "%tmp_user_V_load = load i1* %tmp_user_V" [/opt/Xilinx/Vivado/2019.1/common/technology/autopilot/hls/hls_video_io.h:146]   --->   Operation 29 'load' 'tmp_user_V_load' <Predicate = (!icmp_ln126)> <Delay = 0.00>
ST_4 : Operation 30 [1/1] (0.00ns)   --->   "%tmp_2 = call i32 (...)* @_ssdm_op_SpecRegionBegin([12 x i8]* @p_str18)" [/opt/Xilinx/Vivado/2019.1/common/technology/autopilot/hls/hls_video_core.h:672->/opt/Xilinx/Vivado/2019.1/common/technology/autopilot/hls/hls_video_core.h:711->/opt/Xilinx/Vivado/2019.1/common/technology/autopilot/hls/hls_video_io.h:140]   --->   Operation 30 'specregionbegin' 'tmp_2' <Predicate = (!icmp_ln126)> <Delay = 0.00>
ST_4 : Operation 31 [1/1] (0.00ns)   --->   "call void (...)* @_ssdm_op_SpecProtocol(i32 0, [1 x i8]* @p_str) nounwind" [/opt/Xilinx/Vivado/2019.1/common/technology/autopilot/hls/hls_video_core.h:676->/opt/Xilinx/Vivado/2019.1/common/technology/autopilot/hls/hls_video_core.h:711->/opt/Xilinx/Vivado/2019.1/common/technology/autopilot/hls/hls_video_io.h:140]   --->   Operation 31 'specprotocol' <Predicate = (!icmp_ln126)> <Delay = 0.00>
ST_4 : Operation 32 [1/1] (3.90ns)   --->   "%tmp_3 = call i8 @_ssdm_op_Read.ap_fifo.volatile.i8P(i8* %img_data_stream_0_V)" [/opt/Xilinx/Vivado/2019.1/common/technology/autopilot/hls/hls_video_core.h:679->/opt/Xilinx/Vivado/2019.1/common/technology/autopilot/hls/hls_video_core.h:711->/opt/Xilinx/Vivado/2019.1/common/technology/autopilot/hls/hls_video_io.h:140]   --->   Operation 32 'read' 'tmp_3' <Predicate = (!icmp_ln126)> <Delay = 3.90> <Core = "FIFO">   --->   Core 32 'FIFO' <Latency = 0> <II = 1> <Delay = 3.90> <Storage> <Opcode : 'read' 'write' 'nbread' 'nbwrite'> <Ports = 0> <Width = 8> <Depth = 2> <FIFO>
ST_4 : Operation 33 [1/1] (3.90ns)   --->   "%tmp_4 = call i8 @_ssdm_op_Read.ap_fifo.volatile.i8P(i8* %img_data_stream_1_V)" [/opt/Xilinx/Vivado/2019.1/common/technology/autopilot/hls/hls_video_core.h:679->/opt/Xilinx/Vivado/2019.1/common/technology/autopilot/hls/hls_video_core.h:711->/opt/Xilinx/Vivado/2019.1/common/technology/autopilot/hls/hls_video_io.h:140]   --->   Operation 33 'read' 'tmp_4' <Predicate = (!icmp_ln126)> <Delay = 3.90> <Core = "FIFO">   --->   Core 32 'FIFO' <Latency = 0> <II = 1> <Delay = 3.90> <Storage> <Opcode : 'read' 'write' 'nbread' 'nbwrite'> <Ports = 0> <Width = 8> <Depth = 2> <FIFO>
ST_4 : Operation 34 [1/1] (3.90ns)   --->   "%tmp = call i8 @_ssdm_op_Read.ap_fifo.volatile.i8P(i8* %img_data_stream_2_V)" [/opt/Xilinx/Vivado/2019.1/common/technology/autopilot/hls/hls_video_core.h:679->/opt/Xilinx/Vivado/2019.1/common/technology/autopilot/hls/hls_video_core.h:711->/opt/Xilinx/Vivado/2019.1/common/technology/autopilot/hls/hls_video_io.h:140]   --->   Operation 34 'read' 'tmp' <Predicate = (!icmp_ln126)> <Delay = 3.90> <Core = "FIFO">   --->   Core 32 'FIFO' <Latency = 0> <II = 1> <Delay = 3.90> <Storage> <Opcode : 'read' 'write' 'nbread' 'nbwrite'> <Ports = 0> <Width = 8> <Depth = 2> <FIFO>
ST_4 : Operation 35 [1/1] (0.00ns)   --->   "%empty_104 = call i32 (...)* @_ssdm_op_SpecRegionEnd([12 x i8]* @p_str18, i32 %tmp_2)" [/opt/Xilinx/Vivado/2019.1/common/technology/autopilot/hls/hls_video_core.h:681->/opt/Xilinx/Vivado/2019.1/common/technology/autopilot/hls/hls_video_core.h:711->/opt/Xilinx/Vivado/2019.1/common/technology/autopilot/hls/hls_video_io.h:140]   --->   Operation 35 'specregionend' 'empty_104' <Predicate = (!icmp_ln126)> <Delay = 0.00>
ST_4 : Operation 36 [1/1] (0.00ns)   --->   "%tmp_data_V = call i24 @_ssdm_op_BitConcatenate.i24.i8.i8.i8(i8 %tmp, i8 %tmp_4, i8 %tmp_3)" [/opt/Xilinx/Vivado/2019.1/common/technology/autopilot/hls/hls_axi_io.h:78->/opt/Xilinx/Vivado/2019.1/common/technology/autopilot/hls/hls_axi_io.h:100->/opt/Xilinx/Vivado/2019.1/common/technology/autopilot/hls/hls_video_io.h:143]   --->   Operation 36 'bitconcatenate' 'tmp_data_V' <Predicate = (!icmp_ln126)> <Delay = 0.00>
ST_4 : Operation 37 [2/2] (0.00ns)   --->   "call void @_ssdm_op_Write.axis.volatile.i24P.i3P.i3P.i1P.i1P.i1P.i1P(i24* %AXI_video_strm_V_data_V, i3* %AXI_video_strm_V_keep_V, i3* %AXI_video_strm_V_strb_V, i1* %AXI_video_strm_V_user_V, i1* %AXI_video_strm_V_last_V, i1* %AXI_video_strm_V_id_V, i1* %AXI_video_strm_V_dest_V, i24 %tmp_data_V, i3 -1, i3 undef, i1 %tmp_user_V_load, i1 %axi_last_V, i1 undef, i1 undef)" [/opt/Xilinx/Vivado/2019.1/common/technology/autopilot/hls/hls_video_io.h:146]   --->   Operation 37 'write' <Predicate = (!icmp_ln126)> <Delay = 0.00> <Core = "AXI4Stream">   --->   Core 5 'AXI4Stream' <Latency = 0> <II = 1> <Delay = 1.00> <Adapter> <Opcode : >
ST_4 : Operation 38 [1/1] (1.66ns)   --->   "store i1 false, i1* %tmp_user_V" [/opt/Xilinx/Vivado/2019.1/common/technology/autopilot/hls/hls_video_io.h:126]   --->   Operation 38 'store' <Predicate = (!icmp_ln126)> <Delay = 1.66>

State 5 <SV = 4> <Delay = 0.00>
ST_5 : Operation 39 [1/1] (0.00ns)   --->   "call void (...)* @_ssdm_op_SpecLoopName([11 x i8]* @p_str14) nounwind" [/opt/Xilinx/Vivado/2019.1/common/technology/autopilot/hls/hls_video_io.h:126]   --->   Operation 39 'specloopname' <Predicate = (!icmp_ln126)> <Delay = 0.00>
ST_5 : Operation 40 [1/1] (0.00ns)   --->   "%tmp_1 = call i32 (...)* @_ssdm_op_SpecRegionBegin([11 x i8]* @p_str14)" [/opt/Xilinx/Vivado/2019.1/common/technology/autopilot/hls/hls_video_io.h:126]   --->   Operation 40 'specregionbegin' 'tmp_1' <Predicate = (!icmp_ln126)> <Delay = 0.00>
ST_5 : Operation 41 [1/1] (0.00ns)   --->   "call void (...)* @_ssdm_op_SpecPipeline(i32 1, i32 1, i32 1, i32 0, [1 x i8]* @p_str) nounwind" [/opt/Xilinx/Vivado/2019.1/common/technology/autopilot/hls/hls_video_io.h:128]   --->   Operation 41 'specpipeline' <Predicate = (!icmp_ln126)> <Delay = 0.00>
ST_5 : Operation 42 [1/2] (0.00ns)   --->   "call void @_ssdm_op_Write.axis.volatile.i24P.i3P.i3P.i1P.i1P.i1P.i1P(i24* %AXI_video_strm_V_data_V, i3* %AXI_video_strm_V_keep_V, i3* %AXI_video_strm_V_strb_V, i1* %AXI_video_strm_V_user_V, i1* %AXI_video_strm_V_last_V, i1* %AXI_video_strm_V_id_V, i1* %AXI_video_strm_V_dest_V, i24 %tmp_data_V, i3 -1, i3 undef, i1 %tmp_user_V_load, i1 %axi_last_V, i1 undef, i1 undef)" [/opt/Xilinx/Vivado/2019.1/common/technology/autopilot/hls/hls_video_io.h:146]   --->   Operation 42 'write' <Predicate = (!icmp_ln126)> <Delay = 0.00> <Core = "AXI4Stream">   --->   Core 5 'AXI4Stream' <Latency = 0> <II = 1> <Delay = 1.00> <Adapter> <Opcode : >
ST_5 : Operation 43 [1/1] (0.00ns)   --->   "%empty_105 = call i32 (...)* @_ssdm_op_SpecRegionEnd([11 x i8]* @p_str14, i32 %tmp_1)" [/opt/Xilinx/Vivado/2019.1/common/technology/autopilot/hls/hls_video_io.h:147]   --->   Operation 43 'specregionend' 'empty_105' <Predicate = (!icmp_ln126)> <Delay = 0.00>
ST_5 : Operation 44 [1/1] (0.00ns)   --->   "br label %0" [/opt/Xilinx/Vivado/2019.1/common/technology/autopilot/hls/hls_video_io.h:126]   --->   Operation 44 'br' <Predicate = (!icmp_ln126)> <Delay = 0.00>

State 6 <SV = 3> <Delay = 0.00>
ST_6 : Operation 45 [1/1] (0.00ns)   --->   "%empty_106 = call i32 (...)* @_ssdm_op_SpecRegionEnd([12 x i8]* @p_str13, i32 %tmp_s)" [/opt/Xilinx/Vivado/2019.1/common/technology/autopilot/hls/hls_video_io.h:148]   --->   Operation 45 'specregionend' 'empty_106' <Predicate = true> <Delay = 0.00>
ST_6 : Operation 46 [1/1] (0.00ns)   --->   "br label %.preheader" [/opt/Xilinx/Vivado/2019.1/common/technology/autopilot/hls/hls_video_io.h:125]   --->   Operation 46 'br' <Predicate = true> <Delay = 0.00>


============================================================
+ Verbose Summary: Timing violations
============================================================
Target clock period: 10ns, clock uncertainty: 1.25ns.

 <State 1>: 1.66ns
The critical path consists of the following:
	'alloca' operation ('tmp.user.V') [11]  (0 ns)
	'store' operation ('store_ln125', /opt/Xilinx/Vivado/2019.1/common/technology/autopilot/hls/hls_video_io.h:125) of constant 1 on local variable 'tmp.user.V' [16]  (1.66 ns)

 <State 2>: 2.17ns
The critical path consists of the following:
	'icmp' operation ('icmp_ln125', /opt/Xilinx/Vivado/2019.1/common/technology/autopilot/hls/hls_video_io.h:125) [20]  (1.19 ns)
	blocking operation 0.978 ns on control path)

 <State 3>: 2.42ns
The critical path consists of the following:
	'icmp' operation ('icmp_ln126', /opt/Xilinx/Vivado/2019.1/common/technology/autopilot/hls/hls_video_io.h:126) [30]  (1.44 ns)
	blocking operation 0.978 ns on control path)

 <State 4>: 3.91ns
The critical path consists of the following:
	fifo read on port 'img_data_stream_0_V' (/opt/Xilinx/Vivado/2019.1/common/technology/autopilot/hls/hls_video_core.h:679->/opt/Xilinx/Vivado/2019.1/common/technology/autopilot/hls/hls_video_core.h:711->/opt/Xilinx/Vivado/2019.1/common/technology/autopilot/hls/hls_video_io.h:140) [42]  (3.91 ns)

 <State 5>: 0ns
The critical path consists of the following:

 <State 6>: 0ns
The critical path consists of the following:


============================================================
+ Verbose Summary: Binding
============================================================
N/A
* FSMD analyzer results:
  - Output states:
 - Input state : 
  - Chain level:
	State 1
	State 2
	State 3
	State 4
	State 5
	State 6


============================================================
+ Verbose Summary: Datapath Resource usage 
============================================================
N/A
