

================================================================
== Vivado HLS Report for 'run'
================================================================
* Date:           Thu Apr 15 12:40:55 2021

* Version:        2020.1 (Build 2897737 on Wed May 27 20:21:37 MDT 2020)
* Project:        proj
* Solution:       solution1
* Product family: kintex7
* Target device:  xc7k160t-fbg484-1


================================================================
== Performance Estimates
================================================================
+ Timing: 
    * Summary: 
    +--------+---------+----------+------------+
    |  Clock |  Target | Estimated| Uncertainty|
    +--------+---------+----------+------------+
    |ap_clk  | 4.00 ns | 2.000 ns |   0.50 ns  |
    +--------+---------+----------+------------+

+ Latency: 
    * Summary: 
    +---------+---------+-----------+-----------+-----+-----+---------+
    |  Latency (cycles) |   Latency (absolute)  |  Interval | Pipeline|
    |   min   |   max   |    min    |    max    | min | max |   Type  |
    +---------+---------+-----------+-----------+-----+-----+---------+
    |        9|        9| 36.000 ns | 36.000 ns |    9|    9|   none  |
    +---------+---------+-----------+-----------+-----+-----+---------+

    + Detail: 
        * Instance: 
        N/A



================================================================
== Utilization Estimates
================================================================
* Summary: 
+-----------------+---------+-------+--------+--------+-----+
|       Name      | BRAM_18K| DSP48E|   FF   |   LUT  | URAM|
+-----------------+---------+-------+--------+--------+-----+
|DSP              |        -|      -|       -|       -|    -|
|Expression       |        -|      -|       -|       -|    -|
|FIFO             |        -|      -|       -|       -|    -|
|Instance         |        0|     48|     236|     213|    -|
|Memory           |        -|      -|       -|       -|    -|
|Multiplexer      |        -|      -|       -|       -|    -|
|Register         |        -|      -|       -|       -|    -|
+-----------------+---------+-------+--------+--------+-----+
|Total            |        0|     48|     236|     213|    0|
+-----------------+---------+-------+--------+--------+-----+
|Available        |      650|    600|  202800|  101400|    0|
+-----------------+---------+-------+--------+--------+-----+
|Utilization (%)  |        0|      8|   ~0   |   ~0   |    0|
+-----------------+---------+-------+--------+--------+-----+

+ Detail: 
    * Instance: 
    N/A

    * DSP48E: 
    N/A

    * Memory: 
    N/A

    * FIFO: 
    N/A

    * Expression: 
    N/A

    * Multiplexer: 
    N/A

    * Register: 
    N/A



================================================================
== Interface
================================================================
* Summary: 
+--------------+-----+-----+------------+--------------+--------------+
|   RTL Ports  | Dir | Bits|  Protocol  | Source Object|    C Type    |
+--------------+-----+-----+------------+--------------+--------------+
|ap_clk        |  in |    1| ap_ctrl_hs |      run     | return value |
|ap_rst        |  in |    1| ap_ctrl_hs |      run     | return value |
|ap_start      |  in |    1| ap_ctrl_hs |      run     | return value |
|ap_ce         |  in |    1| ap_ctrl_hs |      run     | return value |
|ap_done       | out |    1| ap_ctrl_hs |      run     | return value |
|ap_idle       | out |    1| ap_ctrl_hs |      run     | return value |
|ap_ready      | out |    1| ap_ctrl_hs |      run     | return value |
|ap_continue   |  in |    1| ap_ctrl_hs |      run     | return value |
|in_V_dout     |  in |   16|   ap_fifo  |     in_V     |    pointer   |
|in_V_empty_n  |  in |    1|   ap_fifo  |     in_V     |    pointer   |
|in_V_read     | out |    1|   ap_fifo  |     in_V     |    pointer   |
|out_V_din     | out |   40|   ap_fifo  |     out_V    |    pointer   |
|out_V_full_n  |  in |    1|   ap_fifo  |     out_V    |    pointer   |
|out_V_write   | out |    1|   ap_fifo  |     out_V    |    pointer   |
+--------------+-----+-----+------------+--------------+--------------+

