Copyright 1986-2017 Xilinx, Inc. All Rights Reserved.
----------------------------------------------------------------------------------------------------------------------------------
| Tool Version     : Vivado v.2017.4 (lin64) Build 2086221 Fri Dec 15 20:54:30 MST 2017
| Date             : Sun Mar  4 19:23:44 2018
| Host             : luigilinux running 64-bit openSUSE Leap 42.3
| Command          : report_power -file main_power_routed.rpt -pb main_power_summary_routed.pb -rpx main_power_routed.rpx
| Design           : main
| Device           : xc7a35tcpg236-1
| Design State     : routed
| Grade            : commercial
| Process          : typical
| Characterization : Production
----------------------------------------------------------------------------------------------------------------------------------

Power Report

Table of Contents
-----------------
1. Summary
1.1 On-Chip Components
1.2 Power Supply Summary
1.3 Confidence Level
2. Settings
2.1 Environment
2.2 Clock Constraints
3. Detailed Reports
3.1 By Hierarchy

1. Summary
----------

+--------------------------+--------------+
| Total On-Chip Power (W)  | 0.173        |
| Design Power Budget (W)  | Unspecified* |
| Power Budget Margin (W)  | NA           |
| Dynamic (W)              | 0.101        |
| Device Static (W)        | 0.072        |
| Effective TJA (C/W)      | 5.0          |
| Max Ambient (C)          | 84.1         |
| Junction Temperature (C) | 25.9         |
| Confidence Level         | Low          |
| Setting File             | ---          |
| Simulation Activity File | ---          |
| Design Nets Matched      | NA           |
+--------------------------+--------------+
* Specify Design Power Budget using, set_operating_conditions -design_power_budget <value in Watts>


1.1 On-Chip Components
----------------------

+-------------------------+-----------+----------+-----------+-----------------+
| On-Chip                 | Power (W) | Used     | Available | Utilization (%) |
+-------------------------+-----------+----------+-----------+-----------------+
| Clocks                  |    <0.001 |        5 |       --- |             --- |
| Slice Logic             |    <0.001 |      273 |       --- |             --- |
|   LUT as Logic          |    <0.001 |       87 |     20800 |            0.42 |
|   CARRY4                |    <0.001 |       20 |      8150 |            0.25 |
|   Register              |    <0.001 |      137 |     41600 |            0.33 |
|   Others                |     0.000 |       23 |       --- |             --- |
|   LUT as Shift Register |     0.000 |        1 |      9600 |            0.01 |
| Signals                 |    <0.001 |      182 |       --- |             --- |
| MMCM                    |     0.100 |        1 |         5 |           20.00 |
| I/O                     |    <0.001 |       30 |       106 |           28.30 |
| Static Power            |     0.072 |          |           |                 |
| Total                   |     0.173 |          |           |                 |
+-------------------------+-----------+----------+-----------+-----------------+


1.2 Power Supply Summary
------------------------

+-----------+-------------+-----------+-------------+------------+
| Source    | Voltage (V) | Total (A) | Dynamic (A) | Static (A) |
+-----------+-------------+-----------+-------------+------------+
| Vccint    |       1.000 |     0.011 |       0.001 |      0.010 |
| Vccaux    |       1.800 |     0.068 |       0.056 |      0.013 |
| Vcco33    |       3.300 |     0.001 |       0.000 |      0.001 |
| Vcco25    |       2.500 |     0.000 |       0.000 |      0.000 |
| Vcco18    |       1.800 |     0.000 |       0.000 |      0.000 |
| Vcco15    |       1.500 |     0.000 |       0.000 |      0.000 |
| Vcco135   |       1.350 |     0.000 |       0.000 |      0.000 |
| Vcco12    |       1.200 |     0.000 |       0.000 |      0.000 |
| Vccaux_io |       1.800 |     0.000 |       0.000 |      0.000 |
| Vccbram   |       1.000 |     0.000 |       0.000 |      0.000 |
| MGTAVcc   |       1.000 |     0.000 |       0.000 |      0.000 |
| MGTAVtt   |       1.200 |     0.000 |       0.000 |      0.000 |
| Vccadc    |       1.800 |     0.020 |       0.000 |      0.020 |
+-----------+-------------+-----------+-------------+------------+


1.3 Confidence Level
--------------------

+-----------------------------+------------+--------------------------------------------------------+------------------------------------------------------------------------------------------------------------+
| User Input Data             | Confidence | Details                                                | Action                                                                                                     |
+-----------------------------+------------+--------------------------------------------------------+------------------------------------------------------------------------------------------------------------+
| Design implementation state | High       | Design is routed                                       |                                                                                                            |
| Clock nodes activity        | High       | User specified more than 95% of clocks                 |                                                                                                            |
| I/O nodes activity          | Low        | More than 75% of inputs are missing user specification | Provide missing input activity with simulation results or by editing the "By Resource Type -> I/Os" view   |
| Internal nodes activity     | Medium     | User specified less than 25% of internal nodes         | Provide missing internal nodes activity with simulation results or by editing the "By Resource Type" views |
| Device models               | High       | Device models are Production                           |                                                                                                            |
|                             |            |                                                        |                                                                                                            |
| Overall confidence level    | Low        |                                                        |                                                                                                            |
+-----------------------------+------------+--------------------------------------------------------+------------------------------------------------------------------------------------------------------------+


2. Settings
-----------

2.1 Environment
---------------

+-----------------------+--------------------------+
| Ambient Temp (C)      | 25.0                     |
| ThetaJA (C/W)         | 5.0                      |
| Airflow (LFM)         | 250                      |
| Heat Sink             | medium (Medium Profile)  |
| ThetaSA (C/W)         | 4.6                      |
| Board Selection       | medium (10"x10")         |
| # of Board Layers     | 12to15 (12 to 15 Layers) |
| Board Temperature (C) | 25.0                     |
+-----------------------+--------------------------+


2.2 Clock Constraints
---------------------

+-------------------------------+----------------------------------------------------------------------------+-----------------+
| Clock                         | Domain                                                                     | Constraint (ns) |
+-------------------------------+----------------------------------------------------------------------------+-----------------+
| clk_vid_design_1_clk_wiz_0_0  | design_1_wrapper_i/design_1_i/clk_wiz_0/inst/clk_vid_design_1_clk_wiz_0_0  |            40.0 |
| clkfbout_design_1_clk_wiz_0_0 | design_1_wrapper_i/design_1_i/clk_wiz_0/inst/clkfbout_design_1_clk_wiz_0_0 |            10.0 |
| sys_clock                     | sys_clock                                                                  |            10.0 |
+-------------------------------+----------------------------------------------------------------------------+-----------------+


3. Detailed Reports
-------------------

3.1 By Hierarchy
----------------

+----------------------------------------+-----------+
| Name                                   | Power (W) |
+----------------------------------------+-----------+
| main                                   |     0.101 |
|   design_1_wrapper_i                   |     0.101 |
|     design_1_i                         |     0.101 |
|       clk_wiz_0                        |     0.101 |
|         inst                           |     0.101 |
|       proc_sys_reset_0                 |    <0.001 |
|         U0                             |    <0.001 |
|           EXT_LPF                      |    <0.001 |
|             ACTIVE_HIGH_EXT.ACT_HI_EXT |    <0.001 |
|             ACTIVE_LOW_AUX.ACT_LO_AUX  |    <0.001 |
|           SEQ                          |    <0.001 |
|             SEQ_COUNTER                |    <0.001 |
|       rgb2vga_0                        |    <0.001 |
|         U0                             |    <0.001 |
|       v_tc_0                           |    <0.001 |
|         U0                             |    <0.001 |
|           U_TC_TOP                     |    <0.001 |
|             GEN_GENERATOR.U_TC_GEN     |    <0.001 |
|           U_VIDEO_CTRL                 |     0.000 |
+----------------------------------------+-----------+


