

================================================================
== Vivado HLS Report for 'strm_bytes2words'
================================================================
* Date:           Sun Aug 23 11:10:18 2020

* Version:        2020.1 (Build 2897737 on Wed May 27 20:21:37 MDT 2020)
* Project:        proj_hls_stream
* Solution:       solution1
* Product family: artix7
* Target device:  xc7a35t-cpg236-1


================================================================
== Performance Estimates
================================================================
+ Timing: 
    * Summary: 
    +--------+---------+----------+------------+
    |  Clock |  Target | Estimated| Uncertainty|
    +--------+---------+----------+------------+
    |ap_clk  | 5.00 ns | 2.380 ns |   0.62 ns  |
    +--------+---------+----------+------------+

+ Latency: 
    * Summary: 
    +---------+---------+----------+----------+-----+------+---------+
    |  Latency (cycles) |  Latency (absolute) |  Interval  | Pipeline|
    |   min   |   max   |    min   |    max   | min |  max |   Type  |
    +---------+---------+----------+----------+-----+------+---------+
    |        1|     1489| 5.000 ns | 7.445 us |    1|  1489|   none  |
    +---------+---------+----------+----------+-----+------+---------+

    + Detail: 
        * Instance: 
        N/A

        * Loop: 
        +--------------------+---------+---------+----------+-----------+-----------+----------+----------+
        |                    |  Latency (cycles) | Iteration|  Initiation Interval  |   Trip   |          |
        |      Loop Name     |   min   |   max   |  Latency |  achieved |   target  |   Count  | Pipelined|
        +--------------------+---------+---------+----------+-----------+-----------+----------+----------+
        |- BYTES2WORDS_LOOP  |        0|     1488|         1|          -|          -| 0 ~ 1488 |    no    |
        +--------------------+---------+---------+----------+-----------+-----------+----------+----------+



================================================================
== Utilization Estimates
================================================================
* Summary: 
+-----------------+---------+-------+-------+-------+-----+
|       Name      | BRAM_18K| DSP48E|   FF  |  LUT  | URAM|
+-----------------+---------+-------+-------+-------+-----+
|DSP              |        -|      -|      -|      -|    -|
|Expression       |        -|      -|      0|     50|    -|
|FIFO             |        -|      -|      -|      -|    -|
|Instance         |        -|      -|      -|      -|    -|
|Memory           |        -|      -|      -|      -|    -|
|Multiplexer      |        -|      -|      -|     69|    -|
|Register         |        -|      -|     59|      -|    -|
+-----------------+---------+-------+-------+-------+-----+
|Total            |        0|      0|     59|    119|    0|
+-----------------+---------+-------+-------+-------+-----+
|Available        |      100|     90|  41600|  20800|    0|
+-----------------+---------+-------+-------+-------+-----+
|Utilization (%)  |        0|      0|   ~0  |   ~0  |    0|
+-----------------+---------+-------+-------+-------+-----+

+ Detail: 
    * Instance: 
    N/A

    * DSP48E: 
    N/A

    * Memory: 
    N/A

    * FIFO: 
    N/A

    * Expression: 
    +--------------------------------+----------+-------+---+----+------------+------------+
    |          Variable Name         | Operation| DSP48E| FF| LUT| Bitwidth P0| Bitwidth P1|
    +--------------------------------+----------+-------+---+----+------------+------------+
    |i_fu_136_p2                     |     +    |      0|  0|  23|           1|          16|
    |ap_predicate_op22_write_state2  |    and   |      0|  0|   2|           1|           1|
    |icmp_ln117_fu_131_p2            |   icmp   |      0|  0|  13|          16|          16|
    |icmp_ln126_fu_151_p2            |   icmp   |      0|  0|   8|           2|           2|
    |ap_block_state1                 |    or    |      0|  0|   2|           1|           1|
    |ap_block_state2                 |    or    |      0|  0|   2|           1|           1|
    +--------------------------------+----------+-------+---+----+------------+------------+
    |Total                           |          |      0|  0|  50|          22|          37|
    +--------------------------------+----------+-------+---+----+------------+------------+

    * Multiplexer: 
    +------------------------+----+-----------+-----+-----------+
    |          Name          | LUT| Input Size| Bits| Total Bits|
    +------------------------+----+-----------+-----+-----------+
    |ap_NS_fsm               |  15|          3|    1|          3|
    |ap_done                 |   9|          2|    1|          2|
    |bytes_in_V_TDATA_blk_n  |   9|          2|    1|          2|
    |bytestrm_len_blk_n      |   9|          2|    1|          2|
    |i_0_i_reg_116           |   9|          2|   16|         32|
    |r_V_reg_105             |   9|          2|   24|         48|
    |words_out_V_blk_n       |   9|          2|    1|          2|
    +------------------------+----+-----------+-----+-----------+
    |Total                   |  69|         15|   45|         91|
    +------------------------+----+-----------+-----+-----------+

    * Register: 
    +---------------------------+----+----+-----+-----------+
    |            Name           | FF | LUT| Bits| Const Bits|
    +---------------------------+----+----+-----+-----------+
    |ap_CS_fsm                  |   2|   0|    2|          0|
    |ap_done_reg                |   1|   0|    1|          0|
    |bytestrm_len_read_reg_175  |  16|   0|   16|          0|
    |i_0_i_reg_116              |  16|   0|   16|          0|
    |r_V_reg_105                |  24|   0|   24|          0|
    +---------------------------+----+----+-----+-----------+
    |Total                      |  59|   0|   59|          0|
    +---------------------------+----+----+-----+-----------+



================================================================
== Interface
================================================================
* Summary: 
+----------------------+-----+-----+------------+------------------+--------------+
|       RTL Ports      | Dir | Bits|  Protocol  |   Source Object  |    C Type    |
+----------------------+-----+-----+------------+------------------+--------------+
|ap_clk                |  in |    1| ap_ctrl_hs | strm_bytes2words | return value |
|ap_rst                |  in |    1| ap_ctrl_hs | strm_bytes2words | return value |
|ap_start              |  in |    1| ap_ctrl_hs | strm_bytes2words | return value |
|ap_done               | out |    1| ap_ctrl_hs | strm_bytes2words | return value |
|ap_continue           |  in |    1| ap_ctrl_hs | strm_bytes2words | return value |
|ap_idle               | out |    1| ap_ctrl_hs | strm_bytes2words | return value |
|ap_ready              | out |    1| ap_ctrl_hs | strm_bytes2words | return value |
|words_out_V_din       | out |   32|   ap_fifo  |    words_out_V   |    pointer   |
|words_out_V_full_n    |  in |    1|   ap_fifo  |    words_out_V   |    pointer   |
|words_out_V_write     | out |    1|   ap_fifo  |    words_out_V   |    pointer   |
|bytes_in_V_TDATA      |  in |    8|    axis    |    bytes_in_V    |    pointer   |
|bytes_in_V_TVALID     |  in |    1|    axis    |    bytes_in_V    |    pointer   |
|bytes_in_V_TREADY     | out |    1|    axis    |    bytes_in_V    |    pointer   |
|bytestrm_len_dout     |  in |   16|   ap_fifo  |   bytestrm_len   |    pointer   |
|bytestrm_len_empty_n  |  in |    1|   ap_fifo  |   bytestrm_len   |    pointer   |
|bytestrm_len_read     | out |    1|   ap_fifo  |   bytestrm_len   |    pointer   |
+----------------------+-----+-----+------------+------------------+--------------+

