Copyright 1986-2017 Xilinx, Inc. All Rights Reserved.
--------------------------------------------------------------------------------------------------------------------------------------------------
| Tool Version : Vivado v.2017.4 (lin64) Build 2086221 Fri Dec 15 20:54:30 MST 2017
| Date         : Mon Mar  5 00:15:46 2018
| Host         : luigilinux running 64-bit openSUSE Leap 42.3
| Command      : report_methodology -file main_methodology_drc_routed.rpt -pb main_methodology_drc_routed.pb -rpx main_methodology_drc_routed.rpx
| Design       : main
| Device       : xc7a35tcpg236-1
| Speed File   : -1
| Design State : Routed
--------------------------------------------------------------------------------------------------------------------------------------------------

Report Methodology

Table of Contents
-----------------
1. REPORT SUMMARY
2. REPORT DETAILS

1. REPORT SUMMARY
-----------------
            Netlist: netlist
          Floorplan: design_1
      Design limits: <entire design considered>
             Max violations: <unlimited>
             Violations found: 109
+-----------+----------+-----------------------+------------+
| Rule      | Severity | Description           | Violations |
+-----------+----------+-----------------------+------------+
| TIMING-16 | Warning  | Large setup violation | 109        |
+-----------+----------+-----------------------+------------+

2. REPORT DETAILS
-----------------
TIMING-16#1 Warning
Large setup violation  
There is a large setup violation of -1.016 ns between design_1_wrapper_i/design_1_i/mandelbrot_frame_0/inst/x_reg_103_reg[1]/C (clocked by clk_ap_design_1_clk_wiz_0_0) and design_1_wrapper_i/design_1_i/mandelbrot_frame_0/inst/phi_mul_reg_114_reg[10]/CE (clocked by clk_ap_design_1_clk_wiz_0_0). Large setup violations at the end of those stages might be difficult to fix during the post-placement implementation flow and could be the result of non-optimal XDC constraints or non-optimal design architecture
Related violations: <none>

TIMING-16#2 Warning
Large setup violation  
There is a large setup violation of -1.016 ns between design_1_wrapper_i/design_1_i/mandelbrot_frame_0/inst/x_reg_103_reg[1]/C (clocked by clk_ap_design_1_clk_wiz_0_0) and design_1_wrapper_i/design_1_i/mandelbrot_frame_0/inst/phi_mul_reg_114_reg[11]/CE (clocked by clk_ap_design_1_clk_wiz_0_0). Large setup violations at the end of those stages might be difficult to fix during the post-placement implementation flow and could be the result of non-optimal XDC constraints or non-optimal design architecture
Related violations: <none>

TIMING-16#3 Warning
Large setup violation  
There is a large setup violation of -1.016 ns between design_1_wrapper_i/design_1_i/mandelbrot_frame_0/inst/x_reg_103_reg[1]/C (clocked by clk_ap_design_1_clk_wiz_0_0) and design_1_wrapper_i/design_1_i/mandelbrot_frame_0/inst/phi_mul_reg_114_reg[8]/CE (clocked by clk_ap_design_1_clk_wiz_0_0). Large setup violations at the end of those stages might be difficult to fix during the post-placement implementation flow and could be the result of non-optimal XDC constraints or non-optimal design architecture
Related violations: <none>

TIMING-16#4 Warning
Large setup violation  
There is a large setup violation of -1.016 ns between design_1_wrapper_i/design_1_i/mandelbrot_frame_0/inst/x_reg_103_reg[1]/C (clocked by clk_ap_design_1_clk_wiz_0_0) and design_1_wrapper_i/design_1_i/mandelbrot_frame_0/inst/phi_mul_reg_114_reg[9]/CE (clocked by clk_ap_design_1_clk_wiz_0_0). Large setup violations at the end of those stages might be difficult to fix during the post-placement implementation flow and could be the result of non-optimal XDC constraints or non-optimal design architecture
Related violations: <none>

TIMING-16#5 Warning
Large setup violation  
There is a large setup violation of -1.022 ns between design_1_wrapper_i/design_1_i/mandelbrot_frame_0/inst/y_reg_91_reg[0]/C (clocked by clk_ap_design_1_clk_wiz_0_0) and design_1_wrapper_i/design_1_i/mandelbrot_frame_0/inst/x_reg_103_reg[6]/R (clocked by clk_ap_design_1_clk_wiz_0_0). Large setup violations at the end of those stages might be difficult to fix during the post-placement implementation flow and could be the result of non-optimal XDC constraints or non-optimal design architecture
Related violations: <none>

TIMING-16#6 Warning
Large setup violation  
There is a large setup violation of -1.022 ns between design_1_wrapper_i/design_1_i/mandelbrot_frame_0/inst/y_reg_91_reg[0]/C (clocked by clk_ap_design_1_clk_wiz_0_0) and design_1_wrapper_i/design_1_i/mandelbrot_frame_0/inst/x_reg_103_reg[9]/R (clocked by clk_ap_design_1_clk_wiz_0_0). Large setup violations at the end of those stages might be difficult to fix during the post-placement implementation flow and could be the result of non-optimal XDC constraints or non-optimal design architecture
Related violations: <none>

TIMING-16#7 Warning
Large setup violation  
There is a large setup violation of -1.105 ns between design_1_wrapper_i/design_1_i/mandelbrot_frame_0/inst/y_reg_91_reg[0]/C (clocked by clk_ap_design_1_clk_wiz_0_0) and design_1_wrapper_i/design_1_i/mandelbrot_frame_0/inst/phi_mul_reg_114_reg[0]/R (clocked by clk_ap_design_1_clk_wiz_0_0). Large setup violations at the end of those stages might be difficult to fix during the post-placement implementation flow and could be the result of non-optimal XDC constraints or non-optimal design architecture
Related violations: <none>

TIMING-16#8 Warning
Large setup violation  
There is a large setup violation of -1.105 ns between design_1_wrapper_i/design_1_i/mandelbrot_frame_0/inst/y_reg_91_reg[0]/C (clocked by clk_ap_design_1_clk_wiz_0_0) and design_1_wrapper_i/design_1_i/mandelbrot_frame_0/inst/phi_mul_reg_114_reg[1]/R (clocked by clk_ap_design_1_clk_wiz_0_0). Large setup violations at the end of those stages might be difficult to fix during the post-placement implementation flow and could be the result of non-optimal XDC constraints or non-optimal design architecture
Related violations: <none>

TIMING-16#9 Warning
Large setup violation  
There is a large setup violation of -1.105 ns between design_1_wrapper_i/design_1_i/mandelbrot_frame_0/inst/y_reg_91_reg[0]/C (clocked by clk_ap_design_1_clk_wiz_0_0) and design_1_wrapper_i/design_1_i/mandelbrot_frame_0/inst/phi_mul_reg_114_reg[2]/R (clocked by clk_ap_design_1_clk_wiz_0_0). Large setup violations at the end of those stages might be difficult to fix during the post-placement implementation flow and could be the result of non-optimal XDC constraints or non-optimal design architecture
Related violations: <none>

TIMING-16#10 Warning
Large setup violation  
There is a large setup violation of -1.105 ns between design_1_wrapper_i/design_1_i/mandelbrot_frame_0/inst/y_reg_91_reg[0]/C (clocked by clk_ap_design_1_clk_wiz_0_0) and design_1_wrapper_i/design_1_i/mandelbrot_frame_0/inst/phi_mul_reg_114_reg[3]/R (clocked by clk_ap_design_1_clk_wiz_0_0). Large setup violations at the end of those stages might be difficult to fix during the post-placement implementation flow and could be the result of non-optimal XDC constraints or non-optimal design architecture
Related violations: <none>

TIMING-16#11 Warning
Large setup violation  
There is a large setup violation of -1.109 ns between design_1_wrapper_i/design_1_i/mandelbrot_frame_0/inst/x_reg_103_reg[1]/C (clocked by clk_ap_design_1_clk_wiz_0_0) and design_1_wrapper_i/design_1_i/mandelbrot_frame_0/inst/y_reg_91_reg[0]/R (clocked by clk_ap_design_1_clk_wiz_0_0). Large setup violations at the end of those stages might be difficult to fix during the post-placement implementation flow and could be the result of non-optimal XDC constraints or non-optimal design architecture
Related violations: <none>

TIMING-16#12 Warning
Large setup violation  
There is a large setup violation of -1.109 ns between design_1_wrapper_i/design_1_i/mandelbrot_frame_0/inst/x_reg_103_reg[1]/C (clocked by clk_ap_design_1_clk_wiz_0_0) and design_1_wrapper_i/design_1_i/mandelbrot_frame_0/inst/y_reg_91_reg[1]/R (clocked by clk_ap_design_1_clk_wiz_0_0). Large setup violations at the end of those stages might be difficult to fix during the post-placement implementation flow and could be the result of non-optimal XDC constraints or non-optimal design architecture
Related violations: <none>

TIMING-16#13 Warning
Large setup violation  
There is a large setup violation of -1.109 ns between design_1_wrapper_i/design_1_i/mandelbrot_frame_0/inst/x_reg_103_reg[1]/C (clocked by clk_ap_design_1_clk_wiz_0_0) and design_1_wrapper_i/design_1_i/mandelbrot_frame_0/inst/y_reg_91_reg[3]/R (clocked by clk_ap_design_1_clk_wiz_0_0). Large setup violations at the end of those stages might be difficult to fix during the post-placement implementation flow and could be the result of non-optimal XDC constraints or non-optimal design architecture
Related violations: <none>

TIMING-16#14 Warning
Large setup violation  
There is a large setup violation of -1.109 ns between design_1_wrapper_i/design_1_i/mandelbrot_frame_0/inst/x_reg_103_reg[1]/C (clocked by clk_ap_design_1_clk_wiz_0_0) and design_1_wrapper_i/design_1_i/mandelbrot_frame_0/inst/y_reg_91_reg[4]/R (clocked by clk_ap_design_1_clk_wiz_0_0). Large setup violations at the end of those stages might be difficult to fix during the post-placement implementation flow and could be the result of non-optimal XDC constraints or non-optimal design architecture
Related violations: <none>

TIMING-16#15 Warning
Large setup violation  
There is a large setup violation of -1.109 ns between design_1_wrapper_i/design_1_i/mandelbrot_frame_0/inst/x_reg_103_reg[1]/C (clocked by clk_ap_design_1_clk_wiz_0_0) and design_1_wrapper_i/design_1_i/mandelbrot_frame_0/inst/y_reg_91_reg[5]/R (clocked by clk_ap_design_1_clk_wiz_0_0). Large setup violations at the end of those stages might be difficult to fix during the post-placement implementation flow and could be the result of non-optimal XDC constraints or non-optimal design architecture
Related violations: <none>

TIMING-16#16 Warning
Large setup violation  
There is a large setup violation of -1.109 ns between design_1_wrapper_i/design_1_i/mandelbrot_frame_0/inst/x_reg_103_reg[1]/C (clocked by clk_ap_design_1_clk_wiz_0_0) and design_1_wrapper_i/design_1_i/mandelbrot_frame_0/inst/y_reg_91_reg[7]/R (clocked by clk_ap_design_1_clk_wiz_0_0). Large setup violations at the end of those stages might be difficult to fix during the post-placement implementation flow and could be the result of non-optimal XDC constraints or non-optimal design architecture
Related violations: <none>

TIMING-16#17 Warning
Large setup violation  
There is a large setup violation of -1.117 ns between design_1_wrapper_i/design_1_i/mandelbrot_frame_0/inst/y_reg_91_reg[0]/C (clocked by clk_ap_design_1_clk_wiz_0_0) and design_1_wrapper_i/design_1_i/mandelbrot_frame_0/inst/phi_mul_reg_114_reg[12]/R (clocked by clk_ap_design_1_clk_wiz_0_0). Large setup violations at the end of those stages might be difficult to fix during the post-placement implementation flow and could be the result of non-optimal XDC constraints or non-optimal design architecture
Related violations: <none>

TIMING-16#18 Warning
Large setup violation  
There is a large setup violation of -1.117 ns between design_1_wrapper_i/design_1_i/mandelbrot_frame_0/inst/y_reg_91_reg[0]/C (clocked by clk_ap_design_1_clk_wiz_0_0) and design_1_wrapper_i/design_1_i/mandelbrot_frame_0/inst/phi_mul_reg_114_reg[13]/R (clocked by clk_ap_design_1_clk_wiz_0_0). Large setup violations at the end of those stages might be difficult to fix during the post-placement implementation flow and could be the result of non-optimal XDC constraints or non-optimal design architecture
Related violations: <none>

TIMING-16#19 Warning
Large setup violation  
There is a large setup violation of -1.117 ns between design_1_wrapper_i/design_1_i/mandelbrot_frame_0/inst/y_reg_91_reg[0]/C (clocked by clk_ap_design_1_clk_wiz_0_0) and design_1_wrapper_i/design_1_i/mandelbrot_frame_0/inst/phi_mul_reg_114_reg[14]/R (clocked by clk_ap_design_1_clk_wiz_0_0). Large setup violations at the end of those stages might be difficult to fix during the post-placement implementation flow and could be the result of non-optimal XDC constraints or non-optimal design architecture
Related violations: <none>

TIMING-16#20 Warning
Large setup violation  
There is a large setup violation of -1.117 ns between design_1_wrapper_i/design_1_i/mandelbrot_frame_0/inst/y_reg_91_reg[0]/C (clocked by clk_ap_design_1_clk_wiz_0_0) and design_1_wrapper_i/design_1_i/mandelbrot_frame_0/inst/phi_mul_reg_114_reg[15]/R (clocked by clk_ap_design_1_clk_wiz_0_0). Large setup violations at the end of those stages might be difficult to fix during the post-placement implementation flow and could be the result of non-optimal XDC constraints or non-optimal design architecture
Related violations: <none>

TIMING-16#21 Warning
Large setup violation  
There is a large setup violation of -1.148 ns between design_1_wrapper_i/design_1_i/mandelbrot_frame_0/inst/x_reg_103_reg[1]/C (clocked by clk_ap_design_1_clk_wiz_0_0) and design_1_wrapper_i/design_1_i/mandelbrot_frame_0/inst/phi_mul_reg_114_reg[0]/CE (clocked by clk_ap_design_1_clk_wiz_0_0). Large setup violations at the end of those stages might be difficult to fix during the post-placement implementation flow and could be the result of non-optimal XDC constraints or non-optimal design architecture
Related violations: <none>

TIMING-16#22 Warning
Large setup violation  
There is a large setup violation of -1.148 ns between design_1_wrapper_i/design_1_i/mandelbrot_frame_0/inst/x_reg_103_reg[1]/C (clocked by clk_ap_design_1_clk_wiz_0_0) and design_1_wrapper_i/design_1_i/mandelbrot_frame_0/inst/phi_mul_reg_114_reg[1]/CE (clocked by clk_ap_design_1_clk_wiz_0_0). Large setup violations at the end of those stages might be difficult to fix during the post-placement implementation flow and could be the result of non-optimal XDC constraints or non-optimal design architecture
Related violations: <none>

TIMING-16#23 Warning
Large setup violation  
There is a large setup violation of -1.148 ns between design_1_wrapper_i/design_1_i/mandelbrot_frame_0/inst/x_reg_103_reg[1]/C (clocked by clk_ap_design_1_clk_wiz_0_0) and design_1_wrapper_i/design_1_i/mandelbrot_frame_0/inst/phi_mul_reg_114_reg[2]/CE (clocked by clk_ap_design_1_clk_wiz_0_0). Large setup violations at the end of those stages might be difficult to fix during the post-placement implementation flow and could be the result of non-optimal XDC constraints or non-optimal design architecture
Related violations: <none>

TIMING-16#24 Warning
Large setup violation  
There is a large setup violation of -1.148 ns between design_1_wrapper_i/design_1_i/mandelbrot_frame_0/inst/x_reg_103_reg[1]/C (clocked by clk_ap_design_1_clk_wiz_0_0) and design_1_wrapper_i/design_1_i/mandelbrot_frame_0/inst/phi_mul_reg_114_reg[3]/CE (clocked by clk_ap_design_1_clk_wiz_0_0). Large setup violations at the end of those stages might be difficult to fix during the post-placement implementation flow and could be the result of non-optimal XDC constraints or non-optimal design architecture
Related violations: <none>

TIMING-16#25 Warning
Large setup violation  
There is a large setup violation of -1.156 ns between design_1_wrapper_i/design_1_i/mandelbrot_frame_0/inst/x_reg_103_reg[1]/C (clocked by clk_ap_design_1_clk_wiz_0_0) and design_1_wrapper_i/design_1_i/mandelbrot_frame_0/inst/phi_mul_reg_114_reg[12]/CE (clocked by clk_ap_design_1_clk_wiz_0_0). Large setup violations at the end of those stages might be difficult to fix during the post-placement implementation flow and could be the result of non-optimal XDC constraints or non-optimal design architecture
Related violations: <none>

TIMING-16#26 Warning
Large setup violation  
There is a large setup violation of -1.156 ns between design_1_wrapper_i/design_1_i/mandelbrot_frame_0/inst/x_reg_103_reg[1]/C (clocked by clk_ap_design_1_clk_wiz_0_0) and design_1_wrapper_i/design_1_i/mandelbrot_frame_0/inst/phi_mul_reg_114_reg[13]/CE (clocked by clk_ap_design_1_clk_wiz_0_0). Large setup violations at the end of those stages might be difficult to fix during the post-placement implementation flow and could be the result of non-optimal XDC constraints or non-optimal design architecture
Related violations: <none>

TIMING-16#27 Warning
Large setup violation  
There is a large setup violation of -1.156 ns between design_1_wrapper_i/design_1_i/mandelbrot_frame_0/inst/x_reg_103_reg[1]/C (clocked by clk_ap_design_1_clk_wiz_0_0) and design_1_wrapper_i/design_1_i/mandelbrot_frame_0/inst/phi_mul_reg_114_reg[14]/CE (clocked by clk_ap_design_1_clk_wiz_0_0). Large setup violations at the end of those stages might be difficult to fix during the post-placement implementation flow and could be the result of non-optimal XDC constraints or non-optimal design architecture
Related violations: <none>

TIMING-16#28 Warning
Large setup violation  
There is a large setup violation of -1.156 ns between design_1_wrapper_i/design_1_i/mandelbrot_frame_0/inst/x_reg_103_reg[1]/C (clocked by clk_ap_design_1_clk_wiz_0_0) and design_1_wrapper_i/design_1_i/mandelbrot_frame_0/inst/phi_mul_reg_114_reg[15]/CE (clocked by clk_ap_design_1_clk_wiz_0_0). Large setup violations at the end of those stages might be difficult to fix during the post-placement implementation flow and could be the result of non-optimal XDC constraints or non-optimal design architecture
Related violations: <none>

TIMING-16#29 Warning
Large setup violation  
There is a large setup violation of -1.160 ns between design_1_wrapper_i/design_1_i/mandelbrot_frame_0/inst/x_reg_103_reg[1]/C (clocked by clk_ap_design_1_clk_wiz_0_0) and design_1_wrapper_i/design_1_i/mandelbrot_frame_0/inst/phi_mul_reg_114_reg[16]/CE (clocked by clk_ap_design_1_clk_wiz_0_0). Large setup violations at the end of those stages might be difficult to fix during the post-placement implementation flow and could be the result of non-optimal XDC constraints or non-optimal design architecture
Related violations: <none>

TIMING-16#30 Warning
Large setup violation  
There is a large setup violation of -1.160 ns between design_1_wrapper_i/design_1_i/mandelbrot_frame_0/inst/x_reg_103_reg[1]/C (clocked by clk_ap_design_1_clk_wiz_0_0) and design_1_wrapper_i/design_1_i/mandelbrot_frame_0/inst/phi_mul_reg_114_reg[17]/CE (clocked by clk_ap_design_1_clk_wiz_0_0). Large setup violations at the end of those stages might be difficult to fix during the post-placement implementation flow and could be the result of non-optimal XDC constraints or non-optimal design architecture
Related violations: <none>

TIMING-16#31 Warning
Large setup violation  
There is a large setup violation of -1.160 ns between design_1_wrapper_i/design_1_i/mandelbrot_frame_0/inst/x_reg_103_reg[1]/C (clocked by clk_ap_design_1_clk_wiz_0_0) and design_1_wrapper_i/design_1_i/mandelbrot_frame_0/inst/phi_mul_reg_114_reg[18]/CE (clocked by clk_ap_design_1_clk_wiz_0_0). Large setup violations at the end of those stages might be difficult to fix during the post-placement implementation flow and could be the result of non-optimal XDC constraints or non-optimal design architecture
Related violations: <none>

TIMING-16#32 Warning
Large setup violation  
There is a large setup violation of -1.164 ns between design_1_wrapper_i/design_1_i/mandelbrot_frame_0/inst/x_reg_103_reg[1]/C (clocked by clk_ap_design_1_clk_wiz_0_0) and design_1_wrapper_i/design_1_i/mandelbrot_frame_0/inst/x_reg_103_reg[2]/CE (clocked by clk_ap_design_1_clk_wiz_0_0). Large setup violations at the end of those stages might be difficult to fix during the post-placement implementation flow and could be the result of non-optimal XDC constraints or non-optimal design architecture
Related violations: <none>

TIMING-16#33 Warning
Large setup violation  
There is a large setup violation of -1.164 ns between design_1_wrapper_i/design_1_i/mandelbrot_frame_0/inst/x_reg_103_reg[1]/C (clocked by clk_ap_design_1_clk_wiz_0_0) and design_1_wrapper_i/design_1_i/mandelbrot_frame_0/inst/x_reg_103_reg[3]/CE (clocked by clk_ap_design_1_clk_wiz_0_0). Large setup violations at the end of those stages might be difficult to fix during the post-placement implementation flow and could be the result of non-optimal XDC constraints or non-optimal design architecture
Related violations: <none>

TIMING-16#34 Warning
Large setup violation  
There is a large setup violation of -1.164 ns between design_1_wrapper_i/design_1_i/mandelbrot_frame_0/inst/x_reg_103_reg[1]/C (clocked by clk_ap_design_1_clk_wiz_0_0) and design_1_wrapper_i/design_1_i/mandelbrot_frame_0/inst/x_reg_103_reg[5]/CE (clocked by clk_ap_design_1_clk_wiz_0_0). Large setup violations at the end of those stages might be difficult to fix during the post-placement implementation flow and could be the result of non-optimal XDC constraints or non-optimal design architecture
Related violations: <none>

TIMING-16#35 Warning
Large setup violation  
There is a large setup violation of -1.164 ns between design_1_wrapper_i/design_1_i/mandelbrot_frame_0/inst/y_reg_91_reg[8]/C (clocked by clk_ap_design_1_clk_wiz_0_0) and design_1_wrapper_i/design_1_i/v_axi4s_vid_out_0/inst/COUPLER_INST/generate_async_fifo.FIFO_INST/XPM_FIFO_ASYNC_INST/gnuram_async_fifo.xpm_fifo_base_inst/gen_sdpram.xpm_memory_base_inst/gen_wr_a.gen_word_narrow.mem_reg/DIADI[25] (clocked by clk_ap_design_1_clk_wiz_0_0). Large setup violations at the end of those stages might be difficult to fix during the post-placement implementation flow and could be the result of non-optimal XDC constraints or non-optimal design architecture
Related violations: <none>

TIMING-16#36 Warning
Large setup violation  
There is a large setup violation of -1.178 ns between design_1_wrapper_i/design_1_i/mandelbrot_frame_0/inst/x_reg_103_reg[1]/C (clocked by clk_ap_design_1_clk_wiz_0_0) and design_1_wrapper_i/design_1_i/mandelbrot_frame_0/inst/x_reg_103_reg[0]/CE (clocked by clk_ap_design_1_clk_wiz_0_0). Large setup violations at the end of those stages might be difficult to fix during the post-placement implementation flow and could be the result of non-optimal XDC constraints or non-optimal design architecture
Related violations: <none>

TIMING-16#37 Warning
Large setup violation  
There is a large setup violation of -1.178 ns between design_1_wrapper_i/design_1_i/mandelbrot_frame_0/inst/x_reg_103_reg[1]/C (clocked by clk_ap_design_1_clk_wiz_0_0) and design_1_wrapper_i/design_1_i/mandelbrot_frame_0/inst/x_reg_103_reg[1]/CE (clocked by clk_ap_design_1_clk_wiz_0_0). Large setup violations at the end of those stages might be difficult to fix during the post-placement implementation flow and could be the result of non-optimal XDC constraints or non-optimal design architecture
Related violations: <none>

TIMING-16#38 Warning
Large setup violation  
There is a large setup violation of -1.178 ns between design_1_wrapper_i/design_1_i/mandelbrot_frame_0/inst/x_reg_103_reg[1]/C (clocked by clk_ap_design_1_clk_wiz_0_0) and design_1_wrapper_i/design_1_i/mandelbrot_frame_0/inst/x_reg_103_reg[4]/CE (clocked by clk_ap_design_1_clk_wiz_0_0). Large setup violations at the end of those stages might be difficult to fix during the post-placement implementation flow and could be the result of non-optimal XDC constraints or non-optimal design architecture
Related violations: <none>

TIMING-16#39 Warning
Large setup violation  
There is a large setup violation of -1.178 ns between design_1_wrapper_i/design_1_i/mandelbrot_frame_0/inst/x_reg_103_reg[1]/C (clocked by clk_ap_design_1_clk_wiz_0_0) and design_1_wrapper_i/design_1_i/mandelbrot_frame_0/inst/x_reg_103_reg[7]/CE (clocked by clk_ap_design_1_clk_wiz_0_0). Large setup violations at the end of those stages might be difficult to fix during the post-placement implementation flow and could be the result of non-optimal XDC constraints or non-optimal design architecture
Related violations: <none>

TIMING-16#40 Warning
Large setup violation  
There is a large setup violation of -1.178 ns between design_1_wrapper_i/design_1_i/mandelbrot_frame_0/inst/x_reg_103_reg[1]/C (clocked by clk_ap_design_1_clk_wiz_0_0) and design_1_wrapper_i/design_1_i/mandelbrot_frame_0/inst/x_reg_103_reg[8]/CE (clocked by clk_ap_design_1_clk_wiz_0_0). Large setup violations at the end of those stages might be difficult to fix during the post-placement implementation flow and could be the result of non-optimal XDC constraints or non-optimal design architecture
Related violations: <none>

TIMING-16#41 Warning
Large setup violation  
There is a large setup violation of -1.192 ns between design_1_wrapper_i/design_1_i/mandelbrot_frame_0/inst/x_reg_103_reg[1]/C (clocked by clk_ap_design_1_clk_wiz_0_0) and design_1_wrapper_i/design_1_i/mandelbrot_frame_0/inst/x_reg_103_reg[6]/CE (clocked by clk_ap_design_1_clk_wiz_0_0). Large setup violations at the end of those stages might be difficult to fix during the post-placement implementation flow and could be the result of non-optimal XDC constraints or non-optimal design architecture
Related violations: <none>

TIMING-16#42 Warning
Large setup violation  
There is a large setup violation of -1.192 ns between design_1_wrapper_i/design_1_i/mandelbrot_frame_0/inst/x_reg_103_reg[1]/C (clocked by clk_ap_design_1_clk_wiz_0_0) and design_1_wrapper_i/design_1_i/mandelbrot_frame_0/inst/x_reg_103_reg[9]/CE (clocked by clk_ap_design_1_clk_wiz_0_0). Large setup violations at the end of those stages might be difficult to fix during the post-placement implementation flow and could be the result of non-optimal XDC constraints or non-optimal design architecture
Related violations: <none>

TIMING-16#43 Warning
Large setup violation  
There is a large setup violation of -1.204 ns between design_1_wrapper_i/design_1_i/mandelbrot_frame_0/inst/x_reg_103_reg[1]/C (clocked by clk_ap_design_1_clk_wiz_0_0) and design_1_wrapper_i/design_1_i/mandelbrot_frame_0/inst/y_reg_91_reg[2]/R (clocked by clk_ap_design_1_clk_wiz_0_0). Large setup violations at the end of those stages might be difficult to fix during the post-placement implementation flow and could be the result of non-optimal XDC constraints or non-optimal design architecture
Related violations: <none>

TIMING-16#44 Warning
Large setup violation  
There is a large setup violation of -1.204 ns between design_1_wrapper_i/design_1_i/mandelbrot_frame_0/inst/x_reg_103_reg[1]/C (clocked by clk_ap_design_1_clk_wiz_0_0) and design_1_wrapper_i/design_1_i/mandelbrot_frame_0/inst/y_reg_91_reg[6]/R (clocked by clk_ap_design_1_clk_wiz_0_0). Large setup violations at the end of those stages might be difficult to fix during the post-placement implementation flow and could be the result of non-optimal XDC constraints or non-optimal design architecture
Related violations: <none>

TIMING-16#45 Warning
Large setup violation  
There is a large setup violation of -1.204 ns between design_1_wrapper_i/design_1_i/mandelbrot_frame_0/inst/x_reg_103_reg[1]/C (clocked by clk_ap_design_1_clk_wiz_0_0) and design_1_wrapper_i/design_1_i/mandelbrot_frame_0/inst/y_reg_91_reg[8]/R (clocked by clk_ap_design_1_clk_wiz_0_0). Large setup violations at the end of those stages might be difficult to fix during the post-placement implementation flow and could be the result of non-optimal XDC constraints or non-optimal design architecture
Related violations: <none>

TIMING-16#46 Warning
Large setup violation  
There is a large setup violation of -1.211 ns between design_1_wrapper_i/design_1_i/mandelbrot_frame_0/inst/x_reg_103_reg[1]/C (clocked by clk_ap_design_1_clk_wiz_0_0) and design_1_wrapper_i/design_1_i/v_axi4s_vid_out_0/inst/COUPLER_INST/generate_async_fifo.FIFO_INST/XPM_FIFO_ASYNC_INST/gnuram_async_fifo.xpm_fifo_base_inst/wrp_inst/count_value_i_reg[0]/D (clocked by clk_ap_design_1_clk_wiz_0_0). Large setup violations at the end of those stages might be difficult to fix during the post-placement implementation flow and could be the result of non-optimal XDC constraints or non-optimal design architecture
Related violations: <none>

TIMING-16#47 Warning
Large setup violation  
There is a large setup violation of -1.216 ns between design_1_wrapper_i/design_1_i/mandelbrot_frame_0/inst/x_reg_103_reg[1]/C (clocked by clk_ap_design_1_clk_wiz_0_0) and design_1_wrapper_i/design_1_i/mandelbrot_frame_0/inst/ap_reg_ioackin_video_out_TREADY_reg/D (clocked by clk_ap_design_1_clk_wiz_0_0). Large setup violations at the end of those stages might be difficult to fix during the post-placement implementation flow and could be the result of non-optimal XDC constraints or non-optimal design architecture
Related violations: <none>

TIMING-16#48 Warning
Large setup violation  
There is a large setup violation of -1.274 ns between design_1_wrapper_i/design_1_i/mandelbrot_frame_0/inst/x_reg_103_reg[1]/C (clocked by clk_ap_design_1_clk_wiz_0_0) and design_1_wrapper_i/design_1_i/mandelbrot_frame_0/inst/phi_mul_reg_114_reg[4]/CE (clocked by clk_ap_design_1_clk_wiz_0_0). Large setup violations at the end of those stages might be difficult to fix during the post-placement implementation flow and could be the result of non-optimal XDC constraints or non-optimal design architecture
Related violations: <none>

TIMING-16#49 Warning
Large setup violation  
There is a large setup violation of -1.274 ns between design_1_wrapper_i/design_1_i/mandelbrot_frame_0/inst/x_reg_103_reg[1]/C (clocked by clk_ap_design_1_clk_wiz_0_0) and design_1_wrapper_i/design_1_i/mandelbrot_frame_0/inst/phi_mul_reg_114_reg[5]/CE (clocked by clk_ap_design_1_clk_wiz_0_0). Large setup violations at the end of those stages might be difficult to fix during the post-placement implementation flow and could be the result of non-optimal XDC constraints or non-optimal design architecture
Related violations: <none>

TIMING-16#50 Warning
Large setup violation  
There is a large setup violation of -1.274 ns between design_1_wrapper_i/design_1_i/mandelbrot_frame_0/inst/x_reg_103_reg[1]/C (clocked by clk_ap_design_1_clk_wiz_0_0) and design_1_wrapper_i/design_1_i/mandelbrot_frame_0/inst/phi_mul_reg_114_reg[6]/CE (clocked by clk_ap_design_1_clk_wiz_0_0). Large setup violations at the end of those stages might be difficult to fix during the post-placement implementation flow and could be the result of non-optimal XDC constraints or non-optimal design architecture
Related violations: <none>

TIMING-16#51 Warning
Large setup violation  
There is a large setup violation of -1.274 ns between design_1_wrapper_i/design_1_i/mandelbrot_frame_0/inst/x_reg_103_reg[1]/C (clocked by clk_ap_design_1_clk_wiz_0_0) and design_1_wrapper_i/design_1_i/mandelbrot_frame_0/inst/phi_mul_reg_114_reg[7]/CE (clocked by clk_ap_design_1_clk_wiz_0_0). Large setup violations at the end of those stages might be difficult to fix during the post-placement implementation flow and could be the result of non-optimal XDC constraints or non-optimal design architecture
Related violations: <none>

TIMING-16#52 Warning
Large setup violation  
There is a large setup violation of -1.287 ns between design_1_wrapper_i/design_1_i/mandelbrot_frame_0/inst/x_reg_103_reg[3]/C (clocked by clk_ap_design_1_clk_wiz_0_0) and design_1_wrapper_i/design_1_i/v_axi4s_vid_out_0/inst/COUPLER_INST/generate_async_fifo.FIFO_INST/XPM_FIFO_ASYNC_INST/gnuram_async_fifo.xpm_fifo_base_inst/gen_sdpram.xpm_memory_base_inst/gen_wr_a.gen_word_narrow.mem_reg/DIADI[24] (clocked by clk_ap_design_1_clk_wiz_0_0). Large setup violations at the end of those stages might be difficult to fix during the post-placement implementation flow and could be the result of non-optimal XDC constraints or non-optimal design architecture
Related violations: <none>

TIMING-16#53 Warning
Large setup violation  
There is a large setup violation of -1.290 ns between design_1_wrapper_i/design_1_i/mandelbrot_frame_0/inst/x_reg_103_reg[1]/C (clocked by clk_ap_design_1_clk_wiz_0_0) and design_1_wrapper_i/design_1_i/v_axi4s_vid_out_0/inst/COUPLER_INST/generate_async_fifo.FIFO_INST/XPM_FIFO_ASYNC_INST/gnuram_async_fifo.xpm_fifo_base_inst/wrpp1_inst/count_value_i_reg[7]/D (clocked by clk_ap_design_1_clk_wiz_0_0). Large setup violations at the end of those stages might be difficult to fix during the post-placement implementation flow and could be the result of non-optimal XDC constraints or non-optimal design architecture
Related violations: <none>

TIMING-16#54 Warning
Large setup violation  
There is a large setup violation of -1.386 ns between design_1_wrapper_i/design_1_i/mandelbrot_frame_0/inst/x_reg_103_reg[1]/C (clocked by clk_ap_design_1_clk_wiz_0_0) and design_1_wrapper_i/design_1_i/v_axi4s_vid_out_0/inst/COUPLER_INST/generate_async_fifo.FIFO_INST/XPM_FIFO_ASYNC_INST/gnuram_async_fifo.xpm_fifo_base_inst/wrp_inst/count_value_i_reg[1]/D (clocked by clk_ap_design_1_clk_wiz_0_0). Large setup violations at the end of those stages might be difficult to fix during the post-placement implementation flow and could be the result of non-optimal XDC constraints or non-optimal design architecture
Related violations: <none>

TIMING-16#55 Warning
Large setup violation  
There is a large setup violation of -1.401 ns between design_1_wrapper_i/design_1_i/mandelbrot_frame_0/inst/x_reg_103_reg[1]/C (clocked by clk_ap_design_1_clk_wiz_0_0) and design_1_wrapper_i/design_1_i/v_axi4s_vid_out_0/inst/COUPLER_INST/generate_async_fifo.FIFO_INST/XPM_FIFO_ASYNC_INST/gnuram_async_fifo.xpm_fifo_base_inst/wrpp2_inst/count_value_i_reg[7]/D (clocked by clk_ap_design_1_clk_wiz_0_0). Large setup violations at the end of those stages might be difficult to fix during the post-placement implementation flow and could be the result of non-optimal XDC constraints or non-optimal design architecture
Related violations: <none>

TIMING-16#56 Warning
Large setup violation  
There is a large setup violation of -1.460 ns between design_1_wrapper_i/design_1_i/mandelbrot_frame_0/inst/x_reg_103_reg[1]/C (clocked by clk_ap_design_1_clk_wiz_0_0) and design_1_wrapper_i/design_1_i/v_axi4s_vid_out_0/inst/COUPLER_INST/generate_async_fifo.FIFO_INST/XPM_FIFO_ASYNC_INST/gnuram_async_fifo.xpm_fifo_base_inst/wrpp1_inst/count_value_i_reg[6]/D (clocked by clk_ap_design_1_clk_wiz_0_0). Large setup violations at the end of those stages might be difficult to fix during the post-placement implementation flow and could be the result of non-optimal XDC constraints or non-optimal design architecture
Related violations: <none>

TIMING-16#57 Warning
Large setup violation  
There is a large setup violation of -1.503 ns between design_1_wrapper_i/design_1_i/mandelbrot_frame_0/inst/x_reg_103_reg[1]/C (clocked by clk_ap_design_1_clk_wiz_0_0) and design_1_wrapper_i/design_1_i/v_axi4s_vid_out_0/inst/COUPLER_INST/generate_async_fifo.FIFO_INST/XPM_FIFO_ASYNC_INST/gnuram_async_fifo.xpm_fifo_base_inst/wrp_inst/count_value_i_reg[2]/D (clocked by clk_ap_design_1_clk_wiz_0_0). Large setup violations at the end of those stages might be difficult to fix during the post-placement implementation flow and could be the result of non-optimal XDC constraints or non-optimal design architecture
Related violations: <none>

TIMING-16#58 Warning
Large setup violation  
There is a large setup violation of -1.552 ns between design_1_wrapper_i/design_1_i/mandelbrot_frame_0/inst/x_reg_103_reg[1]/C (clocked by clk_ap_design_1_clk_wiz_0_0) and design_1_wrapper_i/design_1_i/v_axi4s_vid_out_0/inst/COUPLER_INST/generate_async_fifo.FIFO_INST/XPM_FIFO_ASYNC_INST/gnuram_async_fifo.xpm_fifo_base_inst/wrpp1_inst/count_value_i_reg[5]/D (clocked by clk_ap_design_1_clk_wiz_0_0). Large setup violations at the end of those stages might be difficult to fix during the post-placement implementation flow and could be the result of non-optimal XDC constraints or non-optimal design architecture
Related violations: <none>

TIMING-16#59 Warning
Large setup violation  
There is a large setup violation of -1.567 ns between design_1_wrapper_i/design_1_i/mandelbrot_frame_0/inst/x_reg_103_reg[1]/C (clocked by clk_ap_design_1_clk_wiz_0_0) and design_1_wrapper_i/design_1_i/v_axi4s_vid_out_0/inst/COUPLER_INST/generate_async_fifo.FIFO_INST/XPM_FIFO_ASYNC_INST/gnuram_async_fifo.xpm_fifo_base_inst/wrp_inst/count_value_i_reg[3]/D (clocked by clk_ap_design_1_clk_wiz_0_0). Large setup violations at the end of those stages might be difficult to fix during the post-placement implementation flow and could be the result of non-optimal XDC constraints or non-optimal design architecture
Related violations: <none>

TIMING-16#60 Warning
Large setup violation  
There is a large setup violation of -1.617 ns between design_1_wrapper_i/design_1_i/mandelbrot_frame_0/inst/x_reg_103_reg[1]/C (clocked by clk_ap_design_1_clk_wiz_0_0) and design_1_wrapper_i/design_1_i/v_axi4s_vid_out_0/inst/COUPLER_INST/generate_async_fifo.FIFO_INST/XPM_FIFO_ASYNC_INST/gnuram_async_fifo.xpm_fifo_base_inst/gen_pf_ic_rc.gen_full_rst_val.ram_full_i_reg/D (clocked by clk_ap_design_1_clk_wiz_0_0). Large setup violations at the end of those stages might be difficult to fix during the post-placement implementation flow and could be the result of non-optimal XDC constraints or non-optimal design architecture
Related violations: <none>

TIMING-16#61 Warning
Large setup violation  
There is a large setup violation of -1.619 ns between design_1_wrapper_i/design_1_i/mandelbrot_frame_0/inst/x_reg_103_reg[1]/C (clocked by clk_ap_design_1_clk_wiz_0_0) and design_1_wrapper_i/design_1_i/v_axi4s_vid_out_0/inst/COUPLER_INST/generate_async_fifo.FIFO_INST/XPM_FIFO_ASYNC_INST/gnuram_async_fifo.xpm_fifo_base_inst/wrpp2_inst/count_value_i_reg[5]/D (clocked by clk_ap_design_1_clk_wiz_0_0). Large setup violations at the end of those stages might be difficult to fix during the post-placement implementation flow and could be the result of non-optimal XDC constraints or non-optimal design architecture
Related violations: <none>

TIMING-16#62 Warning
Large setup violation  
There is a large setup violation of -1.679 ns between design_1_wrapper_i/design_1_i/mandelbrot_frame_0/inst/x_reg_103_reg[1]/C (clocked by clk_ap_design_1_clk_wiz_0_0) and design_1_wrapper_i/design_1_i/v_axi4s_vid_out_0/inst/COUPLER_INST/generate_async_fifo.FIFO_INST/XPM_FIFO_ASYNC_INST/gnuram_async_fifo.xpm_fifo_base_inst/wrp_inst/count_value_i_reg[4]/CE (clocked by clk_ap_design_1_clk_wiz_0_0). Large setup violations at the end of those stages might be difficult to fix during the post-placement implementation flow and could be the result of non-optimal XDC constraints or non-optimal design architecture
Related violations: <none>

TIMING-16#63 Warning
Large setup violation  
There is a large setup violation of -1.679 ns between design_1_wrapper_i/design_1_i/mandelbrot_frame_0/inst/x_reg_103_reg[1]/C (clocked by clk_ap_design_1_clk_wiz_0_0) and design_1_wrapper_i/design_1_i/v_axi4s_vid_out_0/inst/COUPLER_INST/generate_async_fifo.FIFO_INST/XPM_FIFO_ASYNC_INST/gnuram_async_fifo.xpm_fifo_base_inst/wrp_inst/count_value_i_reg[5]/CE (clocked by clk_ap_design_1_clk_wiz_0_0). Large setup violations at the end of those stages might be difficult to fix during the post-placement implementation flow and could be the result of non-optimal XDC constraints or non-optimal design architecture
Related violations: <none>

TIMING-16#64 Warning
Large setup violation  
There is a large setup violation of -1.679 ns between design_1_wrapper_i/design_1_i/mandelbrot_frame_0/inst/x_reg_103_reg[1]/C (clocked by clk_ap_design_1_clk_wiz_0_0) and design_1_wrapper_i/design_1_i/v_axi4s_vid_out_0/inst/COUPLER_INST/generate_async_fifo.FIFO_INST/XPM_FIFO_ASYNC_INST/gnuram_async_fifo.xpm_fifo_base_inst/wrp_inst/count_value_i_reg[6]/CE (clocked by clk_ap_design_1_clk_wiz_0_0). Large setup violations at the end of those stages might be difficult to fix during the post-placement implementation flow and could be the result of non-optimal XDC constraints or non-optimal design architecture
Related violations: <none>

TIMING-16#65 Warning
Large setup violation  
There is a large setup violation of -1.679 ns between design_1_wrapper_i/design_1_i/mandelbrot_frame_0/inst/x_reg_103_reg[1]/C (clocked by clk_ap_design_1_clk_wiz_0_0) and design_1_wrapper_i/design_1_i/v_axi4s_vid_out_0/inst/COUPLER_INST/generate_async_fifo.FIFO_INST/XPM_FIFO_ASYNC_INST/gnuram_async_fifo.xpm_fifo_base_inst/wrp_inst/count_value_i_reg[7]/CE (clocked by clk_ap_design_1_clk_wiz_0_0). Large setup violations at the end of those stages might be difficult to fix during the post-placement implementation flow and could be the result of non-optimal XDC constraints or non-optimal design architecture
Related violations: <none>

TIMING-16#66 Warning
Large setup violation  
There is a large setup violation of -1.679 ns between design_1_wrapper_i/design_1_i/mandelbrot_frame_0/inst/x_reg_103_reg[1]/C (clocked by clk_ap_design_1_clk_wiz_0_0) and design_1_wrapper_i/design_1_i/v_axi4s_vid_out_0/inst/COUPLER_INST/generate_async_fifo.FIFO_INST/XPM_FIFO_ASYNC_INST/gnuram_async_fifo.xpm_fifo_base_inst/wrpp1_inst/count_value_i_reg[0]/CE (clocked by clk_ap_design_1_clk_wiz_0_0). Large setup violations at the end of those stages might be difficult to fix during the post-placement implementation flow and could be the result of non-optimal XDC constraints or non-optimal design architecture
Related violations: <none>

TIMING-16#67 Warning
Large setup violation  
There is a large setup violation of -1.679 ns between design_1_wrapper_i/design_1_i/mandelbrot_frame_0/inst/x_reg_103_reg[1]/C (clocked by clk_ap_design_1_clk_wiz_0_0) and design_1_wrapper_i/design_1_i/v_axi4s_vid_out_0/inst/COUPLER_INST/generate_async_fifo.FIFO_INST/XPM_FIFO_ASYNC_INST/gnuram_async_fifo.xpm_fifo_base_inst/wrpp2_inst/count_value_i_reg[1]/CE (clocked by clk_ap_design_1_clk_wiz_0_0). Large setup violations at the end of those stages might be difficult to fix during the post-placement implementation flow and could be the result of non-optimal XDC constraints or non-optimal design architecture
Related violations: <none>

TIMING-16#68 Warning
Large setup violation  
There is a large setup violation of -1.692 ns between design_1_wrapper_i/design_1_i/mandelbrot_frame_0/inst/x_reg_103_reg[1]/C (clocked by clk_ap_design_1_clk_wiz_0_0) and design_1_wrapper_i/design_1_i/v_axi4s_vid_out_0/inst/COUPLER_INST/generate_async_fifo.FIFO_INST/XPM_FIFO_ASYNC_INST/gnuram_async_fifo.xpm_fifo_base_inst/wrp_inst/count_value_i_reg[4]/D (clocked by clk_ap_design_1_clk_wiz_0_0). Large setup violations at the end of those stages might be difficult to fix during the post-placement implementation flow and could be the result of non-optimal XDC constraints or non-optimal design architecture
Related violations: <none>

TIMING-16#69 Warning
Large setup violation  
There is a large setup violation of -1.712 ns between design_1_wrapper_i/design_1_i/mandelbrot_frame_0/inst/x_reg_103_reg[1]/C (clocked by clk_ap_design_1_clk_wiz_0_0) and design_1_wrapper_i/design_1_i/v_axi4s_vid_out_0/inst/COUPLER_INST/generate_async_fifo.FIFO_INST/XPM_FIFO_ASYNC_INST/gnuram_async_fifo.xpm_fifo_base_inst/wrp_inst/count_value_i_reg[6]/D (clocked by clk_ap_design_1_clk_wiz_0_0). Large setup violations at the end of those stages might be difficult to fix during the post-placement implementation flow and could be the result of non-optimal XDC constraints or non-optimal design architecture
Related violations: <none>

TIMING-16#70 Warning
Large setup violation  
There is a large setup violation of -1.715 ns between design_1_wrapper_i/design_1_i/mandelbrot_frame_0/inst/x_reg_103_reg[1]/C (clocked by clk_ap_design_1_clk_wiz_0_0) and design_1_wrapper_i/design_1_i/v_axi4s_vid_out_0/inst/COUPLER_INST/generate_async_fifo.FIFO_INST/XPM_FIFO_ASYNC_INST/gnuram_async_fifo.xpm_fifo_base_inst/wrpp1_inst/count_value_i_reg[3]/CE (clocked by clk_ap_design_1_clk_wiz_0_0). Large setup violations at the end of those stages might be difficult to fix during the post-placement implementation flow and could be the result of non-optimal XDC constraints or non-optimal design architecture
Related violations: <none>

TIMING-16#71 Warning
Large setup violation  
There is a large setup violation of -1.715 ns between design_1_wrapper_i/design_1_i/mandelbrot_frame_0/inst/x_reg_103_reg[1]/C (clocked by clk_ap_design_1_clk_wiz_0_0) and design_1_wrapper_i/design_1_i/v_axi4s_vid_out_0/inst/COUPLER_INST/generate_async_fifo.FIFO_INST/XPM_FIFO_ASYNC_INST/gnuram_async_fifo.xpm_fifo_base_inst/wrpp1_inst/count_value_i_reg[4]/CE (clocked by clk_ap_design_1_clk_wiz_0_0). Large setup violations at the end of those stages might be difficult to fix during the post-placement implementation flow and could be the result of non-optimal XDC constraints or non-optimal design architecture
Related violations: <none>

TIMING-16#72 Warning
Large setup violation  
There is a large setup violation of -1.715 ns between design_1_wrapper_i/design_1_i/mandelbrot_frame_0/inst/x_reg_103_reg[1]/C (clocked by clk_ap_design_1_clk_wiz_0_0) and design_1_wrapper_i/design_1_i/v_axi4s_vid_out_0/inst/COUPLER_INST/generate_async_fifo.FIFO_INST/XPM_FIFO_ASYNC_INST/gnuram_async_fifo.xpm_fifo_base_inst/wrpp1_inst/count_value_i_reg[5]/CE (clocked by clk_ap_design_1_clk_wiz_0_0). Large setup violations at the end of those stages might be difficult to fix during the post-placement implementation flow and could be the result of non-optimal XDC constraints or non-optimal design architecture
Related violations: <none>

TIMING-16#73 Warning
Large setup violation  
There is a large setup violation of -1.715 ns between design_1_wrapper_i/design_1_i/mandelbrot_frame_0/inst/x_reg_103_reg[1]/C (clocked by clk_ap_design_1_clk_wiz_0_0) and design_1_wrapper_i/design_1_i/v_axi4s_vid_out_0/inst/COUPLER_INST/generate_async_fifo.FIFO_INST/XPM_FIFO_ASYNC_INST/gnuram_async_fifo.xpm_fifo_base_inst/wrpp2_inst/count_value_i_reg[3]/CE (clocked by clk_ap_design_1_clk_wiz_0_0). Large setup violations at the end of those stages might be difficult to fix during the post-placement implementation flow and could be the result of non-optimal XDC constraints or non-optimal design architecture
Related violations: <none>

TIMING-16#74 Warning
Large setup violation  
There is a large setup violation of -1.715 ns between design_1_wrapper_i/design_1_i/mandelbrot_frame_0/inst/x_reg_103_reg[1]/C (clocked by clk_ap_design_1_clk_wiz_0_0) and design_1_wrapper_i/design_1_i/v_axi4s_vid_out_0/inst/COUPLER_INST/generate_async_fifo.FIFO_INST/XPM_FIFO_ASYNC_INST/gnuram_async_fifo.xpm_fifo_base_inst/wrpp2_inst/count_value_i_reg[4]/CE (clocked by clk_ap_design_1_clk_wiz_0_0). Large setup violations at the end of those stages might be difficult to fix during the post-placement implementation flow and could be the result of non-optimal XDC constraints or non-optimal design architecture
Related violations: <none>

TIMING-16#75 Warning
Large setup violation  
There is a large setup violation of -1.715 ns between design_1_wrapper_i/design_1_i/mandelbrot_frame_0/inst/x_reg_103_reg[1]/C (clocked by clk_ap_design_1_clk_wiz_0_0) and design_1_wrapper_i/design_1_i/v_axi4s_vid_out_0/inst/COUPLER_INST/generate_async_fifo.FIFO_INST/XPM_FIFO_ASYNC_INST/gnuram_async_fifo.xpm_fifo_base_inst/wrpp2_inst/count_value_i_reg[5]/CE (clocked by clk_ap_design_1_clk_wiz_0_0). Large setup violations at the end of those stages might be difficult to fix during the post-placement implementation flow and could be the result of non-optimal XDC constraints or non-optimal design architecture
Related violations: <none>

TIMING-16#76 Warning
Large setup violation  
There is a large setup violation of -1.736 ns between design_1_wrapper_i/design_1_i/mandelbrot_frame_0/inst/x_reg_103_reg[1]/C (clocked by clk_ap_design_1_clk_wiz_0_0) and design_1_wrapper_i/design_1_i/v_axi4s_vid_out_0/inst/COUPLER_INST/generate_async_fifo.FIFO_INST/XPM_FIFO_ASYNC_INST/gnuram_async_fifo.xpm_fifo_base_inst/wrpp1_inst/count_value_i_reg[1]/CE (clocked by clk_ap_design_1_clk_wiz_0_0). Large setup violations at the end of those stages might be difficult to fix during the post-placement implementation flow and could be the result of non-optimal XDC constraints or non-optimal design architecture
Related violations: <none>

TIMING-16#77 Warning
Large setup violation  
There is a large setup violation of -1.736 ns between design_1_wrapper_i/design_1_i/mandelbrot_frame_0/inst/x_reg_103_reg[1]/C (clocked by clk_ap_design_1_clk_wiz_0_0) and design_1_wrapper_i/design_1_i/v_axi4s_vid_out_0/inst/COUPLER_INST/generate_async_fifo.FIFO_INST/XPM_FIFO_ASYNC_INST/gnuram_async_fifo.xpm_fifo_base_inst/wrpp1_inst/count_value_i_reg[2]/CE (clocked by clk_ap_design_1_clk_wiz_0_0). Large setup violations at the end of those stages might be difficult to fix during the post-placement implementation flow and could be the result of non-optimal XDC constraints or non-optimal design architecture
Related violations: <none>

TIMING-16#78 Warning
Large setup violation  
There is a large setup violation of -1.736 ns between design_1_wrapper_i/design_1_i/mandelbrot_frame_0/inst/x_reg_103_reg[1]/C (clocked by clk_ap_design_1_clk_wiz_0_0) and design_1_wrapper_i/design_1_i/v_axi4s_vid_out_0/inst/COUPLER_INST/generate_async_fifo.FIFO_INST/XPM_FIFO_ASYNC_INST/gnuram_async_fifo.xpm_fifo_base_inst/wrpp1_inst/count_value_i_reg[7]/CE (clocked by clk_ap_design_1_clk_wiz_0_0). Large setup violations at the end of those stages might be difficult to fix during the post-placement implementation flow and could be the result of non-optimal XDC constraints or non-optimal design architecture
Related violations: <none>

TIMING-16#79 Warning
Large setup violation  
There is a large setup violation of -1.736 ns between design_1_wrapper_i/design_1_i/mandelbrot_frame_0/inst/x_reg_103_reg[1]/C (clocked by clk_ap_design_1_clk_wiz_0_0) and design_1_wrapper_i/design_1_i/v_axi4s_vid_out_0/inst/COUPLER_INST/generate_async_fifo.FIFO_INST/XPM_FIFO_ASYNC_INST/gnuram_async_fifo.xpm_fifo_base_inst/wrpp2_inst/count_value_i_reg[7]/CE (clocked by clk_ap_design_1_clk_wiz_0_0). Large setup violations at the end of those stages might be difficult to fix during the post-placement implementation flow and could be the result of non-optimal XDC constraints or non-optimal design architecture
Related violations: <none>

TIMING-16#80 Warning
Large setup violation  
There is a large setup violation of -1.766 ns between design_1_wrapper_i/design_1_i/mandelbrot_frame_0/inst/x_reg_103_reg[1]/C (clocked by clk_ap_design_1_clk_wiz_0_0) and design_1_wrapper_i/design_1_i/v_axi4s_vid_out_0/inst/COUPLER_INST/generate_async_fifo.FIFO_INST/XPM_FIFO_ASYNC_INST/gnuram_async_fifo.xpm_fifo_base_inst/wrpp2_inst/count_value_i_reg[6]/D (clocked by clk_ap_design_1_clk_wiz_0_0). Large setup violations at the end of those stages might be difficult to fix during the post-placement implementation flow and could be the result of non-optimal XDC constraints or non-optimal design architecture
Related violations: <none>

TIMING-16#81 Warning
Large setup violation  
There is a large setup violation of -1.788 ns between design_1_wrapper_i/design_1_i/mandelbrot_frame_0/inst/x_reg_103_reg[1]/C (clocked by clk_ap_design_1_clk_wiz_0_0) and design_1_wrapper_i/design_1_i/v_axi4s_vid_out_0/inst/COUPLER_INST/generate_async_fifo.FIFO_INST/XPM_FIFO_ASYNC_INST/gnuram_async_fifo.xpm_fifo_base_inst/wrp_inst/count_value_i_reg[7]/D (clocked by clk_ap_design_1_clk_wiz_0_0). Large setup violations at the end of those stages might be difficult to fix during the post-placement implementation flow and could be the result of non-optimal XDC constraints or non-optimal design architecture
Related violations: <none>

TIMING-16#82 Warning
Large setup violation  
There is a large setup violation of -1.796 ns between design_1_wrapper_i/design_1_i/mandelbrot_frame_0/inst/x_reg_103_reg[1]/C (clocked by clk_ap_design_1_clk_wiz_0_0) and design_1_wrapper_i/design_1_i/v_axi4s_vid_out_0/inst/COUPLER_INST/generate_async_fifo.FIFO_INST/XPM_FIFO_ASYNC_INST/gnuram_async_fifo.xpm_fifo_base_inst/wrp_inst/count_value_i_reg[5]/D (clocked by clk_ap_design_1_clk_wiz_0_0). Large setup violations at the end of those stages might be difficult to fix during the post-placement implementation flow and could be the result of non-optimal XDC constraints or non-optimal design architecture
Related violations: <none>

TIMING-16#83 Warning
Large setup violation  
There is a large setup violation of -1.810 ns between design_1_wrapper_i/design_1_i/mandelbrot_frame_0/inst/x_reg_103_reg[1]/C (clocked by clk_ap_design_1_clk_wiz_0_0) and design_1_wrapper_i/design_1_i/v_axi4s_vid_out_0/inst/COUPLER_INST/generate_async_fifo.FIFO_INST/XPM_FIFO_ASYNC_INST/gnuram_async_fifo.xpm_fifo_base_inst/wrp_inst/count_value_i_reg[8]/D (clocked by clk_ap_design_1_clk_wiz_0_0). Large setup violations at the end of those stages might be difficult to fix during the post-placement implementation flow and could be the result of non-optimal XDC constraints or non-optimal design architecture
Related violations: <none>

TIMING-16#84 Warning
Large setup violation  
There is a large setup violation of -1.817 ns between design_1_wrapper_i/design_1_i/mandelbrot_frame_0/inst/x_reg_103_reg[1]/C (clocked by clk_ap_design_1_clk_wiz_0_0) and design_1_wrapper_i/design_1_i/v_axi4s_vid_out_0/inst/COUPLER_INST/generate_async_fifo.FIFO_INST/XPM_FIFO_ASYNC_INST/gnuram_async_fifo.xpm_fifo_base_inst/wrpp2_inst/count_value_i_reg[6]/CE (clocked by clk_ap_design_1_clk_wiz_0_0). Large setup violations at the end of those stages might be difficult to fix during the post-placement implementation flow and could be the result of non-optimal XDC constraints or non-optimal design architecture
Related violations: <none>

TIMING-16#85 Warning
Large setup violation  
There is a large setup violation of -1.817 ns between design_1_wrapper_i/design_1_i/mandelbrot_frame_0/inst/x_reg_103_reg[1]/C (clocked by clk_ap_design_1_clk_wiz_0_0) and design_1_wrapper_i/design_1_i/v_axi4s_vid_out_0/inst/COUPLER_INST/generate_async_fifo.FIFO_INST/XPM_FIFO_ASYNC_INST/gnuram_async_fifo.xpm_fifo_base_inst/wrpp2_inst/count_value_i_reg[8]/CE (clocked by clk_ap_design_1_clk_wiz_0_0). Large setup violations at the end of those stages might be difficult to fix during the post-placement implementation flow and could be the result of non-optimal XDC constraints or non-optimal design architecture
Related violations: <none>

TIMING-16#86 Warning
Large setup violation  
There is a large setup violation of -1.817 ns between design_1_wrapper_i/design_1_i/mandelbrot_frame_0/inst/x_reg_103_reg[1]/C (clocked by clk_ap_design_1_clk_wiz_0_0) and design_1_wrapper_i/design_1_i/v_axi4s_vid_out_0/inst/COUPLER_INST/generate_async_fifo.FIFO_INST/XPM_FIFO_ASYNC_INST/gnuram_async_fifo.xpm_fifo_base_inst/wrpp2_inst/count_value_i_reg[9]/CE (clocked by clk_ap_design_1_clk_wiz_0_0). Large setup violations at the end of those stages might be difficult to fix during the post-placement implementation flow and could be the result of non-optimal XDC constraints or non-optimal design architecture
Related violations: <none>

TIMING-16#87 Warning
Large setup violation  
There is a large setup violation of -1.818 ns between design_1_wrapper_i/design_1_i/mandelbrot_frame_0/inst/x_reg_103_reg[1]/C (clocked by clk_ap_design_1_clk_wiz_0_0) and design_1_wrapper_i/design_1_i/v_axi4s_vid_out_0/inst/COUPLER_INST/generate_async_fifo.FIFO_INST/XPM_FIFO_ASYNC_INST/gnuram_async_fifo.xpm_fifo_base_inst/wrpp2_inst/count_value_i_reg[0]/CE (clocked by clk_ap_design_1_clk_wiz_0_0). Large setup violations at the end of those stages might be difficult to fix during the post-placement implementation flow and could be the result of non-optimal XDC constraints or non-optimal design architecture
Related violations: <none>

TIMING-16#88 Warning
Large setup violation  
There is a large setup violation of -1.818 ns between design_1_wrapper_i/design_1_i/mandelbrot_frame_0/inst/x_reg_103_reg[1]/C (clocked by clk_ap_design_1_clk_wiz_0_0) and design_1_wrapper_i/design_1_i/v_axi4s_vid_out_0/inst/COUPLER_INST/generate_async_fifo.FIFO_INST/XPM_FIFO_ASYNC_INST/gnuram_async_fifo.xpm_fifo_base_inst/wrpp2_inst/count_value_i_reg[2]/CE (clocked by clk_ap_design_1_clk_wiz_0_0). Large setup violations at the end of those stages might be difficult to fix during the post-placement implementation flow and could be the result of non-optimal XDC constraints or non-optimal design architecture
Related violations: <none>

TIMING-16#89 Warning
Large setup violation  
There is a large setup violation of -1.819 ns between design_1_wrapper_i/design_1_i/mandelbrot_frame_0/inst/x_reg_103_reg[1]/C (clocked by clk_ap_design_1_clk_wiz_0_0) and design_1_wrapper_i/design_1_i/v_axi4s_vid_out_0/inst/COUPLER_INST/generate_async_fifo.FIFO_INST/XPM_FIFO_ASYNC_INST/gnuram_async_fifo.xpm_fifo_base_inst/wrp_inst/count_value_i_reg[10]/CE (clocked by clk_ap_design_1_clk_wiz_0_0). Large setup violations at the end of those stages might be difficult to fix during the post-placement implementation flow and could be the result of non-optimal XDC constraints or non-optimal design architecture
Related violations: <none>

TIMING-16#90 Warning
Large setup violation  
There is a large setup violation of -1.819 ns between design_1_wrapper_i/design_1_i/mandelbrot_frame_0/inst/x_reg_103_reg[1]/C (clocked by clk_ap_design_1_clk_wiz_0_0) and design_1_wrapper_i/design_1_i/v_axi4s_vid_out_0/inst/COUPLER_INST/generate_async_fifo.FIFO_INST/XPM_FIFO_ASYNC_INST/gnuram_async_fifo.xpm_fifo_base_inst/wrp_inst/count_value_i_reg[8]/CE (clocked by clk_ap_design_1_clk_wiz_0_0). Large setup violations at the end of those stages might be difficult to fix during the post-placement implementation flow and could be the result of non-optimal XDC constraints or non-optimal design architecture
Related violations: <none>

TIMING-16#91 Warning
Large setup violation  
There is a large setup violation of -1.819 ns between design_1_wrapper_i/design_1_i/mandelbrot_frame_0/inst/x_reg_103_reg[1]/C (clocked by clk_ap_design_1_clk_wiz_0_0) and design_1_wrapper_i/design_1_i/v_axi4s_vid_out_0/inst/COUPLER_INST/generate_async_fifo.FIFO_INST/XPM_FIFO_ASYNC_INST/gnuram_async_fifo.xpm_fifo_base_inst/wrp_inst/count_value_i_reg[9]/CE (clocked by clk_ap_design_1_clk_wiz_0_0). Large setup violations at the end of those stages might be difficult to fix during the post-placement implementation flow and could be the result of non-optimal XDC constraints or non-optimal design architecture
Related violations: <none>

TIMING-16#92 Warning
Large setup violation  
There is a large setup violation of -1.822 ns between design_1_wrapper_i/design_1_i/mandelbrot_frame_0/inst/x_reg_103_reg[1]/C (clocked by clk_ap_design_1_clk_wiz_0_0) and design_1_wrapper_i/design_1_i/v_axi4s_vid_out_0/inst/COUPLER_INST/generate_async_fifo.FIFO_INST/XPM_FIFO_ASYNC_INST/gnuram_async_fifo.xpm_fifo_base_inst/wrpp1_inst/count_value_i_reg[6]/CE (clocked by clk_ap_design_1_clk_wiz_0_0). Large setup violations at the end of those stages might be difficult to fix during the post-placement implementation flow and could be the result of non-optimal XDC constraints or non-optimal design architecture
Related violations: <none>

TIMING-16#93 Warning
Large setup violation  
There is a large setup violation of -1.830 ns between design_1_wrapper_i/design_1_i/mandelbrot_frame_0/inst/x_reg_103_reg[1]/C (clocked by clk_ap_design_1_clk_wiz_0_0) and design_1_wrapper_i/design_1_i/v_axi4s_vid_out_0/inst/COUPLER_INST/generate_async_fifo.FIFO_INST/XPM_FIFO_ASYNC_INST/gnuram_async_fifo.xpm_fifo_base_inst/wrp_inst/count_value_i_reg[10]/D (clocked by clk_ap_design_1_clk_wiz_0_0). Large setup violations at the end of those stages might be difficult to fix during the post-placement implementation flow and could be the result of non-optimal XDC constraints or non-optimal design architecture
Related violations: <none>

TIMING-16#94 Warning
Large setup violation  
There is a large setup violation of -1.889 ns between design_1_wrapper_i/design_1_i/mandelbrot_frame_0/inst/x_reg_103_reg[1]/C (clocked by clk_ap_design_1_clk_wiz_0_0) and design_1_wrapper_i/design_1_i/v_axi4s_vid_out_0/inst/COUPLER_INST/generate_async_fifo.FIFO_INST/XPM_FIFO_ASYNC_INST/gnuram_async_fifo.xpm_fifo_base_inst/wrp_inst/count_value_i_reg[0]/CE (clocked by clk_ap_design_1_clk_wiz_0_0). Large setup violations at the end of those stages might be difficult to fix during the post-placement implementation flow and could be the result of non-optimal XDC constraints or non-optimal design architecture
Related violations: <none>

TIMING-16#95 Warning
Large setup violation  
There is a large setup violation of -1.889 ns between design_1_wrapper_i/design_1_i/mandelbrot_frame_0/inst/x_reg_103_reg[1]/C (clocked by clk_ap_design_1_clk_wiz_0_0) and design_1_wrapper_i/design_1_i/v_axi4s_vid_out_0/inst/COUPLER_INST/generate_async_fifo.FIFO_INST/XPM_FIFO_ASYNC_INST/gnuram_async_fifo.xpm_fifo_base_inst/wrp_inst/count_value_i_reg[1]/CE (clocked by clk_ap_design_1_clk_wiz_0_0). Large setup violations at the end of those stages might be difficult to fix during the post-placement implementation flow and could be the result of non-optimal XDC constraints or non-optimal design architecture
Related violations: <none>

TIMING-16#96 Warning
Large setup violation  
There is a large setup violation of -1.889 ns between design_1_wrapper_i/design_1_i/mandelbrot_frame_0/inst/x_reg_103_reg[1]/C (clocked by clk_ap_design_1_clk_wiz_0_0) and design_1_wrapper_i/design_1_i/v_axi4s_vid_out_0/inst/COUPLER_INST/generate_async_fifo.FIFO_INST/XPM_FIFO_ASYNC_INST/gnuram_async_fifo.xpm_fifo_base_inst/wrp_inst/count_value_i_reg[2]/CE (clocked by clk_ap_design_1_clk_wiz_0_0). Large setup violations at the end of those stages might be difficult to fix during the post-placement implementation flow and could be the result of non-optimal XDC constraints or non-optimal design architecture
Related violations: <none>

TIMING-16#97 Warning
Large setup violation  
There is a large setup violation of -1.889 ns between design_1_wrapper_i/design_1_i/mandelbrot_frame_0/inst/x_reg_103_reg[1]/C (clocked by clk_ap_design_1_clk_wiz_0_0) and design_1_wrapper_i/design_1_i/v_axi4s_vid_out_0/inst/COUPLER_INST/generate_async_fifo.FIFO_INST/XPM_FIFO_ASYNC_INST/gnuram_async_fifo.xpm_fifo_base_inst/wrp_inst/count_value_i_reg[3]/CE (clocked by clk_ap_design_1_clk_wiz_0_0). Large setup violations at the end of those stages might be difficult to fix during the post-placement implementation flow and could be the result of non-optimal XDC constraints or non-optimal design architecture
Related violations: <none>

TIMING-16#98 Warning
Large setup violation  
There is a large setup violation of -1.895 ns between design_1_wrapper_i/design_1_i/mandelbrot_frame_0/inst/x_reg_103_reg[1]/C (clocked by clk_ap_design_1_clk_wiz_0_0) and design_1_wrapper_i/design_1_i/v_axi4s_vid_out_0/inst/COUPLER_INST/generate_async_fifo.FIFO_INST/XPM_FIFO_ASYNC_INST/gnuram_async_fifo.xpm_fifo_base_inst/wrpp1_inst/count_value_i_reg[8]/CE (clocked by clk_ap_design_1_clk_wiz_0_0). Large setup violations at the end of those stages might be difficult to fix during the post-placement implementation flow and could be the result of non-optimal XDC constraints or non-optimal design architecture
Related violations: <none>

TIMING-16#99 Warning
Large setup violation  
There is a large setup violation of -1.895 ns between design_1_wrapper_i/design_1_i/mandelbrot_frame_0/inst/x_reg_103_reg[1]/C (clocked by clk_ap_design_1_clk_wiz_0_0) and design_1_wrapper_i/design_1_i/v_axi4s_vid_out_0/inst/COUPLER_INST/generate_async_fifo.FIFO_INST/XPM_FIFO_ASYNC_INST/gnuram_async_fifo.xpm_fifo_base_inst/wrpp1_inst/count_value_i_reg[9]/CE (clocked by clk_ap_design_1_clk_wiz_0_0). Large setup violations at the end of those stages might be difficult to fix during the post-placement implementation flow and could be the result of non-optimal XDC constraints or non-optimal design architecture
Related violations: <none>

TIMING-16#100 Warning
Large setup violation  
There is a large setup violation of -1.914 ns between design_1_wrapper_i/design_1_i/mandelbrot_frame_0/inst/x_reg_103_reg[1]/C (clocked by clk_ap_design_1_clk_wiz_0_0) and design_1_wrapper_i/design_1_i/v_axi4s_vid_out_0/inst/COUPLER_INST/generate_async_fifo.FIFO_INST/XPM_FIFO_ASYNC_INST/gnuram_async_fifo.xpm_fifo_base_inst/wrp_inst/count_value_i_reg[9]/D (clocked by clk_ap_design_1_clk_wiz_0_0). Large setup violations at the end of those stages might be difficult to fix during the post-placement implementation flow and could be the result of non-optimal XDC constraints or non-optimal design architecture
Related violations: <none>

TIMING-16#101 Warning
Large setup violation  
There is a large setup violation of -1.922 ns between design_1_wrapper_i/design_1_i/mandelbrot_frame_0/inst/x_reg_103_reg[1]/C (clocked by clk_ap_design_1_clk_wiz_0_0) and design_1_wrapper_i/design_1_i/v_axi4s_vid_out_0/inst/COUPLER_INST/generate_async_fifo.FIFO_INST/XPM_FIFO_ASYNC_INST/gnuram_async_fifo.xpm_fifo_base_inst/wrpp2_inst/count_value_i_reg[9]/D (clocked by clk_ap_design_1_clk_wiz_0_0). Large setup violations at the end of those stages might be difficult to fix during the post-placement implementation flow and could be the result of non-optimal XDC constraints or non-optimal design architecture
Related violations: <none>

TIMING-16#102 Warning
Large setup violation  
There is a large setup violation of -1.927 ns between design_1_wrapper_i/design_1_i/mandelbrot_frame_0/inst/x_reg_103_reg[1]/C (clocked by clk_ap_design_1_clk_wiz_0_0) and design_1_wrapper_i/design_1_i/v_axi4s_vid_out_0/inst/COUPLER_INST/generate_async_fifo.FIFO_INST/XPM_FIFO_ASYNC_INST/gnuram_async_fifo.xpm_fifo_base_inst/wrpp2_inst/count_value_i_reg[8]/D (clocked by clk_ap_design_1_clk_wiz_0_0). Large setup violations at the end of those stages might be difficult to fix during the post-placement implementation flow and could be the result of non-optimal XDC constraints or non-optimal design architecture
Related violations: <none>

TIMING-16#103 Warning
Large setup violation  
There is a large setup violation of -2.065 ns between design_1_wrapper_i/design_1_i/mandelbrot_frame_0/inst/x_reg_103_reg[1]/C (clocked by clk_ap_design_1_clk_wiz_0_0) and design_1_wrapper_i/design_1_i/v_axi4s_vid_out_0/inst/COUPLER_INST/generate_async_fifo.FIFO_INST/XPM_FIFO_ASYNC_INST/gnuram_async_fifo.xpm_fifo_base_inst/gen_sdpram.xpm_memory_base_inst/gen_wr_a.gen_word_narrow.mem_reg/ENARDEN (clocked by clk_ap_design_1_clk_wiz_0_0). Large setup violations at the end of those stages might be difficult to fix during the post-placement implementation flow and could be the result of non-optimal XDC constraints or non-optimal design architecture
Related violations: <none>

TIMING-16#104 Warning
Large setup violation  
There is a large setup violation of -2.101 ns between design_1_wrapper_i/design_1_i/mandelbrot_frame_0/inst/x_reg_103_reg[1]/C (clocked by clk_ap_design_1_clk_wiz_0_0) and design_1_wrapper_i/design_1_i/v_axi4s_vid_out_0/inst/COUPLER_INST/generate_async_fifo.FIFO_INST/XPM_FIFO_ASYNC_INST/gnuram_async_fifo.xpm_fifo_base_inst/wrpp1_inst/count_value_i_reg[9]/D (clocked by clk_ap_design_1_clk_wiz_0_0). Large setup violations at the end of those stages might be difficult to fix during the post-placement implementation flow and could be the result of non-optimal XDC constraints or non-optimal design architecture
Related violations: <none>

TIMING-16#105 Warning
Large setup violation  
There is a large setup violation of -2.106 ns between design_1_wrapper_i/design_1_i/mandelbrot_frame_0/inst/x_reg_103_reg[1]/C (clocked by clk_ap_design_1_clk_wiz_0_0) and design_1_wrapper_i/design_1_i/v_axi4s_vid_out_0/inst/COUPLER_INST/generate_async_fifo.FIFO_INST/XPM_FIFO_ASYNC_INST/gnuram_async_fifo.xpm_fifo_base_inst/wrpp1_inst/count_value_i_reg[8]/D (clocked by clk_ap_design_1_clk_wiz_0_0). Large setup violations at the end of those stages might be difficult to fix during the post-placement implementation flow and could be the result of non-optimal XDC constraints or non-optimal design architecture
Related violations: <none>

TIMING-16#106 Warning
Large setup violation  
There is a large setup violation of -2.152 ns between design_1_wrapper_i/design_1_i/mandelbrot_frame_0/inst/x_reg_103_reg[1]/C (clocked by clk_ap_design_1_clk_wiz_0_0) and design_1_wrapper_i/design_1_i/v_axi4s_vid_out_0/inst/COUPLER_INST/generate_async_fifo.FIFO_INST/XPM_FIFO_ASYNC_INST/gnuram_async_fifo.xpm_fifo_base_inst/gen_sdpram.xpm_memory_base_inst/gen_wr_a.gen_word_narrow.mem_reg/WEA[3] (clocked by clk_ap_design_1_clk_wiz_0_0). Large setup violations at the end of those stages might be difficult to fix during the post-placement implementation flow and could be the result of non-optimal XDC constraints or non-optimal design architecture
Related violations: <none>

TIMING-16#107 Warning
Large setup violation  
There is a large setup violation of -2.180 ns between design_1_wrapper_i/design_1_i/mandelbrot_frame_0/inst/x_reg_103_reg[1]/C (clocked by clk_ap_design_1_clk_wiz_0_0) and design_1_wrapper_i/design_1_i/v_axi4s_vid_out_0/inst/COUPLER_INST/generate_async_fifo.FIFO_INST/XPM_FIFO_ASYNC_INST/gnuram_async_fifo.xpm_fifo_base_inst/gen_sdpram.xpm_memory_base_inst/gen_wr_a.gen_word_narrow.mem_reg/WEA[0] (clocked by clk_ap_design_1_clk_wiz_0_0). Large setup violations at the end of those stages might be difficult to fix during the post-placement implementation flow and could be the result of non-optimal XDC constraints or non-optimal design architecture
Related violations: <none>

TIMING-16#108 Warning
Large setup violation  
There is a large setup violation of -2.180 ns between design_1_wrapper_i/design_1_i/mandelbrot_frame_0/inst/x_reg_103_reg[1]/C (clocked by clk_ap_design_1_clk_wiz_0_0) and design_1_wrapper_i/design_1_i/v_axi4s_vid_out_0/inst/COUPLER_INST/generate_async_fifo.FIFO_INST/XPM_FIFO_ASYNC_INST/gnuram_async_fifo.xpm_fifo_base_inst/gen_sdpram.xpm_memory_base_inst/gen_wr_a.gen_word_narrow.mem_reg/WEA[1] (clocked by clk_ap_design_1_clk_wiz_0_0). Large setup violations at the end of those stages might be difficult to fix during the post-placement implementation flow and could be the result of non-optimal XDC constraints or non-optimal design architecture
Related violations: <none>

TIMING-16#109 Warning
Large setup violation  
There is a large setup violation of -2.180 ns between design_1_wrapper_i/design_1_i/mandelbrot_frame_0/inst/x_reg_103_reg[1]/C (clocked by clk_ap_design_1_clk_wiz_0_0) and design_1_wrapper_i/design_1_i/v_axi4s_vid_out_0/inst/COUPLER_INST/generate_async_fifo.FIFO_INST/XPM_FIFO_ASYNC_INST/gnuram_async_fifo.xpm_fifo_base_inst/gen_sdpram.xpm_memory_base_inst/gen_wr_a.gen_word_narrow.mem_reg/WEA[2] (clocked by clk_ap_design_1_clk_wiz_0_0). Large setup violations at the end of those stages might be difficult to fix during the post-placement implementation flow and could be the result of non-optimal XDC constraints or non-optimal design architecture
Related violations: <none>


