Copyright 1986-2020 Xilinx, Inc. All Rights Reserved.
---------------------------------------------------------------------------------------------
| Tool Version : Vivado v.2020.1 (lin64) Build 2902540 Wed May 27 19:54:35 MDT 2020
| Date         : Sun Apr 11 17:38:59 2021
| Host         : luigilinux running 64-bit unknown
| Command      : report_control_sets -verbose -file design_1_wrapper_control_sets_placed.rpt
| Design       : design_1_wrapper
| Device       : xc7a35t
---------------------------------------------------------------------------------------------

Control Set Information

Table of Contents
-----------------
1. Summary
2. Histogram
3. Flip-Flop Distribution
4. Detailed Control Set Information

1. Summary
----------

+----------------------------------------------------------+-------+
|                          Status                          | Count |
+----------------------------------------------------------+-------+
| Total control sets                                       |    57 |
|    Minimum number of control sets                        |    57 |
|    Addition due to synthesis replication                 |     0 |
|    Addition due to physical synthesis replication        |     0 |
| Unused register locations in slices containing registers |   170 |
+----------------------------------------------------------+-------+
* Control sets can be merged at opt_design using control_set_merge or merge_equivalent_drivers
** Run report_qor_suggestions for automated merging and remapping suggestions


2. Histogram
------------

+--------------------+-------+
|       Fanout       | Count |
+--------------------+-------+
| Total control sets |    57 |
| >= 0 to < 4        |    11 |
| >= 4 to < 6        |     8 |
| >= 6 to < 8        |     7 |
| >= 8 to < 10       |     8 |
| >= 10 to < 12      |     2 |
| >= 12 to < 14      |     0 |
| >= 14 to < 16      |     0 |
| >= 16              |    21 |
+--------------------+-------+
* Control sets can be remapped at either synth_design or opt_design


3. Flip-Flop Distribution
-------------------------

+--------------+-----------------------+------------------------+-----------------+--------------+
| Clock Enable | Synchronous Set/Reset | Asynchronous Set/Reset | Total Registers | Total Slices |
+--------------+-----------------------+------------------------+-----------------+--------------+
| No           | No                    | No                     |             166 |           57 |
| No           | No                    | Yes                    |              29 |            9 |
| No           | Yes                   | No                     |             238 |           92 |
| Yes          | No                    | No                     |             171 |           43 |
| Yes          | No                    | Yes                    |              15 |            8 |
| Yes          | Yes                   | No                     |             515 |          155 |
+--------------+-----------------------+------------------------+-----------------+--------------+


4. Detailed Control Set Information
-----------------------------------

+------------------------------------------------------------+------------------------------------------------------------------------------------------------------------------------------------------------------------------------------------------------------------+------------------------------------------------------------------------------------------------------------------------------------------------+------------------+----------------+--------------+
|                        Clock Signal                        |                                                                                                Enable Signal                                                                                               |                                                                Set/Reset Signal                                                                | Slice Load Count | Bel Load Count | Bels / Slice |
+------------------------------------------------------------+------------------------------------------------------------------------------------------------------------------------------------------------------------------------------------------------------------+------------------------------------------------------------------------------------------------------------------------------------------------+------------------+----------------+--------------+
| ~design_1_i/mdm_1/U0/No_Dbg_Reg_Access.BUFG_DRCK/Dbg_Clk_0 | design_1_i/mdm_1/U0/MDM_Core_I1/JTAG_CONTROL_I/Use_BSCAN.FDC_I/CE                                                                                                                                          | design_1_i/mdm_1/U0/MDM_Core_I1/JTAG_CONTROL_I/Use_BSCAN.FDC_I/D_1                                                                             |                1 |              1 |         1.00 |
|  design_1_i/mdm_1/U0/No_Dbg_Reg_Access.BUFG_DRCK/Dbg_Clk_0 | design_1_i/mdm_1/U0/Use_E2.BSCAN_I/Use_BSCAN.PORT_Selector_reg[0]                                                                                                                                          | design_1_i/mdm_1/U0/MDM_Core_I1/JTAG_CONTROL_I/sel_with_scan_reset                                                                             |                1 |              1 |         1.00 |
|  design_1_i/clk_wiz_0/inst/clk_out1                        |                                                                                                                                                                                                            | design_1_i/microblaze_0/U0/MicroBlaze_Core_I/Performance.Core/Use_Debug_Logic.Master_Core.Debug_Perf/capture_1                                 |                1 |              1 |         1.00 |
|  design_1_i/mdm_1/U0/Use_E2.BSCAN_I/Ext_JTAG_UPDATE_BUFG   | design_1_i/microblaze_0/U0/MicroBlaze_Core_I/Performance.Core/Use_Debug_Logic.Master_Core.Debug_Perf/Control_Reg_En                                                                                        | design_1_i/microblaze_0/U0/MicroBlaze_Core_I/Performance.Core/Use_Debug_Logic.Master_Core.Debug_Perf/Serial_Dbg_Intf.force_stop_cmd_i_reg_0    |                1 |              1 |         1.00 |
|  design_1_i/mdm_1/U0/Use_E2.BSCAN_I/Ext_JTAG_UPDATE_BUFG   | design_1_i/microblaze_0/U0/MicroBlaze_Core_I/Performance.Core/Use_Debug_Logic.Master_Core.Debug_Perf/Control_Reg_En                                                                                        | design_1_i/microblaze_0/U0/MicroBlaze_Core_I/Performance.Core/Use_Debug_Logic.Master_Core.Debug_Perf/Serial_Dbg_Intf.normal_stop_cmd_i_reg_n_0 |                1 |              1 |         1.00 |
|  design_1_i/mdm_1/U0/Use_E2.BSCAN_I/Ext_JTAG_UPDATE_BUFG   | design_1_i/microblaze_0/U0/MicroBlaze_Core_I/Performance.Core/Use_Debug_Logic.Master_Core.Debug_Perf/Control_Reg_En                                                                                        | design_1_i/microblaze_0/U0/MicroBlaze_Core_I/Performance.Core/Use_Debug_Logic.Master_Core.Debug_Perf/Serial_Dbg_Intf.continue_from_brk_reg_n_0 |                1 |              1 |         1.00 |
|  design_1_i/mdm_1/U0/Use_E2.BSCAN_I/Ext_JTAG_UPDATE_BUFG   | design_1_i/microblaze_0/U0/MicroBlaze_Core_I/Performance.Core/Use_Debug_Logic.Master_Core.Debug_Perf/Control_Reg_En                                                                                        | design_1_i/microblaze_0/U0/MicroBlaze_Core_I/Performance.Core/Use_Debug_Logic.Master_Core.Debug_Perf/start_single_step_reg_n_0                 |                1 |              1 |         1.00 |
| ~design_1_i/mdm_1/U0/Use_E2.BSCAN_I/Ext_JTAG_UPDATE_BUFG   |                                                                                                                                                                                                            | design_1_i/mdm_1/U0/MDM_Core_I1/JTAG_CONTROL_I/sel_n                                                                                           |                1 |              1 |         1.00 |
|  design_1_i/clk_wiz_0/inst/clk_out1                        | design_1_i/microblaze_0/U0/MicroBlaze_Core_I/Performance.Core/Decode_I/Use_MuxCy[11].OF_Piperun_Stage/MUXCY_I/of_pause_reg                                                                                 |                                                                                                                                                |                1 |              2 |         2.00 |
|  design_1_i/mdm_1/U0/Use_E2.BSCAN_I/Ext_JTAG_UPDATE_BUFG   | design_1_i/microblaze_0/U0/MicroBlaze_Core_I/Performance.Core/Use_Debug_Logic.Master_Core.Debug_Perf/Command_Reg_En                                                                                        | design_1_i/microblaze_0/U0/MicroBlaze_Core_I/Performance.Core/Use_Debug_Logic.Master_Core.Debug_Perf/command_reg_clear                         |                1 |              2 |         2.00 |
|  design_1_i/mdm_1/U0/Use_E2.BSCAN_I/Ext_JTAG_UPDATE_BUFG   |                                                                                                                                                                                                            |                                                                                                                                                |                1 |              3 |         3.00 |
| ~design_1_i/mdm_1/U0/Use_E2.BSCAN_I/Ext_JTAG_UPDATE_BUFG   |                                                                                                                                                                                                            | design_1_i/mdm_1/U0/Use_E2.BSCAN_I/AR[0]                                                                                                       |                1 |              4 |         4.00 |
|  design_1_i/clk_wiz_0/inst/clk_out1                        | design_1_i/axi_uartlite_0/U0/AXI_LITE_IPIF_I/I_SLAVE_ATTACHMENT/start2                                                                                                                                     | design_1_i/axi_uartlite_0/U0/AXI_LITE_IPIF_I/I_SLAVE_ATTACHMENT/I_DECODER/cs_ce_clr                                                            |                1 |              4 |         4.00 |
|  design_1_i/clk_wiz_0/inst/clk_out1                        | design_1_i/axi_uartlite_0/U0/UARTLITE_CORE_I/BAUD_RATE_I/en_16x_Baud                                                                                                                                       |                                                                                                                                                |                1 |              4 |         4.00 |
|  design_1_i/mdm_1/U0/No_Dbg_Reg_Access.BUFG_DRCK/Dbg_Clk_0 | design_1_i/mdm_1/U0/MDM_Core_I1/TDI_Shifter0                                                                                                                                                               | design_1_i/mdm_1/U0/Use_E2.BSCAN_I/AR[0]                                                                                                       |                1 |              4 |         4.00 |
|  design_1_i/mdm_1/U0/Use_E2.BSCAN_I/Ext_JTAG_UPDATE_BUFG   | design_1_i/microblaze_0/U0/MicroBlaze_Core_I/Performance.Core/Use_Debug_Logic.Master_Core.Debug_Perf/Control_Reg_En                                                                                        |                                                                                                                                                |                1 |              4 |         4.00 |
|  design_1_i/mdm_1/U0/Use_E2.BSCAN_I/Ext_JTAG_UPDATE_BUFG   | design_1_i/mdm_1/U0/MDM_Core_I1/MDM_SEL                                                                                                                                                                    | design_1_i/mdm_1/U0/Use_E2.BSCAN_I/AR[0]                                                                                                       |                1 |              4 |         4.00 |
|  design_1_i/clk_wiz_0/inst/clk_out1                        | design_1_i/microblaze_0/U0/MicroBlaze_Core_I/Performance.Core/Decode_I/wb_Halted                                                                                                                           | design_1_i/microblaze_0/U0/MicroBlaze_Core_I/sync_reset                                                                                        |                2 |              5 |         2.50 |
|  design_1_i/clk_wiz_0/inst/clk_out1                        |                                                                                                                                                                                                            | design_1_i/rst_clk_wiz_0_100M/U0/EXT_LPF/lpf_int                                                                                               |                2 |              5 |         2.50 |
|  design_1_i/clk_wiz_0/inst/clk_out1                        |                                                                                                                                                                                                            | design_1_i/axi_uartlite_0/U0/UARTLITE_CORE_I/UARTLITE_RX_I/SRL_FIFO_I/I_SRL_FIFO_RBU_F/CNTR_INCR_DECR_ADDN_F_I/SS[0]                           |                2 |              6 |         3.00 |
|  design_1_i/clk_wiz_0/inst/clk_out1                        | design_1_i/rst_clk_wiz_0_100M/U0/SEQ/seq_cnt_en                                                                                                                                                            | design_1_i/rst_clk_wiz_0_100M/U0/SEQ/SEQ_COUNTER/clear                                                                                         |                1 |              6 |         6.00 |
|  design_1_i/clk_wiz_0/inst/clk_out1                        |                                                                                                                                                                                                            | design_1_i/axi_uartlite_0/U0/UARTLITE_CORE_I/UARTLITE_TX_I/SRL_FIFO_I/I_SRL_FIFO_RBU_F/CNTR_INCR_DECR_ADDN_F_I/SS[0]                           |                3 |              6 |         2.00 |
|  design_1_i/mdm_1/U0/No_Dbg_Reg_Access.BUFG_DRCK/Dbg_Clk_0 | design_1_i/mdm_1/U0/Use_E2.BSCAN_I/Use_BSCAN.command_reg[5][0]                                                                                                                                             |                                                                                                                                                |                3 |              6 |         2.00 |
|  design_1_i/mdm_1/U0/No_Dbg_Reg_Access.BUFG_DRCK/Dbg_Clk_0 | design_1_i/mdm_1/U0/MDM_Core_I1/JTAG_CONTROL_I/Use_BSCAN.FDC_I/Use_BSCAN.command_reg[5][0]                                                                                                                 |                                                                                                                                                |                1 |              6 |         6.00 |
|  design_1_i/mdm_1/U0/No_Dbg_Reg_Access.BUFG_DRCK/Dbg_Clk_0 | design_1_i/mdm_1/U0/Use_E2.BSCAN_I/E[0]                                                                                                                                                                    |                                                                                                                                                |                2 |              6 |         3.00 |
|  design_1_i/clk_wiz_0/inst/clk_out1                        | design_1_i/axi_uartlite_0/U0/UARTLITE_CORE_I/BAUD_RATE_I/en_16x_Baud                                                                                                                                       | design_1_i/axi_uartlite_0/U0/UARTLITE_CORE_I/UARTLITE_RX_I/SERIAL_TO_PARALLEL[8].fifo_din[8]_i_1_n_0                                           |                1 |              7 |         7.00 |
|  design_1_i/mdm_1/U0/No_Dbg_Reg_Access.BUFG_DRCK/Dbg_Clk_0 | design_1_i/microblaze_0/U0/MicroBlaze_Core_I/Performance.Core/Use_Debug_Logic.Master_Core.Debug_Perf/Using_PC_Breakpoints.All_PC_Brks[0].Serial_Interface_1.address_hit_I/Compare[0].SRLC16E_I/which_pc__0 |                                                                                                                                                |                7 |              8 |         1.14 |
|  design_1_i/mdm_1/U0/Use_E2.BSCAN_I/Ext_JTAG_UPDATE_BUFG   | design_1_i/mdm_1/U0/MDM_Core_I1/JTAG_CONTROL_I/Use_BSCAN.FDC_I/Use_BSCAN.PORT_Selector_reg[2][0]                                                                                                           |                                                                                                                                                |                2 |              8 |         4.00 |
| ~design_1_i/mdm_1/U0/Use_E2.BSCAN_I/Ext_JTAG_UPDATE_BUFG   | design_1_i/mdm_1/U0/MDM_Core_I1/JTAG_CONTROL_I/Use_BSCAN.command[0]_i_1_n_0                                                                                                                                |                                                                                                                                                |                2 |              8 |         4.00 |
|  design_1_i/clk_wiz_0/inst/clk_out1                        | design_1_i/axi_uartlite_0/U0/AXI_LITE_IPIF_I/I_SLAVE_ATTACHMENT/I_DECODER/fifo_wr                                                                                                                          |                                                                                                                                                |                1 |              8 |         8.00 |
|  design_1_i/mdm_1/U0/No_Dbg_Reg_Access.BUFG_DRCK/Dbg_Clk_0 | design_1_i/mdm_1/U0/MDM_Core_I1/JTAG_CONTROL_I/tdi_shifter0                                                                                                                                                |                                                                                                                                                |                2 |              8 |         4.00 |
|  design_1_i/clk_wiz_0/inst/clk_out1                        | design_1_i/axi_uartlite_0/U0/AXI_LITE_IPIF_I/I_SLAVE_ATTACHMENT/s_axi_rvalid                                                                                                                               | design_1_i/microblaze_0/U0/MicroBlaze_Core_I/sync_reset                                                                                        |                2 |              8 |         4.00 |
|  design_1_i/clk_wiz_0/inst/clk_out1                        | design_1_i/axi_uartlite_0/U0/UARTLITE_CORE_I/UARTLITE_RX_I/SRL_FIFO_I/I_SRL_FIFO_RBU_F/DYNSHREG_F_I/fifo_wr                                                                                                |                                                                                                                                                |                1 |              8 |         8.00 |
|  design_1_i/clk_wiz_0/inst/clk_out1                        | design_1_i/axi_uartlite_0/U0/AXI_LITE_IPIF_I/I_SLAVE_ATTACHMENT/s_axi_rresp_i                                                                                                                              | design_1_i/axi_uartlite_0/U0/AXI_LITE_IPIF_I/I_SLAVE_ATTACHMENT/rst                                                                            |                2 |              8 |         4.00 |
|  design_1_i/mdm_1/U0/No_Dbg_Reg_Access.BUFG_DRCK/Dbg_Clk_0 | design_1_i/mdm_1/U0/MDM_Core_I1/JTAG_CONTROL_I/Use_BSCAN.FDC_I/E[0]                                                                                                                                        |                                                                                                                                                |                4 |             10 |         2.50 |
|  design_1_i/clk_wiz_0/inst/clk_out1                        |                                                                                                                                                                                                            | design_1_i/axi_uartlite_0/U0/AXI_LITE_IPIF_I/I_SLAVE_ATTACHMENT/rst                                                                            |                3 |             10 |         3.33 |
|  design_1_i/clk_wiz_0/inst/clk_out1                        | design_1_i/microblaze_0/U0/MicroBlaze_Core_I/Performance.Core/Decode_I/PreFetch_Buffer_I1/OF_Valid_DFF/E[0]                                                                                                | design_1_i/microblaze_0/U0/MicroBlaze_Core_I/sync_reset                                                                                        |                5 |             16 |         3.20 |
|  design_1_i/clk_wiz_0/inst/clk_out1                        | design_1_i/microblaze_0/U0/MicroBlaze_Core_I/Performance.Core/Decode_I/mem_wait_on_ready_N_carry_or/MUXCY_I/lopt_1                                                                                         | design_1_i/microblaze_0/U0/MicroBlaze_Core_I/sync_reset                                                                                        |                4 |             20 |         5.00 |
|  design_1_i/mdm_1/U0/No_Dbg_Reg_Access.BUFG_DRCK/Dbg_Clk_0 |                                                                                                                                                                                                            | design_1_i/mdm_1/U0/Use_E2.BSCAN_I/shift_n_reset                                                                                               |                6 |             23 |         3.83 |
|  design_1_i/clk_wiz_0/inst/clk_out1                        | design_1_i/axi_uartlite_0/U0/UARTLITE_CORE_I/BAUD_RATE_I/en_16x_Baud                                                                                                                                       | design_1_i/axi_uartlite_0/U0/UARTLITE_CORE_I/UARTLITE_RX_I/s_axi_aresetn_0                                                                     |                6 |             28 |         4.67 |
|  design_1_i/clk_wiz_0/inst/clk_out1                        |                                                                                                                                                                                                            | design_1_i/axi_uartlite_0/U0/UARTLITE_CORE_I/UARTLITE_RX_I/s_axi_aresetn_0                                                                     |               11 |             30 |         2.73 |
|  design_1_i/clk_wiz_0/inst/clk_out1                        | design_1_i/microblaze_0/U0/MicroBlaze_Core_I/Performance.Core/Decode_I/Use_MuxCy[3].OF_Piperun_Stage/MUXCY_I/E[0]                                                                                          | design_1_i/microblaze_0/U0/MicroBlaze_Core_I/sync_reset                                                                                        |                5 |             32 |         6.40 |
|  design_1_i/clk_wiz_0/inst/clk_out1                        | design_1_i/microblaze_0/U0/MicroBlaze_Core_I/Performance.Core/Decode_I/Use_MuxCy[3].OF_Piperun_Stage/MUXCY_I/Using_FPGA.Native_0                                                                           | design_1_i/microblaze_0/U0/MicroBlaze_Core_I/Performance.Core/Decode_I/R                                                                       |               11 |             32 |         2.91 |
|  design_1_i/clk_wiz_0/inst/clk_out1                        | design_1_i/microblaze_0/U0/MicroBlaze_Core_I/Performance.Core/Decode_I/mem_wait_on_ready_N_carry_or/MUXCY_I/lopt_1                                                                                         |                                                                                                                                                |                5 |             32 |         6.40 |
|  design_1_i/clk_wiz_0/inst/clk_out1                        | design_1_i/microblaze_0/U0/MicroBlaze_Core_I/Performance.Core/Decode_I/mem_wait_on_ready_N_carry_or/MUXCY_I/lopt_1                                                                                         | design_1_i/microblaze_0/U0/MicroBlaze_Core_I/Performance.Core/Decode_I/SR[0]                                                                   |               11 |             32 |         2.91 |
|  design_1_i/clk_wiz_0/inst/clk_out1                        | design_1_i/microblaze_0/U0/MicroBlaze_Core_I/Performance.Core/Use_Debug_Logic.Master_Core.Debug_Perf/data_rd_reg[0]_i_1_n_0                                                                                | design_1_i/microblaze_0/U0/MicroBlaze_Core_I/sync_reset                                                                                        |               10 |             32 |         3.20 |
|  design_1_i/clk_wiz_0/inst/clk_out1                        | design_1_i/microblaze_0/U0/MicroBlaze_Core_I/Performance.Core/Decode_I/PreFetch_Buffer_I1/Gen_Mux_Select_LUT6[2].Gen_Sel_DFF/Using_FPGA.Native_0[0]                                                        | design_1_i/microblaze_0/U0/MicroBlaze_Core_I/sync_reset                                                                                        |                9 |             32 |         3.56 |
|  design_1_i/clk_wiz_0/inst/clk_out1                        |                                                                                                                                                                                                            | design_1_i/microblaze_0/U0/MicroBlaze_Core_I/Performance.Core/wb_dlmb_valid_read_data0                                                         |                7 |             32 |         4.57 |
|  design_1_i/mdm_1/U0/No_Dbg_Reg_Access.BUFG_DRCK/Dbg_Clk_0 | design_1_i/microblaze_0/U0/MicroBlaze_Core_I/Performance.Core/Use_Debug_Logic.Master_Core.Debug_Perf/New_Dbg_Instr_TCK                                                                                     |                                                                                                                                                |                7 |             32 |         4.57 |
|  design_1_i/clk_wiz_0/inst/clk_out1                        | design_1_i/microblaze_0/U0/MicroBlaze_Core_I/Performance.Core/Decode_I/Use_MuxCy[3].OF_Piperun_Stage/MUXCY_I/Using_FPGA.Native_0                                                                           | design_1_i/microblaze_0/U0/MicroBlaze_Core_I/sync_reset                                                                                        |               14 |             34 |         2.43 |
|  design_1_i/mdm_1/U0/No_Dbg_Reg_Access.BUFG_DRCK/Dbg_Clk_0 | design_1_i/mdm_1/U0/Use_E2.BSCAN_I/Use_BSCAN.PORT_Selector_reg[0]                                                                                                                                          |                                                                                                                                                |               12 |             47 |         3.92 |
|  design_1_i/clk_wiz_0/inst/clk_out1                        | design_1_i/microblaze_0/U0/MicroBlaze_Core_I/Performance.Core/Decode_I/PreFetch_Buffer_I1/Instruction_Prefetch_Mux[42].Instr_Mux_MUXF7/IReady_0                                                            |                                                                                                                                                |               11 |             75 |         6.82 |
|  design_1_i/mdm_1/U0/No_Dbg_Reg_Access.BUFG_DRCK/Dbg_Clk_0 |                                                                                                                                                                                                            |                                                                                                                                                |               26 |             80 |         3.08 |
|  design_1_i/clk_wiz_0/inst/clk_out1                        |                                                                                                                                                                                                            |                                                                                                                                                |               34 |            100 |         2.94 |
|  design_1_i/clk_wiz_0/inst/clk_out1                        | design_1_i/microblaze_0/U0/MicroBlaze_Core_I/Performance.Core/Decode_I/Performance_Debug_Control.dbg_state_nohalt_reg[32]                                                                                  |                                                                                                                                                |               16 |            128 |         8.00 |
|  design_1_i/clk_wiz_0/inst/clk_out1                        |                                                                                                                                                                                                            | design_1_i/microblaze_0/U0/MicroBlaze_Core_I/sync_reset                                                                                        |               64 |            149 |         2.33 |
|  design_1_i/clk_wiz_0/inst/clk_out1                        | design_1_i/microblaze_0/U0/MicroBlaze_Core_I/Performance.Core/Decode_I/Use_MuxCy[11].OF_Piperun_Stage/MUXCY_I/of_pause_reg                                                                                 | design_1_i/microblaze_0/U0/MicroBlaze_Core_I/sync_reset                                                                                        |               70 |            218 |         3.11 |
+------------------------------------------------------------+------------------------------------------------------------------------------------------------------------------------------------------------------------------------------------------------------------+------------------------------------------------------------------------------------------------------------------------------------------------+------------------+----------------+--------------+


